{"/Users/andeladeveloper/Desktop/HelloBooks/server/test/test.js":{"path":"/Users/andeladeveloper/Desktop/HelloBooks/server/test/test.js","statementMap":{"0":{"start":{"line":3,"column":20},"end":{"line":3,"column":43}},"1":{"start":{"line":5,"column":21},"end":{"line":5,"column":58}},"2":{"start":{"line":7,"column":17},"end":{"line":7,"column":37}},"3":{"start":{"line":9,"column":18},"end":{"line":9,"column":52}},"4":{"start":{"line":11,"column":10},"end":{"line":11,"column":23}},"5":{"start":{"line":13,"column":11},"end":{"line":13,"column":38}},"6":{"start":{"line":15,"column":16},"end":{"line":15,"column":36}},"7":{"start":{"line":17,"column":17},"end":{"line":17,"column":50}},"8":{"start":{"line":19,"column":12},"end":{"line":19,"column":27}},"9":{"start":{"line":21,"column":13},"end":{"line":21,"column":42}},"10":{"start":{"line":23,"column":13},"end":{"line":23,"column":29}},"11":{"start":{"line":25,"column":14},"end":{"line":25,"column":44}},"12":{"start":{"line":27,"column":16},"end":{"line":27,"column":36}},"13":{"start":{"line":29,"column":17},"end":{"line":29,"column":50}},"14":{"start":{"line":31,"column":16},"end":{"line":31,"column":36}},"15":{"start":{"line":33,"column":11},"end":{"line":33,"column":31}},"16":{"start":{"line":35,"column":12},"end":{"line":35,"column":40}},"17":{"start":{"line":37,"column":12},"end":{"line":37,"column":42}},"18":{"start":{"line":39,"column":13},"end":{"line":39,"column":42}},"19":{"start":{"line":41,"column":13},"end":{"line":41,"column":39}},"20":{"start":{"line":43,"column":14},"end":{"line":43,"column":44}},"21":{"start":{"line":45,"column":13},"end":{"line":45,"column":39}},"22":{"start":{"line":47,"column":14},"end":{"line":47,"column":44}},"23":{"start":{"line":49,"column":18},"end":{"line":49,"column":49}},"24":{"start":{"line":51,"column":19},"end":{"line":51,"column":54}},"25":{"start":{"line":53,"column":39},"end":{"line":53,"column":93}},"26":{"start":{"line":55,"column":0},"end":{"line":55,"column":30}},"27":{"start":{"line":58,"column":13},"end":{"line":58,"column":36}},"28":{"start":{"line":59,"column":13},"end":{"line":59,"column":34}},"29":{"start":{"line":61,"column":0},"end":{"line":61,"column":39}},"30":{"start":{"line":62,"column":16},"end":{"line":62,"column":22}},"31":{"start":{"line":63,"column":17},"end":{"line":63,"column":23}},"32":{"start":{"line":64,"column":20},"end":{"line":64,"column":26}},"33":{"start":{"line":65,"column":11},"end":{"line":65,"column":32}},"34":{"start":{"line":67,"column":0},"end":{"line":67,"column":97}},"35":{"start":{"line":70,"column":0},"end":{"line":147,"column":3}},"36":{"start":{"line":71,"column":2},"end":{"line":86,"column":5}},"37":{"start":{"line":72,"column":15},"end":{"line":79,"column":5}},"38":{"start":{"line":80,"column":4},"end":{"line":85,"column":7}},"39":{"start":{"line":81,"column":6},"end":{"line":81,"column":34}},"40":{"start":{"line":82,"column":6},"end":{"line":82,"column":44}},"41":{"start":{"line":83,"column":6},"end":{"line":83,"column":59}},"42":{"start":{"line":84,"column":6},"end":{"line":84,"column":13}},"43":{"start":{"line":88,"column":2},"end":{"line":104,"column":5}},"44":{"start":{"line":89,"column":15},"end":{"line":97,"column":5}},"45":{"start":{"line":98,"column":4},"end":{"line":103,"column":7}},"46":{"start":{"line":99,"column":6},"end":{"line":99,"column":34}},"47":{"start":{"line":100,"column":6},"end":{"line":100,"column":44}},"48":{"start":{"line":101,"column":6},"end":{"line":101,"column":59}},"49":{"start":{"line":102,"column":6},"end":{"line":102,"column":13}},"50":{"start":{"line":106,"column":2},"end":{"line":112,"column":5}},"51":{"start":{"line":107,"column":4},"end":{"line":111,"column":7}},"52":{"start":{"line":108,"column":6},"end":{"line":108,"column":34}},"53":{"start":{"line":109,"column":6},"end":{"line":109,"column":76}},"54":{"start":{"line":110,"column":6},"end":{"line":110,"column":13}},"55":{"start":{"line":114,"column":2},"end":{"line":129,"column":5}},"56":{"start":{"line":115,"column":15},"end":{"line":123,"column":5}},"57":{"start":{"line":124,"column":4},"end":{"line":128,"column":7}},"58":{"start":{"line":125,"column":6},"end":{"line":125,"column":34}},"59":{"start":{"line":126,"column":6},"end":{"line":126,"column":66}},"60":{"start":{"line":127,"column":6},"end":{"line":127,"column":13}},"61":{"start":{"line":131,"column":2},"end":{"line":146,"column":5}},"62":{"start":{"line":132,"column":15},"end":{"line":140,"column":5}},"63":{"start":{"line":141,"column":4},"end":{"line":145,"column":7}},"64":{"start":{"line":142,"column":6},"end":{"line":142,"column":34}},"65":{"start":{"line":143,"column":6},"end":{"line":143,"column":90}},"66":{"start":{"line":144,"column":6},"end":{"line":144,"column":13}},"67":{"start":{"line":151,"column":0},"end":{"line":196,"column":3}},"68":{"start":{"line":152,"column":2},"end":{"line":158,"column":5}},"69":{"start":{"line":153,"column":4},"end":{"line":157,"column":7}},"70":{"start":{"line":154,"column":6},"end":{"line":154,"column":76}},"71":{"start":{"line":155,"column":6},"end":{"line":155,"column":34}},"72":{"start":{"line":156,"column":6},"end":{"line":156,"column":13}},"73":{"start":{"line":159,"column":2},"end":{"line":170,"column":5}},"74":{"start":{"line":160,"column":15},"end":{"line":163,"column":5}},"75":{"start":{"line":164,"column":4},"end":{"line":169,"column":7}},"76":{"start":{"line":165,"column":6},"end":{"line":165,"column":33}},"77":{"start":{"line":166,"column":6},"end":{"line":166,"column":34}},"78":{"start":{"line":167,"column":6},"end":{"line":167,"column":75}},"79":{"start":{"line":168,"column":6},"end":{"line":168,"column":13}},"80":{"start":{"line":172,"column":2},"end":{"line":182,"column":5}},"81":{"start":{"line":173,"column":15},"end":{"line":176,"column":5}},"82":{"start":{"line":177,"column":4},"end":{"line":181,"column":7}},"83":{"start":{"line":178,"column":6},"end":{"line":178,"column":34}},"84":{"start":{"line":179,"column":6},"end":{"line":179,"column":78}},"85":{"start":{"line":180,"column":6},"end":{"line":180,"column":13}},"86":{"start":{"line":184,"column":2},"end":{"line":195,"column":5}},"87":{"start":{"line":185,"column":15},"end":{"line":188,"column":5}},"88":{"start":{"line":189,"column":4},"end":{"line":194,"column":7}},"89":{"start":{"line":190,"column":6},"end":{"line":190,"column":34}},"90":{"start":{"line":191,"column":6},"end":{"line":191,"column":75}},"91":{"start":{"line":192,"column":6},"end":{"line":192,"column":34}},"92":{"start":{"line":193,"column":6},"end":{"line":193,"column":13}},"93":{"start":{"line":198,"column":0},"end":{"line":214,"column":3}},"94":{"start":{"line":199,"column":2},"end":{"line":205,"column":5}},"95":{"start":{"line":200,"column":4},"end":{"line":204,"column":7}},"96":{"start":{"line":201,"column":6},"end":{"line":201,"column":62}},"97":{"start":{"line":202,"column":6},"end":{"line":202,"column":34}},"98":{"start":{"line":203,"column":6},"end":{"line":203,"column":13}},"99":{"start":{"line":207,"column":2},"end":{"line":213,"column":5}},"100":{"start":{"line":208,"column":4},"end":{"line":212,"column":7}},"101":{"start":{"line":209,"column":6},"end":{"line":209,"column":56}},"102":{"start":{"line":210,"column":6},"end":{"line":210,"column":34}},"103":{"start":{"line":211,"column":6},"end":{"line":211,"column":13}},"104":{"start":{"line":217,"column":0},"end":{"line":284,"column":3}},"105":{"start":{"line":218,"column":2},"end":{"line":233,"column":5}},"106":{"start":{"line":219,"column":16},"end":{"line":227,"column":5}},"107":{"start":{"line":228,"column":4},"end":{"line":232,"column":7}},"108":{"start":{"line":229,"column":6},"end":{"line":229,"column":72}},"109":{"start":{"line":230,"column":6},"end":{"line":230,"column":34}},"110":{"start":{"line":231,"column":6},"end":{"line":231,"column":13}},"111":{"start":{"line":235,"column":2},"end":{"line":250,"column":5}},"112":{"start":{"line":236,"column":16},"end":{"line":244,"column":5}},"113":{"start":{"line":245,"column":4},"end":{"line":249,"column":7}},"114":{"start":{"line":246,"column":6},"end":{"line":246,"column":72}},"115":{"start":{"line":247,"column":6},"end":{"line":247,"column":34}},"116":{"start":{"line":248,"column":6},"end":{"line":248,"column":13}},"117":{"start":{"line":252,"column":2},"end":{"line":258,"column":5}},"118":{"start":{"line":253,"column":4},"end":{"line":257,"column":7}},"119":{"start":{"line":254,"column":6},"end":{"line":254,"column":34}},"120":{"start":{"line":255,"column":6},"end":{"line":255,"column":58}},"121":{"start":{"line":256,"column":6},"end":{"line":256,"column":13}},"122":{"start":{"line":260,"column":2},"end":{"line":266,"column":5}},"123":{"start":{"line":261,"column":4},"end":{"line":265,"column":7}},"124":{"start":{"line":262,"column":6},"end":{"line":262,"column":34}},"125":{"start":{"line":263,"column":6},"end":{"line":263,"column":82}},"126":{"start":{"line":264,"column":6},"end":{"line":264,"column":13}},"127":{"start":{"line":268,"column":2},"end":{"line":283,"column":5}},"128":{"start":{"line":269,"column":16},"end":{"line":277,"column":5}},"129":{"start":{"line":278,"column":4},"end":{"line":282,"column":7}},"130":{"start":{"line":279,"column":6},"end":{"line":279,"column":34}},"131":{"start":{"line":280,"column":6},"end":{"line":280,"column":63}},"132":{"start":{"line":281,"column":6},"end":{"line":281,"column":13}},"133":{"start":{"line":287,"column":0},"end":{"line":346,"column":3}},"134":{"start":{"line":288,"column":2},"end":{"line":294,"column":5}},"135":{"start":{"line":289,"column":4},"end":{"line":293,"column":7}},"136":{"start":{"line":290,"column":6},"end":{"line":290,"column":34}},"137":{"start":{"line":291,"column":6},"end":{"line":291,"column":60}},"138":{"start":{"line":292,"column":6},"end":{"line":292,"column":13}},"139":{"start":{"line":296,"column":2},"end":{"line":302,"column":5}},"140":{"start":{"line":297,"column":4},"end":{"line":301,"column":7}},"141":{"start":{"line":298,"column":6},"end":{"line":298,"column":34}},"142":{"start":{"line":299,"column":6},"end":{"line":299,"column":68}},"143":{"start":{"line":300,"column":6},"end":{"line":300,"column":13}},"144":{"start":{"line":304,"column":2},"end":{"line":311,"column":5}},"145":{"start":{"line":305,"column":17},"end":{"line":305,"column":20}},"146":{"start":{"line":306,"column":4},"end":{"line":310,"column":7}},"147":{"start":{"line":307,"column":6},"end":{"line":307,"column":34}},"148":{"start":{"line":308,"column":6},"end":{"line":308,"column":58}},"149":{"start":{"line":309,"column":6},"end":{"line":309,"column":13}},"150":{"start":{"line":313,"column":2},"end":{"line":320,"column":5}},"151":{"start":{"line":314,"column":17},"end":{"line":314,"column":20}},"152":{"start":{"line":315,"column":4},"end":{"line":319,"column":7}},"153":{"start":{"line":316,"column":6},"end":{"line":316,"column":34}},"154":{"start":{"line":317,"column":6},"end":{"line":317,"column":71}},"155":{"start":{"line":318,"column":6},"end":{"line":318,"column":13}},"156":{"start":{"line":322,"column":2},"end":{"line":329,"column":5}},"157":{"start":{"line":323,"column":17},"end":{"line":323,"column":20}},"158":{"start":{"line":324,"column":4},"end":{"line":328,"column":7}},"159":{"start":{"line":325,"column":6},"end":{"line":325,"column":34}},"160":{"start":{"line":326,"column":6},"end":{"line":326,"column":90}},"161":{"start":{"line":327,"column":6},"end":{"line":327,"column":13}},"162":{"start":{"line":330,"column":2},"end":{"line":337,"column":5}},"163":{"start":{"line":331,"column":17},"end":{"line":331,"column":20}},"164":{"start":{"line":332,"column":4},"end":{"line":336,"column":7}},"165":{"start":{"line":333,"column":6},"end":{"line":333,"column":34}},"166":{"start":{"line":334,"column":6},"end":{"line":334,"column":124}},"167":{"start":{"line":335,"column":6},"end":{"line":335,"column":13}},"168":{"start":{"line":338,"column":2},"end":{"line":345,"column":5}},"169":{"start":{"line":339,"column":17},"end":{"line":339,"column":20}},"170":{"start":{"line":340,"column":4},"end":{"line":344,"column":7}},"171":{"start":{"line":341,"column":6},"end":{"line":341,"column":34}},"172":{"start":{"line":342,"column":6},"end":{"line":342,"column":86}},"173":{"start":{"line":343,"column":6},"end":{"line":343,"column":13}},"174":{"start":{"line":350,"column":0},"end":{"line":404,"column":3}},"175":{"start":{"line":351,"column":2},"end":{"line":357,"column":5}},"176":{"start":{"line":352,"column":4},"end":{"line":356,"column":7}},"177":{"start":{"line":353,"column":6},"end":{"line":353,"column":34}},"178":{"start":{"line":354,"column":6},"end":{"line":354,"column":60}},"179":{"start":{"line":355,"column":6},"end":{"line":355,"column":13}},"180":{"start":{"line":359,"column":2},"end":{"line":365,"column":5}},"181":{"start":{"line":360,"column":4},"end":{"line":364,"column":7}},"182":{"start":{"line":361,"column":6},"end":{"line":361,"column":34}},"183":{"start":{"line":362,"column":6},"end":{"line":362,"column":68}},"184":{"start":{"line":363,"column":6},"end":{"line":363,"column":13}},"185":{"start":{"line":366,"column":2},"end":{"line":373,"column":5}},"186":{"start":{"line":367,"column":17},"end":{"line":367,"column":20}},"187":{"start":{"line":368,"column":4},"end":{"line":372,"column":7}},"188":{"start":{"line":369,"column":6},"end":{"line":369,"column":34}},"189":{"start":{"line":370,"column":6},"end":{"line":370,"column":60}},"190":{"start":{"line":371,"column":6},"end":{"line":371,"column":13}},"191":{"start":{"line":375,"column":2},"end":{"line":383,"column":5}},"192":{"start":{"line":376,"column":17},"end":{"line":376,"column":18}},"193":{"start":{"line":377,"column":13},"end":{"line":377,"column":14}},"194":{"start":{"line":378,"column":4},"end":{"line":382,"column":7}},"195":{"start":{"line":379,"column":6},"end":{"line":379,"column":34}},"196":{"start":{"line":380,"column":6},"end":{"line":380,"column":79}},"197":{"start":{"line":381,"column":6},"end":{"line":381,"column":13}},"198":{"start":{"line":385,"column":2},"end":{"line":393,"column":5}},"199":{"start":{"line":386,"column":17},"end":{"line":386,"column":20}},"200":{"start":{"line":387,"column":13},"end":{"line":387,"column":16}},"201":{"start":{"line":388,"column":4},"end":{"line":392,"column":7}},"202":{"start":{"line":389,"column":6},"end":{"line":389,"column":34}},"203":{"start":{"line":390,"column":6},"end":{"line":390,"column":60}},"204":{"start":{"line":391,"column":6},"end":{"line":391,"column":13}},"205":{"start":{"line":395,"column":2},"end":{"line":403,"column":5}},"206":{"start":{"line":396,"column":17},"end":{"line":396,"column":18}},"207":{"start":{"line":397,"column":13},"end":{"line":397,"column":14}},"208":{"start":{"line":398,"column":4},"end":{"line":402,"column":7}},"209":{"start":{"line":399,"column":6},"end":{"line":399,"column":34}},"210":{"start":{"line":400,"column":6},"end":{"line":400,"column":78}},"211":{"start":{"line":401,"column":6},"end":{"line":401,"column":13}},"212":{"start":{"line":408,"column":0},"end":{"line":438,"column":3}},"213":{"start":{"line":409,"column":2},"end":{"line":415,"column":5}},"214":{"start":{"line":410,"column":4},"end":{"line":414,"column":7}},"215":{"start":{"line":411,"column":6},"end":{"line":411,"column":34}},"216":{"start":{"line":412,"column":6},"end":{"line":412,"column":60}},"217":{"start":{"line":413,"column":6},"end":{"line":413,"column":13}},"218":{"start":{"line":416,"column":2},"end":{"line":422,"column":5}},"219":{"start":{"line":417,"column":4},"end":{"line":421,"column":7}},"220":{"start":{"line":418,"column":6},"end":{"line":418,"column":34}},"221":{"start":{"line":419,"column":6},"end":{"line":419,"column":68}},"222":{"start":{"line":420,"column":6},"end":{"line":420,"column":13}},"223":{"start":{"line":423,"column":2},"end":{"line":429,"column":5}},"224":{"start":{"line":424,"column":4},"end":{"line":428,"column":7}},"225":{"start":{"line":425,"column":6},"end":{"line":425,"column":34}},"226":{"start":{"line":426,"column":6},"end":{"line":426,"column":56}},"227":{"start":{"line":427,"column":6},"end":{"line":427,"column":13}},"228":{"start":{"line":430,"column":2},"end":{"line":437,"column":5}},"229":{"start":{"line":431,"column":19},"end":{"line":431,"column":24}},"230":{"start":{"line":432,"column":4},"end":{"line":436,"column":7}},"231":{"start":{"line":433,"column":6},"end":{"line":433,"column":34}},"232":{"start":{"line":434,"column":6},"end":{"line":434,"column":76}},"233":{"start":{"line":435,"column":6},"end":{"line":435,"column":13}},"234":{"start":{"line":441,"column":0},"end":{"line":464,"column":3}},"235":{"start":{"line":442,"column":2},"end":{"line":448,"column":5}},"236":{"start":{"line":443,"column":4},"end":{"line":447,"column":7}},"237":{"start":{"line":444,"column":6},"end":{"line":444,"column":34}},"238":{"start":{"line":445,"column":6},"end":{"line":445,"column":58}},"239":{"start":{"line":446,"column":6},"end":{"line":446,"column":13}},"240":{"start":{"line":450,"column":2},"end":{"line":456,"column":5}},"241":{"start":{"line":451,"column":4},"end":{"line":455,"column":7}},"242":{"start":{"line":452,"column":6},"end":{"line":452,"column":34}},"243":{"start":{"line":453,"column":6},"end":{"line":453,"column":63}},"244":{"start":{"line":454,"column":6},"end":{"line":454,"column":13}},"245":{"start":{"line":458,"column":2},"end":{"line":463,"column":5}},"246":{"start":{"line":459,"column":4},"end":{"line":462,"column":7}},"247":{"start":{"line":460,"column":6},"end":{"line":460,"column":34}},"248":{"start":{"line":461,"column":6},"end":{"line":461,"column":13}},"249":{"start":{"line":468,"column":0},"end":{"line":491,"column":3}},"250":{"start":{"line":469,"column":2},"end":{"line":475,"column":5}},"251":{"start":{"line":470,"column":4},"end":{"line":474,"column":7}},"252":{"start":{"line":471,"column":6},"end":{"line":471,"column":34}},"253":{"start":{"line":472,"column":6},"end":{"line":472,"column":58}},"254":{"start":{"line":473,"column":6},"end":{"line":473,"column":13}},"255":{"start":{"line":476,"column":2},"end":{"line":482,"column":5}},"256":{"start":{"line":477,"column":4},"end":{"line":481,"column":7}},"257":{"start":{"line":478,"column":6},"end":{"line":478,"column":34}},"258":{"start":{"line":479,"column":6},"end":{"line":479,"column":63}},"259":{"start":{"line":480,"column":6},"end":{"line":480,"column":13}},"260":{"start":{"line":483,"column":2},"end":{"line":490,"column":5}},"261":{"start":{"line":484,"column":17},"end":{"line":484,"column":31}},"262":{"start":{"line":485,"column":4},"end":{"line":489,"column":7}},"263":{"start":{"line":486,"column":6},"end":{"line":486,"column":34}},"264":{"start":{"line":487,"column":6},"end":{"line":487,"column":65}},"265":{"start":{"line":488,"column":6},"end":{"line":488,"column":13}},"266":{"start":{"line":495,"column":0},"end":{"line":503,"column":3}},"267":{"start":{"line":496,"column":2},"end":{"line":502,"column":5}},"268":{"start":{"line":497,"column":4},"end":{"line":501,"column":7}},"269":{"start":{"line":498,"column":6},"end":{"line":498,"column":34}},"270":{"start":{"line":499,"column":6},"end":{"line":499,"column":52}},"271":{"start":{"line":500,"column":6},"end":{"line":500,"column":13}},"272":{"start":{"line":507,"column":0},"end":{"line":523,"column":3}},"273":{"start":{"line":508,"column":2},"end":{"line":514,"column":5}},"274":{"start":{"line":509,"column":4},"end":{"line":513,"column":7}},"275":{"start":{"line":510,"column":6},"end":{"line":510,"column":34}},"276":{"start":{"line":511,"column":6},"end":{"line":511,"column":52}},"277":{"start":{"line":512,"column":6},"end":{"line":512,"column":13}},"278":{"start":{"line":516,"column":2},"end":{"line":522,"column":5}},"279":{"start":{"line":517,"column":4},"end":{"line":521,"column":7}},"280":{"start":{"line":518,"column":6},"end":{"line":518,"column":34}},"281":{"start":{"line":519,"column":6},"end":{"line":519,"column":58}},"282":{"start":{"line":520,"column":6},"end":{"line":520,"column":13}},"283":{"start":{"line":527,"column":0},"end":{"line":542,"column":3}},"284":{"start":{"line":528,"column":2},"end":{"line":534,"column":5}},"285":{"start":{"line":529,"column":4},"end":{"line":533,"column":7}},"286":{"start":{"line":530,"column":6},"end":{"line":530,"column":34}},"287":{"start":{"line":531,"column":6},"end":{"line":531,"column":60}},"288":{"start":{"line":532,"column":6},"end":{"line":532,"column":13}},"289":{"start":{"line":535,"column":2},"end":{"line":541,"column":5}},"290":{"start":{"line":536,"column":4},"end":{"line":540,"column":7}},"291":{"start":{"line":537,"column":6},"end":{"line":537,"column":34}},"292":{"start":{"line":538,"column":6},"end":{"line":538,"column":76}},"293":{"start":{"line":539,"column":6},"end":{"line":539,"column":13}},"294":{"start":{"line":546,"column":0},"end":{"line":561,"column":3}},"295":{"start":{"line":547,"column":2},"end":{"line":553,"column":5}},"296":{"start":{"line":548,"column":4},"end":{"line":552,"column":7}},"297":{"start":{"line":549,"column":6},"end":{"line":549,"column":34}},"298":{"start":{"line":550,"column":6},"end":{"line":550,"column":60}},"299":{"start":{"line":551,"column":6},"end":{"line":551,"column":13}},"300":{"start":{"line":554,"column":2},"end":{"line":560,"column":5}},"301":{"start":{"line":555,"column":4},"end":{"line":559,"column":7}},"302":{"start":{"line":556,"column":6},"end":{"line":556,"column":34}},"303":{"start":{"line":557,"column":6},"end":{"line":557,"column":52}},"304":{"start":{"line":558,"column":6},"end":{"line":558,"column":13}},"305":{"start":{"line":565,"column":0},"end":{"line":587,"column":3}},"306":{"start":{"line":566,"column":2},"end":{"line":572,"column":5}},"307":{"start":{"line":567,"column":4},"end":{"line":571,"column":7}},"308":{"start":{"line":568,"column":6},"end":{"line":568,"column":34}},"309":{"start":{"line":569,"column":6},"end":{"line":569,"column":60}},"310":{"start":{"line":570,"column":6},"end":{"line":570,"column":13}},"311":{"start":{"line":573,"column":2},"end":{"line":579,"column":5}},"312":{"start":{"line":574,"column":4},"end":{"line":578,"column":7}},"313":{"start":{"line":575,"column":6},"end":{"line":575,"column":34}},"314":{"start":{"line":576,"column":6},"end":{"line":576,"column":63}},"315":{"start":{"line":577,"column":6},"end":{"line":577,"column":13}},"316":{"start":{"line":580,"column":2},"end":{"line":586,"column":5}},"317":{"start":{"line":581,"column":4},"end":{"line":585,"column":7}},"318":{"start":{"line":582,"column":6},"end":{"line":582,"column":34}},"319":{"start":{"line":583,"column":6},"end":{"line":583,"column":68}},"320":{"start":{"line":584,"column":6},"end":{"line":584,"column":13}},"321":{"start":{"line":591,"column":0},"end":{"line":613,"column":3}},"322":{"start":{"line":592,"column":2},"end":{"line":598,"column":5}},"323":{"start":{"line":593,"column":4},"end":{"line":597,"column":7}},"324":{"start":{"line":594,"column":6},"end":{"line":594,"column":34}},"325":{"start":{"line":595,"column":6},"end":{"line":595,"column":60}},"326":{"start":{"line":596,"column":6},"end":{"line":596,"column":13}},"327":{"start":{"line":599,"column":2},"end":{"line":605,"column":5}},"328":{"start":{"line":600,"column":4},"end":{"line":604,"column":7}},"329":{"start":{"line":601,"column":6},"end":{"line":601,"column":34}},"330":{"start":{"line":602,"column":6},"end":{"line":602,"column":69}},"331":{"start":{"line":603,"column":6},"end":{"line":603,"column":13}},"332":{"start":{"line":606,"column":2},"end":{"line":612,"column":5}},"333":{"start":{"line":607,"column":4},"end":{"line":611,"column":7}},"334":{"start":{"line":608,"column":6},"end":{"line":608,"column":34}},"335":{"start":{"line":609,"column":6},"end":{"line":609,"column":69}},"336":{"start":{"line":610,"column":6},"end":{"line":610,"column":13}}},"fnMap":{"0":{"name":"_interopRequireDefault","decl":{"start":{"line":53,"column":9},"end":{"line":53,"column":31}},"loc":{"start":{"line":53,"column":37},"end":{"line":53,"column":95}},"line":53},"1":{"name":"(anonymous_1)","decl":{"start":{"line":70,"column":40},"end":{"line":70,"column":41}},"loc":{"start":{"line":70,"column":52},"end":{"line":147,"column":1}},"line":70},"2":{"name":"(anonymous_2)","decl":{"start":{"line":71,"column":99},"end":{"line":71,"column":100}},"loc":{"start":{"line":71,"column":115},"end":{"line":86,"column":3}},"line":71},"3":{"name":"(anonymous_3)","decl":{"start":{"line":80,"column":86},"end":{"line":80,"column":87}},"loc":{"start":{"line":80,"column":106},"end":{"line":85,"column":5}},"line":80},"4":{"name":"(anonymous_4)","decl":{"start":{"line":88,"column":100},"end":{"line":88,"column":101}},"loc":{"start":{"line":88,"column":116},"end":{"line":104,"column":3}},"line":88},"5":{"name":"(anonymous_5)","decl":{"start":{"line":98,"column":86},"end":{"line":98,"column":87}},"loc":{"start":{"line":98,"column":106},"end":{"line":103,"column":5}},"line":98},"6":{"name":"(anonymous_6)","decl":{"start":{"line":106,"column":82},"end":{"line":106,"column":83}},"loc":{"start":{"line":106,"column":98},"end":{"line":112,"column":3}},"line":106},"7":{"name":"(anonymous_7)","decl":{"start":{"line":107,"column":75},"end":{"line":107,"column":76}},"loc":{"start":{"line":107,"column":95},"end":{"line":111,"column":5}},"line":107},"8":{"name":"(anonymous_8)","decl":{"start":{"line":114,"column":99},"end":{"line":114,"column":100}},"loc":{"start":{"line":114,"column":115},"end":{"line":129,"column":3}},"line":114},"9":{"name":"(anonymous_9)","decl":{"start":{"line":124,"column":86},"end":{"line":124,"column":87}},"loc":{"start":{"line":124,"column":106},"end":{"line":128,"column":5}},"line":124},"10":{"name":"(anonymous_10)","decl":{"start":{"line":131,"column":118},"end":{"line":131,"column":119}},"loc":{"start":{"line":131,"column":134},"end":{"line":146,"column":3}},"line":131},"11":{"name":"(anonymous_11)","decl":{"start":{"line":141,"column":86},"end":{"line":141,"column":87}},"loc":{"start":{"line":141,"column":106},"end":{"line":145,"column":5}},"line":141},"12":{"name":"(anonymous_12)","decl":{"start":{"line":151,"column":29},"end":{"line":151,"column":30}},"loc":{"start":{"line":151,"column":41},"end":{"line":196,"column":1}},"line":151},"13":{"name":"(anonymous_13)","decl":{"start":{"line":152,"column":82},"end":{"line":152,"column":83}},"loc":{"start":{"line":152,"column":98},"end":{"line":158,"column":3}},"line":152},"14":{"name":"(anonymous_14)","decl":{"start":{"line":153,"column":75},"end":{"line":153,"column":76}},"loc":{"start":{"line":153,"column":95},"end":{"line":157,"column":5}},"line":153},"15":{"name":"(anonymous_15)","decl":{"start":{"line":159,"column":58},"end":{"line":159,"column":59}},"loc":{"start":{"line":159,"column":74},"end":{"line":170,"column":3}},"line":159},"16":{"name":"(anonymous_16)","decl":{"start":{"line":164,"column":86},"end":{"line":164,"column":87}},"loc":{"start":{"line":164,"column":106},"end":{"line":169,"column":5}},"line":164},"17":{"name":"(anonymous_17)","decl":{"start":{"line":172,"column":81},"end":{"line":172,"column":82}},"loc":{"start":{"line":172,"column":97},"end":{"line":182,"column":3}},"line":172},"18":{"name":"(anonymous_18)","decl":{"start":{"line":177,"column":86},"end":{"line":177,"column":87}},"loc":{"start":{"line":177,"column":106},"end":{"line":181,"column":5}},"line":177},"19":{"name":"(anonymous_19)","decl":{"start":{"line":184,"column":49},"end":{"line":184,"column":50}},"loc":{"start":{"line":184,"column":65},"end":{"line":195,"column":3}},"line":184},"20":{"name":"(anonymous_20)","decl":{"start":{"line":189,"column":86},"end":{"line":189,"column":87}},"loc":{"start":{"line":189,"column":106},"end":{"line":194,"column":5}},"line":189},"21":{"name":"(anonymous_21)","decl":{"start":{"line":198,"column":52},"end":{"line":198,"column":53}},"loc":{"start":{"line":198,"column":64},"end":{"line":214,"column":1}},"line":198},"22":{"name":"(anonymous_22)","decl":{"start":{"line":199,"column":68},"end":{"line":199,"column":69}},"loc":{"start":{"line":199,"column":84},"end":{"line":205,"column":3}},"line":199},"23":{"name":"(anonymous_23)","decl":{"start":{"line":200,"column":76},"end":{"line":200,"column":77}},"loc":{"start":{"line":200,"column":96},"end":{"line":204,"column":5}},"line":200},"24":{"name":"(anonymous_24)","decl":{"start":{"line":207,"column":78},"end":{"line":207,"column":79}},"loc":{"start":{"line":207,"column":94},"end":{"line":213,"column":3}},"line":207},"25":{"name":"(anonymous_25)","decl":{"start":{"line":208,"column":106},"end":{"line":208,"column":107}},"loc":{"start":{"line":208,"column":126},"end":{"line":212,"column":5}},"line":208},"26":{"name":"(anonymous_26)","decl":{"start":{"line":217,"column":42},"end":{"line":217,"column":43}},"loc":{"start":{"line":217,"column":54},"end":{"line":284,"column":1}},"line":217},"27":{"name":"(anonymous_27)","decl":{"start":{"line":218,"column":99},"end":{"line":218,"column":100}},"loc":{"start":{"line":218,"column":115},"end":{"line":233,"column":3}},"line":218},"28":{"name":"(anonymous_28)","decl":{"start":{"line":228,"column":105},"end":{"line":228,"column":106}},"loc":{"start":{"line":228,"column":125},"end":{"line":232,"column":5}},"line":228},"29":{"name":"(anonymous_29)","decl":{"start":{"line":235,"column":106},"end":{"line":235,"column":107}},"loc":{"start":{"line":235,"column":122},"end":{"line":250,"column":3}},"line":235},"30":{"name":"(anonymous_30)","decl":{"start":{"line":245,"column":105},"end":{"line":245,"column":106}},"loc":{"start":{"line":245,"column":125},"end":{"line":249,"column":5}},"line":245},"31":{"name":"(anonymous_31)","decl":{"start":{"line":252,"column":69},"end":{"line":252,"column":70}},"loc":{"start":{"line":252,"column":85},"end":{"line":258,"column":3}},"line":252},"32":{"name":"(anonymous_32)","decl":{"start":{"line":253,"column":92},"end":{"line":253,"column":93}},"loc":{"start":{"line":253,"column":112},"end":{"line":257,"column":5}},"line":253},"33":{"name":"(anonymous_33)","decl":{"start":{"line":260,"column":112},"end":{"line":260,"column":113}},"loc":{"start":{"line":260,"column":128},"end":{"line":266,"column":3}},"line":260},"34":{"name":"(anonymous_34)","decl":{"start":{"line":261,"column":93},"end":{"line":261,"column":94}},"loc":{"start":{"line":261,"column":113},"end":{"line":265,"column":5}},"line":261},"35":{"name":"(anonymous_35)","decl":{"start":{"line":268,"column":77},"end":{"line":268,"column":78}},"loc":{"start":{"line":268,"column":93},"end":{"line":283,"column":3}},"line":268},"36":{"name":"(anonymous_36)","decl":{"start":{"line":278,"column":105},"end":{"line":278,"column":106}},"loc":{"start":{"line":278,"column":125},"end":{"line":282,"column":5}},"line":278},"37":{"name":"(anonymous_37)","decl":{"start":{"line":287,"column":36},"end":{"line":287,"column":37}},"loc":{"start":{"line":287,"column":48},"end":{"line":346,"column":1}},"line":287},"38":{"name":"(anonymous_38)","decl":{"start":{"line":288,"column":46},"end":{"line":288,"column":47}},"loc":{"start":{"line":288,"column":62},"end":{"line":294,"column":3}},"line":288},"39":{"name":"(anonymous_39)","decl":{"start":{"line":289,"column":100},"end":{"line":289,"column":101}},"loc":{"start":{"line":289,"column":120},"end":{"line":293,"column":5}},"line":289},"40":{"name":"(anonymous_40)","decl":{"start":{"line":296,"column":71},"end":{"line":296,"column":72}},"loc":{"start":{"line":296,"column":87},"end":{"line":302,"column":3}},"line":296},"41":{"name":"(anonymous_41)","decl":{"start":{"line":297,"column":100},"end":{"line":297,"column":101}},"loc":{"start":{"line":297,"column":120},"end":{"line":301,"column":5}},"line":297},"42":{"name":"(anonymous_42)","decl":{"start":{"line":304,"column":68},"end":{"line":304,"column":69}},"loc":{"start":{"line":304,"column":84},"end":{"line":311,"column":3}},"line":304},"43":{"name":"(anonymous_43)","decl":{"start":{"line":306,"column":125},"end":{"line":306,"column":126}},"loc":{"start":{"line":306,"column":145},"end":{"line":310,"column":5}},"line":306},"44":{"name":"(anonymous_44)","decl":{"start":{"line":313,"column":64},"end":{"line":313,"column":65}},"loc":{"start":{"line":313,"column":80},"end":{"line":320,"column":3}},"line":313},"45":{"name":"(anonymous_45)","decl":{"start":{"line":315,"column":125},"end":{"line":315,"column":126}},"loc":{"start":{"line":315,"column":145},"end":{"line":319,"column":5}},"line":315},"46":{"name":"(anonymous_46)","decl":{"start":{"line":322,"column":74},"end":{"line":322,"column":75}},"loc":{"start":{"line":322,"column":90},"end":{"line":329,"column":3}},"line":322},"47":{"name":"(anonymous_47)","decl":{"start":{"line":324,"column":125},"end":{"line":324,"column":126}},"loc":{"start":{"line":324,"column":145},"end":{"line":328,"column":5}},"line":324},"48":{"name":"(anonymous_48)","decl":{"start":{"line":330,"column":78},"end":{"line":330,"column":79}},"loc":{"start":{"line":330,"column":94},"end":{"line":337,"column":3}},"line":330},"49":{"name":"(anonymous_49)","decl":{"start":{"line":332,"column":125},"end":{"line":332,"column":126}},"loc":{"start":{"line":332,"column":145},"end":{"line":336,"column":5}},"line":332},"50":{"name":"(anonymous_50)","decl":{"start":{"line":338,"column":70},"end":{"line":338,"column":71}},"loc":{"start":{"line":338,"column":86},"end":{"line":345,"column":3}},"line":338},"51":{"name":"(anonymous_51)","decl":{"start":{"line":340,"column":125},"end":{"line":340,"column":126}},"loc":{"start":{"line":340,"column":145},"end":{"line":344,"column":5}},"line":340},"52":{"name":"(anonymous_52)","decl":{"start":{"line":350,"column":54},"end":{"line":350,"column":55}},"loc":{"start":{"line":350,"column":66},"end":{"line":404,"column":1}},"line":350},"53":{"name":"(anonymous_53)","decl":{"start":{"line":351,"column":66},"end":{"line":351,"column":67}},"loc":{"start":{"line":351,"column":82},"end":{"line":357,"column":3}},"line":351},"54":{"name":"(anonymous_54)","decl":{"start":{"line":352,"column":99},"end":{"line":352,"column":100}},"loc":{"start":{"line":352,"column":119},"end":{"line":356,"column":5}},"line":352},"55":{"name":"(anonymous_55)","decl":{"start":{"line":359,"column":81},"end":{"line":359,"column":82}},"loc":{"start":{"line":359,"column":97},"end":{"line":365,"column":3}},"line":359},"56":{"name":"(anonymous_56)","decl":{"start":{"line":360,"column":99},"end":{"line":360,"column":100}},"loc":{"start":{"line":360,"column":119},"end":{"line":364,"column":5}},"line":360},"57":{"name":"(anonymous_57)","decl":{"start":{"line":366,"column":83},"end":{"line":366,"column":84}},"loc":{"start":{"line":366,"column":99},"end":{"line":373,"column":3}},"line":366},"58":{"name":"(anonymous_58)","decl":{"start":{"line":368,"column":124},"end":{"line":368,"column":125}},"loc":{"start":{"line":368,"column":144},"end":{"line":372,"column":5}},"line":368},"59":{"name":"(anonymous_59)","decl":{"start":{"line":375,"column":77},"end":{"line":375,"column":78}},"loc":{"start":{"line":375,"column":93},"end":{"line":383,"column":3}},"line":375},"60":{"name":"(anonymous_60)","decl":{"start":{"line":378,"column":132},"end":{"line":378,"column":133}},"loc":{"start":{"line":378,"column":152},"end":{"line":382,"column":5}},"line":378},"61":{"name":"(anonymous_61)","decl":{"start":{"line":385,"column":68},"end":{"line":385,"column":69}},"loc":{"start":{"line":385,"column":84},"end":{"line":393,"column":3}},"line":385},"62":{"name":"(anonymous_62)","decl":{"start":{"line":388,"column":132},"end":{"line":388,"column":133}},"loc":{"start":{"line":388,"column":152},"end":{"line":392,"column":5}},"line":388},"63":{"name":"(anonymous_63)","decl":{"start":{"line":395,"column":54},"end":{"line":395,"column":55}},"loc":{"start":{"line":395,"column":70},"end":{"line":403,"column":3}},"line":395},"64":{"name":"(anonymous_64)","decl":{"start":{"line":398,"column":132},"end":{"line":398,"column":133}},"loc":{"start":{"line":398,"column":152},"end":{"line":402,"column":5}},"line":398},"65":{"name":"(anonymous_65)","decl":{"start":{"line":408,"column":49},"end":{"line":408,"column":50}},"loc":{"start":{"line":408,"column":61},"end":{"line":438,"column":1}},"line":408},"66":{"name":"(anonymous_66)","decl":{"start":{"line":409,"column":43},"end":{"line":409,"column":44}},"loc":{"start":{"line":409,"column":59},"end":{"line":415,"column":3}},"line":409},"67":{"name":"(anonymous_67)","decl":{"start":{"line":410,"column":99},"end":{"line":410,"column":100}},"loc":{"start":{"line":410,"column":119},"end":{"line":414,"column":5}},"line":410},"68":{"name":"(anonymous_68)","decl":{"start":{"line":416,"column":67},"end":{"line":416,"column":68}},"loc":{"start":{"line":416,"column":83},"end":{"line":422,"column":3}},"line":416},"69":{"name":"(anonymous_69)","decl":{"start":{"line":417,"column":99},"end":{"line":417,"column":100}},"loc":{"start":{"line":417,"column":119},"end":{"line":421,"column":5}},"line":417},"70":{"name":"(anonymous_70)","decl":{"start":{"line":423,"column":62},"end":{"line":423,"column":63}},"loc":{"start":{"line":423,"column":78},"end":{"line":429,"column":3}},"line":423},"71":{"name":"(anonymous_71)","decl":{"start":{"line":424,"column":105},"end":{"line":424,"column":106}},"loc":{"start":{"line":424,"column":125},"end":{"line":428,"column":5}},"line":424},"72":{"name":"(anonymous_72)","decl":{"start":{"line":430,"column":60},"end":{"line":430,"column":61}},"loc":{"start":{"line":430,"column":76},"end":{"line":437,"column":3}},"line":430},"73":{"name":"(anonymous_73)","decl":{"start":{"line":432,"column":114},"end":{"line":432,"column":115}},"loc":{"start":{"line":432,"column":134},"end":{"line":436,"column":5}},"line":432},"74":{"name":"(anonymous_74)","decl":{"start":{"line":441,"column":45},"end":{"line":441,"column":46}},"loc":{"start":{"line":441,"column":57},"end":{"line":464,"column":1}},"line":441},"75":{"name":"(anonymous_75)","decl":{"start":{"line":442,"column":68},"end":{"line":442,"column":69}},"loc":{"start":{"line":442,"column":84},"end":{"line":448,"column":3}},"line":442},"76":{"name":"(anonymous_76)","decl":{"start":{"line":443,"column":96},"end":{"line":443,"column":97}},"loc":{"start":{"line":443,"column":116},"end":{"line":447,"column":5}},"line":443},"77":{"name":"(anonymous_77)","decl":{"start":{"line":450,"column":84},"end":{"line":450,"column":85}},"loc":{"start":{"line":450,"column":100},"end":{"line":456,"column":3}},"line":450},"78":{"name":"(anonymous_78)","decl":{"start":{"line":451,"column":97},"end":{"line":451,"column":98}},"loc":{"start":{"line":451,"column":117},"end":{"line":455,"column":5}},"line":451},"79":{"name":"(anonymous_79)","decl":{"start":{"line":458,"column":76},"end":{"line":458,"column":77}},"loc":{"start":{"line":458,"column":92},"end":{"line":463,"column":3}},"line":458},"80":{"name":"(anonymous_80)","decl":{"start":{"line":459,"column":97},"end":{"line":459,"column":98}},"loc":{"start":{"line":459,"column":117},"end":{"line":462,"column":5}},"line":459},"81":{"name":"(anonymous_81)","decl":{"start":{"line":468,"column":45},"end":{"line":468,"column":46}},"loc":{"start":{"line":468,"column":57},"end":{"line":491,"column":1}},"line":468},"82":{"name":"(anonymous_82)","decl":{"start":{"line":469,"column":69},"end":{"line":469,"column":70}},"loc":{"start":{"line":469,"column":85},"end":{"line":475,"column":3}},"line":469},"83":{"name":"(anonymous_83)","decl":{"start":{"line":470,"column":93},"end":{"line":470,"column":94}},"loc":{"start":{"line":470,"column":113},"end":{"line":474,"column":5}},"line":470},"84":{"name":"(anonymous_84)","decl":{"start":{"line":476,"column":102},"end":{"line":476,"column":103}},"loc":{"start":{"line":476,"column":118},"end":{"line":482,"column":3}},"line":476},"85":{"name":"(anonymous_85)","decl":{"start":{"line":477,"column":95},"end":{"line":477,"column":96}},"loc":{"start":{"line":477,"column":115},"end":{"line":481,"column":5}},"line":477},"86":{"name":"(anonymous_86)","decl":{"start":{"line":483,"column":81},"end":{"line":483,"column":82}},"loc":{"start":{"line":483,"column":97},"end":{"line":490,"column":3}},"line":483},"87":{"name":"(anonymous_87)","decl":{"start":{"line":485,"column":119},"end":{"line":485,"column":120}},"loc":{"start":{"line":485,"column":139},"end":{"line":489,"column":5}},"line":485},"88":{"name":"(anonymous_88)","decl":{"start":{"line":495,"column":40},"end":{"line":495,"column":41}},"loc":{"start":{"line":495,"column":52},"end":{"line":503,"column":1}},"line":495},"89":{"name":"(anonymous_89)","decl":{"start":{"line":496,"column":55},"end":{"line":496,"column":56}},"loc":{"start":{"line":496,"column":71},"end":{"line":502,"column":3}},"line":496},"90":{"name":"(anonymous_90)","decl":{"start":{"line":497,"column":91},"end":{"line":497,"column":92}},"loc":{"start":{"line":497,"column":111},"end":{"line":501,"column":5}},"line":497},"91":{"name":"(anonymous_91)","decl":{"start":{"line":507,"column":40},"end":{"line":507,"column":41}},"loc":{"start":{"line":507,"column":52},"end":{"line":523,"column":1}},"line":507},"92":{"name":"(anonymous_92)","decl":{"start":{"line":508,"column":55},"end":{"line":508,"column":56}},"loc":{"start":{"line":508,"column":71},"end":{"line":514,"column":3}},"line":508},"93":{"name":"(anonymous_93)","decl":{"start":{"line":509,"column":92},"end":{"line":509,"column":93}},"loc":{"start":{"line":509,"column":112},"end":{"line":513,"column":5}},"line":509},"94":{"name":"(anonymous_94)","decl":{"start":{"line":516,"column":68},"end":{"line":516,"column":69}},"loc":{"start":{"line":516,"column":84},"end":{"line":522,"column":3}},"line":516},"95":{"name":"(anonymous_95)","decl":{"start":{"line":517,"column":91},"end":{"line":517,"column":92}},"loc":{"start":{"line":517,"column":111},"end":{"line":521,"column":5}},"line":517},"96":{"name":"(anonymous_96)","decl":{"start":{"line":527,"column":49},"end":{"line":527,"column":50}},"loc":{"start":{"line":527,"column":61},"end":{"line":542,"column":1}},"line":527},"97":{"name":"(anonymous_97)","decl":{"start":{"line":528,"column":43},"end":{"line":528,"column":44}},"loc":{"start":{"line":528,"column":59},"end":{"line":534,"column":3}},"line":528},"98":{"name":"(anonymous_98)","decl":{"start":{"line":529,"column":98},"end":{"line":529,"column":99}},"loc":{"start":{"line":529,"column":118},"end":{"line":533,"column":5}},"line":529},"99":{"name":"(anonymous_99)","decl":{"start":{"line":535,"column":53},"end":{"line":535,"column":54}},"loc":{"start":{"line":535,"column":69},"end":{"line":541,"column":3}},"line":535},"100":{"name":"(anonymous_100)","decl":{"start":{"line":536,"column":98},"end":{"line":536,"column":99}},"loc":{"start":{"line":536,"column":118},"end":{"line":540,"column":5}},"line":536},"101":{"name":"(anonymous_101)","decl":{"start":{"line":546,"column":47},"end":{"line":546,"column":48}},"loc":{"start":{"line":546,"column":59},"end":{"line":561,"column":1}},"line":546},"102":{"name":"(anonymous_102)","decl":{"start":{"line":547,"column":43},"end":{"line":547,"column":44}},"loc":{"start":{"line":547,"column":59},"end":{"line":553,"column":3}},"line":547},"103":{"name":"(anonymous_103)","decl":{"start":{"line":548,"column":93},"end":{"line":548,"column":94}},"loc":{"start":{"line":548,"column":113},"end":{"line":552,"column":5}},"line":548},"104":{"name":"(anonymous_104)","decl":{"start":{"line":554,"column":50},"end":{"line":554,"column":51}},"loc":{"start":{"line":554,"column":66},"end":{"line":560,"column":3}},"line":554},"105":{"name":"(anonymous_105)","decl":{"start":{"line":555,"column":93},"end":{"line":555,"column":94}},"loc":{"start":{"line":555,"column":113},"end":{"line":559,"column":5}},"line":555},"106":{"name":"(anonymous_106)","decl":{"start":{"line":565,"column":51},"end":{"line":565,"column":52}},"loc":{"start":{"line":565,"column":63},"end":{"line":587,"column":1}},"line":565},"107":{"name":"(anonymous_107)","decl":{"start":{"line":566,"column":43},"end":{"line":566,"column":44}},"loc":{"start":{"line":566,"column":59},"end":{"line":572,"column":3}},"line":566},"108":{"name":"(anonymous_108)","decl":{"start":{"line":567,"column":93},"end":{"line":567,"column":94}},"loc":{"start":{"line":567,"column":113},"end":{"line":571,"column":5}},"line":567},"109":{"name":"(anonymous_109)","decl":{"start":{"line":573,"column":59},"end":{"line":573,"column":60}},"loc":{"start":{"line":573,"column":75},"end":{"line":579,"column":3}},"line":573},"110":{"name":"(anonymous_110)","decl":{"start":{"line":574,"column":98},"end":{"line":574,"column":99}},"loc":{"start":{"line":574,"column":118},"end":{"line":578,"column":5}},"line":574},"111":{"name":"(anonymous_111)","decl":{"start":{"line":580,"column":53},"end":{"line":580,"column":54}},"loc":{"start":{"line":580,"column":69},"end":{"line":586,"column":3}},"line":580},"112":{"name":"(anonymous_112)","decl":{"start":{"line":581,"column":93},"end":{"line":581,"column":94}},"loc":{"start":{"line":581,"column":113},"end":{"line":585,"column":5}},"line":581},"113":{"name":"(anonymous_113)","decl":{"start":{"line":591,"column":48},"end":{"line":591,"column":49}},"loc":{"start":{"line":591,"column":60},"end":{"line":613,"column":1}},"line":591},"114":{"name":"(anonymous_114)","decl":{"start":{"line":592,"column":43},"end":{"line":592,"column":44}},"loc":{"start":{"line":592,"column":59},"end":{"line":598,"column":3}},"line":592},"115":{"name":"(anonymous_115)","decl":{"start":{"line":593,"column":102},"end":{"line":593,"column":103}},"loc":{"start":{"line":593,"column":122},"end":{"line":597,"column":5}},"line":593},"116":{"name":"(anonymous_116)","decl":{"start":{"line":599,"column":64},"end":{"line":599,"column":65}},"loc":{"start":{"line":599,"column":80},"end":{"line":605,"column":3}},"line":599},"117":{"name":"(anonymous_117)","decl":{"start":{"line":600,"column":167},"end":{"line":600,"column":168}},"loc":{"start":{"line":600,"column":187},"end":{"line":604,"column":5}},"line":600},"118":{"name":"(anonymous_118)","decl":{"start":{"line":606,"column":56},"end":{"line":606,"column":57}},"loc":{"start":{"line":606,"column":72},"end":{"line":612,"column":3}},"line":606},"119":{"name":"(anonymous_119)","decl":{"start":{"line":607,"column":166},"end":{"line":607,"column":167}},"loc":{"start":{"line":607,"column":186},"end":{"line":611,"column":5}},"line":607}},"branchMap":{"0":{"loc":{"start":{"line":53,"column":46},"end":{"line":53,"column":92}},"type":"cond-expr","locations":[{"start":{"line":53,"column":70},"end":{"line":53,"column":73}},{"start":{"line":53,"column":76},"end":{"line":53,"column":92}}],"line":53},"1":{"loc":{"start":{"line":53,"column":46},"end":{"line":53,"column":67}},"type":"binary-expr","locations":[{"start":{"line":53,"column":46},"end":{"line":53,"column":49}},{"start":{"line":53,"column":53},"end":{"line":53,"column":67}}],"line":53}},"s":{"0":1,"1":1,"2":1,"3":1,"4":1,"5":1,"6":1,"7":1,"8":1,"9":1,"10":1,"11":1,"12":1,"13":1,"14":1,"15":1,"16":1,"17":1,"18":1,"19":1,"20":1,"21":1,"22":1,"23":1,"24":1,"25":12,"26":1,"27":1,"28":1,"29":1,"30":1,"31":1,"32":1,"33":1,"34":1,"35":1,"36":1,"37":1,"38":1,"39":1,"40":1,"41":1,"42":1,"43":1,"44":1,"45":1,"46":1,"47":1,"48":1,"49":1,"50":1,"51":1,"52":1,"53":1,"54":1,"55":1,"56":1,"57":1,"58":1,"59":1,"60":1,"61":1,"62":1,"63":1,"64":1,"65":1,"66":1,"67":1,"68":1,"69":1,"70":1,"71":1,"72":1,"73":1,"74":1,"75":1,"76":1,"77":1,"78":1,"79":1,"80":1,"81":1,"82":1,"83":1,"84":1,"85":1,"86":1,"87":1,"88":1,"89":1,"90":1,"91":1,"92":1,"93":1,"94":1,"95":1,"96":1,"97":1,"98":1,"99":1,"100":1,"101":1,"102":1,"103":1,"104":1,"105":1,"106":1,"107":1,"108":1,"109":1,"110":1,"111":1,"112":1,"113":1,"114":1,"115":1,"116":1,"117":1,"118":1,"119":1,"120":1,"121":1,"122":1,"123":1,"124":1,"125":1,"126":1,"127":1,"128":1,"129":1,"130":1,"131":1,"132":1,"133":1,"134":1,"135":1,"136":1,"137":1,"138":1,"139":1,"140":1,"141":1,"142":1,"143":1,"144":1,"145":1,"146":1,"147":1,"148":1,"149":1,"150":1,"151":1,"152":1,"153":1,"154":1,"155":1,"156":1,"157":1,"158":1,"159":1,"160":1,"161":1,"162":1,"163":1,"164":1,"165":1,"166":1,"167":1,"168":1,"169":1,"170":1,"171":1,"172":1,"173":1,"174":1,"175":1,"176":1,"177":1,"178":1,"179":1,"180":1,"181":1,"182":1,"183":1,"184":1,"185":1,"186":1,"187":1,"188":1,"189":1,"190":1,"191":1,"192":1,"193":1,"194":1,"195":1,"196":1,"197":1,"198":1,"199":1,"200":1,"201":1,"202":1,"203":1,"204":1,"205":1,"206":1,"207":1,"208":1,"209":1,"210":1,"211":1,"212":1,"213":1,"214":1,"215":1,"216":1,"217":1,"218":1,"219":1,"220":1,"221":1,"222":1,"223":1,"224":1,"225":1,"226":1,"227":1,"228":1,"229":1,"230":1,"231":1,"232":1,"233":1,"234":1,"235":1,"236":1,"237":1,"238":1,"239":1,"240":1,"241":1,"242":1,"243":1,"244":1,"245":1,"246":1,"247":1,"248":1,"249":1,"250":1,"251":1,"252":1,"253":1,"254":1,"255":1,"256":1,"257":1,"258":1,"259":1,"260":1,"261":1,"262":1,"263":1,"264":1,"265":1,"266":1,"267":1,"268":1,"269":1,"270":1,"271":1,"272":1,"273":1,"274":1,"275":1,"276":1,"277":1,"278":1,"279":1,"280":1,"281":1,"282":1,"283":1,"284":1,"285":1,"286":1,"287":1,"288":1,"289":1,"290":1,"291":1,"292":1,"293":1,"294":1,"295":1,"296":1,"297":1,"298":1,"299":1,"300":1,"301":1,"302":1,"303":1,"304":1,"305":1,"306":1,"307":1,"308":1,"309":1,"310":1,"311":1,"312":1,"313":1,"314":1,"315":1,"316":1,"317":1,"318":1,"319":1,"320":1,"321":1,"322":1,"323":1,"324":1,"325":1,"326":1,"327":1,"328":1,"329":1,"330":1,"331":1,"332":1,"333":1,"334":1,"335":1,"336":1},"f":{"0":12,"1":1,"2":1,"3":1,"4":1,"5":1,"6":1,"7":1,"8":1,"9":1,"10":1,"11":1,"12":1,"13":1,"14":1,"15":1,"16":1,"17":1,"18":1,"19":1,"20":1,"21":1,"22":1,"23":1,"24":1,"25":1,"26":1,"27":1,"28":1,"29":1,"30":1,"31":1,"32":1,"33":1,"34":1,"35":1,"36":1,"37":1,"38":1,"39":1,"40":1,"41":1,"42":1,"43":1,"44":1,"45":1,"46":1,"47":1,"48":1,"49":1,"50":1,"51":1,"52":1,"53":1,"54":1,"55":1,"56":1,"57":1,"58":1,"59":1,"60":1,"61":1,"62":1,"63":1,"64":1,"65":1,"66":1,"67":1,"68":1,"69":1,"70":1,"71":1,"72":1,"73":1,"74":1,"75":1,"76":1,"77":1,"78":1,"79":1,"80":1,"81":1,"82":1,"83":1,"84":1,"85":1,"86":1,"87":1,"88":1,"89":1,"90":1,"91":1,"92":1,"93":1,"94":1,"95":1,"96":1,"97":1,"98":1,"99":1,"100":1,"101":1,"102":1,"103":1,"104":1,"105":1,"106":1,"107":1,"108":1,"109":1,"110":1,"111":1,"112":1,"113":1,"114":1,"115":1,"116":1,"117":1,"118":1,"119":1},"b":{"0":[5,7],"1":[12,12]},"_coverageSchema":"332fd63041d2c1bcb487cc26dd0d5f7d97098a6c","hash":"0e2a273389f1d49322e35ca40ee621bec245bf72","contentHash":"1addccf98ffca5a818e1d0364f5746a8_11.2.1"},"/Users/andeladeveloper/Desktop/HelloBooks/app.js":{"path":"/Users/andeladeveloper/Desktop/HelloBooks/app.js","statementMap":{"0":{"start":{"line":3,"column":0},"end":{"line":5,"column":3}},"1":{"start":{"line":7,"column":15},"end":{"line":7,"column":33}},"2":{"start":{"line":9,"column":16},"end":{"line":9,"column":48}},"3":{"start":{"line":11,"column":14},"end":{"line":11,"column":31}},"4":{"start":{"line":13,"column":15},"end":{"line":13,"column":46}},"5":{"start":{"line":15,"column":18},"end":{"line":15,"column":40}},"6":{"start":{"line":17,"column":19},"end":{"line":17,"column":54}},"7":{"start":{"line":19,"column":12},"end":{"line":19,"column":27}},"8":{"start":{"line":21,"column":13},"end":{"line":21,"column":42}},"9":{"start":{"line":23,"column":12},"end":{"line":23,"column":27}},"10":{"start":{"line":25,"column":13},"end":{"line":25,"column":42}},"11":{"start":{"line":27,"column":15},"end":{"line":27,"column":33}},"12":{"start":{"line":29,"column":16},"end":{"line":29,"column":48}},"13":{"start":{"line":31,"column":28},"end":{"line":31,"column":61}},"14":{"start":{"line":33,"column":29},"end":{"line":33,"column":74}},"15":{"start":{"line":35,"column":28},"end":{"line":35,"column":61}},"16":{"start":{"line":37,"column":29},"end":{"line":37,"column":74}},"17":{"start":{"line":39,"column":16},"end":{"line":39,"column":43}},"18":{"start":{"line":41,"column":16},"end":{"line":41,"column":49}},"19":{"start":{"line":43,"column":14},"end":{"line":43,"column":40}},"20":{"start":{"line":45,"column":15},"end":{"line":45,"column":46}},"21":{"start":{"line":47,"column":39},"end":{"line":47,"column":93}},"22":{"start":{"line":50,"column":10},"end":{"line":50,"column":34}},"23":{"start":{"line":52,"column":11},"end":{"line":52,"column":49}},"24":{"start":{"line":53,"column":0},"end":{"line":53,"column":22}},"25":{"start":{"line":55,"column":13},"end":{"line":55,"column":45}},"26":{"start":{"line":57,"column":0},"end":{"line":57,"column":20}},"27":{"start":{"line":60,"column":0},"end":{"line":60,"column":38}},"28":{"start":{"line":62,"column":0},"end":{"line":62,"column":37}},"29":{"start":{"line":63,"column":0},"end":{"line":63,"column":62}},"30":{"start":{"line":65,"column":0},"end":{"line":73,"column":1}},"31":{"start":{"line":66,"column":17},"end":{"line":66,"column":58}},"32":{"start":{"line":67,"column":2},"end":{"line":71,"column":6}},"33":{"start":{"line":72,"column":2},"end":{"line":72,"column":57}},"34":{"start":{"line":76,"column":0},"end":{"line":76,"column":27}},"35":{"start":{"line":78,"column":0},"end":{"line":80,"column":3}},"36":{"start":{"line":79,"column":2},"end":{"line":79,"column":84}},"37":{"start":{"line":82,"column":0},"end":{"line":82,"column":22}}},"fnMap":{"0":{"name":"_interopRequireDefault","decl":{"start":{"line":47,"column":9},"end":{"line":47,"column":31}},"loc":{"start":{"line":47,"column":37},"end":{"line":47,"column":95}},"line":47},"1":{"name":"(anonymous_1)","decl":{"start":{"line":78,"column":13},"end":{"line":78,"column":14}},"loc":{"start":{"line":78,"column":33},"end":{"line":80,"column":1}},"line":78}},"branchMap":{"0":{"loc":{"start":{"line":47,"column":46},"end":{"line":47,"column":92}},"type":"cond-expr","locations":[{"start":{"line":47,"column":70},"end":{"line":47,"column":73}},{"start":{"line":47,"column":76},"end":{"line":47,"column":92}}],"line":47},"1":{"loc":{"start":{"line":47,"column":46},"end":{"line":47,"column":67}},"type":"binary-expr","locations":[{"start":{"line":47,"column":46},"end":{"line":47,"column":49}},{"start":{"line":47,"column":53},"end":{"line":47,"column":67}}],"line":47},"2":{"loc":{"start":{"line":52,"column":11},"end":{"line":52,"column":49}},"type":"binary-expr","locations":[{"start":{"line":52,"column":11},"end":{"line":52,"column":41}},{"start":{"line":52,"column":45},"end":{"line":52,"column":49}}],"line":52},"3":{"loc":{"start":{"line":65,"column":0},"end":{"line":73,"column":1}},"type":"if","locations":[{"start":{"line":65,"column":0},"end":{"line":73,"column":1}},{"start":{"line":65,"column":0},"end":{"line":73,"column":1}}],"line":65}},"s":{"0":1,"1":1,"2":1,"3":1,"4":1,"5":1,"6":1,"7":1,"8":1,"9":1,"10":1,"11":1,"12":1,"13":1,"14":1,"15":1,"16":1,"17":1,"18":1,"19":1,"20":1,"21":10,"22":1,"23":1,"24":1,"25":1,"26":1,"27":1,"28":1,"29":1,"30":1,"31":0,"32":0,"33":0,"34":1,"35":1,"36":0,"37":1},"f":{"0":10,"1":0},"b":{"0":[1,9],"1":[10,10],"2":[1,0],"3":[0,1]},"_coverageSchema":"332fd63041d2c1bcb487cc26dd0d5f7d97098a6c","hash":"dd053fed2e88551970ef4373d7bbff2ab8586ebf","contentHash":"31ef0b271b01ea92c1eb18d1cc473d7a_11.2.1"},"/Users/andeladeveloper/Desktop/HelloBooks/webpack.config.js":{"path":"/Users/andeladeveloper/Desktop/HelloBooks/webpack.config.js","statementMap":{"0":{"start":{"line":3,"column":14},"end":{"line":3,"column":32}},"1":{"start":{"line":4,"column":11},"end":{"line":4,"column":26}},"2":{"start":{"line":6,"column":0},"end":{"line":68,"column":2}}},"fnMap":{},"branchMap":{},"s":{"0":1,"1":1,"2":1},"f":{},"b":{},"_coverageSchema":"332fd63041d2c1bcb487cc26dd0d5f7d97098a6c","hash":"8f36b5e98607baa29565bea330bb588fb63b3ee0","contentHash":"6ec9e6eecde2c47814bae3a8b814de38_11.2.1"},"/Users/andeladeveloper/Desktop/HelloBooks/server/routes/index.js":{"path":"/Users/andeladeveloper/Desktop/HelloBooks/server/routes/index.js","statementMap":{"0":{"start":{"line":3,"column":0},"end":{"line":5,"column":3}},"1":{"start":{"line":7,"column":13},"end":{"line":7,"column":44}},"2":{"start":{"line":9,"column":14},"end":{"line":9,"column":44}},"3":{"start":{"line":11,"column":13},"end":{"line":11,"column":44}},"4":{"start":{"line":13,"column":14},"end":{"line":13,"column":44}},"5":{"start":{"line":15,"column":12},"end":{"line":15,"column":42}},"6":{"start":{"line":17,"column":13},"end":{"line":17,"column":42}},"7":{"start":{"line":19,"column":39},"end":{"line":19,"column":93}},"8":{"start":{"line":21,"column":0},"end":{"line":41,"column":2}},"9":{"start":{"line":22,"column":2},"end":{"line":22,"column":56}},"10":{"start":{"line":24,"column":2},"end":{"line":24,"column":59}},"11":{"start":{"line":25,"column":2},"end":{"line":25,"column":59}},"12":{"start":{"line":27,"column":2},"end":{"line":27,"column":43}},"13":{"start":{"line":29,"column":2},"end":{"line":29,"column":49}},"14":{"start":{"line":30,"column":2},"end":{"line":30,"column":77}},"15":{"start":{"line":31,"column":2},"end":{"line":31,"column":74}},"16":{"start":{"line":32,"column":2},"end":{"line":32,"column":71}},"17":{"start":{"line":33,"column":2},"end":{"line":33,"column":70}},"18":{"start":{"line":34,"column":2},"end":{"line":34,"column":63}},"19":{"start":{"line":35,"column":2},"end":{"line":35,"column":67}},"20":{"start":{"line":36,"column":2},"end":{"line":36,"column":76}},"21":{"start":{"line":38,"column":2},"end":{"line":38,"column":67}},"22":{"start":{"line":39,"column":2},"end":{"line":39,"column":53}},"23":{"start":{"line":40,"column":2},"end":{"line":40,"column":63}}},"fnMap":{"0":{"name":"_interopRequireDefault","decl":{"start":{"line":19,"column":9},"end":{"line":19,"column":31}},"loc":{"start":{"line":19,"column":37},"end":{"line":19,"column":95}},"line":19},"1":{"name":"(anonymous_1)","decl":{"start":{"line":21,"column":18},"end":{"line":21,"column":19}},"loc":{"start":{"line":21,"column":33},"end":{"line":41,"column":1}},"line":21}},"branchMap":{"0":{"loc":{"start":{"line":19,"column":46},"end":{"line":19,"column":92}},"type":"cond-expr","locations":[{"start":{"line":19,"column":70},"end":{"line":19,"column":73}},{"start":{"line":19,"column":76},"end":{"line":19,"column":92}}],"line":19},"1":{"loc":{"start":{"line":19,"column":46},"end":{"line":19,"column":67}},"type":"binary-expr","locations":[{"start":{"line":19,"column":46},"end":{"line":19,"column":49}},{"start":{"line":19,"column":53},"end":{"line":19,"column":67}}],"line":19}},"s":{"0":1,"1":1,"2":1,"3":1,"4":1,"5":1,"6":1,"7":3,"8":1,"9":1,"10":1,"11":1,"12":1,"13":1,"14":1,"15":1,"16":1,"17":1,"18":1,"19":1,"20":1,"21":1,"22":1,"23":1},"f":{"0":3,"1":1},"b":{"0":[3,0],"1":[3,3]},"_coverageSchema":"332fd63041d2c1bcb487cc26dd0d5f7d97098a6c","hash":"abe176956eaa8da3ea103456bab0f0146d1988e8","contentHash":"7d15e8cf1543d536fc41598e59dcba2c_11.2.1"},"/Users/andeladeveloper/Desktop/HelloBooks/server/controllers/users.js":{"path":"/Users/andeladeveloper/Desktop/HelloBooks/server/controllers/users.js","statementMap":{"0":{"start":{"line":3,"column":0},"end":{"line":5,"column":3}},"1":{"start":{"line":7,"column":20},"end":{"line":7,"column":43}},"2":{"start":{"line":9,"column":21},"end":{"line":9,"column":58}},"3":{"start":{"line":11,"column":16},"end":{"line":11,"column":36}},"4":{"start":{"line":13,"column":15},"end":{"line":13,"column":40}},"5":{"start":{"line":15,"column":16},"end":{"line":15,"column":48}},"6":{"start":{"line":17,"column":13},"end":{"line":17,"column":39}},"7":{"start":{"line":19,"column":14},"end":{"line":19,"column":44}},"8":{"start":{"line":21,"column":39},"end":{"line":21,"column":93}},"9":{"start":{"line":23,"column":21},"end":{"line":23,"column":27}},"10":{"start":{"line":24,"column":12},"end":{"line":24,"column":18}},"11":{"start":{"line":25,"column":13},"end":{"line":25,"column":19}},"12":{"start":{"line":27,"column":0},"end":{"line":433,"column":2}},"13":{"start":{"line":37,"column":4},"end":{"line":39,"column":5}},"14":{"start":{"line":38,"column":6},"end":{"line":38,"column":96}},"15":{"start":{"line":40,"column":4},"end":{"line":65,"column":7}},"16":{"start":{"line":47,"column":6},"end":{"line":49,"column":7}},"17":{"start":{"line":48,"column":8},"end":{"line":48,"column":81}},"18":{"start":{"line":51,"column":6},"end":{"line":64,"column":9}},"19":{"start":{"line":61,"column":8},"end":{"line":61,"column":111}},"20":{"start":{"line":63,"column":8},"end":{"line":63,"column":93}},"21":{"start":{"line":77,"column":4},"end":{"line":79,"column":5}},"22":{"start":{"line":78,"column":6},"end":{"line":78,"column":96}},"23":{"start":{"line":80,"column":4},"end":{"line":98,"column":7}},"24":{"start":{"line":88,"column":6},"end":{"line":95,"column":7}},"25":{"start":{"line":89,"column":8},"end":{"line":89,"column":93}},"26":{"start":{"line":92,"column":8},"end":{"line":94,"column":11}},"27":{"start":{"line":93,"column":10},"end":{"line":93,"column":122}},"28":{"start":{"line":97,"column":6},"end":{"line":97,"column":112}},"29":{"start":{"line":110,"column":4},"end":{"line":112,"column":5}},"30":{"start":{"line":111,"column":6},"end":{"line":111,"column":65}},"31":{"start":{"line":113,"column":4},"end":{"line":117,"column":7}},"32":{"start":{"line":114,"column":6},"end":{"line":114,"column":75}},"33":{"start":{"line":116,"column":6},"end":{"line":116,"column":41}},"34":{"start":{"line":130,"column":4},"end":{"line":132,"column":5}},"35":{"start":{"line":131,"column":6},"end":{"line":131,"column":80}},"36":{"start":{"line":133,"column":4},"end":{"line":135,"column":5}},"37":{"start":{"line":134,"column":6},"end":{"line":134,"column":88}},"38":{"start":{"line":136,"column":4},"end":{"line":228,"column":7}},"39":{"start":{"line":145,"column":6},"end":{"line":147,"column":7}},"40":{"start":{"line":146,"column":8},"end":{"line":146,"column":146}},"41":{"start":{"line":149,"column":6},"end":{"line":225,"column":9}},"42":{"start":{"line":157,"column":8},"end":{"line":157,"column":28}},"43":{"start":{"line":159,"column":8},"end":{"line":222,"column":11}},"44":{"start":{"line":166,"column":10},"end":{"line":166,"column":20}},"45":{"start":{"line":167,"column":10},"end":{"line":167,"column":46}},"46":{"start":{"line":168,"column":10},"end":{"line":186,"column":11}},"47":{"start":{"line":169,"column":12},"end":{"line":173,"column":13}},"48":{"start":{"line":170,"column":14},"end":{"line":170,"column":24}},"49":{"start":{"line":172,"column":14},"end":{"line":172,"column":24}},"50":{"start":{"line":174,"column":17},"end":{"line":186,"column":11}},"51":{"start":{"line":175,"column":12},"end":{"line":179,"column":13}},"52":{"start":{"line":176,"column":14},"end":{"line":176,"column":24}},"53":{"start":{"line":178,"column":14},"end":{"line":178,"column":24}},"54":{"start":{"line":180,"column":17},"end":{"line":186,"column":11}},"55":{"start":{"line":181,"column":12},"end":{"line":185,"column":13}},"56":{"start":{"line":182,"column":14},"end":{"line":182,"column":24}},"57":{"start":{"line":184,"column":14},"end":{"line":184,"column":24}},"58":{"start":{"line":188,"column":10},"end":{"line":190,"column":11}},"59":{"start":{"line":189,"column":12},"end":{"line":189,"column":125}},"60":{"start":{"line":191,"column":10},"end":{"line":219,"column":13}},"61":{"start":{"line":192,"column":12},"end":{"line":194,"column":13}},"62":{"start":{"line":193,"column":14},"end":{"line":193,"column":86}},"63":{"start":{"line":196,"column":12},"end":{"line":198,"column":13}},"64":{"start":{"line":197,"column":14},"end":{"line":197,"column":99}},"65":{"start":{"line":200,"column":12},"end":{"line":200,"column":67}},"66":{"start":{"line":202,"column":12},"end":{"line":214,"column":15}},"67":{"start":{"line":209,"column":14},"end":{"line":209,"column":132}},"68":{"start":{"line":211,"column":14},"end":{"line":213,"column":17}},"69":{"start":{"line":216,"column":12},"end":{"line":218,"column":15}},"70":{"start":{"line":221,"column":10},"end":{"line":221,"column":96}},"71":{"start":{"line":224,"column":8},"end":{"line":224,"column":94}},"72":{"start":{"line":227,"column":6},"end":{"line":227,"column":92}},"73":{"start":{"line":242,"column":4},"end":{"line":244,"column":5}},"74":{"start":{"line":243,"column":6},"end":{"line":243,"column":80}},"75":{"start":{"line":245,"column":4},"end":{"line":247,"column":5}},"76":{"start":{"line":246,"column":6},"end":{"line":246,"column":88}},"77":{"start":{"line":248,"column":4},"end":{"line":257,"column":7}},"78":{"start":{"line":254,"column":6},"end":{"line":254,"column":112}},"79":{"start":{"line":256,"column":6},"end":{"line":256,"column":92}},"80":{"start":{"line":270,"column":4},"end":{"line":272,"column":5}},"81":{"start":{"line":271,"column":6},"end":{"line":271,"column":80}},"82":{"start":{"line":273,"column":4},"end":{"line":275,"column":5}},"83":{"start":{"line":274,"column":6},"end":{"line":274,"column":88}},"84":{"start":{"line":276,"column":4},"end":{"line":311,"column":7}},"85":{"start":{"line":277,"column":6},"end":{"line":279,"column":7}},"86":{"start":{"line":278,"column":8},"end":{"line":278,"column":82}},"87":{"start":{"line":280,"column":6},"end":{"line":282,"column":7}},"88":{"start":{"line":281,"column":8},"end":{"line":281,"column":100}},"89":{"start":{"line":284,"column":6},"end":{"line":306,"column":9}},"90":{"start":{"line":289,"column":8},"end":{"line":298,"column":11}},"91":{"start":{"line":290,"column":10},"end":{"line":292,"column":13}},"92":{"start":{"line":294,"column":10},"end":{"line":297,"column":13}},"93":{"start":{"line":299,"column":8},"end":{"line":301,"column":11}},"94":{"start":{"line":303,"column":8},"end":{"line":305,"column":11}},"95":{"start":{"line":308,"column":6},"end":{"line":310,"column":9}},"96":{"start":{"line":325,"column":4},"end":{"line":327,"column":5}},"97":{"start":{"line":326,"column":6},"end":{"line":326,"column":80}},"98":{"start":{"line":328,"column":4},"end":{"line":336,"column":7}},"99":{"start":{"line":333,"column":6},"end":{"line":333,"column":112}},"100":{"start":{"line":335,"column":6},"end":{"line":335,"column":92}},"101":{"start":{"line":349,"column":4},"end":{"line":351,"column":5}},"102":{"start":{"line":350,"column":6},"end":{"line":350,"column":80}},"103":{"start":{"line":352,"column":4},"end":{"line":361,"column":7}},"104":{"start":{"line":358,"column":6},"end":{"line":358,"column":88}},"105":{"start":{"line":360,"column":6},"end":{"line":360,"column":92}},"106":{"start":{"line":375,"column":4},"end":{"line":377,"column":5}},"107":{"start":{"line":376,"column":6},"end":{"line":376,"column":80}},"108":{"start":{"line":378,"column":4},"end":{"line":395,"column":7}},"109":{"start":{"line":379,"column":6},"end":{"line":381,"column":7}},"110":{"start":{"line":380,"column":8},"end":{"line":380,"column":85}},"111":{"start":{"line":382,"column":6},"end":{"line":392,"column":9}},"112":{"start":{"line":389,"column":8},"end":{"line":389,"column":106}},"113":{"start":{"line":391,"column":8},"end":{"line":391,"column":87}},"114":{"start":{"line":394,"column":6},"end":{"line":394,"column":85}},"115":{"start":{"line":409,"column":4},"end":{"line":411,"column":5}},"116":{"start":{"line":410,"column":6},"end":{"line":410,"column":80}},"117":{"start":{"line":412,"column":4},"end":{"line":431,"column":7}},"118":{"start":{"line":418,"column":6},"end":{"line":420,"column":7}},"119":{"start":{"line":419,"column":8},"end":{"line":419,"column":91}},"120":{"start":{"line":422,"column":6},"end":{"line":428,"column":9}},"121":{"start":{"line":425,"column":8},"end":{"line":425,"column":107}},"122":{"start":{"line":427,"column":8},"end":{"line":427,"column":87}},"123":{"start":{"line":430,"column":6},"end":{"line":430,"column":85}}},"fnMap":{"0":{"name":"_interopRequireDefault","decl":{"start":{"line":21,"column":9},"end":{"line":21,"column":31}},"loc":{"start":{"line":21,"column":37},"end":{"line":21,"column":95}},"line":21},"1":{"name":"signup","decl":{"start":{"line":36,"column":19},"end":{"line":36,"column":25}},"loc":{"start":{"line":36,"column":36},"end":{"line":66,"column":3}},"line":36},"2":{"name":"(anonymous_2)","decl":{"start":{"line":46,"column":12},"end":{"line":46,"column":13}},"loc":{"start":{"line":46,"column":25},"end":{"line":50,"column":5}},"line":46},"3":{"name":"(anonymous_3)","decl":{"start":{"line":50,"column":13},"end":{"line":50,"column":14}},"loc":{"start":{"line":50,"column":30},"end":{"line":65,"column":5}},"line":50},"4":{"name":"(anonymous_4)","decl":{"start":{"line":60,"column":14},"end":{"line":60,"column":15}},"loc":{"start":{"line":60,"column":32},"end":{"line":62,"column":7}},"line":60},"5":{"name":"(anonymous_5)","decl":{"start":{"line":62,"column":15},"end":{"line":62,"column":16}},"loc":{"start":{"line":62,"column":28},"end":{"line":64,"column":7}},"line":62},"6":{"name":"signin","decl":{"start":{"line":76,"column":19},"end":{"line":76,"column":25}},"loc":{"start":{"line":76,"column":36},"end":{"line":99,"column":3}},"line":76},"7":{"name":"(anonymous_7)","decl":{"start":{"line":87,"column":12},"end":{"line":87,"column":13}},"loc":{"start":{"line":87,"column":30},"end":{"line":96,"column":5}},"line":87},"8":{"name":"(anonymous_8)","decl":{"start":{"line":92,"column":108},"end":{"line":92,"column":109}},"loc":{"start":{"line":92,"column":130},"end":{"line":94,"column":9}},"line":92},"9":{"name":"(anonymous_9)","decl":{"start":{"line":96,"column":13},"end":{"line":96,"column":14}},"loc":{"start":{"line":96,"column":30},"end":{"line":98,"column":5}},"line":96},"10":{"name":"list","decl":{"start":{"line":109,"column":17},"end":{"line":109,"column":21}},"loc":{"start":{"line":109,"column":32},"end":{"line":118,"column":3}},"line":109},"11":{"name":"(anonymous_11)","decl":{"start":{"line":113,"column":44},"end":{"line":113,"column":45}},"loc":{"start":{"line":113,"column":62},"end":{"line":115,"column":5}},"line":113},"12":{"name":"(anonymous_12)","decl":{"start":{"line":115,"column":13},"end":{"line":115,"column":14}},"loc":{"start":{"line":115,"column":30},"end":{"line":117,"column":5}},"line":115},"13":{"name":"borrowBooks","decl":{"start":{"line":129,"column":24},"end":{"line":129,"column":35}},"loc":{"start":{"line":129,"column":46},"end":{"line":229,"column":3}},"line":129},"14":{"name":"(anonymous_14)","decl":{"start":{"line":144,"column":12},"end":{"line":144,"column":13}},"loc":{"start":{"line":144,"column":30},"end":{"line":226,"column":5}},"line":144},"15":{"name":"(anonymous_15)","decl":{"start":{"line":156,"column":14},"end":{"line":156,"column":15}},"loc":{"start":{"line":156,"column":29},"end":{"line":223,"column":7}},"line":156},"16":{"name":"(anonymous_16)","decl":{"start":{"line":165,"column":16},"end":{"line":165,"column":17}},"loc":{"start":{"line":165,"column":31},"end":{"line":220,"column":9}},"line":165},"17":{"name":"(anonymous_17)","decl":{"start":{"line":191,"column":70},"end":{"line":191,"column":71}},"loc":{"start":{"line":191,"column":88},"end":{"line":215,"column":11}},"line":191},"18":{"name":"(anonymous_18)","decl":{"start":{"line":208,"column":20},"end":{"line":208,"column":21}},"loc":{"start":{"line":208,"column":37},"end":{"line":210,"column":13}},"line":208},"19":{"name":"(anonymous_19)","decl":{"start":{"line":210,"column":21},"end":{"line":210,"column":22}},"loc":{"start":{"line":210,"column":34},"end":{"line":214,"column":13}},"line":210},"20":{"name":"(anonymous_20)","decl":{"start":{"line":215,"column":19},"end":{"line":215,"column":20}},"loc":{"start":{"line":215,"column":32},"end":{"line":219,"column":11}},"line":215},"21":{"name":"(anonymous_21)","decl":{"start":{"line":220,"column":17},"end":{"line":220,"column":18}},"loc":{"start":{"line":220,"column":30},"end":{"line":222,"column":9}},"line":220},"22":{"name":"(anonymous_22)","decl":{"start":{"line":223,"column":15},"end":{"line":223,"column":16}},"loc":{"start":{"line":223,"column":28},"end":{"line":225,"column":7}},"line":223},"23":{"name":"(anonymous_23)","decl":{"start":{"line":226,"column":13},"end":{"line":226,"column":14}},"loc":{"start":{"line":226,"column":26},"end":{"line":228,"column":5}},"line":226},"24":{"name":"getUnreturnedBooks","decl":{"start":{"line":241,"column":31},"end":{"line":241,"column":49}},"loc":{"start":{"line":241,"column":60},"end":{"line":258,"column":3}},"line":241},"25":{"name":"(anonymous_25)","decl":{"start":{"line":253,"column":12},"end":{"line":253,"column":13}},"loc":{"start":{"line":253,"column":30},"end":{"line":255,"column":5}},"line":253},"26":{"name":"(anonymous_26)","decl":{"start":{"line":255,"column":13},"end":{"line":255,"column":14}},"loc":{"start":{"line":255,"column":26},"end":{"line":257,"column":5}},"line":255},"27":{"name":"returnBooks","decl":{"start":{"line":269,"column":24},"end":{"line":269,"column":35}},"loc":{"start":{"line":269,"column":46},"end":{"line":312,"column":3}},"line":269},"28":{"name":"(anonymous_28)","decl":{"start":{"line":276,"column":65},"end":{"line":276,"column":66}},"loc":{"start":{"line":276,"column":82},"end":{"line":307,"column":5}},"line":276},"29":{"name":"(anonymous_29)","decl":{"start":{"line":288,"column":14},"end":{"line":288,"column":15}},"loc":{"start":{"line":288,"column":32},"end":{"line":302,"column":7}},"line":288},"30":{"name":"(anonymous_30)","decl":{"start":{"line":289,"column":59},"end":{"line":289,"column":60}},"loc":{"start":{"line":289,"column":73},"end":{"line":293,"column":9}},"line":289},"31":{"name":"(anonymous_31)","decl":{"start":{"line":293,"column":17},"end":{"line":293,"column":18}},"loc":{"start":{"line":293,"column":30},"end":{"line":298,"column":9}},"line":293},"32":{"name":"(anonymous_32)","decl":{"start":{"line":302,"column":15},"end":{"line":302,"column":16}},"loc":{"start":{"line":302,"column":28},"end":{"line":306,"column":7}},"line":302},"33":{"name":"(anonymous_33)","decl":{"start":{"line":307,"column":13},"end":{"line":307,"column":14}},"loc":{"start":{"line":307,"column":26},"end":{"line":311,"column":5}},"line":307},"34":{"name":"getBorrowedBooks","decl":{"start":{"line":324,"column":29},"end":{"line":324,"column":45}},"loc":{"start":{"line":324,"column":56},"end":{"line":337,"column":3}},"line":324},"35":{"name":"(anonymous_35)","decl":{"start":{"line":332,"column":12},"end":{"line":332,"column":13}},"loc":{"start":{"line":332,"column":30},"end":{"line":334,"column":5}},"line":332},"36":{"name":"(anonymous_36)","decl":{"start":{"line":334,"column":13},"end":{"line":334,"column":14}},"loc":{"start":{"line":334,"column":26},"end":{"line":336,"column":5}},"line":334},"37":{"name":"getUserDetails","decl":{"start":{"line":348,"column":27},"end":{"line":348,"column":41}},"loc":{"start":{"line":348,"column":52},"end":{"line":362,"column":3}},"line":348},"38":{"name":"(anonymous_38)","decl":{"start":{"line":357,"column":12},"end":{"line":357,"column":13}},"loc":{"start":{"line":357,"column":30},"end":{"line":359,"column":5}},"line":357},"39":{"name":"(anonymous_39)","decl":{"start":{"line":359,"column":13},"end":{"line":359,"column":14}},"loc":{"start":{"line":359,"column":26},"end":{"line":361,"column":5}},"line":359},"40":{"name":"updateUser","decl":{"start":{"line":374,"column":23},"end":{"line":374,"column":33}},"loc":{"start":{"line":374,"column":44},"end":{"line":396,"column":3}},"line":374},"41":{"name":"(anonymous_41)","decl":{"start":{"line":378,"column":66},"end":{"line":378,"column":67}},"loc":{"start":{"line":378,"column":84},"end":{"line":393,"column":5}},"line":378},"42":{"name":"(anonymous_42)","decl":{"start":{"line":388,"column":14},"end":{"line":388,"column":15}},"loc":{"start":{"line":388,"column":26},"end":{"line":390,"column":7}},"line":388},"43":{"name":"(anonymous_43)","decl":{"start":{"line":390,"column":15},"end":{"line":390,"column":16}},"loc":{"start":{"line":390,"column":32},"end":{"line":392,"column":7}},"line":390},"44":{"name":"(anonymous_44)","decl":{"start":{"line":393,"column":13},"end":{"line":393,"column":14}},"loc":{"start":{"line":393,"column":30},"end":{"line":395,"column":5}},"line":393},"45":{"name":"changePassword","decl":{"start":{"line":408,"column":27},"end":{"line":408,"column":41}},"loc":{"start":{"line":408,"column":52},"end":{"line":432,"column":3}},"line":408},"46":{"name":"(anonymous_46)","decl":{"start":{"line":417,"column":12},"end":{"line":417,"column":13}},"loc":{"start":{"line":417,"column":30},"end":{"line":429,"column":5}},"line":417},"47":{"name":"(anonymous_47)","decl":{"start":{"line":424,"column":14},"end":{"line":424,"column":15}},"loc":{"start":{"line":424,"column":26},"end":{"line":426,"column":7}},"line":424},"48":{"name":"(anonymous_48)","decl":{"start":{"line":426,"column":15},"end":{"line":426,"column":16}},"loc":{"start":{"line":426,"column":32},"end":{"line":428,"column":7}},"line":426},"49":{"name":"(anonymous_49)","decl":{"start":{"line":429,"column":13},"end":{"line":429,"column":14}},"loc":{"start":{"line":429,"column":30},"end":{"line":431,"column":5}},"line":429}},"branchMap":{"0":{"loc":{"start":{"line":21,"column":46},"end":{"line":21,"column":92}},"type":"cond-expr","locations":[{"start":{"line":21,"column":70},"end":{"line":21,"column":73}},{"start":{"line":21,"column":76},"end":{"line":21,"column":92}}],"line":21},"1":{"loc":{"start":{"line":21,"column":46},"end":{"line":21,"column":67}},"type":"binary-expr","locations":[{"start":{"line":21,"column":46},"end":{"line":21,"column":49}},{"start":{"line":21,"column":53},"end":{"line":21,"column":67}}],"line":21},"2":{"loc":{"start":{"line":37,"column":4},"end":{"line":39,"column":5}},"type":"if","locations":[{"start":{"line":37,"column":4},"end":{"line":39,"column":5}},{"start":{"line":37,"column":4},"end":{"line":39,"column":5}}],"line":37},"3":{"loc":{"start":{"line":37,"column":10},"end":{"line":37,"column":136}},"type":"binary-expr","locations":[{"start":{"line":37,"column":10},"end":{"line":37,"column":27}},{"start":{"line":37,"column":31},"end":{"line":37,"column":48}},{"start":{"line":37,"column":52},"end":{"line":37,"column":66}},{"start":{"line":37,"column":70},"end":{"line":37,"column":88}},{"start":{"line":37,"column":92},"end":{"line":37,"column":109}},{"start":{"line":37,"column":113},"end":{"line":37,"column":136}}],"line":37},"4":{"loc":{"start":{"line":47,"column":6},"end":{"line":49,"column":7}},"type":"if","locations":[{"start":{"line":47,"column":6},"end":{"line":49,"column":7}},{"start":{"line":47,"column":6},"end":{"line":49,"column":7}}],"line":47},"5":{"loc":{"start":{"line":58,"column":14},"end":{"line":58,"column":46}},"type":"cond-expr","locations":[{"start":{"line":58,"column":30},"end":{"line":58,"column":37}},{"start":{"line":58,"column":40},"end":{"line":58,"column":46}}],"line":58},"6":{"loc":{"start":{"line":77,"column":4},"end":{"line":79,"column":5}},"type":"if","locations":[{"start":{"line":77,"column":4},"end":{"line":79,"column":5}},{"start":{"line":77,"column":4},"end":{"line":79,"column":5}}],"line":77},"7":{"loc":{"start":{"line":77,"column":10},"end":{"line":77,"column":48}},"type":"binary-expr","locations":[{"start":{"line":77,"column":10},"end":{"line":77,"column":27}},{"start":{"line":77,"column":31},"end":{"line":77,"column":48}}],"line":77},"8":{"loc":{"start":{"line":88,"column":6},"end":{"line":95,"column":7}},"type":"if","locations":[{"start":{"line":88,"column":6},"end":{"line":95,"column":7}},{"start":{"line":88,"column":6},"end":{"line":95,"column":7}}],"line":88},"9":{"loc":{"start":{"line":110,"column":4},"end":{"line":112,"column":5}},"type":"if","locations":[{"start":{"line":110,"column":4},"end":{"line":112,"column":5}},{"start":{"line":110,"column":4},"end":{"line":112,"column":5}}],"line":110},"10":{"loc":{"start":{"line":130,"column":4},"end":{"line":132,"column":5}},"type":"if","locations":[{"start":{"line":130,"column":4},"end":{"line":132,"column":5}},{"start":{"line":130,"column":4},"end":{"line":132,"column":5}}],"line":130},"11":{"loc":{"start":{"line":133,"column":4},"end":{"line":135,"column":5}},"type":"if","locations":[{"start":{"line":133,"column":4},"end":{"line":135,"column":5}},{"start":{"line":133,"column":4},"end":{"line":135,"column":5}}],"line":133},"12":{"loc":{"start":{"line":133,"column":10},"end":{"line":133,"column":46}},"type":"binary-expr","locations":[{"start":{"line":133,"column":10},"end":{"line":133,"column":
[...]
ine":44}},"branchMap":{"0":{"loc":{"start":{"line":23,"column":46},"end":{"line":23,"column":92}},"type":"cond-expr","locations":[{"start":{"line":23,"column":70},"end":{"line":23,"column":73}},{"start":{"line":23,"column":76},"end":{"line":23,"column":92}}],"line":23},"1":{"loc":{"start":{"line":23,"column":46},"end":{"line":23,"column":67}},"type":"binary-expr","locations":[{"start":{"line":23,"column":46},"end":{"line":23,"column":49}},{"start":{"line":23,"column":53},"end":{"line":23,"column":67}}],"line":23},"2":{"loc":{"start":{"line":26,"column":10},"end":{"line":26,"column":47}},"type":"binary-expr","locations":[{"start":{"line":26,"column":10},"end":{"line":26,"column":30}},{"start":{"line":26,"column":34},"end":{"line":26,"column":47}}],"line":26},"3":{"loc":{"start":{"line":31,"column":0},"end":{"line":35,"column":1}},"type":"if","locations":[{"start":{"line":31,"column":0},"end":{"line":35,"column":1}},{"start":{"line":31,"column":0},"end":{"line":35,"column":1}}],"line":31},"4":{"loc":{"start":{"line":38,"column":9},"end":{"line":38,"column":81}},"type":"binary-expr","locations":[{"start":{"line":38,"column":9},"end":{"line":38,"column":32}},{"start":{"line":38,"column":36},"end":{"line":38,"column":53}},{"start":{"line":38,"column":57},"end":{"line":38,"column":81}}],"line":38},"5":{"loc":{"start":{"line":45,"column":2},"end":{"line":47,"column":3}},"type":"if","locations":[{"start":{"line":45,"column":2},"end":{"line":47,"column":3}},{"start":{"line":45,"column":2},"end":{"line":47,"column":3}}],"line":45}},"s":{"0":1,"1":1,"2":1,"3":1,"4":1,"5":1,"6":1,"7":1,"8":1,"9":4,"10":1,"11":1,"12":1,"13":1,"14":1,"15":1,"16":0,"17":1,"18":1,"19":4,"20":3,"21":3,"22":1,"23":3,"24":0,"25":1,"26":1,"27":1},"f":{"0":4,"1":4,"2":3,"3":3},"b":{"0":[0,4],"1":[4,4],"2":[1,0],"3":[0,1],"4":[4,4,3],"5":[0,3]},"_coverageSchema":"332fd63041d2c1bcb487cc26dd0d5f7d97098a6c","hash":"ecbfd37ff25ba377b51ac76450003f451557832d","contentHash":"ef1b76faa7d45cf258e373127a912d87_11.2.1"},"/Users/andeladeveloper/Desktop/HelloBooks/server/config/config.js":{"path":"/Users/andeladeveloper/Desktop/HelloBooks/server/config/config.js","statementMap":{"0":{"start":{"line":3,"column":0},"end":{"line":3,"column":27}},"1":{"start":{"line":5,"column":0},"end":{"line":17,"column":2}}},"fnMap":{},"branchMap":{},"s":{"0":1,"1":1},"f":{},"b":{},"_coverageSchema":"332fd63041d2c1bcb487cc26dd0d5f7d97098a6c","hash":"b7300bbe32481b32cc7d15816c82702b769c6efc","contentHash":"65b7261ec16f2d273db4c9b070efc51a_11.2.1"},"/Users/andeladeveloper/Desktop/HelloBooks/server/models/books.js":{"path":"/Users/andeladeveloper/Desktop/HelloBooks/server/models/books.js","statementMap":{"0":{"start":{"line":3,"column":0},"end":{"line":5,"column":3}},"1":{"start":{"line":7,"column":0},"end":{"line":117,"column":2}},"2":{"start":{"line":8,"column":14},"end":{"line":115,"column":4}},"3":{"start":{"line":109,"column":8},"end":{"line":112,"column":11}},"4":{"start":{"line":116,"column":2},"end":{"line":116,"column":15}}},"fnMap":{"0":{"name":"(anonymous_0)","decl":{"start":{"line":7,"column":18},"end":{"line":7,"column":19}},"loc":{"start":{"line":7,"column":50},"end":{"line":117,"column":1}},"line":7},"1":{"name":"associate","decl":{"start":{"line":108,"column":26},"end":{"line":108,"column":35}},"loc":{"start":{"line":108,"column":44},"end":{"line":113,"column":7}},"line":108}},"branchMap":{},"s":{"0":1,"1":1,"2":1,"3":0,"4":1},"f":{"0":1,"1":0},"b":{},"_coverageSchema":"332fd63041d2c1bcb487cc26dd0d5f7d97098a6c","hash":"43437b3a0c6dbedd56c89f00a444b7f3a8f51bf6","contentHash":"f03e35ca8b646ac64ac63985bf0f539c_11.2.1"},"/Users/andeladeveloper/Desktop/HelloBooks/server/models/borrowbook.js":{"path":"/Users/andeladeveloper/Desktop/HelloBooks/server/models/borrowbook.js","statementMap":{"0":{"start":{"line":3,"column":0},"end":{"line":5,"column":3}},"1":{"start":{"line":7,"column":0},"end":{"line":49,"column":2}},"2":{"start":{"line":8,"column":19},"end":{"line":47,"column":4}},"3":{"start":{"line":37,"column":8},"end":{"line":40,"column":11}},"4":{"start":{"line":41,"column":8},"end":{"line":44,"column":11}},"5":{"start":{"line":48,"column":2},"end":{"line":48,"column":20}}},"fnMap":{"0":{"name":"(anonymous_0)","decl":{"start":{"line":7,"column":18},"end":{"line":7,"column":19}},"loc":{"start":{"line":7,"column":50},"end":{"line":49,"column":1}},"line":7},"1":{"name":"associate","decl":{"start":{"line":36,"column":26},"end":{"line":36,"column":35}},"loc":{"start":{"line":36,"column":44},"end":{"line":45,"column":7}},"line":36}},"branchMap":{},"s":{"0":1,"1":1,"2":1,"3":0,"4":0,"5":1},"f":{"0":1,"1":0},"b":{},"_coverageSchema":"332fd63041d2c1bcb487cc26dd0d5f7d97098a6c","hash":"cb77453de2de0f28037ba94eb36f38228f38ee13","contentHash":"52dd790a3c06b0d860ffab6ca238d038_11.2.1"},"/Users/andeladeveloper/Desktop/HelloBooks/server/models/users.js":{"path":"/Users/andeladeveloper/Desktop/HelloBooks/server/models/users.js","statementMap":{"0":{"start":{"line":3,"column":0},"end":{"line":5,"column":3}},"1":{"start":{"line":7,"column":0},"end":{"line":126,"column":2}},"2":{"start":{"line":8,"column":14},"end":{"line":124,"column":4}},"3":{"start":{"line":117,"column":8},"end":{"line":121,"column":11}},"4":{"start":{"line":125,"column":2},"end":{"line":125,"column":15}}},"fnMap":{"0":{"name":"(anonymous_0)","decl":{"start":{"line":7,"column":18},"end":{"line":7,"column":19}},"loc":{"start":{"line":7,"column":50},"end":{"line":126,"column":1}},"line":7},"1":{"name":"associate","decl":{"start":{"line":116,"column":26},"end":{"line":116,"column":35}},"loc":{"start":{"line":116,"column":44},"end":{"line":122,"column":7}},"line":116}},"branchMap":{},"s":{"0":1,"1":1,"2":1,"3":0,"4":1},"f":{"0":1,"1":0},"b":{},"_coverageSchema":"332fd63041d2c1bcb487cc26dd0d5f7d97098a6c","hash":"2c0b08120962163cb0e65c529acddb506fa3a4b8","contentHash":"b28e9881f03c76a4370fbb25679d60db_11.2.1"},"/Users/andeladeveloper/Desktop/HelloBooks/server/controllers/books.js":{"path":"/Users/andeladeveloper/Desktop/HelloBooks/server/controllers/books.js","statementMap":{"0":{"start":{"line":3,"column":0},"end":{"line":5,"column":3}},"1":{"start":{"line":7,"column":15},"end":{"line":7,"column":40}},"2":{"start":{"line":9,"column":16},"end":{"line":9,"column":48}},"3":{"start":{"line":11,"column":13},"end":{"line":11,"column":39}},"4":{"start":{"line":13,"column":14},"end":{"line":13,"column":44}},"5":{"start":{"line":15,"column":39},"end":{"line":15,"column":93}},"6":{"start":{"line":17,"column":0},"end":{"line":131,"column":2}},"7":{"start":{"line":27,"column":4},"end":{"line":29,"column":5}},"8":{"start":{"line":28,"column":6},"end":{"line":28,"column":78}},"9":{"start":{"line":31,"column":4},"end":{"line":33,"column":5}},"10":{"start":{"line":32,"column":6},"end":{"line":32,"column":102}},"11":{"start":{"line":35,"column":4},"end":{"line":48,"column":7}},"12":{"start":{"line":45,"column":6},"end":{"line":45,"column":108}},"13":{"start":{"line":47,"column":6},"end":{"line":47,"column":81}},"14":{"start":{"line":61,"column":4},"end":{"line":65,"column":7}},"15":{"start":{"line":62,"column":6},"end":{"line":62,"column":88}},"16":{"start":{"line":64,"column":6},"end":{"line":64,"column":92}},"17":{"start":{"line":78,"column":4},"end":{"line":80,"column":5}},"18":{"start":{"line":79,"column":6},"end":{"line":79,"column":78}},"19":{"start":{"line":81,"column":4},"end":{"line":102,"column":7}},"20":{"start":{"line":82,"column":6},"end":{"line":84,"column":7}},"21":{"start":{"line":83,"column":8},"end":{"line":83,"column":85}},"22":{"start":{"line":85,"column":6},"end":{"line":99,"column":9}},"23":{"start":{"line":95,"column":8},"end":{"line":95,"column":103}},"24":{"start":{"line":98,"column":8},"end":{"line":98,"column":94}},"25":{"start":{"line":101,"column":6},"end":{"line":101,"column":92}},"26":{"start":{"line":114,"column":4},"end":{"line":116,"column":5}},"27":{"start":{"line":115,"column":6},"end":{"line":115,"column":78}},"28":{"start":{"line":118,"column":4},"end":{"line":129,"column":7}},"29":{"start":{"line":119,"column":6},"end":{"line":121,"column":7}},"30":{"start":{"line":120,"column":8},"end":{"line":120,"column":85}},"31":{"start":{"line":122,"column":6},"end":{"line":126,"column":9}},"32":{"start":{"line":123,"column":8},"end":{"line":123,"column":87}},"33":{"start":{"line":125,"column":8},"end":{"line":125,"column":94}},"34":{"start":{"line":128,"column":6},"end":{"line":128,"column":92}}},"fnMap":{"0":{"name":"_interopRequireDefault","decl":{"start":{"line":15,"column":9},"end":{"line":15,"column":31}},"loc":{"start":{"line":15,"column":37},"end":{"line":15,"column":95}},"line":15},"1":{"name":"addBook","decl":{"start":{"line":26,"column":20},"end":{"line":26,"column":27}},"loc":{"start":{"line":26,"column":38},"end":{"line":49,"column":3}},"line":26},"2":{"name":"(anonymous_2)","decl":{"start":{"line":44,"column":12},"end":{"line":44,"column":13}},"loc":{"start":{"line":44,"column":30},"end":{"line":46,"column":5}},"line":44},"3":{"name":"(anonymous_3)","decl":{"start":{"line":46,"column":13},"end":{"line":46,"column":14}},"loc":{"start":{"line":46,"column":26},"end":{"line":48,"column":5}},"line":46},"4":{"name":"getAllBooks","decl":{"start":{"line":60,"column":24},"end":{"line":60,"column":35}},"loc":{"start":{"line":60,"column":46},"end":{"line":66,"column":3}},"line":60},"5":{"name":"(anonymous_5)","decl":{"start":{"line":61,"column":44},"end":{"line":61,"column":45}},"loc":{"start":{"line":61,"column":62},"end":{"line":63,"column":5}},"line":61},"6":{"name":"(anonymous_6)","decl":{"start":{"line":63,"column":13},"end":{"line":63,"column":14}},"loc":{"start":{"line":63,"column":26},"end":{"line":65,"column":5}},"line":63},"7":{"name":"updateBook","decl":{"start":{"line":77,"column":23},"end":{"line":77,"column":33}},"loc":{"start":{"line":77,"column":44},"end":{"line":103,"column":3}},"line":77},"8":{"name":"(anonymous_8)","decl":{"start":{"line":81,"column":66},"end":{"line":81,"column":67}},"loc":{"start":{"line":81,"column":84},"end":{"line":100,"column":5}},"line":81},"9":{"name":"(anonymous_9)","decl":{"start":{"line":94,"column":14},"end":{"line":94,"column":15}},"loc":{"start":{"line":94,"column":26},"end":{"line":96,"column":7}},"line":94},"10":{"name":"(anonymous_10)","decl":{"start":{"line":97,"column":13},"end":{"line":97,"column":14}},"loc":{"start":{"line":97,"column":26},"end":{"line":99,"column":7}},"line":97},"11":{"name":"(anonymous_11)","decl":{"start":{"line":100,"column":13},"end":{"line":100,"column":14}},"loc":{"start":{"line":100,"column":26},"end":{"line":102,"column":5}},"line":100},"12":{"name":"deleteBooks","decl":{"start":{"line":113,"column":24},"end":{"line":113,"column":35}},"loc":{"start":{"line":113,"column":46},"end":{"line":130,"column":3}},"line":113},"13":{"name":"(anonymous_13)","decl":{"start":{"line":118,"column":66},"end":{"line":118,"column":67}},"loc":{"start":{"line":118,"column":84},"end":{"line":127,"column":5}},"line":118},"14":{"name":"(anonymous_14)","decl":{"start":{"line":122,"column":28},"end":{"line":122,"column":29}},"loc":{"start":{"line":122,"column":40},"end":{"line":124,"column":7}},"line":122},"15":{"name":"(anonymous_15)","decl":{"start":{"line":124,"column":15},"end":{"line":124,"column":16}},"loc":{"start":{"line":124,"column":28},"end":{"line":126,"column":7}},"line":124},"16":{"name":"(anonymous_16)","decl":{"start":{"line":127,"column":13},"end":{"line":127,"column":14}},"loc":{"start":{"line":127,"column":26},"end":{"line":129,"column":5}},"line":127}},"branchMap":{"0":{"loc":{"start":{"line":15,"column":46},"end":{"line":15,"column":92}},"type":"cond-expr","locations":[{"start":{"line":15,"column":70},"end":{"line":15,"column":73}},{"start":{"line":15,"column":76},"end":{"line":15,"column":92}}],"line":15},"1":{"loc":{"start":{"line":15,"column":46},"end":{"line":15,"column":67}},"type":"binary-expr","locations":[{"start":{"line":15,"column":46},"end":{"line":15,"column":49}},{"start":{"line":15,"column":53},"end":{"line":15,"column":67}}],"line":15},"2":{"loc":{"start":{"line":27,"column":4},"end":{"line":29,"column":5}},"type":"if","locations":[{"start":{"line":27,"column":4},"end":{"line":29,"column":5}},{"start":{"line":27,"column":4},"end":{"line":29,"column":5}}],"line":27},"3":{"loc":{"start":{"line":31,"column":4},"end":{"line":33,"column":5}},"type":"if","locations":[{"start":{"line":31,"column":4},"end":{"line":33,"column":5}},{"start":{"line":31,"column":4},"end":{"line":33,"column":5}}],"line":31},"4":{"loc":{"start":{"line":31,"column":10},"end":{"line":31,"column":151}},"type":"binary-expr","locations":[{"start":{"line":31,"column":10},"end":{"line":31,"column":28}},{"start":{"line":31,"column":32},"end":{"line":31,"column":47}},{"start":{"line":31,"column":51},"end":{"line":31,"column":68}},{"start":{"line":31,"column":72},"end":{"line":31,"column":92}},{"start":{"line":31,"column":96},"end":{"line":31,"column":109}},{"start":{"line":31,"column":113},"end":{"line":31,"column":127}},{"start":{"line":31,"column":131},"end":{"line":31,"column":151}}],"line":31},"5":{"loc":{"start":{"line":78,"column":4},"end":{"line":80,"column":5}},"type":"if","locations":[{"start":{"line":78,"column":4},"end":{"line":80,"column":5}},{"start":{"line":78,"column":4},"end":{"line":80,"column":5}}],"line":78},"6":{"loc":{"start":{"line":82,"column":6},"end":{"line":84,"column":7}},"type":"if","locations":[{"start":{"line":82,"column":6},"end":{"line":84,"column":7}},{"start":{"line":82,"column":6},"end":{"line":84,"column":7}}],"line":82},"7":{"loc":{"start":{"line":86,"column":19},"end":{"line":86,"column":57}},"type":"binary-expr","locations":[{"start":{"line":86,"column":19},"end":{"line":86,"column":37}},{"start":{"line":86,"column":41},"end":{"line":86,"column":57}}],"line":86},"8":{"loc":{"start":{"line":87,"column":16},"end":{"line":87,"column":48}},"type":"binary-expr","locations":[{"start":{"line":87,"column":16},"end":{"line":87,"column":31}},{"start":{"line":87,"column":35},"end":{"line":87,"column":48}}],"line":87},"9":{"loc":{"start":{"line":88,"column":18},"end":{"line":88,"column":54}},"type":"binary-expr","locations":[{"start":{"line":88,"column":18},"end":{"line":88,"column":35}},{"start":{"line":88,"column":39},"end":{"line":88,"column":54}}],"line":88},"10":{"loc":{"start":{"line":89,"column":14},"end":{"line":89,"column":42}},"type":"binary-expr","locations":[{"start":{"line":89,"column":14},"end":{"line":89,"column":27}},{"start":{"line":89,"column":31},"end":{"line":89,"column":42}}],"line":89},"11":{"loc":{"start":{"line":90,"column":21},"end":{"line":90,"column":63}},"type":"binary-expr","locations":[{"start":{"line":90,"column":21},"end":{"line":90,"column":41}},{"start":{"line":90,"column":45},"end":{"line":90,"column":63}}],"line":90},"12":{"loc":{"start":{"line":91,"column":15},"end":{"line":91,"column":45}},"type":"binary-expr","locations":[{"start":{"line":91,"column":15},"end":{"line":91,"column":29}},{"start":{"line":91,"column":33},"end":{"line":91,"column":45}}],"line":91},"13":{"loc":{"start":{"line":92,"column":18},"end":{"line":92,"column":57}},"type":"binary-expr","locations":[{"start":{"line":92,"column":18},"end":{"line":92,"column":38}},{"start":{"line":92,"column":42},"end":{"line":92,"column":57}}],"line":92},"14":{"loc":{"start":{"line":93,"column":17},"end":{"line":93,"column":51}},"type":"binary-expr","locations":[{"start":{"line":93,"column":17},"end":{"line":93,"column":33}},{"start":{"line":93,"column":37},"end":{"line":93,"column":51}}],"line":93},"15":{"loc":{"start":{"line":114,"column":4},"end":{"line":116,"column":5}},"type":"if","locations":[{"start":{"line":114,"column":4},"end":{"line":116,"column":5}},{"start":{"line":114,"column":4},"end":{"line":116,"column":5}}],"line":114},"16":{"loc":{"start":{"line":119,"column":6},"end":{"line":121,"column":7}},"type":"if","locations":[{"start":{"line":119,"column":6},"end":{"line":121,"column":7}},{"start":{"line":119,"column":6},"end":{"line":121,"column":7}}],"line":119}},"s":{"0":1,"1":1,"2":1,"3":1,"4":1,"5":2,"6":1,"7":5,"8":1,"9":4,"10":1,"11":3,"12":2,"13":1,"14":1,"15":1,"16":0,"17":3,"18":1,"19":2,"20":2,"21":1,"22":1,"23":1,"24":0,"25":0,"26":3,"27":1,"28":2,"29":2,"30":1,"31":1,"32":1,"33":0,"34":0},"f":{"0":2,"1":5,"2":2,"3":1,"4":1,"5":1,"6":0,"7":3,"8":2,"9":1,"10":0,"11":0,"12":3,"13":2,"14":1,"15":0,"16":0},"b":{"0":[1,1],"1":[2,2],"2":[1,4],"3":[1,3],"4":[4,3,3,3,3,3,3],"5":[1,2],"6":[1,1],"7":[1,1],"8":[1,0],"9":[1,1],"10":[1,1],"11":[1,1],"12":[1,1],"13":[1,1],"14":[1,1],"15":[1,2],"16":[1,1]},"_coverageSchema":"332fd63041d2c1bcb487cc26dd0d5f7d97098a6c","hash":"d7e404dd9bddd36c1e013b1c9107e61b597bd541","contentHash":"83225e8d3a7921be6e4472c3a347a0d4_11.2.1"},"/Users/andeladeveloper/Desktop/HelloBooks/server/controllers/auth.js":{"path":"/Users/andeladeveloper/Desktop/HelloBooks/server/controllers/auth.js","statementMap":{"0":{"start":{"line":3,"column":0},"end":{"line":5,"column":3}},"1":{"start":{"line":7,"column":20},"end":{"line":7,"column":43}},"2":{"start":{"line":9,"column":21},"end":{"line":9,"column":58}},"3":{"start":{"line":11,"column":39},"end":{"line":11,"column":93}},"4":{"start":{"line":13,"column":0},"end":{"line":38,"column":2}},"5":{"start":{"line":24,"column":16},"end":{"line":24,"column":51}},"6":{"start":{"line":25,"column":4},"end":{"line":36,"column":5}},"7":{"start":{"line":26,"column":6},"end":{"line":33,"column":9}},"8":{"start":{"line":27,"column":8},"end":{"line":30,"column":9}},"9":{"start":{"line":28,"column":10},"end":{"line":28,"column":28}},"10":{"start":{"line":29,"column":10},"end":{"line":29,"column":80}},"11":{"start":{"line":31,"column":8},"end":{"line":31,"column":30}},"12":{"start":{"line":32,"column":8},"end":{"line":32,"column":22}},"13":{"start":{"line":35,"column":6},"end":{"line":35,"column":75}}},"fnMap":{"0":{"name":"_interopRequireDefault","decl":{"start":{"line":11,"column":9},"end":{"line":11,"column":31}},"loc":{"start":{"line":11,"column":37},"end":{"line":11,"column":95}},"line":11},"1":{"name":"auth","decl":{"start":{"line":23,"column":17},"end":{"line":23,"column":21}},"loc":{"start":{"line":23,"column":38},"end":{"line":37,"column":3}},"line":23},"2":{"name":"(anonymous_2)","decl":{"start":{"line":26,"column":54},"end":{"line":26,"column":55}},"loc":{"start":{"line":26,"column":78},"end":{"line":33,"column":7}},"line":26}},"branchMap":{"0":{"loc":{"start":{"line":11,"column":46},"end":{"line":11,"column":92}},"type":"cond-expr","locations":[{"start":{"line":11,"column":70},"end":{"line":11,"column":73}},{"start":{"line":11,"column":76},"end":{"line":11,"column":92}}],"line":11},"1":{"loc":{"start":{"line":11,"column":46},"end":{"line":11,"column":67}},"type":"binary-expr","locations":[{"start":{"line":11,"column":46},"end":{"line":11,"column":49}},{"start":{"line":11,"column":53},"end":{"line":11,"column":67}}],"line":11},"2":{"loc":{"start":{"line":24,"column":16},"end":{"line":24,"column":51}},"type":"binary-expr","locations":[{"start":{"line":24,"column":16},"end":{"line":24,"column":30}},{"start":{"line":24,"column":34},"end":{"line":24,"column":51}}],"line":24},"3":{"loc":{"start":{"line":25,"column":4},"end":{"line":36,"column":5}},"type":"if","locations":[{"start":{"line":25,"column":4},"end":{"line":36,"column":5}},{"start":{"line":25,"column":4},"end":{"line":36,"column":5}}],"line":25},"4":{"loc":{"start":{"line":27,"column":8},"end":{"line":30,"column":9}},"type":"if","locations":[{"start":{"line":27,"column":8},"end":{"line":30,"column":9}},{"start":{"line":27,"column":8},"end":{"line":30,"column":9}}],"line":27}},"s":{"0":1,"1":1,"2":1,"3":1,"4":1,"5":42,"6":42,"7":41,"8":41,"9":2,"10":2,"11":39,"12":39,"13":1},"f":{"0":1,"1":42,"2":41},"b":{"0":[0,1],"1":[1,1],"2":[42,42],"3":[41,1],"4":[2,39]},"_coverageSchema":"332fd63041d2c1bcb487cc26dd0d5f7d97098a6c","hash":"bf16c51b9fcb36cef6de1065c9951c7a2bf17ba0","contentHash":"29cd097c793516b0cfbb5108037c9870_11.2.1"}}