<?xml version="1.0" encoding="UTF-8" ?>
<testsuites errors="0"
            failures="1"
            tests="18">

  <testsuite name="userTest"
    errors="0" failures="1" hostname="" id="" package="userTest" skipped="5"
    tests="18" time="24.78" timestamp="Sat, 06 Jan 2018 21:44:39 GMT">
  
    <testcase name="it should return an error text when invalid details are inputed" classname="userTest" time="5.397" assertions="3">

    

    

    
    </testcase>
  
    <testcase name="it should toast an error message when invalid details are inputed" classname="userTest" time="2.121" assertions="3">

    

    

    
    </testcase>
  
    <testcase name="It should not register a user if firstname is less than two" classname="userTest" time="1.267" assertions="3">

    

    

    
    </testcase>
  
    <testcase name="It should not register a user if lastname is less than two" classname="userTest" time="1.276" assertions="3">

    

    

    
    </testcase>
  
    <testcase name="It should not register a user if email is invalid" classname="userTest" time="1.352" assertions="3">

    

    

    
    </testcase>
  
    <testcase name="It should not register a user if password length is less than 6" classname="userTest" time="1.268" assertions="3">

    

    

    
    </testcase>
  
    <testcase name="It should not register a user if username length is less than 3" classname="userTest" time="1.279" assertions="3">

    

    

    
    </testcase>
  
    <testcase name="It should register a user if all credentials are valid" classname="userTest" time="2.019" assertions="4">

    

    

    

    
    </testcase>
  
    <testcase name="It should not register a new user if username already exist" classname="userTest" time="1.498" assertions="4">

    

    

    

    
    </testcase>
  
    <testcase name="It should not register a new user if email already exist" classname="userTest" time="1.978" assertions="4">

    

    

    

    
    </testcase>
  
    <testcase name="it should login a user with valid credentials" classname="userTest" time="2.778" assertions="5">

    

    

    

    

    
    </testcase>
  
    <testcase name="logged in user should be a able to borrow a book" classname="userTest" time="1.812" assertions="12">

    

    

    

    

    

    

    

    

    

    

    

    
    </testcase>
  
    <testcase name="basic user should not be a able to borrow unreturned book" classname="userTest" time="0.7320" assertions="12">

    

    

    

    

    

    

    

    

    

    

      <failure message="Testing if element &lt;.displayErrorMessage&gt; contains text: &#34;Sorry you can not borrow more than 1 books&#34;.">    at Object.basicUserShouldNotBeAAbleToBorrowUnreturnedBook [as basic user should not be a able to borrow unreturned book] (/Users/andeladeveloper/Desktop/HelloBooks/client/e2eTest/userTest.js:195:15)
    at _combinedTickCallback (internal/process/next_tick.js:131:7)</failure>

    
    </testcase>
  

  

  
    
    <testcase
      name="loggged in user should be a book to read borrowed book" classname="userTest">
      <skipped />
    </testcase>
    
    <testcase
      name="loggged in user should be a book to return a borrowed book" classname="userTest">
      <skipped />
    </testcase>
    
    <testcase
      name="loggged in user should be a book to see their borrowed books history" classname="userTest">
      <skipped />
    </testcase>
    
    <testcase
      name="loggged in user should be able to see and change their account details" classname="userTest">
      <skipped />
    </testcase>
    
    <testcase
      name="loggged in user should be a able to change their password" classname="userTest">
      <skipped />
    </testcase>
    
  
  </testsuite>
</testsuites>
