<?xml version="1.0" encoding="UTF-8" ?>
<testsuites errors="0"
            failures="0"
            tests="2">

  <testsuite name="adminTest"
    errors="0" failures="0" hostname="" id="" package="adminTest" skipped="0"
    tests="2" time="7.968" timestamp="Sat, 06 Jan 2018 08:37:51 GMT">
  
    <testcase name="admin should be able to login in into the application" classname="adminTest" time="6.400" assertions="9">

    

    

    

    

    

    

    

    

    
    </testcase>
  
    <testcase name="logged in admin should be able to see his admin dashboard" classname="adminTest" time="1.568" assertions="6">

    

    

    

    

    

    
    </testcase>
  

  

  
  </testsuite>
</testsuites>
