<?xml version="1.0" encoding="UTF-8" ?>
<testsuites errors="0"
            failures="0"
            tests="6">

  <testsuite name="adminTest"
    errors="0" failures="0" hostname="" id="" package="adminTest" skipped="0"
    tests="6" time="40.75" timestamp="Sat, 06 Jan 2018 17:06:51 GMT">
  
    <testcase name="admin should be able to login in into the application" classname="adminTest" time="5.272" assertions="9">

    

    

    

    

    

    

    

    

    
    </testcase>
  
    <testcase name="logged in admin should be able to see his admin dashboard" classname="adminTest" time="4.545" assertions="5">

    

    

    

    

    
    </testcase>
  
    <testcase name="logged in admin should be able to search for books" classname="adminTest" time="4.765" assertions="10">

    

    

    

    

    

    

    

    

    

    
    </testcase>
  
    <testcase name="logged in admin should be able to upload books" classname="adminTest" time="13.54" assertions="19">

    

    

    

    

    

    

    

    

    

    

    

    

    

    

    

    

    

    

    
    </testcase>
  
    <testcase name="logged in admin should be able to update books" classname="adminTest" time="5.898" assertions="19">

    

    

    

    

    

    

    

    

    

    

    

    

    

    

    

    

    

    

    
    </testcase>
  
    <testcase name="logged in admin should be able to delete books" classname="adminTest" time="6.732" assertions="16">

    

    

    

    

    

    

    

    

    

    

    

    

    

    

    

    
    </testcase>
  

  

  
  </testsuite>
</testsuites>
