<?xml version="1.0" encoding="UTF-8" ?>
<testsuites errors="0"
            failures="1"
            tests="18">

  <testsuite name="userTest"
    errors="0" failures="1" hostname="" id="" package="userTest" skipped="7"
    tests="18" time="18.36" timestamp="Sat, 06 Jan 2018 08:37:59 GMT">
  
    <testcase name="it should return an error text when invalid details are inputed" classname="userTest" time="3.524" assertions="3">

    

    

    
    </testcase>
  
    <testcase name="it should toast an error message when invalid details are inputed" classname="userTest" time="2.001" assertions="3">

    

    

    
    </testcase>
  
    <testcase name="It should not register a user if firstname is less than two" classname="userTest" time="1.351" assertions="3">

    

    

    
    </testcase>
  
    <testcase name="It should not register a user if lastname is less than two" classname="userTest" time="1.496" assertions="3">

    

    

    
    </testcase>
  
    <testcase name="It should not register a user if email is invalid" classname="userTest" time="1.440" assertions="3">

    

    

    
    </testcase>
  
    <testcase name="It should not register a user if password length is less than 6" classname="userTest" time="1.209" assertions="3">

    

    

    
    </testcase>
  
    <testcase name="It should not register a user if username length is less than 3" classname="userTest" time="1.252" assertions="3">

    

    

    
    </testcase>
  
    <testcase name="It should register a user if all credentials are valid" classname="userTest" time="1.990" assertions="4">

    

    

    

    
    </testcase>
  
    <testcase name="It should not register a new user if username already exist" classname="userTest" time="1.435" assertions="4">

    

    

    

    
    </testcase>
  
    <testcase name="It should not register a new user if email already exist" classname="userTest" time="1.516" assertions="4">

    

    

    

    
    </testcase>
  
    <testcase name="it should login a user with valid credentials" classname="userTest" time="1.148" assertions="1">  <failure message="Timed out while waiting for element &lt;body&gt; to be present for 500 milliseconds.">    at Object.itShouldLoginAUserWithValidCredentials [as it should login a user with valid credentials] (/Users/andeladeveloper/Desktop/HelloBooks/client/e2eTest/userTest.js:148:8)
    at _combinedTickCallback (internal/process/next_tick.js:131:7)</failure>

    
    </testcase>
  

  

  
    
    <testcase
      name="logged in user should be a able to borrow a book" classname="userTest">
      <skipped />
    </testcase>
    
    <testcase
      name="basic user should not be a able to borrow unreturned book" classname="userTest">
      <skipped />
    </testcase>
    
    <testcase
      name="loggged in user should be a book to read borrowed book" classname="userTest">
      <skipped />
    </testcase>
    
    <testcase
      name="loggged in user should be a book to return a borrowed book" classname="userTest">
      <skipped />
    </testcase>
    
    <testcase
      name="loggged in user should be a book to see their borrowed books history" classname="userTest">
      <skipped />
    </testcase>
    
    <testcase
      name="loggged in user should be able to see and change their account details" classname="userTest">
      <skipped />
    </testcase>
    
    <testcase
      name="loggged in user should be a able to change their password" classname="userTest">
      <skipped />
    </testcase>
    
  
  </testsuite>
</testsuites>
