<?xml version="1.0" encoding="UTF-8" ?>
<testsuites errors="0"
            failures="0"
            tests="18">

  <testsuite name="userTest"
    errors="0" failures="0" hostname="" id="" package="userTest" skipped="0"
    tests="18" time="47.89" timestamp="Sat, 06 Jan 2018 17:07:32 GMT">
  
    <testcase name="it should return an error text when invalid details are inputed" classname="userTest" time="5.544" assertions="3">

    

    

    
    </testcase>
  
    <testcase name="it should toast an error message when invalid details are inputed" classname="userTest" time="2.080" assertions="3">

    

    

    
    </testcase>
  
    <testcase name="It should not register a user if firstname is less than two" classname="userTest" time="1.227" assertions="3">

    

    

    
    </testcase>
  
    <testcase name="It should not register a user if lastname is less than two" classname="userTest" time="1.248" assertions="3">

    

    

    
    </testcase>
  
    <testcase name="It should not register a user if email is invalid" classname="userTest" time="1.351" assertions="3">

    

    

    
    </testcase>
  
    <testcase name="It should not register a user if password length is less than 6" classname="userTest" time="1.250" assertions="3">

    

    

    
    </testcase>
  
    <testcase name="It should not register a user if username length is less than 3" classname="userTest" time="1.275" assertions="3">

    

    

    
    </testcase>
  
    <testcase name="It should register a user if all credentials are valid" classname="userTest" time="1.926" assertions="4">

    

    

    

    
    </testcase>
  
    <testcase name="It should not register a new user if username already exist" classname="userTest" time="1.431" assertions="4">

    

    

    

    
    </testcase>
  
    <testcase name="It should not register a new user if email already exist" classname="userTest" time="1.433" assertions="4">

    

    

    

    
    </testcase>
  
    <testcase name="it should login a user with valid credentials" classname="userTest" time="3.404" assertions="5">

    

    

    

    

    
    </testcase>
  
    <testcase name="logged in user should be a able to borrow a book" classname="userTest" time="1.817" assertions="12">

    

    

    

    

    

    

    

    

    

    

    

    
    </testcase>
  
    <testcase name="basic user should not be a able to borrow unreturned book" classname="userTest" time="1.262" assertions="12">

    

    

    

    

    

    

    

    

    

    

    

    
    </testcase>
  
    <testcase name="loggged in user should be a book to read borrowed book" classname="userTest" time="4.683" assertions="15">

    

    

    

    

    

    

    

    

    

    

    

    

    

    

    
    </testcase>
  
    <testcase name="loggged in user should be a book to return a borrowed book" classname="userTest" time="1.937" assertions="13">

    

    

    

    

    

    

    

    

    

    

    

    

    
    </testcase>
  
    <testcase name="loggged in user should be a book to see their borrowed books history" classname="userTest" time="1.059" assertions="9">

    

    

    

    

    

    

    

    

    
    </testcase>
  
    <testcase name="loggged in user should be able to see and change their account details" classname="userTest" time="2.668" assertions="21">

    

    

    

    

    

    

    

    

    

    

    

    

    

    

    

    

    

    

    

    

    
    </testcase>
  
    <testcase name="loggged in user should be a able to change their password" classname="userTest" time="12.30" assertions="31">

    

    

    

    

    

    

    

    

    

    

    

    

    

    

    

    

    

    

    

    

    

    

    

    

    

    

    

    

    

    

    
    </testcase>
  

  

  
  </testsuite>
</testsuites>
