<?xml version="1.0" encoding="UTF-8" ?>
<testsuites errors="0"
            failures="0"
            tests="6">

  <testsuite name="adminTest"
    errors="0" failures="0" hostname="" id="" package="adminTest" skipped="0"
    tests="6" time="43.51" timestamp="Sat, 06 Jan 2018 21:43:56 GMT">
  
    <testcase name="admin should be able to login in into the application" classname="adminTest" time="7.613" assertions="9">

    

    

    

    

    

    

    

    

    
    </testcase>
  
    <testcase name="logged in admin should be able to see his admin dashboard" classname="adminTest" time="4.565" assertions="5">

    

    

    

    

    
    </testcase>
  
    <testcase name="logged in admin should be able to search for books" classname="adminTest" time="4.754" assertions="10">

    

    

    

    

    

    

    

    

    

    
    </testcase>
  
    <testcase name="logged in admin should be able to upload books" classname="adminTest" time="13.54" assertions="19">

    

    

    

    

    

    

    

    

    

    

    

    

    

    

    

    

    

    

    
    </testcase>
  
    <testcase name="logged in admin should be able to update books" classname="adminTest" time="5.952" assertions="19">

    

    

    

    

    

    

    

    

    

    

    

    

    

    

    

    

    

    

    
    </testcase>
  
    <testcase name="logged in admin should be able to delete books" classname="adminTest" time="7.081" assertions="16">

    

    

    

    

    

    

    

    

    

    

    

    

    

    

    

    
    </testcase>
  

  

  
  </testsuite>
</testsuites>
