<?xml version="1.0" encoding="UTF-8"?>
<coverage generated="1507446545333" clover="3.2.0">
  <project timestamp="1507446545333" name="All files">
    <metrics statements="616" coveredstatements="589" conditionals="250" coveredconditionals="187" methods="207" coveredmethods="201" elements="1073" coveredelements="977" complexity="0" loc="616" ncloc="616" packages="9" files="78" classes="78">
      <package name="HelloBooks">
        <metrics statements="1" coveredstatements="1" conditionals="0" coveredconditionals="0" methods="1" coveredmethods="1"/>
        <file name="sum.js" path="/Users/andeladeveloper/Desktop/HelloBooks/sum.js">
          <metrics statements="1" coveredstatements="1" conditionals="0" coveredconditionals="0" methods="1" coveredmethods="1"/>
          <line num="2" count="1" type="stmt"/>
        </file>
      </package>
      <package name="HelloBooks.client.__mock__">
        <metrics statements="8" coveredstatements="8" conditionals="0" coveredconditionals="0" methods="1" coveredmethods="1"/>
        <file name="book.js" path="/Users/andeladeveloper/Desktop/HelloBooks/client/__mock__/book.js">
          <metrics statements="1" coveredstatements="1" conditionals="0" coveredconditionals="0" methods="0" coveredmethods="0"/>
          <line num="1" count="25" type="stmt"/>
        </file>
        <file name="event.js" path="/Users/andeladeveloper/Desktop/HelloBooks/client/__mock__/event.js">
          <metrics statements="1" coveredstatements="1" conditionals="0" coveredconditionals="0" methods="1" coveredmethods="1"/>
          <line num="1" count="4" type="stmt"/>
        </file>
        <file name="localStorage.js" path="/Users/andeladeveloper/Desktop/HelloBooks/client/__mock__/localStorage.js">
          <metrics statements="5" coveredstatements="5" conditionals="0" coveredconditionals="0" methods="0" coveredmethods="0"/>
          <line num="1" count="29" type="stmt"/>
          <line num="5" count="131" type="stmt"/>
          <line num="8" count="16" type="stmt"/>
          <line num="11" count="1" type="stmt"/>
          <line num="15" count="136" type="stmt"/>
        </file>
        <file name="user.js" path="/Users/andeladeveloper/Desktop/HelloBooks/client/__mock__/user.js">
          <metrics statements="1" coveredstatements="1" conditionals="0" coveredconditionals="0" methods="0" coveredmethods="0"/>
          <line num="1" count="11" type="stmt"/>
        </file>
      </package>
      <package name="HelloBooks.client.actions">
        <metrics statements="106" coveredstatements="106" conditionals="0" coveredconditionals="0" methods="51" coveredmethods="51"/>
        <file name="UploadImages.js" path="/Users/andeladeveloper/Desktop/HelloBooks/client/actions/UploadImages.js">
          <metrics statements="6" coveredstatements="6" conditionals="0" coveredconditionals="0" methods="3" coveredmethods="3"/>
          <line num="2" count="10" type="stmt"/>
          <line num="3" count="10" type="stmt"/>
          <line num="4" count="10" type="stmt"/>
          <line num="9" count="3" type="stmt"/>
          <line num="17" count="2" type="stmt"/>
          <line num="25" count="2" type="stmt"/>
        </file>
        <file name="actionTypes.js" path="/Users/andeladeveloper/Desktop/HelloBooks/client/actions/actionTypes.js">
          <metrics statements="4" coveredstatements="4" conditionals="0" coveredconditionals="0" methods="0" coveredmethods="0"/>
          <line num="1" count="14" type="stmt"/>
          <line num="2" count="14" type="stmt"/>
          <line num="3" count="14" type="stmt"/>
          <line num="4" count="14" type="stmt"/>
        </file>
        <file name="borrowBook.js" path="/Users/andeladeveloper/Desktop/HelloBooks/client/actions/borrowBook.js">
          <metrics statements="6" coveredstatements="6" conditionals="0" coveredconditionals="0" methods="3" coveredmethods="3"/>
          <line num="2" count="4" type="stmt"/>
          <line num="3" count="4" type="stmt"/>
          <line num="4" count="4" type="stmt"/>
          <line num="9" count="4" type="stmt"/>
          <line num="18" count="2" type="stmt"/>
          <line num="27" count="3" type="stmt"/>
        </file>
        <file name="changePassword.js" path="/Users/andeladeveloper/Desktop/HelloBooks/client/actions/changePassword.js">
          <metrics statements="6" coveredstatements="6" conditionals="0" coveredconditionals="0" methods="3" coveredmethods="3"/>
          <line num="2" count="3" type="stmt"/>
          <line num="3" count="3" type="stmt"/>
          <line num="4" count="3" type="stmt"/>
          <line num="9" count="3" type="stmt"/>
          <line num="17" count="2" type="stmt"/>
          <line num="25" count="2" type="stmt"/>
        </file>
        <file name="deleteBooks.js" path="/Users/andeladeveloper/Desktop/HelloBooks/client/actions/deleteBooks.js">
          <metrics statements="6" coveredstatements="6" conditionals="0" coveredconditionals="0" methods="3" coveredmethods="3"/>
          <line num="2" count="3" type="stmt"/>
          <line num="3" count="3" type="stmt"/>
          <line num="4" count="3" type="stmt"/>
          <line num="9" count="3" type="stmt"/>
          <line num="17" count="2" type="stmt"/>
          <line num="25" count="2" type="stmt"/>
        </file>
        <file name="displayMessages.js" path="/Users/andeladeveloper/Desktop/HelloBooks/client/actions/displayMessages.js">
          <metrics statements="1" coveredstatements="1" conditionals="0" coveredconditionals="0" methods="1" coveredmethods="1"/>
          <line num="4" count="2" type="stmt"/>
        </file>
        <file name="getBooks.js" path="/Users/andeladeveloper/Desktop/HelloBooks/client/actions/getBooks.js">
          <metrics statements="6" coveredstatements="6" conditionals="0" coveredconditionals="0" methods="3" coveredmethods="3"/>
          <line num="1" count="6" type="stmt"/>
          <line num="2" count="6" type="stmt"/>
          <line num="3" count="6" type="stmt"/>
          <line num="7" count="15" type="stmt"/>
          <line num="15" count="2" type="stmt"/>
          <line num="24" count="14" type="stmt"/>
        </file>
        <file name="getFilteredBooks.js" path="/Users/andeladeveloper/Desktop/HelloBooks/client/actions/getFilteredBooks.js">
          <metrics statements="4" coveredstatements="4" conditionals="0" coveredconditionals="0" methods="2" coveredmethods="2"/>
          <line num="1" count="3" type="stmt"/>
          <line num="2" count="3" type="stmt"/>
          <line num="5" count="6" type="stmt"/>
          <line num="12" count="2" type="stmt"/>
        </file>
        <file name="getUserDetails.js" path="/Users/andeladeveloper/Desktop/HelloBooks/client/actions/getUserDetails.js">
          <metrics statements="6" coveredstatements="6" conditionals="0" coveredconditionals="0" methods="3" coveredmethods="3"/>
          <line num="1" count="3" type="stmt"/>
          <line num="2" count="3" type="stmt"/>
          <line num="3" count="3" type="stmt"/>
          <line num="7" count="3" type="stmt"/>
          <line num="14" count="2" type="stmt"/>
          <line num="22" count="2" type="stmt"/>
        </file>
        <file name="getborrowedBooks.js" path="/Users/andeladeveloper/Desktop/HelloBooks/client/actions/getborrowedBooks.js">
          <metrics statements="6" coveredstatements="6" conditionals="0" coveredconditionals="0" methods="3" coveredmethods="3"/>
          <line num="1" count="3" type="stmt"/>
          <line num="2" count="3" type="stmt"/>
          <line num="3" count="3" type="stmt"/>
          <line num="7" count="3" type="stmt"/>
          <line num="15" count="2" type="stmt"/>
          <line num="24" count="2" type="stmt"/>
        </file>
        <file name="getunreturnedBooks.js" path="/Users/andeladeveloper/Desktop/HelloBooks/client/actions/getunreturnedBooks.js">
          <metrics statements="6" coveredstatements="6" conditionals="0" coveredconditionals="0" methods="3" coveredmethods="3"/>
          <line num="1" count="3" type="stmt"/>
          <line num="2" count="3" type="stmt"/>
          <line num="3" count="3" type="stmt"/>
          <line num="7" count="3" type="stmt"/>
          <line num="15" count="2" type="stmt"/>
          <line num="24" count="2" type="stmt"/>
        </file>
        <file name="loginActions.js" path="/Users/andeladeveloper/Desktop/HelloBooks/client/actions/loginActions.js">
          <metrics statements="6" coveredstatements="6" conditionals="0" coveredconditionals="0" methods="3" coveredmethods="3"/>
          <line num="2" count="4" type="stmt"/>
          <line num="3" count="4" type="stmt"/>
          <line num="4" count="4" type="stmt"/>
          <line num="9" count="3" type="stmt"/>
          <line num="18" count="2" type="stmt"/>
          <line num="27" count="2" type="stmt"/>
        </file>
        <file name="popMessages.js" path="/Users/andeladeveloper/Desktop/HelloBooks/client/actions/popMessages.js">
          <metrics statements="1" coveredstatements="1" conditionals="0" coveredconditionals="0" methods="1" coveredmethods="1"/>
          <line num="4" count="1" type="stmt"/>
        </file>
        <file name="returnBook.js" path="/Users/andeladeveloper/Desktop/HelloBooks/client/actions/returnBook.js">
          <metrics statements="6" coveredstatements="6" conditionals="0" coveredconditionals="0" methods="3" coveredmethods="3"/>
          <line num="2" count="3" type="stmt"/>
          <line num="3" count="3" type="stmt"/>
          <line num="4" count="3" type="stmt"/>
          <line num="9" count="3" type="stmt"/>
          <line num="17" count="2" type="stmt"/>
          <line num="25" count="2" type="stmt"/>
        </file>
        <file name="setCurrentuser.js" path="/Users/andeladeveloper/Desktop/HelloBooks/client/actions/setCurrentuser.js">
          <metrics statements="1" coveredstatements="1" conditionals="0" coveredconditionals="0" methods="1" coveredmethods="1"/>
          <line num="4" count="2" type="stmt"/>
        </file>
        <file name="showBookDetails.js" path="/Users/andeladeveloper/Desktop/HelloBooks/client/actions/showBookDetails.js">
          <metrics statements="2" coveredstatements="2" conditionals="0" coveredconditionals="0" methods="1" coveredmethods="1"/>
          <line num="1" count="3" type="stmt"/>
          <line num="5" count="2" type="stmt"/>
        </file>
        <file name="signupActions.js" path="/Users/andeladeveloper/Desktop/HelloBooks/client/actions/signupActions.js">
          <metrics statements="9" coveredstatements="9" conditionals="0" coveredconditionals="0" methods="3" coveredmethods="3"/>
          <line num="2" count="4" type="stmt"/>
          <line num="3" count="4" type="stmt"/>
          <line num="4" count="4" type="stmt"/>
          <line num="8" count="4" type="stmt"/>
          <line num="9" count="3" type="stmt"/>
          <line num="17" count="4" type="stmt"/>
          <line num="18" count="2" type="stmt"/>
          <line num="26" count="4" type="stmt"/>
          <line num="27" count="3" type="stmt"/>
        </file>
        <file name="updateBooks.js" path="/Users/andeladeveloper/Desktop/HelloBooks/client/actions/updateBooks.js">
          <metrics statements="6" coveredstatements="6" conditionals="0" coveredconditionals="0" methods="3" coveredmethods="3"/>
          <line num="2" count="3" type="stmt"/>
          <line num="3" count="3" type="stmt"/>
          <line num="4" count="3" type="stmt"/>
          <line num="9" count="3" type="stmt"/>
          <line num="17" count="2" type="stmt"/>
          <line num="25" count="2" type="stmt"/>
        </file>
        <file name="updateUser.js" path="/Users/andeladeveloper/Desktop/HelloBooks/client/actions/updateUser.js">
          <metrics statements="6" coveredstatements="6" conditionals="0" coveredconditionals="0" methods="3" coveredmethods="3"/>
          <line num="2" count="2" type="stmt"/>
          <line num="3" count="2" type="stmt"/>
          <line num="4" count="2" type="stmt"/>
          <line num="9" count="2" type="stmt"/>
          <line num="17" count="2" type="stmt"/>
          <line num="25" count="1" type="stmt"/>
        </file>
        <file name="uploadAvatar.js" path="/Users/andeladeveloper/Desktop/HelloBooks/client/actions/uploadAvatar.js">
          <metrics statements="6" coveredstatements="6" conditionals="0" coveredconditionals="0" methods="3" coveredmethods="3"/>
          <line num="2" count="3" type="stmt"/>
          <line num="3" count="3" type="stmt"/>
          <line num="4" count="3" type="stmt"/>
          <line num="9" count="3" type="stmt"/>
          <line num="17" count="2" type="stmt"/>
          <line num="25" count="2" type="stmt"/>
        </file>
        <file name="uploadBooks.js" path="/Users/andeladeveloper/Desktop/HelloBooks/client/actions/uploadBooks.js">
          <metrics statements="6" coveredstatements="6" conditionals="0" coveredconditionals="0" methods="3" coveredmethods="3"/>
          <line num="2" count="3" type="stmt"/>
          <line num="3" count="3" type="stmt"/>
          <line num="4" count="3" type="stmt"/>
          <line num="9" count="3" type="stmt"/>
          <line num="17" count="2" type="stmt"/>
          <line num="25" count="2" type="stmt"/>
        </file>
      </package>
      <package name="HelloBooks.client.reducers">
        <metrics statements="98" coveredstatements="98" conditionals="81" coveredconditionals="81" methods="17" coveredmethods="17"/>
        <file name="UserDetails.js" path="/Users/andeladeveloper/Desktop/HelloBooks/client/reducers/UserDetails.js">
          <metrics statements="6" coveredstatements="6" conditionals="5" coveredconditionals="5" methods="1" coveredmethods="1"/>
          <line num="3" count="1" type="stmt"/>
          <line num="9" count="4" type="cond" truecount="4" falsecount="0"/>
          <line num="11" count="1" type="stmt"/>
          <line num="17" count="1" type="stmt"/>
          <line num="23" count="1" type="stmt"/>
          <line num="29" count="1" type="stmt"/>
        </file>
        <file name="books.js" path="/Users/andeladeveloper/Desktop/HelloBooks/client/reducers/books.js">
          <metrics statements="6" coveredstatements="6" conditionals="5" coveredconditionals="5" methods="1" coveredmethods="1"/>
          <line num="3" count="3" type="stmt"/>
          <line num="10" count="4" type="cond" truecount="4" falsecount="0"/>
          <line num="12" count="1" type="stmt"/>
          <line num="19" count="1" type="stmt"/>
          <line num="26" count="1" type="stmt"/>
          <line num="33" count="1" type="stmt"/>
        </file>
        <file name="borrowBooks.js" path="/Users/andeladeveloper/Desktop/HelloBooks/client/reducers/borrowBooks.js">
          <metrics statements="6" coveredstatements="6" conditionals="5" coveredconditionals="5" methods="1" coveredmethods="1"/>
          <line num="5" count="1" type="stmt"/>
          <line num="13" count="4" type="cond" truecount="4" falsecount="0"/>
          <line num="15" count="1" type="stmt"/>
          <line num="23" count="1" type="stmt"/>
          <line num="31" count="1" type="stmt"/>
          <line num="40" count="1" type="stmt"/>
        </file>
        <file name="deleteBooks.js" path="/Users/andeladeveloper/Desktop/HelloBooks/client/reducers/deleteBooks.js">
          <metrics statements="6" coveredstatements="6" conditionals="5" coveredconditionals="5" methods="1" coveredmethods="1"/>
          <line num="3" count="1" type="stmt"/>
          <line num="10" count="4" type="cond" truecount="4" falsecount="0"/>
          <line num="12" count="1" type="stmt"/>
          <line num="19" count="1" type="stmt"/>
          <line num="26" count="1" type="stmt"/>
          <line num="34" count="1" type="stmt"/>
        </file>
        <file name="displayMessages.js" path="/Users/andeladeveloper/Desktop/HelloBooks/client/reducers/displayMessages.js">
          <metrics statements="4" coveredstatements="4" conditionals="3" coveredconditionals="3" methods="1" coveredmethods="1"/>
          <line num="5" count="1" type="stmt"/>
          <line num="13" count="2" type="cond" truecount="2" falsecount="0"/>
          <line num="15" count="1" type="stmt"/>
          <line num="21" count="1" type="stmt"/>
        </file>
        <file name="getborrowedBooks.js" path="/Users/andeladeveloper/Desktop/HelloBooks/client/reducers/getborrowedBooks.js">
          <metrics statements="6" coveredstatements="6" conditionals="5" coveredconditionals="5" methods="1" coveredmethods="1"/>
          <line num="3" count="1" type="stmt"/>
          <line num="10" count="4" type="cond" truecount="4" falsecount="0"/>
          <line num="12" count="1" type="stmt"/>
          <line num="19" count="1" type="stmt"/>
          <line num="26" count="1" type="stmt"/>
          <line num="33" count="1" type="stmt"/>
        </file>
        <file name="getunreturnedBooks.js" path="/Users/andeladeveloper/Desktop/HelloBooks/client/reducers/getunreturnedBooks.js">
          <metrics statements="6" coveredstatements="6" conditionals="5" coveredconditionals="5" methods="1" coveredmethods="1"/>
          <line num="3" count="1" type="stmt"/>
          <line num="10" count="4" type="cond" truecount="4" falsecount="0"/>
          <line num="12" count="1" type="stmt"/>
          <line num="19" count="1" type="stmt"/>
          <line num="26" count="1" type="stmt"/>
          <line num="33" count="1" type="stmt"/>
        </file>
        <file name="log.js" path="/Users/andeladeveloper/Desktop/HelloBooks/client/reducers/log.js">
          <metrics statements="6" coveredstatements="6" conditionals="5" coveredconditionals="5" methods="1" coveredmethods="1"/>
          <line num="5" count="1" type="stmt"/>
          <line num="13" count="4" type="cond" truecount="4" falsecount="0"/>
          <line num="15" count="1" type="stmt"/>
          <line num="23" count="1" type="stmt"/>
          <line num="31" count="1" type="stmt"/>
          <line num="39" count="1" type="stmt"/>
        </file>
        <file name="passwordChange.js" path="/Users/andeladeveloper/Desktop/HelloBooks/client/reducers/passwordChange.js">
          <metrics statements="6" coveredstatements="6" conditionals="5" coveredconditionals="5" methods="1" coveredmethods="1"/>
          <line num="3" count="1" type="stmt"/>
          <line num="9" count="4" type="cond" truecount="4" falsecount="0"/>
          <line num="11" count="1" type="stmt"/>
          <line num="17" count="1" type="stmt"/>
          <line num="23" count="1" type="stmt"/>
          <line num="29" count="1" type="stmt"/>
        </file>
        <file name="popMessages.js" path="/Users/andeladeveloper/Desktop/HelloBooks/client/reducers/popMessages.js">
          <metrics statements="4" coveredstatements="4" conditionals="3" coveredconditionals="3" methods="1" coveredmethods="1"/>
          <line num="6" count="1" type="stmt"/>
          <line num="14" count="2" type="cond" truecount="2" falsecount="0"/>
          <line num="16" count="1" type="stmt"/>
          <line num="22" count="1" type="stmt"/>
        </file>
        <file name="reg.js" path="/Users/andeladeveloper/Desktop/HelloBooks/client/reducers/reg.js">
          <metrics statements="6" coveredstatements="6" conditionals="5" coveredconditionals="5" methods="1" coveredmethods="1"/>
          <line num="5" count="1" type="stmt"/>
          <line num="13" count="4" type="cond" truecount="4" falsecount="0"/>
          <line num="15" count="1" type="stmt"/>
          <line num="23" count="1" type="stmt"/>
          <line num="31" count="1" type="stmt"/>
          <line num="40" count="1" type="stmt"/>
        </file>
        <file name="returnBooks.js" path="/Users/andeladeveloper/Desktop/HelloBooks/client/reducers/returnBooks.js">
          <metrics statements="6" coveredstatements="6" conditionals="5" coveredconditionals="5" methods="1" coveredmethods="1"/>
          <line num="3" count="1" type="stmt"/>
          <line num="10" count="4" type="cond" truecount="4" falsecount="0"/>
          <line num="12" count="1" type="stmt"/>
          <line num="19" count="1" type="stmt"/>
          <line num="26" count="1" type="stmt"/>
          <line num="34" count="1" type="stmt"/>
        </file>
        <file name="updateBooks.js" path="/Users/andeladeveloper/Desktop/HelloBooks/client/reducers/updateBooks.js">
          <metrics statements="6" coveredstatements="6" conditionals="5" coveredconditionals="5" methods="1" coveredmethods="1"/>
          <line num="3" count="1" type="stmt"/>
          <line num="10" count="4" type="cond" truecount="4" falsecount="0"/>
          <line num="12" count="1" type="stmt"/>
          <line num="19" count="1" type="stmt"/>
          <line num="26" count="1" type="stmt"/>
          <line num="34" count="1" type="stmt"/>
        </file>
        <file name="updateUser.js" path="/Users/andeladeveloper/Desktop/HelloBooks/client/reducers/updateUser.js">
          <metrics statements="6" coveredstatements="6" conditionals="5" coveredconditionals="5" methods="1" coveredmethods="1"/>
          <line num="3" count="1" type="stmt"/>
          <line num="9" count="4" type="cond" truecount="4" falsecount="0"/>
          <line num="11" count="1" type="stmt"/>
          <line num="17" count="1" type="stmt"/>
          <line num="23" count="1" type="stmt"/>
          <line num="29" count="1" type="stmt"/>
        </file>
        <file name="uploadBooks.js" path="/Users/andeladeveloper/Desktop/HelloBooks/client/reducers/uploadBooks.js">
          <metrics statements="6" coveredstatements="6" conditionals="5" coveredconditionals="5" methods="1" coveredmethods="1"/>
          <line num="3" count="1" type="stmt"/>
          <line num="10" count="4" type="cond" truecount="4" falsecount="0"/>
          <line num="12" count="1" type="stmt"/>
          <line num="19" count="1" type="stmt"/>
          <line num="26" count="1" type="stmt"/>
          <line num="34" count="1" type="stmt"/>
        </file>
        <file name="uploadImages.js" path="/Users/andeladeveloper/Desktop/HelloBooks/client/reducers/uploadImages.js">
          <metrics statements="6" coveredstatements="6" conditionals="5" coveredconditionals="5" methods="1" coveredmethods="1"/>
          <line num="3" count="1" type="stmt"/>
          <line num="10" count="4" type="cond" truecount="4" falsecount="0"/>
          <line num="12" count="1" type="stmt"/>
          <line num="19" count="1" type="stmt"/>
          <line num="26" count="1" type="stmt"/>
          <line num="34" count="1" type="stmt"/>
        </file>
        <file name="userProfileImage.js" path="/Users/andeladeveloper/Desktop/HelloBooks/client/reducers/userProfileImage.js">
          <metrics statements="6" coveredstatements="6" conditionals="5" coveredconditionals="5" methods="1" coveredmethods="1"/>
          <line num="3" count="1" type="stmt"/>
          <line num="10" count="4" type="cond" truecount="4" falsecount="0"/>
          <line num="12" count="1" type="stmt"/>
          <line num="19" count="1" type="stmt"/>
          <line num="26" count="1" type="stmt"/>
          <line num="34" count="1" type="stmt"/>
        </file>
      </package>
      <package name="HelloBooks.client.src.actions">
        <metrics statements="210" coveredstatements="200" conditionals="86" coveredconditionals="60" methods="85" coveredmethods="83"/>
        <file name="borrowBooks.js" path="/Users/andeladeveloper/Desktop/HelloBooks/client/src/actions/borrowBooks.js">
          <metrics statements="11" coveredstatements="11" conditionals="4" coveredconditionals="3" methods="5" coveredmethods="5"/>
          <line num="13" count="3" type="stmt"/>
          <line num="14" count="3" type="stmt"/>
          <line num="16" count="3" type="stmt"/>
          <line num="17" count="3" type="stmt"/>
          <line num="18" count="3" type="stmt"/>
          <line num="28" count="3" type="stmt"/>
          <line num="30" count="3" type="cond" truecount="2" falsecount="0"/>
          <line num="31" count="1" type="stmt"/>
          <line num="33" count="2" type="cond" truecount="1" falsecount="1"/>
          <line num="34" count="2" type="stmt"/>
          <line num="38" count="2" type="stmt"/>
        </file>
        <file name="changePassword.js" path="/Users/andeladeveloper/Desktop/HelloBooks/client/src/actions/changePassword.js">
          <metrics statements="11" coveredstatements="11" conditionals="4" coveredconditionals="3" methods="5" coveredmethods="5"/>
          <line num="10" count="2" type="stmt"/>
          <line num="11" count="2" type="stmt"/>
          <line num="12" count="2" type="stmt"/>
          <line num="13" count="2" type="stmt"/>
          <line num="15" count="2" type="stmt"/>
          <line num="25" count="2" type="stmt"/>
          <line num="27" count="2" type="cond" truecount="2" falsecount="0"/>
          <line num="28" count="1" type="stmt"/>
          <line num="30" count="1" type="cond" truecount="1" falsecount="1"/>
          <line num="31" count="1" type="stmt"/>
          <line num="35" count="1" type="stmt"/>
        </file>
        <file name="checkBookDetails.js" path="/Users/andeladeveloper/Desktop/HelloBooks/client/src/actions/checkBookDetails.js">
          <metrics statements="3" coveredstatements="3" conditionals="2" coveredconditionals="1" methods="2" coveredmethods="2"/>
          <line num="9" count="1" type="cond" truecount="1" falsecount="1"/>
          <line num="10" count="1" type="stmt"/>
          <line num="11" count="1" type="stmt"/>
        </file>
        <file name="deleteBooks.js" path="/Users/andeladeveloper/Desktop/HelloBooks/client/src/actions/deleteBooks.js">
          <metrics statements="11" coveredstatements="11" conditionals="8" coveredconditionals="6" methods="5" coveredmethods="5"/>
          <line num="10" count="2" type="stmt"/>
          <line num="11" count="2" type="stmt"/>
          <line num="12" count="2" type="stmt"/>
          <line num="22" count="2" type="cond" truecount="2" falsecount="0"/>
          <line num="23" count="1" type="stmt"/>
          <line num="25" count="1" type="cond" truecount="1" falsecount="1"/>
          <line num="26" count="1" type="stmt"/>
          <line num="30" count="2" type="cond" truecount="2" falsecount="0"/>
          <line num="31" count="1" type="cond" truecount="1" falsecount="1"/>
          <line num="32" count="1" type="stmt"/>
          <line num="37" count="1" type="stmt"/>
        </file>
        <file name="getBooks.js" path="/Users/andeladeveloper/Desktop/HelloBooks/client/src/actions/getBooks.js">
          <metrics statements="12" coveredstatements="12" conditionals="8" coveredconditionals="5" methods="5" coveredmethods="5"/>
          <line num="9" count="14" type="stmt"/>
          <line num="10" count="14" type="stmt"/>
          <line num="11" count="14" type="stmt"/>
          <line num="12" count="14" type="stmt"/>
          <line num="18" count="2" type="stmt"/>
          <line num="20" count="2" type="cond" truecount="2" falsecount="0"/>
          <line num="22" count="1" type="stmt"/>
          <line num="24" count="1" type="cond" truecount="1" falsecount="1"/>
          <line num="25" count="1" type="stmt"/>
          <line num="26" count="1" type="cond" truecount="1" falsecount="1"/>
          <line num="27" count="1" type="cond" truecount="1" falsecount="1"/>
          <line num="33" count="13" type="stmt"/>
        </file>
        <file name="getUserDetails.js" path="/Users/andeladeveloper/Desktop/HelloBooks/client/src/actions/getUserDetails.js">
          <metrics statements="11" coveredstatements="11" conditionals="4" coveredconditionals="3" methods="5" coveredmethods="5"/>
          <line num="9" count="2" type="stmt"/>
          <line num="10" count="2" type="stmt"/>
          <line num="12" count="2" type="stmt"/>
          <line num="13" count="2" type="stmt"/>
          <line num="15" count="2" type="stmt"/>
          <line num="24" count="2" type="stmt"/>
          <line num="26" count="2" type="cond" truecount="2" falsecount="0"/>
          <line num="27" count="1" type="stmt"/>
          <line num="29" count="1" type="cond" truecount="1" falsecount="1"/>
          <line num="30" count="1" type="stmt"/>
          <line num="34" count="1" type="stmt"/>
        </file>
        <file name="getborrowedBooks.js" path="/Users/andeladeveloper/Desktop/HelloBooks/client/src/actions/getborrowedBooks.js">
          <metrics statements="11" coveredstatements="11" conditionals="4" coveredconditionals="3" methods="5" coveredmethods="5"/>
          <line num="11" count="2" type="stmt"/>
          <line num="12" count="2" type="stmt"/>
          <line num="13" count="2" type="stmt"/>
          <line num="14" count="2" type="stmt"/>
          <line num="16" count="2" type="stmt"/>
          <line num="22" count="2" type="stmt"/>
          <line num="24" count="2" type="cond" truecount="2" falsecount="0"/>
          <line num="26" count="1" type="stmt"/>
          <line num="28" count="1" type="cond" truecount="1" falsecount="1"/>
          <line num="29" count="1" type="stmt"/>
          <line num="33" count="1" type="stmt"/>
        </file>
        <file name="getunreturnedBooks.js" path="/Users/andeladeveloper/Desktop/HelloBooks/client/src/actions/getunreturnedBooks.js">
          <metrics statements="15" coveredstatements="13" conditionals="10" coveredconditionals="5" methods="5" coveredmethods="5"/>
          <line num="11" count="2" type="stmt"/>
          <line num="12" count="2" type="stmt"/>
          <line num="13" count="2" type="stmt"/>
          <line num="14" count="2" type="stmt"/>
          <line num="15" count="2" type="stmt"/>
          <line num="21" count="2" type="stmt"/>
          <line num="23" count="2" type="cond" truecount="2" falsecount="0"/>
          <line num="24" count="1" type="cond" truecount="1" falsecount="1"/>
          <line num="25" count="1" type="stmt"/>
          <line num="28" count="1" type="cond" truecount="1" falsecount="1"/>
          <line num="29" count="1" type="stmt"/>
          <line num="32" count="0" type="cond" truecount="0" falsecount="2"/>
          <line num="33" count="0" type="stmt"/>
          <line num="37" count="1" type="cond" truecount="1" falsecount="1"/>
          <line num="38" count="1" type="stmt"/>
        </file>
        <file name="loginAction.js" path="/Users/andeladeveloper/Desktop/HelloBooks/client/src/actions/loginAction.js">
          <metrics statements="15" coveredstatements="14" conditionals="6" coveredconditionals="4" methods="5" coveredmethods="5"/>
          <line num="12" count="2" type="stmt"/>
          <line num="13" count="2" type="stmt"/>
          <line num="15" count="2" type="stmt"/>
          <line num="24" count="2" type="stmt"/>
          <line num="26" count="2" type="cond" truecount="2" falsecount="0"/>
          <line num="28" count="1" type="stmt"/>
          <line num="30" count="1" type="cond" truecount="1" falsecount="1"/>
          <line num="31" count="1" type="stmt"/>
          <line num="32" count="1" type="stmt"/>
          <line num="33" count="1" type="stmt"/>
          <line num="34" count="1" type="stmt"/>
          <line num="35" count="1" type="stmt"/>
          <line num="36" count="1" type="cond" truecount="1" falsecount="1"/>
          <line num="37" count="0" type="stmt"/>
          <line num="42" count="1" type="stmt"/>
        </file>
        <file name="logoutAction.js" path="/Users/andeladeveloper/Desktop/HelloBooks/client/src/actions/logoutAction.js">
          <metrics statements="3" coveredstatements="3" conditionals="0" coveredconditionals="0" methods="2" coveredmethods="2"/>
          <line num="8" count="1" type="stmt"/>
          <line num="10" count="1" type="stmt"/>
          <line num="11" count="1" type="stmt"/>
        </file>
        <file name="returnBooks.js" path="/Users/andeladeveloper/Desktop/HelloBooks/client/src/actions/returnBooks.js">
          <metrics statements="11" coveredstatements="11" conditionals="4" coveredconditionals="3" methods="5" coveredmethods="5"/>
          <line num="12" count="2" type="stmt"/>
          <line num="13" count="2" type="stmt"/>
          <line num="15" count="2" type="stmt"/>
          <line num="16" count="2" type="stmt"/>
          <line num="18" count="2" type="stmt"/>
          <line num="28" count="2" type="stmt"/>
          <line num="30" count="2" type="cond" truecount="2" falsecount="0"/>
          <line num="31" count="1" type="stmt"/>
          <line num="33" count="1" type="cond" truecount="1" falsecount="1"/>
          <line num="34" count="1" type="stmt"/>
          <line num="38" count="1" type="stmt"/>
        </file>
        <file name="searchbooks.js" path="/Users/andeladeveloper/Desktop/HelloBooks/client/src/actions/searchbooks.js">
          <metrics statements="26" coveredstatements="21" conditionals="8" coveredconditionals="7" methods="4" coveredmethods="3"/>
          <line num="8" count="5" type="stmt"/>
          <line num="9" count="5" type="stmt"/>
          <line num="10" count="40" type="cond" truecount="2" falsecount="0"/>
          <line num="11" count="8" type="stmt"/>
          <line num="13" count="32" type="cond" truecount="2" falsecount="0"/>
          <line num="14" count="8" type="stmt"/>
          <line num="16" count="24" type="cond" truecount="2" falsecount="0"/>
          <line num="17" count="8" type="stmt"/>
          <line num="20" count="16" type="stmt"/>
          <line num="27" count="5" type="stmt"/>
          <line num="28" count="5" type="stmt"/>
          <line num="29" count="5" type="stmt"/>
          <line num="30" count="5" type="stmt"/>
          <line num="31" count="5" type="stmt"/>
          <line num="32" count="5" type="stmt"/>
          <line num="33" count="5" type="stmt"/>
          <line num="35" count="5" type="stmt"/>
          <line num="36" count="5" type="cond" truecount="1" falsecount="1"/>
          <line num="37" count="0" type="stmt"/>
          <line num="38" count="0" type="stmt"/>
          <line num="39" count="0" type="stmt"/>
          <line num="40" count="0" type="stmt"/>
          <line num="41" count="0" type="stmt"/>
          <line num="45" count="5" type="stmt"/>
          <line num="46" count="5" type="stmt"/>
          <line num="47" count="5" type="stmt"/>
        </file>
        <file name="showbooksByCategory.js" path="/Users/andeladeveloper/Desktop/HelloBooks/client/src/actions/showbooksByCategory.js">
          <metrics statements="3" coveredstatements="3" conditionals="0" coveredconditionals="0" methods="2" coveredmethods="2"/>
          <line num="7" count="1" type="stmt"/>
          <line num="9" count="1" type="stmt"/>
          <line num="10" count="1" type="stmt"/>
        </file>
        <file name="signupAction.js" path="/Users/andeladeveloper/Desktop/HelloBooks/client/src/actions/signupAction.js">
          <metrics statements="12" coveredstatements="12" conditionals="4" coveredconditionals="3" methods="5" coveredmethods="5"/>
          <line num="13" count="2" type="stmt"/>
          <line num="14" count="2" type="stmt"/>
          <line num="15" count="2" type="stmt"/>
          <line num="17" count="2" type="stmt"/>
          <line num="26" count="2" type="stmt"/>
          <line num="28" count="2" type="cond" truecount="2" falsecount="0"/>
          <line num="30" count="1" type="stmt"/>
          <line num="32" count="1" type="cond" truecount="1" falsecount="1"/>
          <line num="33" count="1" type="stmt"/>
          <line num="34" count="1" type="stmt"/>
          <line num="38" count="1" type="stmt"/>
          <line num="43" count="2" type="stmt"/>
        </file>
        <file name="updateBooks.js" path="/Users/andeladeveloper/Desktop/HelloBooks/client/src/actions/updateBooks.js">
          <metrics statements="9" coveredstatements="9" conditionals="4" coveredconditionals="3" methods="5" coveredmethods="5"/>
          <line num="9" count="2" type="stmt"/>
          <line num="10" count="2" type="stmt"/>
          <line num="12" count="2" type="stmt"/>
          <line num="22" count="2" type="stmt"/>
          <line num="24" count="2" type="cond" truecount="2" falsecount="0"/>
          <line num="25" count="1" type="stmt"/>
          <line num="27" count="1" type="cond" truecount="1" falsecount="1"/>
          <line num="28" count="1" type="stmt"/>
          <line num="32" count="1" type="stmt"/>
        </file>
        <file name="updateuserDetails.js" path="/Users/andeladeveloper/Desktop/HelloBooks/client/src/actions/updateuserDetails.js">
          <metrics statements="11" coveredstatements="9" conditionals="4" coveredconditionals="2" methods="5" coveredmethods="4"/>
          <line num="11" count="1" type="stmt"/>
          <line num="12" count="1" type="stmt"/>
          <line num="14" count="1" type="stmt"/>
          <line num="15" count="1" type="stmt"/>
          <line num="17" count="1" type="stmt"/>
          <line num="27" count="1" type="stmt"/>
          <line num="29" count="1" type="cond" truecount="1" falsecount="1"/>
          <line num="30" count="0" type="stmt"/>
          <line num="32" count="1" type="cond" truecount="1" falsecount="1"/>
          <line num="33" count="1" type="stmt"/>
          <line num="37" count="0" type="stmt"/>
        </file>
        <file name="uploadBooks.js" path="/Users/andeladeveloper/Desktop/HelloBooks/client/src/actions/uploadBooks.js">
          <metrics statements="9" coveredstatements="9" conditionals="4" coveredconditionals="3" methods="5" coveredmethods="5"/>
          <line num="9" count="2" type="stmt"/>
          <line num="10" count="2" type="stmt"/>
          <line num="12" count="2" type="stmt"/>
          <line num="22" count="2" type="stmt"/>
          <line num="24" count="2" type="cond" truecount="2" falsecount="0"/>
          <line num="25" count="1" type="stmt"/>
          <line num="27" count="1" type="cond" truecount="1" falsecount="1"/>
          <line num="28" count="1" type="stmt"/>
          <line num="32" count="1" type="stmt"/>
        </file>
        <file name="uploadImage.js" path="/Users/andeladeveloper/Desktop/HelloBooks/client/src/actions/uploadImage.js">
          <metrics statements="13" coveredstatements="13" conditionals="4" coveredconditionals="3" methods="5" coveredmethods="5"/>
          <line num="5" count="9" type="stmt"/>
          <line num="8" count="2" type="stmt"/>
          <line num="9" count="2" type="stmt"/>
          <line num="10" count="2" type="stmt"/>
          <line num="11" count="2" type="stmt"/>
          <line num="12" count="2" type="stmt"/>
          <line num="14" count="2" type="stmt"/>
          <line num="20" count="2" type="cond" truecount="2" falsecount="0"/>
          <line num="21" count="1" type="stmt"/>
          <line num="23" count="1" type="cond" truecount="1" falsecount="1"/>
          <line num="24" count="1" type="stmt"/>
          <line num="28" count="1" type="stmt"/>
          <line num="31" count="1" type="stmt"/>
        </file>
        <file name="uploadUserAvatar.js" path="/Users/andeladeveloper/Desktop/HelloBooks/client/src/actions/uploadUserAvatar.js">
          <metrics statements="13" coveredstatements="13" conditionals="4" coveredconditionals="3" methods="5" coveredmethods="5"/>
          <line num="5" count="2" type="stmt"/>
          <line num="8" count="2" type="stmt"/>
          <line num="9" count="2" type="stmt"/>
          <line num="10" count="2" type="stmt"/>
          <line num="11" count="2" type="stmt"/>
          <line num="12" count="2" type="stmt"/>
          <line num="14" count="2" type="stmt"/>
          <line num="20" count="2" type="cond" truecount="2" falsecount="0"/>
          <line num="21" count="1" type="stmt"/>
          <line num="24" count="1" type="cond" truecount="1" falsecount="1"/>
          <line num="25" count="1" type="stmt"/>
          <line num="29" count="1" type="stmt"/>
          <line num="33" count="1" type="stmt"/>
        </file>
      </package>
      <package name="HelloBooks.client.src.components">
        <metrics statements="45" coveredstatements="44" conditionals="10" coveredconditionals="6" methods="19" coveredmethods="19"/>
        <file name="Footer.js" path="/Users/andeladeveloper/Desktop/HelloBooks/client/src/components/Footer.js">
          <metrics statements="1" coveredstatements="1" conditionals="0" coveredconditionals="0" methods="1" coveredmethods="1"/>
          <line num="5" count="16" type="stmt"/>
        </file>
        <file name="Login.js" path="/Users/andeladeveloper/Desktop/HelloBooks/client/src/components/Login.js">
          <metrics statements="3" coveredstatements="3" conditionals="0" coveredconditionals="0" methods="2" coveredmethods="2"/>
          <line num="14" count="11" type="stmt"/>
          <line num="25" count="1" type="stmt"/>
          <line num="33" count="10" type="stmt"/>
        </file>
        <file name="LoginForm.js" path="/Users/andeladeveloper/Desktop/HelloBooks/client/src/components/LoginForm.js">
          <metrics statements="12" coveredstatements="12" conditionals="2" coveredconditionals="2" methods="4" coveredmethods="4"/>
          <line num="9" count="15" type="stmt"/>
          <line num="10" count="15" type="stmt"/>
          <line num="16" count="15" type="stmt"/>
          <line num="17" count="15" type="stmt"/>
          <line num="21" count="1" type="stmt"/>
          <line num="25" count="1" type="stmt"/>
          <line num="26" count="1" type="stmt"/>
          <line num="27" count="1" type="stmt"/>
          <line num="28" count="1" type="stmt"/>
          <line num="32" count="17" type="stmt"/>
          <line num="33" count="17" type="stmt"/>
          <line num="85" count="1" type="stmt"/>
        </file>
        <file name="SearchBar.js" path="/Users/andeladeveloper/Desktop/HelloBooks/client/src/components/SearchBar.js">
          <metrics statements="2" coveredstatements="2" conditionals="0" coveredconditionals="0" methods="1" coveredmethods="1"/>
          <line num="6" count="2" type="stmt"/>
          <line num="23" count="1" type="stmt"/>
        </file>
        <file name="SideBar.js" path="/Users/andeladeveloper/Desktop/HelloBooks/client/src/components/SideBar.js">
          <metrics statements="9" coveredstatements="8" conditionals="6" coveredconditionals="2" methods="4" coveredmethods="4"/>
          <line num="10" count="22" type="stmt"/>
          <line num="12" count="22" type="stmt"/>
          <line num="13" count="22" type="stmt"/>
          <line num="17" count="1" type="cond" truecount="1" falsecount="1"/>
          <line num="18" count="1" type="stmt"/>
          <line num="22" count="1" type="cond" truecount="1" falsecount="1"/>
          <line num="23" count="0" type="stmt"/>
          <line num="27" count="22" type="stmt"/>
          <line num="104" count="2" type="stmt"/>
        </file>
        <file name="SignUpForm.js" path="/Users/andeladeveloper/Desktop/HelloBooks/client/src/components/SignUpForm.js">
          <metrics statements="14" coveredstatements="14" conditionals="2" coveredconditionals="2" methods="5" coveredmethods="5"/>
          <line num="8" count="2" type="stmt"/>
          <line num="16" count="8" type="stmt"/>
          <line num="17" count="8" type="stmt"/>
          <line num="27" count="8" type="stmt"/>
          <line num="28" count="8" type="stmt"/>
          <line num="31" count="1" type="stmt"/>
          <line num="35" count="1" type="stmt"/>
          <line num="36" count="1" type="stmt"/>
          <line num="37" count="1" type="stmt"/>
          <line num="41" count="10" type="stmt"/>
          <line num="42" count="10" type="stmt"/>
          <line num="43" count="40" type="stmt"/>
          <line num="44" count="10" type="stmt"/>
          <line num="135" count="2" type="stmt"/>
        </file>
        <file name="SignUpPage.js" path="/Users/andeladeveloper/Desktop/HelloBooks/client/src/components/SignUpPage.js">
          <metrics statements="4" coveredstatements="4" conditionals="0" coveredconditionals="0" methods="2" coveredmethods="2"/>
          <line num="13" count="5" type="stmt"/>
          <line num="14" count="5" type="stmt"/>
          <line num="31" count="1" type="stmt"/>
          <line num="37" count="4" type="stmt"/>
        </file>
      </package>
      <package name="HelloBooks.client.src.components.BookDetail">
        <metrics statements="86" coveredstatements="81" conditionals="35" coveredconditionals="17" methods="12" coveredmethods="12"/>
        <file name="BookDetailsPage.js" path="/Users/andeladeveloper/Desktop/HelloBooks/client/src/components/BookDetail/BookDetailsPage.js">
          <metrics statements="3" coveredstatements="3" conditionals="0" coveredconditionals="0" methods="2" coveredmethods="2"/>
          <line num="15" count="7" type="stmt"/>
          <line num="32" count="1" type="stmt"/>
          <line num="42" count="5" type="stmt"/>
        </file>
        <file name="DetailsForm.js" path="/Users/andeladeveloper/Desktop/HelloBooks/client/src/components/BookDetail/DetailsForm.js">
          <metrics statements="83" coveredstatements="78" conditionals="35" coveredconditionals="17" methods="10" coveredmethods="10"/>
          <line num="8" count="1" type="stmt"/>
          <line num="9" count="1" type="stmt"/>
          <line num="10" count="1" type="stmt"/>
          <line num="11" count="1" type="stmt"/>
          <line num="12" count="1" type="stmt"/>
          <line num="13" count="1" type="stmt"/>
          <line num="14" count="1" type="stmt"/>
          <line num="15" count="1" type="stmt"/>
          <line num="16" count="1" type="stmt"/>
          <line num="17" count="1" type="stmt"/>
          <line num="19" count="1" type="stmt"/>
          <line num="23" count="10" type="stmt"/>
          <line num="24" count="10" type="stmt"/>
          <line num="30" count="10" type="stmt"/>
          <line num="31" count="10" type="stmt"/>
          <line num="32" count="10" type="stmt"/>
          <line num="33" count="10" type="stmt"/>
          <line num="36" count="11" type="cond" truecount="1" falsecount="1"/>
          <line num="37" count="0" type="stmt"/>
          <line num="40" count="11" type="cond" truecount="2" falsecount="0"/>
          <line num="41" count="9" type="cond" truecount="1" falsecount="1"/>
          <line num="42" count="9" type="stmt"/>
          <line num="43" count="9" type="stmt"/>
          <line num="44" count="9" type="stmt"/>
          <line num="47" count="72" type="stmt"/>
          <line num="49" count="9" type="stmt"/>
          <line num="50" count="9" type="stmt"/>
          <line num="51" count="9" type="stmt"/>
          <line num="52" count="9" type="stmt"/>
          <line num="53" count="9" type="stmt"/>
          <line num="54" count="9" type="stmt"/>
          <line num="55" count="9" type="stmt"/>
          <line num="56" count="9" type="stmt"/>
          <line num="57" count="9" type="stmt"/>
          <line num="58" count="9" type="stmt"/>
          <line num="59" count="9" type="stmt"/>
          <line num="60" count="9" type="stmt"/>
          <line num="61" count="9" type="stmt"/>
          <line num="62" count="9" type="stmt"/>
          <line num="63" count="9" type="stmt"/>
          <line num="64" count="9" type="stmt"/>
          <line num="69" count="11" type="cond" truecount="2" falsecount="0"/>
          <line num="70" count="2" type="stmt"/>
          <line num="71" count="2" type="stmt"/>
          <line num="72" count="2" type="stmt"/>
          <line num="73" count="2" type="stmt"/>
          <line num="74" count="2" type="stmt"/>
          <line num="75" count="2" type="stmt"/>
          <line num="76" count="2" type="stmt"/>
          <line num="77" count="2" type="stmt"/>
          <line num="83" count="1" type="stmt"/>
          <line num="86" count="1" type="cond" truecount="1" falsecount="1"/>
          <line num="87" count="1" type="cond" truecount="2" falsecount="2"/>
          <line num="88" count="0" type="stmt"/>
          <line num="92" count="0" type="cond" truecount="0" falsecount="2"/>
          <line num="93" count="1" type="cond" truecount="3" falsecount="1"/>
          <line num="94" count="1" type="stmt"/>
          <line num="98" count="1" type="cond" truecount="1" falsecount="1"/>
          <line num="104" count="1" type="stmt"/>
          <line num="105" count="1" type="stmt"/>
          <line num="107" count="1" type="stmt"/>
          <line num="108" count="1" type="stmt"/>
          <line num="109" count="1" type="stmt"/>
          <line num="110" count="1" type="stmt"/>
          <line num="111" count="1" type="stmt"/>
          <line num="112" count="1" type="stmt"/>
          <line num="113" count="1" type="stmt"/>
          <line num="117" count="1" type="stmt"/>
          <line num="118" count="1" type="stmt"/>
          <line num="121" count="1" type="stmt"/>
          <line num="122" count="1" type="cond" truecount="1" falsecount="1"/>
          <line num="126" count="1" type="stmt"/>
          <line num="127" count="1" type="cond" truecount="1" falsecount="1"/>
          <line num="131" count="1" type="stmt"/>
          <line num="132" count="1" type="cond" truecount="1" falsecount="1"/>
          <line num="136" count="1" type="stmt"/>
          <line num="137" count="1" type="cond" truecount="1" falsecount="1"/>
          <line num="138" count="0" type="stmt"/>
          <line num="139" count="0" type="stmt"/>
          <line num="145" count="12" type="stmt"/>
          <line num="154" count="12" type="stmt"/>
          <line num="165" count="12" type="stmt"/>
          <line num="215" count="1" type="stmt"/>
        </file>
      </package>
      <package name="HelloBooks.client.src.components.Books">
        <metrics statements="60" coveredstatements="49" conditionals="38" coveredconditionals="23" methods="20" coveredmethods="16"/>
        <file name="BooksCategory.js" path="/Users/andeladeveloper/Desktop/HelloBooks/client/src/components/Books/BooksCategory.js">
          <metrics statements="8" coveredstatements="6" conditionals="8" coveredconditionals="4" methods="3" coveredmethods="2"/>
          <line num="8" count="1" type="stmt"/>
          <line num="9" count="1" type="stmt"/>
          <line num="12" count="2" type="cond" truecount="2" falsecount="0"/>
          <line num="16" count="0" type="cond" truecount="0" falsecount="2"/>
          <line num="19" count="2" type="cond" truecount="1" falsecount="1"/>
          <line num="20" count="0" type="stmt"/>
          <line num="22" count="2" type="stmt"/>
          <line num="30" count="1" type="stmt"/>
        </file>
        <file name="BooksCollection.js" path="/Users/andeladeveloper/Desktop/HelloBooks/client/src/components/Books/BooksCollection.js">
          <metrics statements="9" coveredstatements="6" conditionals="2" coveredconditionals="1" methods="4" coveredmethods="3"/>
          <line num="8" count="4" type="stmt"/>
          <line num="10" count="4" type="stmt"/>
          <line num="14" count="0" type="stmt"/>
          <line num="16" count="0" type="stmt"/>
          <line num="17" count="0" type="stmt"/>
          <line num="20" count="4" type="stmt"/>
          <line num="22" count="4" type="stmt"/>
          <line num="43" count="4" type="stmt"/>
          <line num="59" count="1" type="stmt"/>
        </file>
        <file name="BooksFilter.js" path="/Users/andeladeveloper/Desktop/HelloBooks/client/src/components/Books/BooksFilter.js">
          <metrics statements="13" coveredstatements="8" conditionals="14" coveredconditionals="5" methods="4" coveredmethods="3"/>
          <line num="12" count="4" type="stmt"/>
          <line num="13" count="4" type="stmt"/>
          <line num="20" count="4" type="stmt"/>
          <line num="22" count="4" type="stmt"/>
          <line num="27" count="3" type="stmt"/>
          <line num="28" count="3" type="cond" truecount="2" falsecount="2"/>
          <line num="29" count="0" type="stmt"/>
          <line num="30" count="0" type="cond" truecount="0" falsecount="5"/>
          <line num="31" count="0" type="stmt"/>
          <line num="32" count="0" type="stmt"/>
          <line num="38" count="0" type="stmt"/>
          <line num="43" count="10" type="stmt"/>
          <line num="65" count="1" type="stmt"/>
        </file>
        <file name="BooksPage.js" path="/Users/andeladeveloper/Desktop/HelloBooks/client/src/components/Books/BooksPage.js">
          <metrics statements="14" coveredstatements="14" conditionals="10" coveredconditionals="10" methods="3" coveredmethods="3"/>
          <line num="19" count="13" type="cond" truecount="2" falsecount="0"/>
          <line num="20" count="12" type="stmt"/>
          <line num="24" count="13" type="stmt"/>
          <line num="25" count="13" type="stmt"/>
          <line num="27" count="13" type="stmt"/>
          <line num="28" count="13" type="stmt"/>
          <line num="29" count="13" type="stmt"/>
          <line num="30" count="13" type="stmt"/>
          <line num="31" count="13" type="stmt"/>
          <line num="32" count="13" type="stmt"/>
          <line num="33" count="13" type="stmt"/>
          <line num="38" count="13" type="stmt"/>
          <line num="58" count="1" type="stmt"/>
          <line num="72" count="12" type="stmt"/>
        </file>
        <file name="BooksPhoto.js" path="/Users/andeladeveloper/Desktop/HelloBooks/client/src/components/Books/BooksPhoto.js">
          <metrics statements="10" coveredstatements="10" conditionals="2" coveredconditionals="1" methods="3" coveredmethods="3"/>
          <line num="10" count="2" type="stmt"/>
          <line num="11" count="2" type="stmt"/>
          <line num="13" count="2" type="stmt"/>
          <line num="14" count="2" type="stmt"/>
          <line num="15" count="2" type="stmt"/>
          <line num="16" count="2" type="cond" truecount="1" falsecount="1"/>
          <line num="17" count="2" type="stmt"/>
          <line num="19" count="2" type="stmt"/>
          <line num="20" count="2" type="stmt"/>
          <line num="34" count="1" type="stmt"/>
        </file>
        <file name="Cardbox.js" path="/Users/andeladeveloper/Desktop/HelloBooks/client/src/components/Books/Cardbox.js">
          <metrics statements="6" coveredstatements="5" conditionals="2" coveredconditionals="2" methods="3" coveredmethods="2"/>
          <line num="9" count="3" type="stmt"/>
          <line num="11" count="3" type="stmt"/>
          <line num="15" count="0" type="stmt"/>
          <line num="18" count="3" type="stmt"/>
          <line num="19" count="3" type="stmt"/>
          <line num="38" count="1" type="stmt"/>
        </file>
      </package>
      <package name="HelloBooks.client.src.components.select">
        <metrics statements="2" coveredstatements="2" conditionals="0" coveredconditionals="0" methods="1" coveredmethods="1"/>
        <file name="MembershipSelect.js" path="/Users/andeladeveloper/Desktop/HelloBooks/client/src/components/select/MembershipSelect.js">
          <metrics statements="2" coveredstatements="2" conditionals="0" coveredconditionals="0" methods="1" coveredmethods="1"/>
          <line num="6" count="2" type="stmt"/>
          <line num="25" count="1" type="stmt"/>
        </file>
      </package>
    </metrics>
  </project>
</coverage>
