{"/Users/andeladeveloper/Desktop/HelloBooks/sum.js": {"path":"/Users/andeladeveloper/Desktop/HelloBooks/sum.js","statementMap":{"0":{"start":{"line":2,"column":2},"end":{"line":2,"column":15}}},"fnMap":{"0":{"name":"sum","decl":{"start":{"line":1,"column":9},"end":{"line":1,"column":12}},"loc":{"start":{"line":1,"column":19},"end":{"line":3,"column":1}},"line":1}},"branchMap":{},"s":{"0":1},"f":{"0":1},"b":{},"_coverageSchema":"332fd63041d2c1bcb487cc26dd0d5f7d97098a6c","hash":"050eb4d14107c32668c71f82073885d72bf11c28"}
,"/Users/andeladeveloper/Desktop/HelloBooks/client/__mock__/book.js": {"path":"/Users/andeladeveloper/Desktop/HelloBooks/client/__mock__/book.js","statementMap":{"0":{"start":{"line":1,"column":14},"end":{"line":83,"column":1}}},"fnMap":{},"branchMap":{},"s":{"0":21},"f":{},"b":{},"_coverageSchema":"332fd63041d2c1bcb487cc26dd0d5f7d97098a6c","hash":"2925ac4fc287280ef150a90f908f7f165db129fb"}
,"/Users/andeladeveloper/Desktop/HelloBooks/client/__mock__/localStorage.js": {"path":"/Users/andeladeveloper/Desktop/HelloBooks/client/__mock__/localStorage.js","statementMap":{"0":{"start":{"line":1,"column":19},"end":{"line":1,"column":21}},"1":{"start":{"line":5,"column":4},"end":{"line":5,"column":57}},"2":{"start":{"line":8,"column":4},"end":{"line":8,"column":29}},"3":{"start":{"line":11,"column":4},"end":{"line":11,"column":22}},"4":{"start":{"line":15,"column":4},"end":{"line":15,"column":29}}},"fnMap":{},"branchMap":{},"s":{"0":27,"1":37,"2":0,"3":1,"4":1},"f":{},"b":{},"_coverageSchema":"332fd63041d2c1bcb487cc26dd0d5f7d97098a6c","hash":"6cc7c0f030b262314bd8bfe002f09df84cab9ba0"}
,"/Users/andeladeveloper/Desktop/HelloBooks/client/__mock__/user.js": {"path":"/Users/andeladeveloper/Desktop/HelloBooks/client/__mock__/user.js","statementMap":{"0":{"start":{"line":1,"column":13},"end":{"line":8,"column":2}}},"fnMap":{},"branchMap":{},"s":{"0":11},"f":{},"b":{},"_coverageSchema":"332fd63041d2c1bcb487cc26dd0d5f7d97098a6c","hash":"41db0b066302bf3254e3af439e9ebd1ad225a344"}
,"/Users/andeladeveloper/Desktop/HelloBooks/client/actions/UploadImages.js": {"path":"/Users/andeladeveloper/Desktop/HelloBooks/client/actions/UploadImages.js","statementMap":{"0":{"start":{"line":2,"column":36},"end":{"line":2,"column":58}},"1":{"start":{"line":3,"column":36},"end":{"line":3,"column":58}},"2":{"start":{"line":4,"column":36},"end":{"line":4,"column":58}},"3":{"start":{"line":9,"column":2},"end":{"line":13,"column":3}},"4":{"start":{"line":17,"column":2},"end":{"line":21,"column":3}},"5":{"start":{"line":25,"column":2},"end":{"line":29,"column":3}}},"fnMap":{"0":{"name":"uploadimageRequest","decl":{"start":{"line":8,"column":16},"end":{"line":8,"column":34}},"loc":{"start":{"line":8,"column":46},"end":{"line":14,"column":1}},"line":8},"1":{"name":"uploadimageResponse","decl":{"start":{"line":16,"column":16},"end":{"line":16,"column":35}},"loc":{"start":{"line":16,"column":46},"end":{"line":22,"column":1}},"line":16},"2":{"name":"uploadimageError","decl":{"start":{"line":24,"column":16},"end":{"line":24,"column":32}},"loc":{"start":{"line":24,"column":40},"end":{"line":30,"column":1}},"line":24}},"branchMap":{},"s":{"0":10,"1":10,"2":10,"3":3,"4":2,"5":2},"f":{"0":3,"1":2,"2":2},"b":{},"_coverageSchema":"332fd63041d2c1bcb487cc26dd0d5f7d97098a6c","hash":"380b21e0ed31dcebedef42e8d687419be4e89744"}
,"/Users/andeladeveloper/Desktop/HelloBooks/client/actions/actionTypes.js": {"path":"/Users/andeladeveloper/Desktop/HelloBooks/client/actions/actionTypes.js","statementMap":{"0":{"start":{"line":1,"column":27},"end":{"line":1,"column":40}},"1":{"start":{"line":2,"column":24},"end":{"line":2,"column":34}},"2":{"start":{"line":3,"column":31},"end":{"line":3,"column":48}},"3":{"start":{"line":4,"column":29},"end":{"line":4,"column":44}}},"fnMap":{},"branchMap":{},"s":{"0":12,"1":12,"2":12,"3":12},"f":{},"b":{},"_coverageSchema":"332fd63041d2c1bcb487cc26dd0d5f7d97098a6c","hash":"8853d6fca0a2dd548d3c07478cd2b4ba564ec865"}
,"/Users/andeladeveloper/Desktop/HelloBooks/client/actions/borrowBook.js": {"path":"/Users/andeladeveloper/Desktop/HelloBooks/client/actions/borrowBook.js","statementMap":{"0":{"start":{"line":2,"column":35},"end":{"line":2,"column":56}},"1":{"start":{"line":3,"column":35},"end":{"line":3,"column":56}},"2":{"start":{"line":4,"column":35},"end":{"line":4,"column":56}},"3":{"start":{"line":9,"column":2},"end":{"line":14,"column":3}},"4":{"start":{"line":18,"column":2},"end":{"line":23,"column":3}},"5":{"start":{"line":27,"column":2},"end":{"line":32,"column":3}}},"fnMap":{"0":{"name":"borrowBookRequest","decl":{"start":{"line":8,"column":16},"end":{"line":8,"column":33}},"loc":{"start":{"line":8,"column":44},"end":{"line":15,"column":1}},"line":8},"1":{"name":"borrowBookResponse","decl":{"start":{"line":17,"column":16},"end":{"line":17,"column":34}},"loc":{"start":{"line":17,"column":45},"end":{"line":24,"column":1}},"line":17},"2":{"name":"borrowBookError","decl":{"start":{"line":26,"column":16},"end":{"line":26,"column":31}},"loc":{"start":{"line":26,"column":39},"end":{"line":33,"column":1}},"line":26}},"branchMap":{},"s":{"0":3,"1":3,"2":3,"3":4,"4":2,"5":3},"f":{"0":4,"1":2,"2":3},"b":{},"_coverageSchema":"332fd63041d2c1bcb487cc26dd0d5f7d97098a6c","hash":"c82305348fab6ab8e5f52ed8c5ff41564e8c54a8"}
,"/Users/andeladeveloper/Desktop/HelloBooks/client/actions/changePassword.js": {"path":"/Users/andeladeveloper/Desktop/HelloBooks/client/actions/changePassword.js","statementMap":{"0":{"start":{"line":2,"column":39},"end":{"line":2,"column":64}},"1":{"start":{"line":3,"column":39},"end":{"line":3,"column":64}},"2":{"start":{"line":4,"column":39},"end":{"line":4,"column":64}},"3":{"start":{"line":9,"column":2},"end":{"line":13,"column":3}},"4":{"start":{"line":17,"column":2},"end":{"line":21,"column":3}},"5":{"start":{"line":25,"column":2},"end":{"line":29,"column":3}}},"fnMap":{"0":{"name":"changepasswordRequest","decl":{"start":{"line":8,"column":16},"end":{"line":8,"column":37}},"loc":{"start":{"line":8,"column":48},"end":{"line":14,"column":1}},"line":8},"1":{"name":"changepasswordResponse","decl":{"start":{"line":16,"column":16},"end":{"line":16,"column":38}},"loc":{"start":{"line":16,"column":49},"end":{"line":22,"column":1}},"line":16},"2":{"name":"changepasswordError","decl":{"start":{"line":24,"column":16},"end":{"line":24,"column":35}},"loc":{"start":{"line":24,"column":43},"end":{"line":30,"column":1}},"line":24}},"branchMap":{},"s":{"0":3,"1":3,"2":3,"3":3,"4":2,"5":2},"f":{"0":3,"1":2,"2":2},"b":{},"_coverageSchema":"332fd63041d2c1bcb487cc26dd0d5f7d97098a6c","hash":"96f707be1ee4ea49bd5b7856e040c95f99feb970"}
,"/Users/andeladeveloper/Desktop/HelloBooks/client/actions/deleteBooks.js": {"path":"/Users/andeladeveloper/Desktop/HelloBooks/client/actions/deleteBooks.js","statementMap":{"0":{"start":{"line":2,"column":35},"end":{"line":2,"column":56}},"1":{"start":{"line":3,"column":35},"end":{"line":3,"column":56}},"2":{"start":{"line":4,"column":35},"end":{"line":4,"column":56}},"3":{"start":{"line":9,"column":2},"end":{"line":13,"column":3}},"4":{"start":{"line":17,"column":2},"end":{"line":21,"column":3}},"5":{"start":{"line":25,"column":2},"end":{"line":29,"column":3}}},"fnMap":{"0":{"name":"deletebookRequest","decl":{"start":{"line":8,"column":16},"end":{"line":8,"column":33}},"loc":{"start":{"line":8,"column":44},"end":{"line":14,"column":1}},"line":8},"1":{"name":"deletebookResponse","decl":{"start":{"line":16,"column":16},"end":{"line":16,"column":34}},"loc":{"start":{"line":16,"column":45},"end":{"line":22,"column":1}},"line":16},"2":{"name":"deletebookError","decl":{"start":{"line":24,"column":16},"end":{"line":24,"column":31}},"loc":{"start":{"line":24,"column":39},"end":{"line":30,"column":1}},"line":24}},"branchMap":{},"s":{"0":3,"1":3,"2":3,"3":3,"4":2,"5":2},"f":{"0":3,"1":2,"2":2},"b":{},"_coverageSchema":"332fd63041d2c1bcb487cc26dd0d5f7d97098a6c","hash":"6fe7ccc20426193c2902d5d26c22bbded170c74b"}
,"/Users/andeladeveloper/Desktop/HelloBooks/client/actions/displayMessages.js": {"path":"/Users/andeladeveloper/Desktop/HelloBooks/client/actions/displayMessages.js","statementMap":{"0":{"start":{"line":4,"column":2},"end":{"line":7,"column":4}}},"fnMap":{"0":{"name":"displayMessage","decl":{"start":{"line":3,"column":16},"end":{"line":3,"column":30}},"loc":{"start":{"line":3,"column":40},"end":{"line":8,"column":1}},"line":3}},"branchMap":{},"s":{"0":2},"f":{"0":2},"b":{},"_coverageSchema":"332fd63041d2c1bcb487cc26dd0d5f7d97098a6c","hash":"1972220293e73e63a06acf9d97b5a83308655160"}
,"/Users/andeladeveloper/Desktop/HelloBooks/client/actions/getBooks.js": {"path":"/Users/andeladeveloper/Desktop/HelloBooks/client/actions/getBooks.js","statementMap":{"0":{"start":{"line":1,"column":37},"end":{"line":1,"column":60}},"1":{"start":{"line":2,"column":37},"end":{"line":2,"column":60}},"2":{"start":{"line":3,"column":37},"end":{"line":3,"column":60}},"3":{"start":{"line":7,"column":2},"end":{"line":11,"column":3}},"4":{"start":{"line":15,"column":2},"end":{"line":20,"column":3}},"5":{"start":{"line":24,"column":2},"end":{"line":29,"column":3}}},"fnMap":{"0":{"name":"getbooksRequest","decl":{"start":{"line":6,"column":16},"end":{"line":6,"column":31}},"loc":{"start":{"line":6,"column":34},"end":{"line":12,"column":1}},"line":6},"1":{"name":"getbooksReponse","decl":{"start":{"line":14,"column":16},"end":{"line":14,"column":31}},"loc":{"start":{"line":14,"column":38},"end":{"line":21,"column":1}},"line":14},"2":{"name":"getbooksError","decl":{"start":{"line":23,"column":16},"end":{"line":23,"column":29}},"loc":{"start":{"line":23,"column":37},"end":{"line":30,"column":1}},"line":23}},"branchMap":{},"s":{"0":3,"1":3,"2":3,"3":3,"4":2,"5":2},"f":{"0":3,"1":2,"2":2},"b":{},"_coverageSchema":"332fd63041d2c1bcb487cc26dd0d5f7d97098a6c","hash":"01b14b67025049b57844d099a46d091cd1571d2d"}
,"/Users/andeladeveloper/Desktop/HelloBooks/client/actions/getUserDetails.js": {"path":"/Users/andeladeveloper/Desktop/HelloBooks/client/actions/getUserDetails.js","statementMap":{"0":{"start":{"line":1,"column":40},"end":{"line":1,"column":66}},"1":{"start":{"line":2,"column":40},"end":{"line":2,"column":66}},"2":{"start":{"line":3,"column":40},"end":{"line":3,"column":66}},"3":{"start":{"line":7,"column":2},"end":{"line":10,"column":3}},"4":{"start":{"line":14,"column":2},"end":{"line":18,"column":3}},"5":{"start":{"line":22,"column":2},"end":{"line":26,"column":3}}},"fnMap":{"0":{"name":"getuserdetailsRequest","decl":{"start":{"line":6,"column":16},"end":{"line":6,"column":37}},"loc":{"start":{"line":6,"column":40},"end":{"line":11,"column":1}},"line":6},"1":{"name":"getuserdetailsReponse","decl":{"start":{"line":13,"column":16},"end":{"line":13,"column":37}},"loc":{"start":{"line":13,"column":44},"end":{"line":19,"column":1}},"line":13},"2":{"name":"getuserdetailsError","decl":{"start":{"line":21,"column":16},"end":{"line":21,"column":35}},"loc":{"start":{"line":21,"column":43},"end":{"line":27,"column":1}},"line":21}},"branchMap":{},"s":{"0":3,"1":3,"2":3,"3":3,"4":2,"5":2},"f":{"0":3,"1":2,"2":2},"b":{},"_coverageSchema":"332fd63041d2c1bcb487cc26dd0d5f7d97098a6c","hash":"75a9c9e362944a4c96e5ed0d2f477da53d92c93f"}
,"/Users/andeladeveloper/Desktop/HelloBooks/client/actions/getborrowedBooks.js": {"path":"/Users/andeladeveloper/Desktop/HelloBooks/client/actions/getborrowedBooks.js","statementMap":{"0":{"start":{"line":1,"column":42},"end":{"line":1,"column":70}},"1":{"start":{"line":2,"column":42},"end":{"line":2,"column":70}},"2":{"start":{"line":3,"column":42},"end":{"line":3,"column":70}},"3":{"start":{"line":7,"column":2},"end":{"line":11,"column":3}},"4":{"start":{"line":15,"column":2},"end":{"line":20,"column":3}},"5":{"start":{"line":24,"column":2},"end":{"line":29,"column":3}}},"fnMap":{"0":{"name":"getborrowedbooksRequest","decl":{"start":{"line":6,"column":16},"end":{"line":6,"column":39}},"loc":{"start":{"line":6,"column":42},"end":{"line":12,"column":1}},"line":6},"1":{"name":"getborrowedbooksReponse","decl":{"start":{"line":14,"column":16},"end":{"line":14,"column":39}},"loc":{"start":{"line":14,"column":46},"end":{"line":21,"column":1}},"line":14},"2":{"name":"getborrowedbooksError","decl":{"start":{"line":23,"column":16},"end":{"line":23,"column":37}},"loc":{"start":{"line":23,"column":45},"end":{"line":30,"column":1}},"line":23}},"branchMap":{},"s":{"0":3,"1":3,"2":3,"3":3,"4":2,"5":2},"f":{"0":3,"1":2,"2":2},"b":{},"_coverageSchema":"332fd63041d2c1bcb487cc26dd0d5f7d97098a6c","hash":"da3061bda550cc336a012562797753652b74aa44"}
,"/Users/andeladeveloper/Desktop/HelloBooks/client/actions/getunreturnedBooks.js": {"path":"/Users/andeladeveloper/Desktop/HelloBooks/client/actions/getunreturnedBooks.js","statementMap":{"0":{"start":{"line":1,"column":44},"end":{"line":1,"column":74}},"1":{"start":{"line":2,"column":44},"end":{"line":2,"column":74}},"2":{"start":{"line":3,"column":44},"end":{"line":3,"column":74}},"3":{"start":{"line":7,"column":2},"end":{"line":11,"column":3}},"4":{"start":{"line":15,"column":2},"end":{"line":20,"column":3}},"5":{"start":{"line":24,"column":2},"end":{"line":29,"column":3}}},"fnMap":{"0":{"name":"getunreturnedbooksRequest","decl":{"start":{"line":6,"column":16},"end":{"line":6,"column":41}},"loc":{"start":{"line":6,"column":44},"end":{"line":12,"column":1}},"line":6},"1":{"name":"getunreturnedbooksReponse","decl":{"start":{"line":14,"column":16},"end":{"line":14,"column":41}},"loc":{"start":{"line":14,"column":48},"end":{"line":21,"column":1}},"line":14},"2":{"name":"getunreturnedbooksError","decl":{"start":{"line":23,"column":16},"end":{"line":23,"column":39}},"loc":{"start":{"line":23,"column":47},"end":{"line":30,"column":1}},"line":23}},"branchMap":{},"s":{"0":3,"1":3,"2":3,"3":3,"4":2,"5":2},"f":{"0":3,"1":2,"2":2},"b":{},"_coverageSchema":"332fd63041d2c1bcb487cc26dd0d5f7d97098a6c","hash":"501ad0310b46d11d3ee836e84ec404f0e5d8cd0a"}
,"/Users/andeladeveloper/Desktop/HelloBooks/client/actions/loginActions.js": {"path":"/Users/andeladeveloper/Desktop/HelloBooks/client/actions/loginActions.js","statementMap":{"0":{"start":{"line":2,"column":29},"end":{"line":2,"column":44}},"1":{"start":{"line":3,"column":29},"end":{"line":3,"column":44}},"2":{"start":{"line":4,"column":29},"end":{"line":4,"column":44}},"3":{"start":{"line":9,"column":2},"end":{"line":14,"column":3}},"4":{"start":{"line":18,"column":2},"end":{"line":23,"column":3}},"5":{"start":{"line":27,"column":2},"end":{"line":32,"column":3}}},"fnMap":{"0":{"name":"loginRequest","decl":{"start":{"line":8,"column":16},"end":{"line":8,"column":28}},"loc":{"start":{"line":8,"column":39},"end":{"line":15,"column":1}},"line":8},"1":{"name":"loginResponse","decl":{"start":{"line":17,"column":16},"end":{"line":17,"column":29}},"loc":{"start":{"line":17,"column":40},"end":{"line":24,"column":1}},"line":17},"2":{"name":"loginError","decl":{"start":{"line":26,"column":16},"end":{"line":26,"column":26}},"loc":{"start":{"line":26,"column":34},"end":{"line":33,"column":1}},"line":26}},"branchMap":{},"s":{"0":3,"1":3,"2":3,"3":3,"4":2,"5":2},"f":{"0":3,"1":2,"2":2},"b":{},"_coverageSchema":"332fd63041d2c1bcb487cc26dd0d5f7d97098a6c","hash":"53088888c4f6cdd31d5dbb1e2c49162f373fb27b"}
,"/Users/andeladeveloper/Desktop/HelloBooks/client/actions/popMessages.js": {"path":"/Users/andeladeveloper/Desktop/HelloBooks/client/actions/popMessages.js","statementMap":{"0":{"start":{"line":4,"column":2},"end":{"line":7,"column":4}}},"fnMap":{"0":{"name":"popMessage","decl":{"start":{"line":3,"column":16},"end":{"line":3,"column":26}},"loc":{"start":{"line":3,"column":36},"end":{"line":8,"column":1}},"line":3}},"branchMap":{},"s":{"0":1},"f":{"0":1},"b":{},"_coverageSchema":"332fd63041d2c1bcb487cc26dd0d5f7d97098a6c","hash":"8b674e3233a781393bfde4e53309fa5ab6d29eab"}
,"/Users/andeladeveloper/Desktop/HelloBooks/client/actions/returnBook.js": {"path":"/Users/andeladeveloper/Desktop/HelloBooks/client/actions/returnBook.js","statementMap":{"0":{"start":{"line":2,"column":35},"end":{"line":2,"column":56}},"1":{"start":{"line":3,"column":35},"end":{"line":3,"column":56}},"2":{"start":{"line":4,"column":35},"end":{"line":4,"column":56}},"3":{"start":{"line":9,"column":2},"end":{"line":13,"column":3}},"4":{"start":{"line":17,"column":2},"end":{"line":21,"column":3}},"5":{"start":{"line":25,"column":2},"end":{"line":29,"column":3}}},"fnMap":{"0":{"name":"returnbookRequest","decl":{"start":{"line":8,"column":16},"end":{"line":8,"column":33}},"loc":{"start":{"line":8,"column":44},"end":{"line":14,"column":1}},"line":8},"1":{"name":"returnbookResponse","decl":{"start":{"line":16,"column":16},"end":{"line":16,"column":34}},"loc":{"start":{"line":16,"column":45},"end":{"line":22,"column":1}},"line":16},"2":{"name":"returnbookError","decl":{"start":{"line":24,"column":16},"end":{"line":24,"column":31}},"loc":{"start":{"line":24,"column":39},"end":{"line":30,"column":1}},"line":24}},"branchMap":{},"s":{"0":3,"1":3,"2":3,"3":3,"4":2,"5":2},"f":{"0":3,"1":2,"2":2},"b":{},"_coverageSchema":"332fd63041d2c1bcb487cc26dd0d5f7d97098a6c","hash":"e2d6ec57864b6ad23376d18134d70c63bc8cb34b"}
,"/Users/andeladeveloper/Desktop/HelloBooks/client/actions/setCurrentuser.js": {"path":"/Users/andeladeveloper/Desktop/HelloBooks/client/actions/setCurrentuser.js","statementMap":{"0":{"start":{"line":4,"column":2},"end":{"line":7,"column":3}}},"fnMap":{"0":{"name":"setCurrentuser","decl":{"start":{"line":3,"column":16},"end":{"line":3,"column":30}},"loc":{"start":{"line":3,"column":37},"end":{"line":8,"column":1}},"line":3}},"branchMap":{},"s":{"0":2},"f":{"0":2},"b":{},"_coverageSchema":"332fd63041d2c1bcb487cc26dd0d5f7d97098a6c","hash":"1e900227744f475db6e7a8f03f09a646a335c4bb"}
,"/Users/andeladeveloper/Desktop/HelloBooks/client/actions/signupActions.js": {"path":"/Users/andeladeveloper/Desktop/HelloBooks/client/actions/signupActions.js","statementMap":{"0":{"start":{"line":2,"column":30},"end":{"line":2,"column":46}},"1":{"start":{"line":3,"column":30},"end":{"line":3,"column":46}},"2":{"start":{"line":4,"column":30},"end":{"line":4,"column":46}},"3":{"start":{"line":8,"column":29},"end":{"line":15,"column":1}},"4":{"start":{"line":9,"column":2},"end":{"line":14,"column":3}},"5":{"start":{"line":17,"column":30},"end":{"line":24,"column":1}},"6":{"start":{"line":18,"column":2},"end":{"line":23,"column":3}},"7":{"start":{"line":26,"column":27},"end":{"line":33,"column":1}},"8":{"start":{"line":27,"column":2},"end":{"line":32,"column":3}}},"fnMap":{"0":{"name":"(anonymous_0)","decl":{"start":{"line":8,"column":29},"end":{"line":8,"column":30}},"loc":{"start":{"line":8,"column":43},"end":{"line":15,"column":1}},"line":8},"1":{"name":"(anonymous_1)","decl":{"start":{"line":17,"column":30},"end":{"line":17,"column":31}},"loc":{"start":{"line":17,"column":44},"end":{"line":24,"column":1}},"line":17},"2":{"name":"(anonymous_2)","decl":{"start":{"line":26,"column":27},"end":{"line":26,"column":28}},"loc":{"start":{"line":26,"column":38},"end":{"line":33,"column":1}},"line":26}},"branchMap":{},"s":{"0":4,"1":4,"2":4,"3":4,"4":3,"5":4,"6":2,"7":4,"8":3},"f":{"0":3,"1":2,"2":3},"b":{},"_coverageSchema":"332fd63041d2c1bcb487cc26dd0d5f7d97098a6c","hash":"26510c6753d83c8c3a004b7b7d589276ecfbf4c5"}
,"/Users/andeladeveloper/Desktop/HelloBooks/client/actions/updateBooks.js": {"path":"/Users/andeladeveloper/Desktop/HelloBooks/client/actions/updateBooks.js","statementMap":{"0":{"start":{"line":2,"column":35},"end":{"line":2,"column":56}},"1":{"start":{"line":3,"column":35},"end":{"line":3,"column":56}},"2":{"start":{"line":4,"column":35},"end":{"line":4,"column":56}},"3":{"start":{"line":9,"column":2},"end":{"line":13,"column":3}},"4":{"start":{"line":17,"column":2},"end":{"line":21,"column":3}},"5":{"start":{"line":25,"column":2},"end":{"line":29,"column":3}}},"fnMap":{"0":{"name":"updatebookRequest","decl":{"start":{"line":8,"column":16},"end":{"line":8,"column":33}},"loc":{"start":{"line":8,"column":44},"end":{"line":14,"column":1}},"line":8},"1":{"name":"updatebookResponse","decl":{"start":{"line":16,"column":16},"end":{"line":16,"column":34}},"loc":{"start":{"line":16,"column":45},"end":{"line":22,"column":1}},"line":16},"2":{"name":"updatebookError","decl":{"start":{"line":24,"column":16},"end":{"line":24,"column":31}},"loc":{"start":{"line":24,"column":39},"end":{"line":30,"column":1}},"line":24}},"branchMap":{},"s":{"0":3,"1":3,"2":3,"3":3,"4":2,"5":2},"f":{"0":3,"1":2,"2":2},"b":{},"_coverageSchema":"332fd63041d2c1bcb487cc26dd0d5f7d97098a6c","hash":"87a07e5f9f0bc189efa825d474baca47e246693c"}
,"/Users/andeladeveloper/Desktop/HelloBooks/client/actions/updateUser.js": {"path":"/Users/andeladeveloper/Desktop/HelloBooks/client/actions/updateUser.js","statementMap":{"0":{"start":{"line":2,"column":35},"end":{"line":2,"column":56}},"1":{"start":{"line":3,"column":35},"end":{"line":3,"column":56}},"2":{"start":{"line":4,"column":35},"end":{"line":4,"column":56}},"3":{"start":{"line":9,"column":2},"end":{"line":13,"column":3}},"4":{"start":{"line":17,"column":2},"end":{"line":21,"column":3}},"5":{"start":{"line":25,"column":2},"end":{"line":29,"column":3}}},"fnMap":{"0":{"name":"updateuserRequest","decl":{"start":{"line":8,"column":16},"end":{"line":8,"column":33}},"loc":{"start":{"line":8,"column":40},"end":{"line":14,"column":1}},"line":8},"1":{"name":"updateuserResponse","decl":{"start":{"line":16,"column":16},"end":{"line":16,"column":34}},"loc":{"start":{"line":16,"column":45},"end":{"line":22,"column":1}},"line":16},"2":{"name":"updateuserError","decl":{"start":{"line":24,"column":16},"end":{"line":24,"column":31}},"loc":{"start":{"line":24,"column":39},"end":{"line":30,"column":1}},"line":24}},"branchMap":{},"s":{"0":2,"1":2,"2":2,"3":2,"4":2,"5":1},"f":{"0":2,"1":2,"2":1},"b":{},"_coverageSchema":"332fd63041d2c1bcb487cc26dd0d5f7d97098a6c","hash":"96b62d0cc6e449b825f51ec2969088818612d64a"}
,"/Users/andeladeveloper/Desktop/HelloBooks/client/actions/uploadAvatar.js": {"path":"/Users/andeladeveloper/Desktop/HelloBooks/client/actions/uploadAvatar.js","statementMap":{"0":{"start":{"line":2,"column":37},"end":{"line":2,"column":60}},"1":{"start":{"line":3,"column":37},"end":{"line":3,"column":60}},"2":{"start":{"line":4,"column":37},"end":{"line":4,"column":60}},"3":{"start":{"line":9,"column":2},"end":{"line":13,"column":3}},"4":{"start":{"line":17,"column":2},"end":{"line":21,"column":3}},"5":{"start":{"line":25,"column":2},"end":{"line":29,"column":3}}},"fnMap":{"0":{"name":"uploadProfileImageRequest","decl":{"start":{"line":8,"column":16},"end":{"line":8,"column":41}},"loc":{"start":{"line":8,"column":48},"end":{"line":14,"column":1}},"line":8},"1":{"name":"uploadProfileImageResponse","decl":{"start":{"line":16,"column":16},"end":{"line":16,"column":42}},"loc":{"start":{"line":16,"column":53},"end":{"line":22,"column":1}},"line":16},"2":{"name":"uploadProfileImageError","decl":{"start":{"line":24,"column":16},"end":{"line":24,"column":39}},"loc":{"start":{"line":24,"column":47},"end":{"line":30,"column":1}},"line":24}},"branchMap":{},"s":{"0":3,"1":3,"2":3,"3":3,"4":2,"5":2},"f":{"0":3,"1":2,"2":2},"b":{},"_coverageSchema":"332fd63041d2c1bcb487cc26dd0d5f7d97098a6c","hash":"2390ea4cf536657ff1634b3dcbc49c3c35761b88"}
,"/Users/andeladeveloper/Desktop/HelloBooks/client/actions/uploadBooks.js": {"path":"/Users/andeladeveloper/Desktop/HelloBooks/client/actions/uploadBooks.js","statementMap":{"0":{"start":{"line":2,"column":35},"end":{"line":2,"column":56}},"1":{"start":{"line":3,"column":35},"end":{"line":3,"column":56}},"2":{"start":{"line":4,"column":35},"end":{"line":4,"column":56}},"3":{"start":{"line":9,"column":2},"end":{"line":13,"column":3}},"4":{"start":{"line":17,"column":2},"end":{"line":21,"column":3}},"5":{"start":{"line":25,"column":2},"end":{"line":29,"column":3}}},"fnMap":{"0":{"name":"uploadbookRequest","decl":{"start":{"line":8,"column":16},"end":{"line":8,"column":33}},"loc":{"start":{"line":8,"column":44},"end":{"line":14,"column":1}},"line":8},"1":{"name":"uploadbookResponse","decl":{"start":{"line":16,"column":16},"end":{"line":16,"column":34}},"loc":{"start":{"line":16,"column":45},"end":{"line":22,"column":1}},"line":16},"2":{"name":"uploadbookError","decl":{"start":{"line":24,"column":16},"end":{"line":24,"column":31}},"loc":{"start":{"line":24,"column":39},"end":{"line":30,"column":1}},"line":24}},"branchMap":{},"s":{"0":3,"1":3,"2":3,"3":3,"4":2,"5":2},"f":{"0":3,"1":2,"2":2},"b":{},"_coverageSchema":"332fd63041d2c1bcb487cc26dd0d5f7d97098a6c","hash":"8e5388c54e7655097db77efc883cc1b1009cb432"}
,"/Users/andeladeveloper/Desktop/HelloBooks/client/reducers/UserDetails.js": {"path":"/Users/andeladeveloper/Desktop/HelloBooks/client/reducers/UserDetails.js","statementMap":{"0":{"start":{"line":3,"column":21},"end":{"line":7,"column":2}},"1":{"start":{"line":9,"column":2},"end":{"line":30,"column":3}},"2":{"start":{"line":11,"column":6},"end":{"line":15,"column":19}},"3":{"start":{"line":17,"column":6},"end":{"line":21,"column":19}},"4":{"start":{"line":23,"column":6},"end":{"line":27,"column":19}},"5":{"start":{"line":29,"column":6},"end":{"line":29,"column":19}}},"fnMap":{"0":{"name":"(anonymous_0)","decl":{"start":{"line":8,"column":15},"end":{"line":8,"column":16}},"loc":{"start":{"line":8,"column":49},"end":{"line":31,"column":1}},"line":8}},"branchMap":{"0":{"loc":{"start":{"line":8,"column":16},"end":{"line":8,"column":36}},"type":"default-arg","locations":[{"start":{"line":8,"column":24},"end":{"line":8,"column":36}}],"line":8},"1":{"loc":{"start":{"line":9,"column":2},"end":{"line":30,"column":3}},"type":"switch","locations":[{"start":{"line":10,"column":4},"end":{"line":15,"column":19}},{"start":{"line":16,"column":4},"end":{"line":21,"column":19}},{"start":{"line":22,"column":4},"end":{"line":27,"column":19}},{"start":{"line":28,"column":4},"end":{"line":29,"column":19}}],"line":9}},"s":{"0":1,"1":4,"2":1,"3":1,"4":1,"5":1},"f":{"0":4},"b":{"0":[4],"1":[1,1,1,1]},"_coverageSchema":"332fd63041d2c1bcb487cc26dd0d5f7d97098a6c","hash":"0d2df534f1b735b22fef8cb6c95db4928596a8d8"}
,"/Users/andeladeveloper/Desktop/HelloBooks/client/reducers/books.js": {"path":"/Users/andeladeveloper/Desktop/HelloBooks/client/reducers/books.js","statementMap":{"0":{"start":{"line":3,"column":21},"end":{"line":8,"column":2}},"1":{"start":{"line":10,"column":2},"end":{"line":34,"column":3}},"2":{"start":{"line":12,"column":6},"end":{"line":17,"column":19}},"3":{"start":{"line":19,"column":6},"end":{"line":24,"column":19}},"4":{"start":{"line":26,"column":6},"end":{"line":31,"column":19}},"5":{"start":{"line":33,"column":6},"end":{"line":33,"column":19}}},"fnMap":{"0":{"name":"(anonymous_0)","decl":{"start":{"line":9,"column":15},"end":{"line":9,"column":16}},"loc":{"start":{"line":9,"column":49},"end":{"line":35,"column":1}},"line":9}},"branchMap":{"0":{"loc":{"start":{"line":9,"column":16},"end":{"line":9,"column":36}},"type":"default-arg","locations":[{"start":{"line":9,"column":24},"end":{"line":9,"column":36}}],"line":9},"1":{"loc":{"start":{"line":10,"column":2},"end":{"line":34,"column":3}},"type":"switch","locations":[{"start":{"line":11,"column":4},"end":{"line":17,"column":19}},{"start":{"line":18,"column":4},"end":{"line":24,"column":19}},{"start":{"line":25,"column":4},"end":{"line":31,"column":19}},{"start":{"line":32,"column":4},"end":{"line":33,"column":19}}],"line":10}},"s":{"0":1,"1":4,"2":1,"3":1,"4":1,"5":1},"f":{"0":4},"b":{"0":[4],"1":[1,1,1,1]},"_coverageSchema":"332fd63041d2c1bcb487cc26dd0d5f7d97098a6c","hash":"2eb1ee97fc767e26f727c5eafee6d5b7f4cbd8cf"}
,"/Users/andeladeveloper/Desktop/HelloBooks/client/reducers/borrowBooks.js": {"path":"/Users/andeladeveloper/Desktop/HelloBooks/client/reducers/borrowBooks.js","statementMap":{"0":{"start":{"line":5,"column":21},"end":{"line":11,"column":2}},"1":{"start":{"line":13,"column":2},"end":{"line":41,"column":3}},"2":{"start":{"line":15,"column":6},"end":{"line":21,"column":19}},"3":{"start":{"line":23,"column":6},"end":{"line":29,"column":19}},"4":{"start":{"line":31,"column":6},"end":{"line":38,"column":19}},"5":{"start":{"line":40,"column":6},"end":{"line":40,"column":19}}},"fnMap":{"0":{"name":"(anonymous_0)","decl":{"start":{"line":12,"column":15},"end":{"line":12,"column":16}},"loc":{"start":{"line":12,"column":49},"end":{"line":42,"column":1}},"line":12}},"branchMap":{"0":{"loc":{"start":{"line":12,"column":16},"end":{"line":12,"column":36}},"type":"default-arg","locations":[{"start":{"line":12,"column":24},"end":{"line":12,"column":36}}],"line":12},"1":{"loc":{"start":{"line":13,"column":2},"end":{"line":41,"column":3}},"type":"switch","locations":[{"start":{"line":14,"column":4},"end":{"line":21,"column":19}},{"start":{"line":22,"column":4},"end":{"line":29,"column":19}},{"start":{"line":30,"column":4},"end":{"line":38,"column":19}},{"start":{"line":39,"column":4},"end":{"line":40,"column":19}}],"line":13}},"s":{"0":1,"1":4,"2":1,"3":1,"4":1,"5":1},"f":{"0":4},"b":{"0":[4],"1":[1,1,1,1]},"_coverageSchema":"332fd63041d2c1bcb487cc26dd0d5f7d97098a6c","hash":"c7bc388521d744eeb4ef203e65c3cf6a37398614"}
,"/Users/andeladeveloper/Desktop/HelloBooks/client/reducers/deleteBooks.js": {"path":"/Users/andeladeveloper/Desktop/HelloBooks/client/reducers/deleteBooks.js","statementMap":{"0":{"start":{"line":3,"column":21},"end":{"line":8,"column":2}},"1":{"start":{"line":10,"column":2},"end":{"line":35,"column":3}},"2":{"start":{"line":12,"column":6},"end":{"line":17,"column":19}},"3":{"start":{"line":19,"column":6},"end":{"line":24,"column":19}},"4":{"start":{"line":26,"column":6},"end":{"line":32,"column":19}},"5":{"start":{"line":34,"column":6},"end":{"line":34,"column":19}}},"fnMap":{"0":{"name":"(anonymous_0)","decl":{"start":{"line":9,"column":15},"end":{"line":9,"column":16}},"loc":{"start":{"line":9,"column":49},"end":{"line":36,"column":1}},"line":9}},"branchMap":{"0":{"loc":{"start":{"line":9,"column":16},"end":{"line":9,"column":36}},"type":"default-arg","locations":[{"start":{"line":9,"column":24},"end":{"line":9,"column":36}}],"line":9},"1":{"loc":{"start":{"line":10,"column":2},"end":{"line":35,"column":3}},"type":"switch","locations":[{"start":{"line":11,"column":4},"end":{"line":17,"column":19}},{"start":{"line":18,"column":4},"end":{"line":24,"column":19}},{"start":{"line":25,"column":4},"end":{"line":32,"column":19}},{"start":{"line":33,"column":4},"end":{"line":34,"column":19}}],"line":10}},"s":{"0":1,"1":4,"2":1,"3":1,"4":1,"5":1},"f":{"0":4},"b":{"0":[4],"1":[1,1,1,1]},"_coverageSchema":"332fd63041d2c1bcb487cc26dd0d5f7d97098a6c","hash":"4eb13d92670b0528206a3ad44cf27517c0fbbed0"}
,"/Users/andeladeveloper/Desktop/HelloBooks/client/reducers/displayMessages.js": {"path":"/Users/andeladeveloper/Desktop/HelloBooks/client/reducers/displayMessages.js","statementMap":{"0":{"start":{"line":5,"column":21},"end":{"line":10,"column":2}},"1":{"start":{"line":13,"column":2},"end":{"line":22,"column":3}},"2":{"start":{"line":15,"column":6},"end":{"line":20,"column":8}},"3":{"start":{"line":21,"column":13},"end":{"line":21,"column":26}}},"fnMap":{"0":{"name":"(anonymous_0)","decl":{"start":{"line":12,"column":15},"end":{"line":12,"column":16}},"loc":{"start":{"line":12,"column":49},"end":{"line":23,"column":1}},"line":12}},"branchMap":{"0":{"loc":{"start":{"line":12,"column":16},"end":{"line":12,"column":36}},"type":"default-arg","locations":[{"start":{"line":12,"column":24},"end":{"line":12,"column":36}}],"line":12},"1":{"loc":{"start":{"line":13,"column":2},"end":{"line":22,"column":3}},"type":"switch","locations":[{"start":{"line":14,"column":4},"end":{"line":20,"column":8}},{"start":{"line":21,"column":4},"end":{"line":21,"column":26}}],"line":13}},"s":{"0":1,"1":2,"2":1,"3":1},"f":{"0":2},"b":{"0":[2],"1":[1,1]},"_coverageSchema":"332fd63041d2c1bcb487cc26dd0d5f7d97098a6c","hash":"a9c4b44dc9cbb8b634c5ec53ac2c16dd5de6c707"}
,"/Users/andeladeveloper/Desktop/HelloBooks/client/reducers/getborrowedBooks.js": {"path":"/Users/andeladeveloper/Desktop/HelloBooks/client/reducers/getborrowedBooks.js","statementMap":{"0":{"start":{"line":3,"column":21},"end":{"line":8,"column":2}},"1":{"start":{"line":10,"column":2},"end":{"line":34,"column":3}},"2":{"start":{"line":12,"column":6},"end":{"line":17,"column":19}},"3":{"start":{"line":19,"column":6},"end":{"line":24,"column":19}},"4":{"start":{"line":26,"column":6},"end":{"line":31,"column":19}},"5":{"start":{"line":33,"column":6},"end":{"line":33,"column":19}}},"fnMap":{"0":{"name":"(anonymous_0)","decl":{"start":{"line":9,"column":15},"end":{"line":9,"column":16}},"loc":{"start":{"line":9,"column":49},"end":{"line":35,"column":1}},"line":9}},"branchMap":{"0":{"loc":{"start":{"line":9,"column":16},"end":{"line":9,"column":36}},"type":"default-arg","locations":[{"start":{"line":9,"column":24},"end":{"line":9,"column":36}}],"line":9},"1":{"loc":{"start":{"line":10,"column":2},"end":{"line":34,"column":3}},"type":"switch","locations":[{"start":{"line":11,"column":4},"end":{"line":17,"column":19}},{"start":{"line":18,"column":4},"end":{"line":24,"column":19}},{"start":{"line":25,"column":4},"end":{"line":31,"column":19}},{"start":{"line":32,"column":4},"end":{"line":33,"column":19}}],"line":10}},"s":{"0":1,"1":4,"2":1,"3":1,"4":1,"5":1},"f":{"0":4},"b":{"0":[4],"1":[1,1,1,1]},"_coverageSchema":"332fd63041d2c1bcb487cc26dd0d5f7d97098a6c","hash":"15cbca6a74932b466ae10650ce519bdbc6fb711c"}
,"/Users/andeladeveloper/Desktop/HelloBooks/client/reducers/getunreturnedBooks.js": {"path":"/Users/andeladeveloper/Desktop/HelloBooks/client/reducers/getunreturnedBooks.js","statementMap":{"0":{"start":{"line":3,"column":21},"end":{"line":8,"column":2}},"1":{"start":{"line":10,"column":2},"end":{"line":34,"column":3}},"2":{"start":{"line":12,"column":6},"end":{"line":17,"column":19}},"3":{"start":{"line":19,"column":6},"end":{"line":24,"column":19}},"4":{"start":{"line":26,"column":6},"end":{"line":31,"column":19}},"5":{"start":{"line":33,"column":6},"end":{"line":33,"column":19}}},"fnMap":{"0":{"name":"(anonymous_0)","decl":{"start":{"line":9,"column":15},"end":{"line":9,"column":16}},"loc":{"start":{"line":9,"column":49},"end":{"line":35,"column":1}},"line":9}},"branchMap":{"0":{"loc":{"start":{"line":9,"column":16},"end":{"line":9,"column":36}},"type":"default-arg","locations":[{"start":{"line":9,"column":24},"end":{"line":9,"column":36}}],"line":9},"1":{"loc":{"start":{"line":10,"column":2},"end":{"line":34,"column":3}},"type":"switch","locations":[{"start":{"line":11,"column":4},"end":{"line":17,"column":19}},{"start":{"line":18,"column":4},"end":{"line":24,"column":19}},{"start":{"line":25,"column":4},"end":{"line":31,"column":19}},{"start":{"line":32,"column":4},"end":{"line":33,"column":19}}],"line":10}},"s":{"0":1,"1":4,"2":1,"3":1,"4":1,"5":1},"f":{"0":4},"b":{"0":[4],"1":[1,1,1,1]},"_coverageSchema":"332fd63041d2c1bcb487cc26dd0d5f7d97098a6c","hash":"5e2e2b5472a5a349aa8b8e92150abec30203994b"}
,"/Users/andeladeveloper/Desktop/HelloBooks/client/reducers/log.js": {"path":"/Users/andeladeveloper/Desktop/HelloBooks/client/reducers/log.js","statementMap":{"0":{"start":{"line":5,"column":21},"end":{"line":11,"column":2}},"1":{"start":{"line":13,"column":2},"end":{"line":40,"column":3}},"2":{"start":{"line":15,"column":6},"end":{"line":21,"column":19}},"3":{"start":{"line":23,"column":6},"end":{"line":29,"column":19}},"4":{"start":{"line":31,"column":6},"end":{"line":37,"column":19}},"5":{"start":{"line":39,"column":6},"end":{"line":39,"column":19}}},"fnMap":{"0":{"name":"(anonymous_0)","decl":{"start":{"line":12,"column":15},"end":{"line":12,"column":16}},"loc":{"start":{"line":12,"column":49},"end":{"line":41,"column":1}},"line":12}},"branchMap":{"0":{"loc":{"start":{"line":12,"column":16},"end":{"line":12,"column":36}},"type":"default-arg","locations":[{"start":{"line":12,"column":24},"end":{"line":12,"column":36}}],"line":12},"1":{"loc":{"start":{"line":13,"column":2},"end":{"line":40,"column":3}},"type":"switch","locations":[{"start":{"line":14,"column":4},"end":{"line":21,"column":19}},{"start":{"line":22,"column":4},"end":{"line":29,"column":19}},{"start":{"line":30,"column":4},"end":{"line":37,"column":19}},{"start":{"line":38,"column":4},"end":{"line":39,"column":19}}],"line":13}},"s":{"0":1,"1":4,"2":1,"3":1,"4":1,"5":1},"f":{"0":4},"b":{"0":[4],"1":[1,1,1,1]},"_coverageSchema":"332fd63041d2c1bcb487cc26dd0d5f7d97098a6c","hash":"1d360b24ec97126df7ebcb36343c28106ca78eb1"}
,"/Users/andeladeveloper/Desktop/HelloBooks/client/reducers/passwordChange.js": {"path":"/Users/andeladeveloper/Desktop/HelloBooks/client/reducers/passwordChange.js","statementMap":{"0":{"start":{"line":3,"column":21},"end":{"line":7,"column":2}},"1":{"start":{"line":9,"column":2},"end":{"line":30,"column":3}},"2":{"start":{"line":11,"column":6},"end":{"line":15,"column":19}},"3":{"start":{"line":17,"column":6},"end":{"line":21,"column":19}},"4":{"start":{"line":23,"column":6},"end":{"line":27,"column":19}},"5":{"start":{"line":29,"column":6},"end":{"line":29,"column":19}}},"fnMap":{"0":{"name":"(anonymous_0)","decl":{"start":{"line":8,"column":15},"end":{"line":8,"column":16}},"loc":{"start":{"line":8,"column":49},"end":{"line":31,"column":1}},"line":8}},"branchMap":{"0":{"loc":{"start":{"line":8,"column":16},"end":{"line":8,"column":36}},"type":"default-arg","locations":[{"start":{"line":8,"column":24},"end":{"line":8,"column":36}}],"line":8},"1":{"loc":{"start":{"line":9,"column":2},"end":{"line":30,"column":3}},"type":"switch","locations":[{"start":{"line":10,"column":4},"end":{"line":15,"column":19}},{"start":{"line":16,"column":4},"end":{"line":21,"column":19}},{"start":{"line":22,"column":4},"end":{"line":27,"column":19}},{"start":{"line":28,"column":4},"end":{"line":29,"column":19}}],"line":9}},"s":{"0":1,"1":4,"2":1,"3":1,"4":1,"5":1},"f":{"0":4},"b":{"0":[4],"1":[1,1,1,1]},"_coverageSchema":"332fd63041d2c1bcb487cc26dd0d5f7d97098a6c","hash":"b9a18c4a7d6d01f53547b1232102abe4b119df44"}
,"/Users/andeladeveloper/Desktop/HelloBooks/client/reducers/popMessages.js": {"path":"/Users/andeladeveloper/Desktop/HelloBooks/client/reducers/popMessages.js","statementMap":{"0":{"start":{"line":6,"column":21},"end":{"line":11,"column":2}},"1":{"start":{"line":14,"column":2},"end":{"line":23,"column":3}},"2":{"start":{"line":16,"column":6},"end":{"line":21,"column":8}},"3":{"start":{"line":22,"column":13},"end":{"line":22,"column":26}}},"fnMap":{"0":{"name":"(anonymous_0)","decl":{"start":{"line":13,"column":15},"end":{"line":13,"column":16}},"loc":{"start":{"line":13,"column":49},"end":{"line":24,"column":1}},"line":13}},"branchMap":{"0":{"loc":{"start":{"line":13,"column":16},"end":{"line":13,"column":36}},"type":"default-arg","locations":[{"start":{"line":13,"column":24},"end":{"line":13,"column":36}}],"line":13},"1":{"loc":{"start":{"line":14,"column":2},"end":{"line":23,"column":3}},"type":"switch","locations":[{"start":{"line":15,"column":4},"end":{"line":21,"column":8}},{"start":{"line":22,"column":4},"end":{"line":22,"column":26}}],"line":14}},"s":{"0":1,"1":2,"2":1,"3":1},"f":{"0":2},"b":{"0":[2],"1":[1,1]},"_coverageSchema":"332fd63041d2c1bcb487cc26dd0d5f7d97098a6c","hash":"638fac3b0bfd3636539350c8ff27557685d9177a"}
,"/Users/andeladeveloper/Desktop/HelloBooks/client/reducers/reg.js": {"path":"/Users/andeladeveloper/Desktop/HelloBooks/client/reducers/reg.js","statementMap":{"0":{"start":{"line":5,"column":21},"end":{"line":11,"column":2}},"1":{"start":{"line":13,"column":2},"end":{"line":41,"column":3}},"2":{"start":{"line":15,"column":6},"end":{"line":21,"column":19}},"3":{"start":{"line":23,"column":6},"end":{"line":29,"column":19}},"4":{"start":{"line":31,"column":6},"end":{"line":38,"column":19}},"5":{"start":{"line":40,"column":6},"end":{"line":40,"column":19}}},"fnMap":{"0":{"name":"(anonymous_0)","decl":{"start":{"line":12,"column":15},"end":{"line":12,"column":16}},"loc":{"start":{"line":12,"column":49},"end":{"line":42,"column":1}},"line":12}},"branchMap":{"0":{"loc":{"start":{"line":12,"column":16},"end":{"line":12,"column":36}},"type":"default-arg","locations":[{"start":{"line":12,"column":24},"end":{"line":12,"column":36}}],"line":12},"1":{"loc":{"start":{"line":13,"column":2},"end":{"line":41,"column":3}},"type":"switch","locations":[{"start":{"line":14,"column":4},"end":{"line":21,"column":19}},{"start":{"line":22,"column":4},"end":{"line":29,"column":19}},{"start":{"line":30,"column":4},"end":{"line":38,"column":19}},{"start":{"line":39,"column":4},"end":{"line":40,"column":19}}],"line":13}},"s":{"0":1,"1":4,"2":1,"3":1,"4":1,"5":1},"f":{"0":4},"b":{"0":[4],"1":[1,1,1,1]},"_coverageSchema":"332fd63041d2c1bcb487cc26dd0d5f7d97098a6c","hash":"6a3b911591d6dc2027d722df981ecd6027ab3d4c"}
,"/Users/andeladeveloper/Desktop/HelloBooks/client/reducers/returnBooks.js": {"path":"/Users/andeladeveloper/Desktop/HelloBooks/client/reducers/returnBooks.js","statementMap":{"0":{"start":{"line":3,"column":21},"end":{"line":8,"column":2}},"1":{"start":{"line":10,"column":2},"end":{"line":35,"column":3}},"2":{"start":{"line":12,"column":6},"end":{"line":17,"column":19}},"3":{"start":{"line":19,"column":6},"end":{"line":24,"column":19}},"4":{"start":{"line":26,"column":6},"end":{"line":32,"column":19}},"5":{"start":{"line":34,"column":6},"end":{"line":34,"column":19}}},"fnMap":{"0":{"name":"(anonymous_0)","decl":{"start":{"line":9,"column":15},"end":{"line":9,"column":16}},"loc":{"start":{"line":9,"column":49},"end":{"line":36,"column":1}},"line":9}},"branchMap":{"0":{"loc":{"start":{"line":9,"column":16},"end":{"line":9,"column":36}},"type":"default-arg","locations":[{"start":{"line":9,"column":24},"end":{"line":9,"column":36}}],"line":9},"1":{"loc":{"start":{"line":10,"column":2},"end":{"line":35,"column":3}},"type":"switch","locations":[{"start":{"line":11,"column":4},"end":{"line":17,"column":19}},{"start":{"line":18,"column":4},"end":{"line":24,"column":19}},{"start":{"line":25,"column":4},"end":{"line":32,"column":19}},{"start":{"line":33,"column":4},"end":{"line":34,"column":19}}],"line":10}},"s":{"0":1,"1":4,"2":1,"3":1,"4":1,"5":1},"f":{"0":4},"b":{"0":[4],"1":[1,1,1,1]},"_coverageSchema":"332fd63041d2c1bcb487cc26dd0d5f7d97098a6c","hash":"d9e609e976eb93b033864906bdb6bf062dbb2052"}
,"/Users/andeladeveloper/Desktop/HelloBooks/client/reducers/updateBooks.js": {"path":"/Users/andeladeveloper/Desktop/HelloBooks/client/reducers/updateBooks.js","statementMap":{"0":{"start":{"line":3,"column":21},"end":{"line":8,"column":2}},"1":{"start":{"line":10,"column":2},"end":{"line":35,"column":3}},"2":{"start":{"line":12,"column":6},"end":{"line":17,"column":19}},"3":{"start":{"line":19,"column":6},"end":{"line":24,"column":19}},"4":{"start":{"line":26,"column":6},"end":{"line":32,"column":19}},"5":{"start":{"line":34,"column":6},"end":{"line":34,"column":19}}},"fnMap":{"0":{"name":"(anonymous_0)","decl":{"start":{"line":9,"column":15},"end":{"line":9,"column":16}},"loc":{"start":{"line":9,"column":49},"end":{"line":36,"column":1}},"line":9}},"branchMap":{"0":{"loc":{"start":{"line":9,"column":16},"end":{"line":9,"column":36}},"type":"default-arg","locations":[{"start":{"line":9,"column":24},"end":{"line":9,"column":36}}],"line":9},"1":{"loc":{"start":{"line":10,"column":2},"end":{"line":35,"column":3}},"type":"switch","locations":[{"start":{"line":11,"column":4},"end":{"line":17,"column":19}},{"start":{"line":18,"column":4},"end":{"line":24,"column":19}},{"start":{"line":25,"column":4},"end":{"line":32,"column":19}},{"start":{"line":33,"column":4},"end":{"line":34,"column":19}}],"line":10}},"s":{"0":1,"1":4,"2":1,"3":1,"4":1,"5":1},"f":{"0":4},"b":{"0":[4],"1":[1,1,1,1]},"_coverageSchema":"332fd63041d2c1bcb487cc26dd0d5f7d97098a6c","hash":"94b9bc064141fa95e8bd5b3db289809fdf0af042"}
,"/Users/andeladeveloper/Desktop/HelloBooks/client/reducers/updateUser.js": {"path":"/Users/andeladeveloper/Desktop/HelloBooks/client/reducers/updateUser.js","statementMap":{"0":{"start":{"line":3,"column":21},"end":{"line":7,"column":2}},"1":{"start":{"line":9,"column":2},"end":{"line":30,"column":3}},"2":{"start":{"line":11,"column":6},"end":{"line":15,"column":19}},"3":{"start":{"line":17,"column":6},"end":{"line":21,"column":19}},"4":{"start":{"line":23,"column":6},"end":{"line":27,"column":19}},"5":{"start":{"line":29,"column":6},"end":{"line":29,"column":19}}},"fnMap":{"0":{"name":"(anonymous_0)","decl":{"start":{"line":8,"column":15},"end":{"line":8,"column":16}},"loc":{"start":{"line":8,"column":49},"end":{"line":31,"column":1}},"line":8}},"branchMap":{"0":{"loc":{"start":{"line":8,"column":16},"end":{"line":8,"column":36}},"type":"default-arg","locations":[{"start":{"line":8,"column":24},"end":{"line":8,"column":36}}],"line":8},"1":{"loc":{"start":{"line":9,"column":2},"end":{"line":30,"column":3}},"type":"switch","locations":[{"start":{"line":10,"column":4},"end":{"line":15,"column":19}},{"start":{"line":16,"column":4},"end":{"line":21,"column":19}},{"start":{"line":22,"column":4},"end":{"line":27,"column":19}},{"start":{"line":28,"column":4},"end":{"line":29,"column":19}}],"line":9}},"s":{"0":1,"1":4,"2":1,"3":1,"4":1,"5":1},"f":{"0":4},"b":{"0":[4],"1":[1,1,1,1]},"_coverageSchema":"332fd63041d2c1bcb487cc26dd0d5f7d97098a6c","hash":"b071336584f5bb57d4bee7f3d68063cf060205ba"}
,"/Users/andeladeveloper/Desktop/HelloBooks/client/reducers/uploadBooks.js": {"path":"/Users/andeladeveloper/Desktop/HelloBooks/client/reducers/uploadBooks.js","statementMap":{"0":{"start":{"line":3,"column":21},"end":{"line":8,"column":2}},"1":{"start":{"line":10,"column":2},"end":{"line":35,"column":3}},"2":{"start":{"line":12,"column":6},"end":{"line":17,"column":19}},"3":{"start":{"line":19,"column":6},"end":{"line":24,"column":19}},"4":{"start":{"line":26,"column":6},"end":{"line":32,"column":19}},"5":{"start":{"line":34,"column":6},"end":{"line":34,"column":19}}},"fnMap":{"0":{"name":"(anonymous_0)","decl":{"start":{"line":9,"column":15},"end":{"line":9,"column":16}},"loc":{"start":{"line":9,"column":49},"end":{"line":36,"column":1}},"line":9}},"branchMap":{"0":{"loc":{"start":{"line":9,"column":16},"end":{"line":9,"column":36}},"type":"default-arg","locations":[{"start":{"line":9,"column":24},"end":{"line":9,"column":36}}],"line":9},"1":{"loc":{"start":{"line":10,"column":2},"end":{"line":35,"column":3}},"type":"switch","locations":[{"start":{"line":11,"column":4},"end":{"line":17,"column":19}},{"start":{"line":18,"column":4},"end":{"line":24,"column":19}},{"start":{"line":25,"column":4},"end":{"line":32,"column":19}},{"start":{"line":33,"column":4},"end":{"line":34,"column":19}}],"line":10}},"s":{"0":1,"1":4,"2":1,"3":1,"4":1,"5":1},"f":{"0":4},"b":{"0":[4],"1":[1,1,1,1]},"_coverageSchema":"332fd63041d2c1bcb487cc26dd0d5f7d97098a6c","hash":"c524e4e8421607d19174103bc7024f1b9eead0f2"}
,"/Users/andeladeveloper/Desktop/HelloBooks/client/reducers/uploadImages.js": {"path":"/Users/andeladeveloper/Desktop/HelloBooks/client/reducers/uploadImages.js","statementMap":{"0":{"start":{"line":3,"column":21},"end":{"line":8,"column":2}},"1":{"start":{"line":10,"column":2},"end":{"line":35,"column":3}},"2":{"start":{"line":12,"column":6},"end":{"line":17,"column":19}},"3":{"start":{"line":19,"column":6},"end":{"line":24,"column":19}},"4":{"start":{"line":26,"column":6},"end":{"line":32,"column":19}},"5":{"start":{"line":34,"column":6},"end":{"line":34,"column":19}}},"fnMap":{"0":{"name":"(anonymous_0)","decl":{"start":{"line":9,"column":15},"end":{"line":9,"column":16}},"loc":{"start":{"line":9,"column":49},"end":{"line":36,"column":1}},"line":9}},"branchMap":{"0":{"loc":{"start":{"line":9,"column":16},"end":{"line":9,"column":36}},"type":"default-arg","locations":[{"start":{"line":9,"column":24},"end":{"line":9,"column":36}}],"line":9},"1":{"loc":{"start":{"line":10,"column":2},"end":{"line":35,"column":3}},"type":"switch","locations":[{"start":{"line":11,"column":4},"end":{"line":17,"column":19}},{"start":{"line":18,"column":4},"end":{"line":24,"column":19}},{"start":{"line":25,"column":4},"end":{"line":32,"column":19}},{"start":{"line":33,"column":4},"end":{"line":34,"column":19}}],"line":10}},"s":{"0":1,"1":4,"2":1,"3":1,"4":1,"5":1},"f":{"0":4},"b":{"0":[4],"1":[1,1,1,1]},"_coverageSchema":"332fd63041d2c1bcb487cc26dd0d5f7d97098a6c","hash":"ee50baedb34615de9eed38cc2e2e4dd3133d4739"}
,"/Users/andeladeveloper/Desktop/HelloBooks/client/reducers/userProfileImage.js": {"path":"/Users/andeladeveloper/Desktop/HelloBooks/client/reducers/userProfileImage.js","statementMap":{"0":{"start":{"line":3,"column":21},"end":{"line":8,"column":2}},"1":{"start":{"line":10,"column":2},"end":{"line":35,"column":3}},"2":{"start":{"line":12,"column":6},"end":{"line":17,"column":19}},"3":{"start":{"line":19,"column":6},"end":{"line":24,"column":19}},"4":{"start":{"line":26,"column":6},"end":{"line":32,"column":19}},"5":{"start":{"line":34,"column":6},"end":{"line":34,"column":19}}},"fnMap":{"0":{"name":"(anonymous_0)","decl":{"start":{"line":9,"column":15},"end":{"line":9,"column":16}},"loc":{"start":{"line":9,"column":49},"end":{"line":36,"column":1}},"line":9}},"branchMap":{"0":{"loc":{"start":{"line":9,"column":16},"end":{"line":9,"column":36}},"type":"default-arg","locations":[{"start":{"line":9,"column":24},"end":{"line":9,"column":36}}],"line":9},"1":{"loc":{"start":{"line":10,"column":2},"end":{"line":35,"column":3}},"type":"switch","locations":[{"start":{"line":11,"column":4},"end":{"line":17,"column":19}},{"start":{"line":18,"column":4},"end":{"line":24,"column":19}},{"start":{"line":25,"column":4},"end":{"line":32,"column":19}},{"start":{"line":33,"column":4},"end":{"line":34,"column":19}}],"line":10}},"s":{"0":1,"1":4,"2":1,"3":1,"4":1,"5":1},"f":{"0":4},"b":{"0":[4],"1":[1,1,1,1]},"_coverageSchema":"332fd63041d2c1bcb487cc26dd0d5f7d97098a6c","hash":"e1c298a3a934df7e945d6cee5201ef8713d87657"}
,"/Users/andeladeveloper/Desktop/HelloBooks/client/src/actions/borrowBooks.js": {"path":"/Users/andeladeveloper/Desktop/HelloBooks/client/src/actions/borrowBooks.js","statementMap":{"0":{"start":{"line":13,"column":21},"end":{"line":13,"column":37}},"1":{"start":{"line":14,"column":15},"end":{"line":14,"column":30}},"2":{"start":{"line":16,"column":2},"end":{"line":40,"column":3}},"3":{"start":{"line":17,"column":4},"end":{"line":17,"column":40}},"4":{"start":{"line":18,"column":4},"end":{"line":39,"column":8}},"5":{"start":{"line":28,"column":15},"end":{"line":28,"column":25}},"6":{"start":{"line":30,"column":8},"end":{"line":35,"column":9}},"7":{"start":{"line":31,"column":10},"end":{"line":31,"column":57}},"8":{"start":{"line":33,"column":13},"end":{"line":35,"column":9}},"9":{"start":{"line":34,"column":10},"end":{"line":34,"column":32}},"10":{"start":{"line":38,"column":8},"end":{"line":38,"column":41}}},"fnMap":{"0":{"name":"borrowBooks","decl":{"start":{"line":11,"column":24},"end":{"line":11,"column":35}},"loc":{"start":{"line":11,"column":51},"end":{"line":42,"column":1}},"line":11},"1":{"name":"(anonymous_1)","decl":{"start":{"line":16,"column":9},"end":{"line":16,"column":10}},"loc":{"start":{"line":16,"column":23},"end":{"line":40,"column":3}},"line":16},"2":{"name":"(anonymous_2)","decl":{"start":{"line":28,"column":6},"end":{"line":28,"column":7}},"loc":{"start":{"line":28,"column":15},"end":{"line":28,"column":25}},"line":28},"3":{"name":"(anonymous_3)","decl":{"start":{"line":29,"column":12},"end":{"line":29,"column":13}},"loc":{"start":{"line":29,"column":26},"end":{"line":36,"column":7}},"line":29},"4":{"name":"(anonymous_4)","decl":{"start":{"line":37,"column":13},"end":{"line":37,"column":14}},"loc":{"start":{"line":37,"column":22},"end":{"line":39,"column":7}},"line":37}},"branchMap":{"0":{"loc":{"start":{"line":30,"column":8},"end":{"line":35,"column":9}},"type":"if","locations":[{"start":{"line":30,"column":8},"end":{"line":35,"column":9}},{"start":{"line":30,"column":8},"end":{"line":35,"column":9}}],"line":30},"1":{"loc":{"start":{"line":33,"column":13},"end":{"line":35,"column":9}},"type":"if","locations":[{"start":{"line":33,"column":13},"end":{"line":35,"column":9}},{"start":{"line":33,"column":13},"end":{"line":35,"column":9}}],"line":33}},"s":{"0":3,"1":3,"2":3,"3":3,"4":3,"5":3,"6":3,"7":1,"8":2,"9":2,"10":2},"f":{"0":3,"1":3,"2":3,"3":3,"4":2},"b":{"0":[1,2],"1":[2,0]},"_coverageSchema":"332fd63041d2c1bcb487cc26dd0d5f7d97098a6c","hash":"857d72915e09d32ede839bdea3dd7e7c55d3bd86"}
,"/Users/andeladeveloper/Desktop/HelloBooks/client/src/actions/changePassword.js": {"path":"/Users/andeladeveloper/Desktop/HelloBooks/client/src/actions/changePassword.js","statementMap":{"0":{"start":{"line":10,"column":21},"end":{"line":10,"column":37}},"1":{"start":{"line":11,"column":15},"end":{"line":11,"column":30}},"2":{"start":{"line":12,"column":2},"end":{"line":38,"column":3}},"3":{"start":{"line":13,"column":4},"end":{"line":13,"column":46}},"4":{"start":{"line":15,"column":4},"end":{"line":36,"column":9}},"5":{"start":{"line":25,"column":15},"end":{"line":25,"column":25}},"6":{"start":{"line":27,"column":8},"end":{"line":32,"column":9}},"7":{"start":{"line":28,"column":10},"end":{"line":28,"column":32}},"8":{"start":{"line":30,"column":13},"end":{"line":32,"column":9}},"9":{"start":{"line":31,"column":10},"end":{"line":31,"column":61}},"10":{"start":{"line":35,"column":8},"end":{"line":35,"column":44}}},"fnMap":{"0":{"name":"changePassword","decl":{"start":{"line":9,"column":24},"end":{"line":9,"column":38}},"loc":{"start":{"line":9,"column":56},"end":{"line":40,"column":1}},"line":9},"1":{"name":"(anonymous_1)","decl":{"start":{"line":12,"column":9},"end":{"line":12,"column":10}},"loc":{"start":{"line":12,"column":23},"end":{"line":38,"column":3}},"line":12},"2":{"name":"(anonymous_2)","decl":{"start":{"line":25,"column":6},"end":{"line":25,"column":7}},"loc":{"start":{"line":25,"column":15},"end":{"line":25,"column":25}},"line":25},"3":{"name":"(anonymous_3)","decl":{"start":{"line":26,"column":12},"end":{"line":26,"column":13}},"loc":{"start":{"line":26,"column":26},"end":{"line":33,"column":7}},"line":26},"4":{"name":"(anonymous_4)","decl":{"start":{"line":34,"column":13},"end":{"line":34,"column":14}},"loc":{"start":{"line":34,"column":22},"end":{"line":36,"column":7}},"line":34}},"branchMap":{"0":{"loc":{"start":{"line":27,"column":8},"end":{"line":32,"column":9}},"type":"if","locations":[{"start":{"line":27,"column":8},"end":{"line":32,"column":9}},{"start":{"line":27,"column":8},"end":{"line":32,"column":9}}],"line":27},"1":{"loc":{"start":{"line":30,"column":13},"end":{"line":32,"column":9}},"type":"if","locations":[{"start":{"line":30,"column":13},"end":{"line":32,"column":9}},{"start":{"line":30,"column":13},"end":{"line":32,"column":9}}],"line":30}},"s":{"0":2,"1":2,"2":2,"3":2,"4":2,"5":2,"6":2,"7":1,"8":1,"9":1,"10":1},"f":{"0":2,"1":2,"2":2,"3":2,"4":1},"b":{"0":[1,1],"1":[1,0]},"_coverageSchema":"332fd63041d2c1bcb487cc26dd0d5f7d97098a6c","hash":"b0a4700656a2d00c55702226ae6f7bda25781b20"}
,"/Users/andeladeveloper/Desktop/HelloBooks/client/src/actions/deleteBooks.js": {"path":"/Users/andeladeveloper/Desktop/HelloBooks/client/src/actions/deleteBooks.js","statementMap":{"0":{"start":{"line":10,"column":2},"end":{"line":40,"column":3}},"1":{"start":{"line":11,"column":4},"end":{"line":11,"column":42}},"2":{"start":{"line":12,"column":4},"end":{"line":38,"column":9}},"3":{"start":{"line":22,"column":8},"end":{"line":27,"column":9}},"4":{"start":{"line":23,"column":10},"end":{"line":23,"column":64}},"5":{"start":{"line":25,"column":13},"end":{"line":27,"column":9}},"6":{"start":{"line":26,"column":10},"end":{"line":26,"column":27}},"7":{"start":{"line":30,"column":8},"end":{"line":34,"column":9}},"8":{"start":{"line":31,"column":10},"end":{"line":33,"column":11}},"9":{"start":{"line":32,"column":12},"end":{"line":32,"column":34}},"10":{"start":{"line":37,"column":8},"end":{"line":37,"column":41}}},"fnMap":{"0":{"name":"deleteBook","decl":{"start":{"line":9,"column":16},"end":{"line":9,"column":26}},"loc":{"start":{"line":9,"column":44},"end":{"line":42,"column":1}},"line":9},"1":{"name":"(anonymous_1)","decl":{"start":{"line":10,"column":9},"end":{"line":10,"column":10}},"loc":{"start":{"line":10,"column":23},"end":{"line":40,"column":3}},"line":10},"2":{"name":"(anonymous_2)","decl":{"start":{"line":21,"column":6},"end":{"line":21,"column":7}},"loc":{"start":{"line":21,"column":15},"end":{"line":28,"column":7}},"line":21},"3":{"name":"(anonymous_3)","decl":{"start":{"line":29,"column":12},"end":{"line":29,"column":13}},"loc":{"start":{"line":29,"column":26},"end":{"line":35,"column":7}},"line":29},"4":{"name":"(anonymous_4)","decl":{"start":{"line":36,"column":13},"end":{"line":36,"column":14}},"loc":{"start":{"line":36,"column":22},"end":{"line":38,"column":7}},"line":36}},"branchMap":{"0":{"loc":{"start":{"line":22,"column":8},"end":{"line":27,"column":9}},"type":"if","locations":[{"start":{"line":22,"column":8},"end":{"line":27,"column":9}},{"start":{"line":22,"column":8},"end":{"line":27,"column":9}}],"line":22},"1":{"loc":{"start":{"line":25,"column":13},"end":{"line":27,"column":9}},"type":"if","locations":[{"start":{"line":25,"column":13},"end":{"line":27,"column":9}},{"start":{"line":25,"column":13},"end":{"line":27,"column":9}}],"line":25},"2":{"loc":{"start":{"line":30,"column":8},"end":{"line":34,"column":9}},"type":"if","locations":[{"start":{"line":30,"column":8},"end":{"line":34,"column":9}},{"start":{"line":30,"column":8},"end":{"line":34,"column":9}}],"line":30},"3":{"loc":{"start":{"line":31,"column":10},"end":{"line":33,"column":11}},"type":"if","locations":[{"start":{"line":31,"column":10},"end":{"line":33,"column":11}},{"start":{"line":31,"column":10},"end":{"line":33,"column":11}}],"line":31}},"s":{"0":2,"1":2,"2":2,"3":2,"4":1,"5":1,"6":1,"7":2,"8":1,"9":1,"10":1},"f":{"0":2,"1":2,"2":2,"3":2,"4":1},"b":{"0":[1,1],"1":[1,0],"2":[1,1],"3":[1,0]},"_coverageSchema":"332fd63041d2c1bcb487cc26dd0d5f7d97098a6c","hash":"99cacdec26979783db4c6910af3c8e937f364c4e"}
,"/Users/andeladeveloper/Desktop/HelloBooks/client/src/actions/getBooks.js": {"path":"/Users/andeladeveloper/Desktop/HelloBooks/client/src/actions/getBooks.js","statementMap":{"0":{"start":{"line":9,"column":16},"end":{"line":9,"column":44}},"1":{"start":{"line":10,"column":2},"end":{"line":36,"column":4}},"2":{"start":{"line":11,"column":4},"end":{"line":11,"column":32}},"3":{"start":{"line":12,"column":4},"end":{"line":35,"column":7}},"4":{"start":{"line":18,"column":15},"end":{"line":18,"column":25}},"5":{"start":{"line":20,"column":8},"end":{"line":29,"column":9}},"6":{"start":{"line":22,"column":10},"end":{"line":22,"column":32}},"7":{"start":{"line":24,"column":13},"end":{"line":29,"column":9}},"8":{"start":{"line":25,"column":10},"end":{"line":25,"column":53}},"9":{"start":{"line":26,"column":10},"end":{"line":28,"column":11}},"10":{"start":{"line":26,"column":22},"end":{"line":26,"column":52}},"11":{"start":{"line":27,"column":15},"end":{"line":28,"column":11}},"12":{"start":{"line":33,"column":8},"end":{"line":33,"column":38}}},"fnMap":{"0":{"name":"getbooks","decl":{"start":{"line":8,"column":24},"end":{"line":8,"column":32}},"loc":{"start":{"line":8,"column":38},"end":{"line":37,"column":1}},"line":8},"1":{"name":"(anonymous_1)","decl":{"start":{"line":10,"column":9},"end":{"line":10,"column":10}},"loc":{"start":{"line":10,"column":23},"end":{"line":36,"column":3}},"line":10},"2":{"name":"(anonymous_2)","decl":{"start":{"line":18,"column":6},"end":{"line":18,"column":7}},"loc":{"start":{"line":18,"column":15},"end":{"line":18,"column":25}},"line":18},"3":{"name":"(anonymous_3)","decl":{"start":{"line":19,"column":12},"end":{"line":19,"column":13}},"loc":{"start":{"line":19,"column":26},"end":{"line":30,"column":7}},"line":19},"4":{"name":"(anonymous_4)","decl":{"start":{"line":32,"column":6},"end":{"line":32,"column":7}},"loc":{"start":{"line":32,"column":15},"end":{"line":34,"column":7}},"line":32}},"branchMap":{"0":{"loc":{"start":{"line":20,"column":8},"end":{"line":29,"column":9}},"type":"if","locations":[{"start":{"line":20,"column":8},"end":{"line":29,"column":9}},{"start":{"line":20,"column":8},"end":{"line":29,"column":9}}],"line":20},"1":{"loc":{"start":{"line":24,"column":13},"end":{"line":29,"column":9}},"type":"if","locations":[{"start":{"line":24,"column":13},"end":{"line":29,"column":9}},{"start":{"line":24,"column":13},"end":{"line":29,"column":9}}],"line":24},"2":{"loc":{"start":{"line":26,"column":10},"end":{"line":28,"column":11}},"type":"if","locations":[{"start":{"line":26,"column":10},"end":{"line":28,"column":11}},{"start":{"line":26,"column":10},"end":{"line":28,"column":11}}],"line":26},"3":{"loc":{"start":{"line":27,"column":15},"end":{"line":28,"column":11}},"type":"if","locations":[{"start":{"line":27,"column":15},"end":{"line":28,"column":11}},{"start":{"line":27,"column":15},"end":{"line":28,"column":11}}],"line":27}},"s":{"0":2,"1":2,"2":2,"3":2,"4":2,"5":2,"6":1,"7":1,"8":1,"9":1,"10":0,"11":1,"12":1},"f":{"0":2,"1":2,"2":2,"3":2,"4":1},"b":{"0":[1,1],"1":[1,0],"2":[0,1],"3":[1,0]},"_coverageSchema":"332fd63041d2c1bcb487cc26dd0d5f7d97098a6c","hash":"537552d5d5cf7b7c5bac4aaeab3419d3bf5acdbc"}
,"/Users/andeladeveloper/Desktop/HelloBooks/client/src/actions/getUserDetails.js": {"path":"/Users/andeladeveloper/Desktop/HelloBooks/client/src/actions/getUserDetails.js","statementMap":{"0":{"start":{"line":9,"column":21},"end":{"line":9,"column":37}},"1":{"start":{"line":10,"column":15},"end":{"line":10,"column":30}},"2":{"start":{"line":12,"column":2},"end":{"line":37,"column":4}},"3":{"start":{"line":13,"column":4},"end":{"line":13,"column":38}},"4":{"start":{"line":15,"column":4},"end":{"line":35,"column":9}},"5":{"start":{"line":24,"column":15},"end":{"line":24,"column":25}},"6":{"start":{"line":26,"column":8},"end":{"line":31,"column":9}},"7":{"start":{"line":27,"column":10},"end":{"line":27,"column":32}},"8":{"start":{"line":29,"column":13},"end":{"line":31,"column":9}},"9":{"start":{"line":30,"column":10},"end":{"line":30,"column":59}},"10":{"start":{"line":34,"column":8},"end":{"line":34,"column":44}}},"fnMap":{"0":{"name":"getUserdetails","decl":{"start":{"line":8,"column":24},"end":{"line":8,"column":38}},"loc":{"start":{"line":8,"column":46},"end":{"line":38,"column":1}},"line":8},"1":{"name":"(anonymous_1)","decl":{"start":{"line":12,"column":9},"end":{"line":12,"column":10}},"loc":{"start":{"line":12,"column":23},"end":{"line":37,"column":3}},"line":12},"2":{"name":"(anonymous_2)","decl":{"start":{"line":24,"column":6},"end":{"line":24,"column":7}},"loc":{"start":{"line":24,"column":15},"end":{"line":24,"column":25}},"line":24},"3":{"name":"(anonymous_3)","decl":{"start":{"line":25,"column":12},"end":{"line":25,"column":13}},"loc":{"start":{"line":25,"column":26},"end":{"line":32,"column":7}},"line":25},"4":{"name":"(anonymous_4)","decl":{"start":{"line":33,"column":13},"end":{"line":33,"column":14}},"loc":{"start":{"line":33,"column":22},"end":{"line":35,"column":7}},"line":33}},"branchMap":{"0":{"loc":{"start":{"line":26,"column":8},"end":{"line":31,"column":9}},"type":"if","locations":[{"start":{"line":26,"column":8},"end":{"line":31,"column":9}},{"start":{"line":26,"column":8},"end":{"line":31,"column":9}}],"line":26},"1":{"loc":{"start":{"line":29,"column":13},"end":{"line":31,"column":9}},"type":"if","locations":[{"start":{"line":29,"column":13},"end":{"line":31,"column":9}},{"start":{"line":29,"column":13},"end":{"line":31,"column":9}}],"line":29}},"s":{"0":2,"1":2,"2":2,"3":2,"4":2,"5":2,"6":2,"7":1,"8":1,"9":1,"10":1},"f":{"0":2,"1":2,"2":2,"3":2,"4":1},"b":{"0":[1,1],"1":[1,0]},"_coverageSchema":"332fd63041d2c1bcb487cc26dd0d5f7d97098a6c","hash":"71d5a4c3077ec6b03c6a883257aa88e8bded97aa"}
,"/Users/andeladeveloper/Desktop/HelloBooks/client/src/actions/getborrowedBooks.js": {"path":"/Users/andeladeveloper/Desktop/HelloBooks/client/src/actions/getborrowedBooks.js","statementMap":{"0":{"start":{"line":11,"column":21},"end":{"line":11,"column":37}},"1":{"start":{"line":12,"column":15},"end":{"line":12,"column":30}},"2":{"start":{"line":13,"column":2},"end":{"line":36,"column":4}},"3":{"start":{"line":14,"column":4},"end":{"line":14,"column":40}},"4":{"start":{"line":16,"column":4},"end":{"line":34,"column":9}},"5":{"start":{"line":22,"column":15},"end":{"line":22,"column":25}},"6":{"start":{"line":24,"column":8},"end":{"line":30,"column":9}},"7":{"start":{"line":26,"column":10},"end":{"line":26,"column":32}},"8":{"start":{"line":28,"column":13},"end":{"line":30,"column":9}},"9":{"start":{"line":29,"column":10},"end":{"line":29,"column":61}},"10":{"start":{"line":33,"column":8},"end":{"line":33,"column":46}}},"fnMap":{"0":{"name":"getborrowedBooks","decl":{"start":{"line":10,"column":24},"end":{"line":10,"column":40}},"loc":{"start":{"line":10,"column":48},"end":{"line":37,"column":1}},"line":10},"1":{"name":"(anonymous_1)","decl":{"start":{"line":13,"column":9},"end":{"line":13,"column":10}},"loc":{"start":{"line":13,"column":23},"end":{"line":36,"column":3}},"line":13},"2":{"name":"(anonymous_2)","decl":{"start":{"line":22,"column":6},"end":{"line":22,"column":7}},"loc":{"start":{"line":22,"column":15},"end":{"line":22,"column":25}},"line":22},"3":{"name":"(anonymous_3)","decl":{"start":{"line":23,"column":12},"end":{"line":23,"column":13}},"loc":{"start":{"line":23,"column":26},"end":{"line":31,"column":7}},"line":23},"4":{"name":"(anonymous_4)","decl":{"start":{"line":31,"column":15},"end":{"line":31,"column":16}},"loc":{"start":{"line":31,"column":24},"end":{"line":34,"column":7}},"line":31}},"branchMap":{"0":{"loc":{"start":{"line":24,"column":8},"end":{"line":30,"column":9}},"type":"if","locations":[{"start":{"line":24,"column":8},"end":{"line":30,"column":9}},{"start":{"line":24,"column":8},"end":{"line":30,"column":9}}],"line":24},"1":{"loc":{"start":{"line":28,"column":13},"end":{"line":30,"column":9}},"type":"if","locations":[{"start":{"line":28,"column":13},"end":{"line":30,"column":9}},{"start":{"line":28,"column":13},"end":{"line":30,"column":9}}],"line":28}},"s":{"0":2,"1":2,"2":2,"3":2,"4":2,"5":2,"6":2,"7":1,"8":1,"9":1,"10":1},"f":{"0":2,"1":2,"2":2,"3":2,"4":1},"b":{"0":[1,1],"1":[1,0]},"_coverageSchema":"332fd63041d2c1bcb487cc26dd0d5f7d97098a6c","hash":"0477ae9efd6aacd285545fbf9bd97836a4bf4385"}
,"/Users/andeladeveloper/Desktop/HelloBooks/client/src/actions/getunreturnedBooks.js": {"path":"/Users/andeladeveloper/Desktop/HelloBooks/client/src/actions/getunreturnedBooks.js","statementMap":{"0":{"start":{"line":11,"column":21},"end":{"line":11,"column":37}},"1":{"start":{"line":12,"column":15},"end":{"line":12,"column":30}},"2":{"start":{"line":13,"column":2},"end":{"line":42,"column":4}},"3":{"start":{"line":14,"column":4},"end":{"line":14,"column":42}},"4":{"start":{"line":15,"column":4},"end":{"line":40,"column":9}},"5":{"start":{"line":21,"column":15},"end":{"line":21,"column":25}},"6":{"start":{"line":23,"column":8},"end":{"line":35,"column":9}},"7":{"start":{"line":24,"column":10},"end":{"line":26,"column":11}},"8":{"start":{"line":25,"column":12},"end":{"line":25,"column":34}},"9":{"start":{"line":28,"column":13},"end":{"line":35,"column":9}},"10":{"start":{"line":29,"column":10},"end":{"line":29,"column":63}},"11":{"start":{"line":32,"column":10},"end":{"line":34,"column":11}},"12":{"start":{"line":33,"column":12},"end":{"line":33,"column":26}},"13":{"start":{"line":37,"column":8},"end":{"line":39,"column":9}},"14":{"start":{"line":38,"column":10},"end":{"line":38,"column":50}}},"fnMap":{"0":{"name":"getunreturnedBooks","decl":{"start":{"line":10,"column":24},"end":{"line":10,"column":42}},"loc":{"start":{"line":10,"column":50},"end":{"line":43,"column":1}},"line":10},"1":{"name":"(anonymous_1)","decl":{"start":{"line":13,"column":9},"end":{"line":13,"column":10}},"loc":{"start":{"line":13,"column":23},"end":{"line":42,"column":3}},"line":13},"2":{"name":"(anonymous_2)","decl":{"start":{"line":21,"column":6},"end":{"line":21,"column":7}},"loc":{"start":{"line":21,"column":15},"end":{"line":21,"column":25}},"line":21},"3":{"name":"(anonymous_3)","decl":{"start":{"line":22,"column":12},"end":{"line":22,"column":13}},"loc":{"start":{"line":22,"column":26},"end":{"line":36,"column":7}},"line":22},"4":{"name":"(anonymous_4)","decl":{"start":{"line":36,"column":15},"end":{"line":36,"column":16}},"loc":{"start":{"line":36,"column":24},"end":{"line":40,"column":7}},"line":36}},"branchMap":{"0":{"loc":{"start":{"line":23,"column":8},"end":{"line":35,"column":9}},"type":"if","locations":[{"start":{"line":23,"column":8},"end":{"line":35,"column":9}},{"start":{"line":23,"column":8},"end":{"line":35,"column":9}}],"line":23},"1":{"loc":{"start":{"line":24,"column":10},"end":{"line":26,"column":11}},"type":"if","locations":[{"start":{"line":24,"column":10},"end":{"line":26,"column":11}},{"start":{"line":24,"column":10},"end":{"line":26,"column":11}}],"line":24},"2":{"loc":{"start":{"line":28,"column":13},"end":{"line":35,"column":9}},"type":"if","locations":[{"start":{"line":28,"column":13},"end":{"line":35,"column":9}},{"start":{"line":28,"column":13},"end":{"line":35,"column":9}}],"line":28},"3":{"loc":{"start":{"line":32,"column":10},"end":{"line":34,"column":11}},"type":"if","locations":[{"start":{"line":32,"column":10},"end":{"line":34,"column":11}},{"start":{"line":32,"column":10},"end":{"line":34,"column":11}}],"line":32},"4":{"loc":{"start":{"line":37,"column":8},"end":{"line":39,"column":9}},"type":"if","locations":[{"start":{"line":37,"column":8},"end":{"line":39,"column":9}},{"start":{"line":37,"column":8},"end":{"line":39,"column":9}}],"line":37}},"s":{"0":2,"1":2,"2":2,"3":2,"4":2,"5":2,"6":2,"7":1,"8":1,"9":1,"10":1,"11":0,"12":0,"13":1,"14":1},"f":{"0":2,"1":2,"2":2,"3":2,"4":1},"b":{"0":[1,1],"1":[1,0],"2":[1,0],"3":[0,0],"4":[1,0]},"_coverageSchema":"332fd63041d2c1bcb487cc26dd0d5f7d97098a6c","hash":"555174dc3e44aa09979438eae02708750ad31054"}
,"/Users/andeladeveloper/Desktop/HelloBooks/client/src/actions/loginAction.js": {"path":"/Users/andeladeveloper/Desktop/HelloBooks/client/src/actions/loginAction.js","statementMap":{"0":{"start":{"line":12,"column":2},"end":{"line":44,"column":3}},"1":{"start":{"line":13,"column":4},"end":{"line":13,"column":37}},"2":{"start":{"line":15,"column":4},"end":{"line":43,"column":9}},"3":{"start":{"line":24,"column":15},"end":{"line":24,"column":25}},"4":{"start":{"line":26,"column":8},"end":{"line":39,"column":9}},"5":{"start":{"line":28,"column":10},"end":{"line":28,"column":32}},"6":{"start":{"line":30,"column":13},"end":{"line":39,"column":9}},"7":{"start":{"line":31,"column":24},"end":{"line":31,"column":38}},"8":{"start":{"line":32,"column":10},"end":{"line":32,"column":57}},"9":{"start":{"line":33,"column":20},"end":{"line":33,"column":36}},"10":{"start":{"line":34,"column":10},"end":{"line":34,"column":38}},"11":{"start":{"line":35,"column":10},"end":{"line":35,"column":52}},"12":{"start":{"line":36,"column":10},"end":{"line":38,"column":11}},"13":{"start":{"line":37,"column":12},"end":{"line":37,"column":41}},"14":{"start":{"line":42,"column":8},"end":{"line":42,"column":36}}},"fnMap":{"0":{"name":"userSignin","decl":{"start":{"line":11,"column":24},"end":{"line":11,"column":34}},"loc":{"start":{"line":11,"column":45},"end":{"line":46,"column":1}},"line":11},"1":{"name":"(anonymous_1)","decl":{"start":{"line":12,"column":9},"end":{"line":12,"column":10}},"loc":{"start":{"line":12,"column":21},"end":{"line":44,"column":3}},"line":12},"2":{"name":"(anonymous_2)","decl":{"start":{"line":24,"column":6},"end":{"line":24,"column":7}},"loc":{"start":{"line":24,"column":15},"end":{"line":24,"column":25}},"line":24},"3":{"name":"(anonymous_3)","decl":{"start":{"line":25,"column":12},"end":{"line":25,"column":13}},"loc":{"start":{"line":25,"column":26},"end":{"line":40,"column":7}},"line":25},"4":{"name":"(anonymous_4)","decl":{"start":{"line":41,"column":13},"end":{"line":41,"column":14}},"loc":{"start":{"line":41,"column":22},"end":{"line":43,"column":7}},"line":41}},"branchMap":{"0":{"loc":{"start":{"line":26,"column":8},"end":{"line":39,"column":9}},"type":"if","locations":[{"start":{"line":26,"column":8},"end":{"line":39,"column":9}},{"start":{"line":26,"column":8},"end":{"line":39,"column":9}}],"line":26},"1":{"loc":{"start":{"line":30,"column":13},"end":{"line":39,"column":9}},"type":"if","locations":[{"start":{"line":30,"column":13},"end":{"line":39,"column":9}},{"start":{"line":30,"column":13},"end":{"line":39,"column":9}}],"line":30},"2":{"loc":{"start":{"line":36,"column":10},"end":{"line":38,"column":11}},"type":"if","locations":[{"start":{"line":36,"column":10},"end":{"line":38,"column":11}},{"start":{"line":36,"column":10},"end":{"line":38,"column":11}}],"line":36}},"s":{"0":2,"1":2,"2":2,"3":2,"4":2,"5":1,"6":1,"7":1,"8":1,"9":1,"10":1,"11":1,"12":1,"13":0,"14":1},"f":{"0":2,"1":2,"2":2,"3":2,"4":1},"b":{"0":[1,1],"1":[1,0],"2":[0,1]},"_coverageSchema":"332fd63041d2c1bcb487cc26dd0d5f7d97098a6c","hash":"2f14d09c8ac1555ef7bb331083b4a2988826d14a"}
,"/Users/andeladeveloper/Desktop/HelloBooks/client/src/actions/logoutAction.js": {"path":"/Users/andeladeveloper/Desktop/HelloBooks/client/src/actions/logoutAction.js","statementMap":{"0":{"start":{"line":8,"column":2},"end":{"line":8,"column":22}},"1":{"start":{"line":10,"column":2},"end":{"line":13,"column":4}},"2":{"start":{"line":11,"column":4},"end":{"line":11,"column":33}}},"fnMap":{"0":{"name":"logout","decl":{"start":{"line":6,"column":24},"end":{"line":6,"column":30}},"loc":{"start":{"line":6,"column":33},"end":{"line":14,"column":1}},"line":6},"1":{"name":"(anonymous_1)","decl":{"start":{"line":10,"column":9},"end":{"line":10,"column":10}},"loc":{"start":{"line":10,"column":23},"end":{"line":13,"column":3}},"line":10}},"branchMap":{},"s":{"0":1,"1":1,"2":1},"f":{"0":1,"1":1},"b":{},"_coverageSchema":"332fd63041d2c1bcb487cc26dd0d5f7d97098a6c","hash":"512821b1331bd7571e57a85a1ae0368e508f1e4c"}
,"/Users/andeladeveloper/Desktop/HelloBooks/client/src/actions/returnBooks.js": {"path":"/Users/andeladeveloper/Desktop/HelloBooks/client/src/actions/returnBooks.js","statementMap":{"0":{"start":{"line":12,"column":21},"end":{"line":12,"column":37}},"1":{"start":{"line":13,"column":15},"end":{"line":13,"column":30}},"2":{"start":{"line":15,"column":2},"end":{"line":41,"column":3}},"3":{"start":{"line":16,"column":4},"end":{"line":16,"column":42}},"4":{"start":{"line":18,"column":4},"end":{"line":39,"column":9}},"5":{"start":{"line":28,"column":15},"end":{"line":28,"column":25}},"6":{"start":{"line":30,"column":8},"end":{"line":35,"column":9}},"7":{"start":{"line":31,"column":10},"end":{"line":31,"column":32}},"8":{"start":{"line":33,"column":13},"end":{"line":35,"column":9}},"9":{"start":{"line":34,"column":10},"end":{"line":34,"column":57}},"10":{"start":{"line":38,"column":8},"end":{"line":38,"column":41}}},"fnMap":{"0":{"name":"returnbook","decl":{"start":{"line":11,"column":24},"end":{"line":11,"column":34}},"loc":{"start":{"line":11,"column":52},"end":{"line":43,"column":1}},"line":11},"1":{"name":"(anonymous_1)","decl":{"start":{"line":15,"column":9},"end":{"line":15,"column":10}},"loc":{"start":{"line":15,"column":23},"end":{"line":41,"column":3}},"line":15},"2":{"name":"(anonymous_2)","decl":{"start":{"line":28,"column":6},"end":{"line":28,"column":7}},"loc":{"start":{"line":28,"column":15},"end":{"line":28,"column":25}},"line":28},"3":{"name":"(anonymous_3)","decl":{"start":{"line":29,"column":12},"end":{"line":29,"column":13}},"loc":{"start":{"line":29,"column":26},"end":{"line":36,"column":7}},"line":29},"4":{"name":"(anonymous_4)","decl":{"start":{"line":37,"column":13},"end":{"line":37,"column":14}},"loc":{"start":{"line":37,"column":22},"end":{"line":39,"column":7}},"line":37}},"branchMap":{"0":{"loc":{"start":{"line":30,"column":8},"end":{"line":35,"column":9}},"type":"if","locations":[{"start":{"line":30,"column":8},"end":{"line":35,"column":9}},{"start":{"line":30,"column":8},"end":{"line":35,"column":9}}],"line":30},"1":{"loc":{"start":{"line":33,"column":13},"end":{"line":35,"column":9}},"type":"if","locations":[{"start":{"line":33,"column":13},"end":{"line":35,"column":9}},{"start":{"line":33,"column":13},"end":{"line":35,"column":9}}],"line":33}},"s":{"0":2,"1":2,"2":2,"3":2,"4":2,"5":2,"6":2,"7":1,"8":1,"9":1,"10":1},"f":{"0":2,"1":2,"2":2,"3":2,"4":1},"b":{"0":[1,1],"1":[1,0]},"_coverageSchema":"332fd63041d2c1bcb487cc26dd0d5f7d97098a6c","hash":"79c090a745bc8133227e9818ac689b0c9a94180c"}
,"/Users/andeladeveloper/Desktop/HelloBooks/client/src/actions/signupAction.js": {"path":"/Users/andeladeveloper/Desktop/HelloBooks/client/src/actions/signupAction.js","statementMap":{"0":{"start":{"line":13,"column":14},"end":{"line":13,"column":16}},"1":{"start":{"line":14,"column":2},"end":{"line":45,"column":4}},"2":{"start":{"line":15,"column":4},"end":{"line":15,"column":38}},"3":{"start":{"line":17,"column":4},"end":{"line":44,"column":9}},"4":{"start":{"line":26,"column":15},"end":{"line":26,"column":25}},"5":{"start":{"line":28,"column":8},"end":{"line":39,"column":9}},"6":{"start":{"line":30,"column":10},"end":{"line":30,"column":32}},"7":{"start":{"line":32,"column":13},"end":{"line":39,"column":9}},"8":{"start":{"line":33,"column":10},"end":{"line":33,"column":53}},"9":{"start":{"line":34,"column":10},"end":{"line":37,"column":14}},"10":{"start":{"line":38,"column":10},"end":{"line":38,"column":35}},"11":{"start":{"line":43,"column":8},"end":{"line":43,"column":36}}},"fnMap":{"0":{"name":"userSignup","decl":{"start":{"line":12,"column":16},"end":{"line":12,"column":26}},"loc":{"start":{"line":12,"column":37},"end":{"line":46,"column":1}},"line":12},"1":{"name":"(anonymous_1)","decl":{"start":{"line":14,"column":9},"end":{"line":14,"column":10}},"loc":{"start":{"line":14,"column":23},"end":{"line":45,"column":3}},"line":14},"2":{"name":"(anonymous_2)","decl":{"start":{"line":26,"column":6},"end":{"line":26,"column":7}},"loc":{"start":{"line":26,"column":15},"end":{"line":26,"column":25}},"line":26},"3":{"name":"(anonymous_3)","decl":{"start":{"line":27,"column":12},"end":{"line":27,"column":13}},"loc":{"start":{"line":27,"column":26},"end":{"line":40,"column":7}},"line":27},"4":{"name":"(anonymous_4)","decl":{"start":{"line":41,"column":13},"end":{"line":41,"column":14}},"loc":{"start":{"line":41,"column":22},"end":{"line":44,"column":7}},"line":41}},"branchMap":{"0":{"loc":{"start":{"line":28,"column":8},"end":{"line":39,"column":9}},"type":"if","locations":[{"start":{"line":28,"column":8},"end":{"line":39,"column":9}},{"start":{"line":28,"column":8},"end":{"line":39,"column":9}}],"line":28},"1":{"loc":{"start":{"line":32,"column":13},"end":{"line":39,"column":9}},"type":"if","locations":[{"start":{"line":32,"column":13},"end":{"line":39,"column":9}},{"start":{"line":32,"column":13},"end":{"line":39,"column":9}}],"line":32}},"s":{"0":2,"1":2,"2":2,"3":2,"4":2,"5":2,"6":1,"7":1,"8":1,"9":1,"10":1,"11":2},"f":{"0":2,"1":2,"2":2,"3":2,"4":2},"b":{"0":[1,1],"1":[1,0]},"_coverageSchema":"332fd63041d2c1bcb487cc26dd0d5f7d97098a6c","hash":"a059abc2c7238cbf4d1019165279489422511a0e"}
,"/Users/andeladeveloper/Desktop/HelloBooks/client/src/actions/updateBooks.js": {"path":"/Users/andeladeveloper/Desktop/HelloBooks/client/src/actions/updateBooks.js","statementMap":{"0":{"start":{"line":9,"column":2},"end":{"line":34,"column":3}},"1":{"start":{"line":10,"column":4},"end":{"line":10,"column":42}},"2":{"start":{"line":12,"column":4},"end":{"line":33,"column":9}},"3":{"start":{"line":22,"column":15},"end":{"line":22,"column":25}},"4":{"start":{"line":24,"column":8},"end":{"line":29,"column":9}},"5":{"start":{"line":25,"column":10},"end":{"line":25,"column":32}},"6":{"start":{"line":27,"column":13},"end":{"line":29,"column":9}},"7":{"start":{"line":28,"column":10},"end":{"line":28,"column":57}},"8":{"start":{"line":32,"column":8},"end":{"line":32,"column":41}}},"fnMap":{"0":{"name":"updateBook","decl":{"start":{"line":8,"column":16},"end":{"line":8,"column":26}},"loc":{"start":{"line":8,"column":44},"end":{"line":36,"column":1}},"line":8},"1":{"name":"(anonymous_1)","decl":{"start":{"line":9,"column":9},"end":{"line":9,"column":10}},"loc":{"start":{"line":9,"column":23},"end":{"line":34,"column":3}},"line":9},"2":{"name":"(anonymous_2)","decl":{"start":{"line":22,"column":6},"end":{"line":22,"column":7}},"loc":{"start":{"line":22,"column":15},"end":{"line":22,"column":25}},"line":22},"3":{"name":"(anonymous_3)","decl":{"start":{"line":23,"column":12},"end":{"line":23,"column":13}},"loc":{"start":{"line":23,"column":26},"end":{"line":30,"column":7}},"line":23},"4":{"name":"(anonymous_4)","decl":{"start":{"line":31,"column":13},"end":{"line":31,"column":14}},"loc":{"start":{"line":31,"column":22},"end":{"line":33,"column":7}},"line":31}},"branchMap":{"0":{"loc":{"start":{"line":24,"column":8},"end":{"line":29,"column":9}},"type":"if","locations":[{"start":{"line":24,"column":8},"end":{"line":29,"column":9}},{"start":{"line":24,"column":8},"end":{"line":29,"column":9}}],"line":24},"1":{"loc":{"start":{"line":27,"column":13},"end":{"line":29,"column":9}},"type":"if","locations":[{"start":{"line":27,"column":13},"end":{"line":29,"column":9}},{"start":{"line":27,"column":13},"end":{"line":29,"column":9}}],"line":27}},"s":{"0":2,"1":2,"2":2,"3":2,"4":2,"5":1,"6":1,"7":1,"8":1},"f":{"0":2,"1":2,"2":2,"3":2,"4":1},"b":{"0":[1,1],"1":[1,0]},"_coverageSchema":"332fd63041d2c1bcb487cc26dd0d5f7d97098a6c","hash":"ff01b55ac1b0c56ad8df964c1c11aa561c043656"}
,"/Users/andeladeveloper/Desktop/HelloBooks/client/src/actions/updateuserDetails.js": {"path":"/Users/andeladeveloper/Desktop/HelloBooks/client/src/actions/updateuserDetails.js","statementMap":{"0":{"start":{"line":11,"column":21},"end":{"line":11,"column":37}},"1":{"start":{"line":12,"column":15},"end":{"line":12,"column":30}},"2":{"start":{"line":14,"column":2},"end":{"line":39,"column":3}},"3":{"start":{"line":15,"column":4},"end":{"line":15,"column":42}},"4":{"start":{"line":17,"column":4},"end":{"line":38,"column":9}},"5":{"start":{"line":27,"column":15},"end":{"line":27,"column":25}},"6":{"start":{"line":29,"column":8},"end":{"line":34,"column":9}},"7":{"start":{"line":30,"column":10},"end":{"line":30,"column":32}},"8":{"start":{"line":32,"column":13},"end":{"line":34,"column":9}},"9":{"start":{"line":33,"column":10},"end":{"line":33,"column":57}},"10":{"start":{"line":37,"column":8},"end":{"line":37,"column":42}}},"fnMap":{"0":{"name":"updateUser","decl":{"start":{"line":10,"column":24},"end":{"line":10,"column":34}},"loc":{"start":{"line":10,"column":52},"end":{"line":41,"column":1}},"line":10},"1":{"name":"(anonymous_1)","decl":{"start":{"line":14,"column":9},"end":{"line":14,"column":10}},"loc":{"start":{"line":14,"column":23},"end":{"line":39,"column":3}},"line":14},"2":{"name":"(anonymous_2)","decl":{"start":{"line":27,"column":6},"end":{"line":27,"column":7}},"loc":{"start":{"line":27,"column":15},"end":{"line":27,"column":25}},"line":27},"3":{"name":"(anonymous_3)","decl":{"start":{"line":28,"column":12},"end":{"line":28,"column":13}},"loc":{"start":{"line":28,"column":26},"end":{"line":35,"column":7}},"line":28},"4":{"name":"(anonymous_4)","decl":{"start":{"line":36,"column":13},"end":{"line":36,"column":14}},"loc":{"start":{"line":36,"column":22},"end":{"line":38,"column":7}},"line":36}},"branchMap":{"0":{"loc":{"start":{"line":29,"column":8},"end":{"line":34,"column":9}},"type":"if","locations":[{"start":{"line":29,"column":8},"end":{"line":34,"column":9}},{"start":{"line":29,"column":8},"end":{"line":34,"column":9}}],"line":29},"1":{"loc":{"start":{"line":32,"column":13},"end":{"line":34,"column":9}},"type":"if","locations":[{"start":{"line":32,"column":13},"end":{"line":34,"column":9}},{"start":{"line":32,"column":13},"end":{"line":34,"column":9}}],"line":32}},"s":{"0":1,"1":1,"2":1,"3":1,"4":1,"5":1,"6":1,"7":0,"8":1,"9":1,"10":0},"f":{"0":1,"1":1,"2":1,"3":1,"4":0},"b":{"0":[0,1],"1":[1,0]},"_coverageSchema":"332fd63041d2c1bcb487cc26dd0d5f7d97098a6c","hash":"6d27ed37b8042568ac6666ffe91e41cb5cde8341"}
,"/Users/andeladeveloper/Desktop/HelloBooks/client/src/actions/uploadBooks.js": {"path":"/Users/andeladeveloper/Desktop/HelloBooks/client/src/actions/uploadBooks.js","statementMap":{"0":{"start":{"line":9,"column":2},"end":{"line":35,"column":3}},"1":{"start":{"line":10,"column":4},"end":{"line":10,"column":42}},"2":{"start":{"line":12,"column":4},"end":{"line":33,"column":9}},"3":{"start":{"line":22,"column":15},"end":{"line":22,"column":25}},"4":{"start":{"line":24,"column":8},"end":{"line":29,"column":9}},"5":{"start":{"line":25,"column":10},"end":{"line":25,"column":32}},"6":{"start":{"line":27,"column":13},"end":{"line":29,"column":9}},"7":{"start":{"line":28,"column":10},"end":{"line":28,"column":57}},"8":{"start":{"line":32,"column":8},"end":{"line":32,"column":41}}},"fnMap":{"0":{"name":"uploadBook","decl":{"start":{"line":8,"column":16},"end":{"line":8,"column":26}},"loc":{"start":{"line":8,"column":44},"end":{"line":37,"column":1}},"line":8},"1":{"name":"(anonymous_1)","decl":{"start":{"line":9,"column":9},"end":{"line":9,"column":10}},"loc":{"start":{"line":9,"column":23},"end":{"line":35,"column":3}},"line":9},"2":{"name":"(anonymous_2)","decl":{"start":{"line":22,"column":6},"end":{"line":22,"column":7}},"loc":{"start":{"line":22,"column":15},"end":{"line":22,"column":25}},"line":22},"3":{"name":"(anonymous_3)","decl":{"start":{"line":23,"column":12},"end":{"line":23,"column":13}},"loc":{"start":{"line":23,"column":26},"end":{"line":30,"column":7}},"line":23},"4":{"name":"(anonymous_4)","decl":{"start":{"line":31,"column":13},"end":{"line":31,"column":14}},"loc":{"start":{"line":31,"column":22},"end":{"line":33,"column":7}},"line":31}},"branchMap":{"0":{"loc":{"start":{"line":24,"column":8},"end":{"line":29,"column":9}},"type":"if","locations":[{"start":{"line":24,"column":8},"end":{"line":29,"column":9}},{"start":{"line":24,"column":8},"end":{"line":29,"column":9}}],"line":24},"1":{"loc":{"start":{"line":27,"column":13},"end":{"line":29,"column":9}},"type":"if","locations":[{"start":{"line":27,"column":13},"end":{"line":29,"column":9}},{"start":{"line":27,"column":13},"end":{"line":29,"column":9}}],"line":27}},"s":{"0":2,"1":2,"2":2,"3":2,"4":2,"5":1,"6":1,"7":1,"8":1},"f":{"0":2,"1":2,"2":2,"3":2,"4":1},"b":{"0":[1,1],"1":[1,0]},"_coverageSchema":"332fd63041d2c1bcb487cc26dd0d5f7d97098a6c","hash":"86c1b39b954fbeb4da8d6496119913b25c392eb5"}
,"/Users/andeladeveloper/Desktop/HelloBooks/client/src/actions/uploadImage.js": {"path":"/Users/andeladeveloper/Desktop/HelloBooks/client/src/actions/uploadImage.js","statementMap":{"0":{"start":{"line":7,"column":15},"end":{"line":7,"column":29}},"1":{"start":{"line":8,"column":2},"end":{"line":8,"column":28}},"2":{"start":{"line":9,"column":2},"end":{"line":30,"column":3}},"3":{"start":{"line":10,"column":4},"end":{"line":10,"column":39}},"4":{"start":{"line":12,"column":4},"end":{"line":28,"column":9}},"5":{"start":{"line":17,"column":15},"end":{"line":17,"column":25}},"6":{"start":{"line":19,"column":8},"end":{"line":24,"column":9}},"7":{"start":{"line":20,"column":10},"end":{"line":20,"column":32}},"8":{"start":{"line":22,"column":13},"end":{"line":24,"column":9}},"9":{"start":{"line":23,"column":10},"end":{"line":23,"column":50}},"10":{"start":{"line":27,"column":8},"end":{"line":27,"column":42}}},"fnMap":{"0":{"name":"uploadImage","decl":{"start":{"line":6,"column":16},"end":{"line":6,"column":27}},"loc":{"start":{"line":6,"column":34},"end":{"line":31,"column":1}},"line":6},"1":{"name":"(anonymous_1)","decl":{"start":{"line":9,"column":9},"end":{"line":9,"column":10}},"loc":{"start":{"line":9,"column":23},"end":{"line":30,"column":3}},"line":9},"2":{"name":"(anonymous_2)","decl":{"start":{"line":17,"column":6},"end":{"line":17,"column":7}},"loc":{"start":{"line":17,"column":15},"end":{"line":17,"column":25}},"line":17},"3":{"name":"(anonymous_3)","decl":{"start":{"line":18,"column":12},"end":{"line":18,"column":13}},"loc":{"start":{"line":18,"column":26},"end":{"line":25,"column":7}},"line":18},"4":{"name":"(anonymous_4)","decl":{"start":{"line":26,"column":13},"end":{"line":26,"column":14}},"loc":{"start":{"line":26,"column":22},"end":{"line":28,"column":7}},"line":26}},"branchMap":{"0":{"loc":{"start":{"line":19,"column":8},"end":{"line":24,"column":9}},"type":"if","locations":[{"start":{"line":19,"column":8},"end":{"line":24,"column":9}},{"start":{"line":19,"column":8},"end":{"line":24,"column":9}}],"line":19},"1":{"loc":{"start":{"line":22,"column":13},"end":{"line":24,"column":9}},"type":"if","locations":[{"start":{"line":22,"column":13},"end":{"line":24,"column":9}},{"start":{"line":22,"column":13},"end":{"line":24,"column":9}}],"line":22}},"s":{"0":2,"1":2,"2":2,"3":2,"4":2,"5":2,"6":2,"7":1,"8":1,"9":1,"10":1},"f":{"0":2,"1":2,"2":2,"3":2,"4":1},"b":{"0":[1,1],"1":[1,0]},"_coverageSchema":"332fd63041d2c1bcb487cc26dd0d5f7d97098a6c","hash":"585961f99a4b5bfaf4fba8e82965c4c87be20d14"}
,"/Users/andeladeveloper/Desktop/HelloBooks/client/src/actions/uploadUserAvatar.js": {"path":"/Users/andeladeveloper/Desktop/HelloBooks/client/src/actions/uploadUserAvatar.js","statementMap":{"0":{"start":{"line":7,"column":15},"end":{"line":7,"column":29}},"1":{"start":{"line":8,"column":2},"end":{"line":8,"column":28}},"2":{"start":{"line":9,"column":2},"end":{"line":29,"column":3}},"3":{"start":{"line":10,"column":4},"end":{"line":10,"column":46}},"4":{"start":{"line":12,"column":4},"end":{"line":28,"column":9}},"5":{"start":{"line":17,"column":15},"end":{"line":17,"column":25}},"6":{"start":{"line":19,"column":8},"end":{"line":24,"column":9}},"7":{"start":{"line":20,"column":10},"end":{"line":20,"column":32}},"8":{"start":{"line":22,"column":13},"end":{"line":24,"column":9}},"9":{"start":{"line":23,"column":10},"end":{"line":23,"column":57}},"10":{"start":{"line":27,"column":8},"end":{"line":27,"column":49}}},"fnMap":{"0":{"name":"uploadAvatar","decl":{"start":{"line":6,"column":16},"end":{"line":6,"column":28}},"loc":{"start":{"line":6,"column":35},"end":{"line":30,"column":1}},"line":6},"1":{"name":"(anonymous_1)","decl":{"start":{"line":9,"column":9},"end":{"line":9,"column":10}},"loc":{"start":{"line":9,"column":23},"end":{"line":29,"column":3}},"line":9},"2":{"name":"(anonymous_2)","decl":{"start":{"line":17,"column":6},"end":{"line":17,"column":7}},"loc":{"start":{"line":17,"column":15},"end":{"line":17,"column":25}},"line":17},"3":{"name":"(anonymous_3)","decl":{"start":{"line":18,"column":12},"end":{"line":18,"column":13}},"loc":{"start":{"line":18,"column":26},"end":{"line":25,"column":7}},"line":18},"4":{"name":"(anonymous_4)","decl":{"start":{"line":26,"column":13},"end":{"line":26,"column":14}},"loc":{"start":{"line":26,"column":22},"end":{"line":28,"column":7}},"line":26}},"branchMap":{"0":{"loc":{"start":{"line":19,"column":8},"end":{"line":24,"column":9}},"type":"if","locations":[{"start":{"line":19,"column":8},"end":{"line":24,"column":9}},{"start":{"line":19,"column":8},"end":{"line":24,"column":9}}],"line":19},"1":{"loc":{"start":{"line":22,"column":13},"end":{"line":24,"column":9}},"type":"if","locations":[{"start":{"line":22,"column":13},"end":{"line":24,"column":9}},{"start":{"line":22,"column":13},"end":{"line":24,"column":9}}],"line":22}},"s":{"0":2,"1":2,"2":2,"3":2,"4":2,"5":2,"6":2,"7":1,"8":1,"9":1,"10":1},"f":{"0":2,"1":2,"2":2,"3":2,"4":1},"b":{"0":[1,1],"1":[1,0]},"_coverageSchema":"332fd63041d2c1bcb487cc26dd0d5f7d97098a6c","hash":"fbc5cbf34320508443a33848b3ca7f99ab576e50"}
,"/Users/andeladeveloper/Desktop/HelloBooks/client/src/components/Footer.js": {"path":"/Users/andeladeveloper/Desktop/HelloBooks/client/src/components/Footer.js","statementMap":{"0":{"start":{"line":5,"column":4},"end":{"line":67,"column":6}}},"fnMap":{"0":{"name":"(anonymous_0)","decl":{"start":{"line":4,"column":2},"end":{"line":4,"column":3}},"loc":{"start":{"line":4,"column":11},"end":{"line":68,"column":3}},"line":4}},"branchMap":{},"s":{"0":5},"f":{"0":5},"b":{},"_coverageSchema":"332fd63041d2c1bcb487cc26dd0d5f7d97098a6c","hash":"542a5c7f64a4b7de5b2fc3a23c57a7120fd46ebd"}
,"/Users/andeladeveloper/Desktop/HelloBooks/client/src/components/SignUpForm.js": {"path":"/Users/andeladeveloper/Desktop/HelloBooks/client/src/components/SignUpForm.js","statementMap":{"0":{"start":{"line":8,"column":23},"end":{"line":13,"column":1}},"1":{"start":{"line":16,"column":4},"end":{"line":16,"column":17}},"2":{"start":{"line":17,"column":4},"end":{"line":25,"column":6}},"3":{"start":{"line":27,"column":4},"end":{"line":27,"column":53}},"4":{"start":{"line":28,"column":4},"end":{"line":28,"column":53}},"5":{"start":{"line":31,"column":4},"end":{"line":31,"column":55}},"6":{"start":{"line":35,"column":4},"end":{"line":35,"column":23}},"7":{"start":{"line":36,"column":4},"end":{"line":36,"column":34}},"8":{"start":{"line":37,"column":4},"end":{"line":37,"column":38}},"9":{"start":{"line":41,"column":22},"end":{"line":41,"column":36}},"10":{"start":{"line":42,"column":20},"end":{"line":43,"column":55}},"11":{"start":{"line":43,"column":6},"end":{"line":43,"column":54}},"12":{"start":{"line":44,"column":4},"end":{"line":131,"column":6}},"13":{"start":{"line":135,"column":0},"end":{"line":140,"column":2}}},"fnMap":{"0":{"name":"(anonymous_0)","decl":{"start":{"line":15,"column":2},"end":{"line":15,"column":3}},"loc":{"start":{"line":15,"column":21},"end":{"line":29,"column":3}},"line":15},"1":{"name":"(anonymous_1)","decl":{"start":{"line":30,"column":2},"end":{"line":30,"column":3}},"loc":{"start":{"line":30,"column":18},"end":{"line":32,"column":3}},"line":30},"2":{"name":"(anonymous_2)","decl":{"start":{"line":34,"column":2},"end":{"line":34,"column":3}},"loc":{"start":{"line":34,"column":18},"end":{"line":38,"column":3}},"line":34},"3":{"name":"(anonymous_3)","decl":{"start":{"line":40,"column":2},"end":{"line":40,"column":3}},"loc":{"start":{"line":40,"column":11},"end":{"line":132,"column":3}},"line":40},"4":{"name":"(anonymous_4)","decl":{"start":{"line":42,"column":40},"end":{"line":42,"column":41}},"loc":{"start":{"line":43,"column":6},"end":{"line":43,"column":54}},"line":43}},"branchMap":{"0":{"loc":{"start":{"line":47,"column":9},"end":{"line":47,"column":82}},"type":"binary-expr","locations":[{"start":{"line":47,"column":9},"end":{"line":47,"column":14}},{"start":{"line":47,"column":18},"end":{"line":47,"column":82}}],"line":47}},"s":{"0":1,"1":5,"2":5,"3":5,"4":5,"5":0,"6":0,"7":0,"8":0,"9":5,"10":5,"11":20,"12":5,"13":1},"f":{"0":5,"1":0,"2":0,"3":5,"4":20},"b":{"0":[5,0]},"_coverageSchema":"332fd63041d2c1bcb487cc26dd0d5f7d97098a6c","hash":"263700bc1db7a1a46e6c6e45a936b94fbb7e8cd1"}
,"/Users/andeladeveloper/Desktop/HelloBooks/client/src/components/SignUpPage.js": {"path":"/Users/andeladeveloper/Desktop/HelloBooks/client/src/components/SignUpPage.js","statementMap":{"0":{"start":{"line":13,"column":32},"end":{"line":13,"column":42}},"1":{"start":{"line":14,"column":4},"end":{"line":27,"column":6}},"2":{"start":{"line":31,"column":0},"end":{"line":34,"column":2}},"3":{"start":{"line":37,"column":2},"end":{"line":39,"column":4}}},"fnMap":{"0":{"name":"(anonymous_0)","decl":{"start":{"line":12,"column":2},"end":{"line":12,"column":3}},"loc":{"start":{"line":12,"column":11},"end":{"line":28,"column":3}},"line":12},"1":{"name":"mapStateToProps","decl":{"start":{"line":36,"column":9},"end":{"line":36,"column":24}},"loc":{"start":{"line":36,"column":32},"end":{"line":40,"column":1}},"line":36}},"branchMap":{},"s":{"0":5,"1":5,"2":1,"3":4},"f":{"0":5,"1":4},"b":{},"_coverageSchema":"332fd63041d2c1bcb487cc26dd0d5f7d97098a6c","hash":"589a0ab34e1fb0499e054c1fd9fae08e2c216587"}
}
