TN:
SF:/Users/andeladeveloper/Desktop/HelloBooks/sum.js
FN:1,sum
FNF:1
FNH:1
FNDA:1,sum
DA:2,1
LF:1
LH:1
BRF:0
BRH:0
end_of_record
TN:
SF:/Users/andeladeveloper/Desktop/HelloBooks/client/__mock__/book.js
FNF:0
FNH:0
DA:1,25
LF:1
LH:1
BRF:0
BRH:0
end_of_record
TN:
SF:/Users/andeladeveloper/Desktop/HelloBooks/client/__mock__/event.js
FN:9,(anonymous_0)
FNF:1
FNH:1
FNDA:6,(anonymous_0)
DA:1,4
LF:1
LH:1
BRF:0
BRH:0
end_of_record
TN:
SF:/Users/andeladeveloper/Desktop/HelloBooks/client/__mock__/localStorage.js
FNF:0
FNH:0
DA:1,29
DA:5,131
DA:8,16
DA:11,1
DA:15,136
LF:5
LH:5
BRF:0
BRH:0
end_of_record
TN:
SF:/Users/andeladeveloper/Desktop/HelloBooks/client/__mock__/user.js
FNF:0
FNH:0
DA:1,11
LF:1
LH:1
BRF:0
BRH:0
end_of_record
TN:
SF:/Users/andeladeveloper/Desktop/HelloBooks/client/actions/UploadImages.js
FN:8,uploadimageRequest
FN:16,uploadimageResponse
FN:24,uploadimageError
FNF:3
FNH:3
FNDA:3,uploadimageRequest
FNDA:2,uploadimageResponse
FNDA:2,uploadimageError
DA:2,10
DA:3,10
DA:4,10
DA:9,3
DA:17,2
DA:25,2
LF:6
LH:6
BRF:0
BRH:0
end_of_record
TN:
SF:/Users/andeladeveloper/Desktop/HelloBooks/client/actions/actionTypes.js
FNF:0
FNH:0
DA:1,14
DA:2,14
DA:3,14
DA:4,14
LF:4
LH:4
BRF:0
BRH:0
end_of_record
TN:
SF:/Users/andeladeveloper/Desktop/HelloBooks/client/actions/borrowBook.js
FN:8,borrowBookRequest
FN:17,borrowBookResponse
FN:26,borrowBookError
FNF:3
FNH:3
FNDA:4,borrowBookRequest
FNDA:2,borrowBookResponse
FNDA:3,borrowBookError
DA:2,4
DA:3,4
DA:4,4
DA:9,4
DA:18,2
DA:27,3
LF:6
LH:6
BRF:0
BRH:0
end_of_record
TN:
SF:/Users/andeladeveloper/Desktop/HelloBooks/client/actions/changePassword.js
FN:8,changepasswordRequest
FN:16,changepasswordResponse
FN:24,changepasswordError
FNF:3
FNH:3
FNDA:3,changepasswordRequest
FNDA:2,changepasswordResponse
FNDA:2,changepasswordError
DA:2,3
DA:3,3
DA:4,3
DA:9,3
DA:17,2
DA:25,2
LF:6
LH:6
BRF:0
BRH:0
end_of_record
TN:
SF:/Users/andeladeveloper/Desktop/HelloBooks/client/actions/deleteBooks.js
FN:8,deletebookRequest
FN:16,deletebookResponse
FN:24,deletebookError
FNF:3
FNH:3
FNDA:3,deletebookRequest
FNDA:2,deletebookResponse
FNDA:2,deletebookError
DA:2,3
DA:3,3
DA:4,3
DA:9,3
DA:17,2
DA:25,2
LF:6
LH:6
BRF:0
BRH:0
end_of_record
TN:
SF:/Users/andeladeveloper/Desktop/HelloBooks/client/actions/displayMessages.js
FN:3,displayMessage
FNF:1
FNH:1
FNDA:2,displayMessage
DA:4,2
LF:1
LH:1
BRF:0
BRH:0
end_of_record
TN:
SF:/Users/andeladeveloper/Desktop/HelloBooks/client/actions/getBooks.js
FN:6,getbooksRequest
FN:14,getbooksReponse
FN:23,getbooksError
FNF:3
FNH:3
FNDA:15,getbooksRequest
FNDA:2,getbooksReponse
FNDA:14,getbooksError
DA:1,6
DA:2,6
DA:3,6
DA:7,15
DA:15,2
DA:24,14
LF:6
LH:6
BRF:0
BRH:0
end_of_record
TN:
SF:/Users/andeladeveloper/Desktop/HelloBooks/client/actions/getFilteredBooks.js
FN:4,getFilteredBooks
FN:11,showBooksByCategory
FNF:2
FNH:2
FNDA:6,getFilteredBooks
FNDA:2,showBooksByCategory
DA:1,3
DA:2,3
DA:5,6
DA:12,2
LF:4
LH:4
BRF:0
BRH:0
end_of_record
TN:
SF:/Users/andeladeveloper/Desktop/HelloBooks/client/actions/getUserDetails.js
FN:6,getuserdetailsRequest
FN:13,getuserdetailsReponse
FN:21,getuserdetailsError
FNF:3
FNH:3
FNDA:3,getuserdetailsRequest
FNDA:2,getuserdetailsReponse
FNDA:2,getuserdetailsError
DA:1,3
DA:2,3
DA:3,3
DA:7,3
DA:14,2
DA:22,2
LF:6
LH:6
BRF:0
BRH:0
end_of_record
TN:
SF:/Users/andeladeveloper/Desktop/HelloBooks/client/actions/getborrowedBooks.js
FN:6,getborrowedbooksRequest
FN:14,getborrowedbooksReponse
FN:23,getborrowedbooksError
FNF:3
FNH:3
FNDA:3,getborrowedbooksRequest
FNDA:2,getborrowedbooksReponse
FNDA:2,getborrowedbooksError
DA:1,3
DA:2,3
DA:3,3
DA:7,3
DA:15,2
DA:24,2
LF:6
LH:6
BRF:0
BRH:0
end_of_record
TN:
SF:/Users/andeladeveloper/Desktop/HelloBooks/client/actions/getunreturnedBooks.js
FN:6,getunreturnedbooksRequest
FN:14,getunreturnedbooksReponse
FN:23,getunreturnedbooksError
FNF:3
FNH:3
FNDA:3,getunreturnedbooksRequest
FNDA:2,getunreturnedbooksReponse
FNDA:2,getunreturnedbooksError
DA:1,3
DA:2,3
DA:3,3
DA:7,3
DA:15,2
DA:24,2
LF:6
LH:6
BRF:0
BRH:0
end_of_record
TN:
SF:/Users/andeladeveloper/Desktop/HelloBooks/client/actions/loginActions.js
FN:8,loginRequest
FN:17,loginResponse
FN:26,loginError
FNF:3
FNH:3
FNDA:3,loginRequest
FNDA:2,loginResponse
FNDA:2,loginError
DA:2,4
DA:3,4
DA:4,4
DA:9,3
DA:18,2
DA:27,2
LF:6
LH:6
BRF:0
BRH:0
end_of_record
TN:
SF:/Users/andeladeveloper/Desktop/HelloBooks/client/actions/popMessages.js
FN:3,popMessage
FNF:1
FNH:1
FNDA:1,popMessage
DA:4,1
LF:1
LH:1
BRF:0
BRH:0
end_of_record
TN:
SF:/Users/andeladeveloper/Desktop/HelloBooks/client/actions/returnBook.js
FN:8,returnbookRequest
FN:16,returnbookResponse
FN:24,returnbookError
FNF:3
FNH:3
FNDA:3,returnbookRequest
FNDA:2,returnbookResponse
FNDA:2,returnbookError
DA:2,3
DA:3,3
DA:4,3
DA:9,3
DA:17,2
DA:25,2
LF:6
LH:6
BRF:0
BRH:0
end_of_record
TN:
SF:/Users/andeladeveloper/Desktop/HelloBooks/client/actions/setCurrentuser.js
FN:3,setCurrentuser
FNF:1
FNH:1
FNDA:2,setCurrentuser
DA:4,2
LF:1
LH:1
BRF:0
BRH:0
end_of_record
TN:
SF:/Users/andeladeveloper/Desktop/HelloBooks/client/actions/showBookDetails.js
FN:4,showBookDetails
FNF:1
FNH:1
FNDA:2,showBookDetails
DA:1,3
DA:5,2
LF:2
LH:2
BRF:0
BRH:0
end_of_record
TN:
SF:/Users/andeladeveloper/Desktop/HelloBooks/client/actions/signupActions.js
FN:8,(anonymous_0)
FN:17,(anonymous_1)
FN:26,(anonymous_2)
FNF:3
FNH:3
FNDA:3,(anonymous_0)
FNDA:2,(anonymous_1)
FNDA:3,(anonymous_2)
DA:2,4
DA:3,4
DA:4,4
DA:8,4
DA:9,3
DA:17,4
DA:18,2
DA:26,4
DA:27,3
LF:9
LH:9
BRF:0
BRH:0
end_of_record
TN:
SF:/Users/andeladeveloper/Desktop/HelloBooks/client/actions/updateBooks.js
FN:8,updatebookRequest
FN:16,updatebookResponse
FN:24,updatebookError
FNF:3
FNH:3
FNDA:3,updatebookRequest
FNDA:2,updatebookResponse
FNDA:2,updatebookError
DA:2,3
DA:3,3
DA:4,3
DA:9,3
DA:17,2
DA:25,2
LF:6
LH:6
BRF:0
BRH:0
end_of_record
TN:
SF:/Users/andeladeveloper/Desktop/HelloBooks/client/actions/updateUser.js
FN:8,updateuserRequest
FN:16,updateuserResponse
FN:24,updateuserError
FNF:3
FNH:3
FNDA:2,updateuserRequest
FNDA:2,updateuserResponse
FNDA:1,updateuserError
DA:2,2
DA:3,2
DA:4,2
DA:9,2
DA:17,2
DA:25,1
LF:6
LH:6
BRF:0
BRH:0
end_of_record
TN:
SF:/Users/andeladeveloper/Desktop/HelloBooks/client/actions/uploadAvatar.js
FN:8,uploadProfileImageRequest
FN:16,uploadProfileImageResponse
FN:24,uploadProfileImageError
FNF:3
FNH:3
FNDA:3,uploadProfileImageRequest
FNDA:2,uploadProfileImageResponse
FNDA:2,uploadProfileImageError
DA:2,3
DA:3,3
DA:4,3
DA:9,3
DA:17,2
DA:25,2
LF:6
LH:6
BRF:0
BRH:0
end_of_record
TN:
SF:/Users/andeladeveloper/Desktop/HelloBooks/client/actions/uploadBooks.js
FN:8,uploadbookRequest
FN:16,uploadbookResponse
FN:24,uploadbookError
FNF:3
FNH:3
FNDA:3,uploadbookRequest
FNDA:2,uploadbookResponse
FNDA:2,uploadbookError
DA:2,3
DA:3,3
DA:4,3
DA:9,3
DA:17,2
DA:25,2
LF:6
LH:6
BRF:0
BRH:0
end_of_record
TN:
SF:/Users/andeladeveloper/Desktop/HelloBooks/client/reducers/UserDetails.js
FN:8,(anonymous_0)
FNF:1
FNH:1
FNDA:4,(anonymous_0)
DA:3,1
DA:9,4
DA:11,1
DA:17,1
DA:23,1
DA:29,1
LF:6
LH:6
BRDA:8,0,0,4
BRDA:9,1,0,1
BRDA:9,1,1,1
BRDA:9,1,2,1
BRDA:9,1,3,1
BRF:5
BRH:5
end_of_record
TN:
SF:/Users/andeladeveloper/Desktop/HelloBooks/client/reducers/books.js
FN:9,(anonymous_0)
FNF:1
FNH:1
FNDA:4,(anonymous_0)
DA:3,3
DA:10,4
DA:12,1
DA:19,1
DA:26,1
DA:33,1
LF:6
LH:6
BRDA:9,0,0,4
BRDA:10,1,0,1
BRDA:10,1,1,1
BRDA:10,1,2,1
BRDA:10,1,3,1
BRF:5
BRH:5
end_of_record
TN:
SF:/Users/andeladeveloper/Desktop/HelloBooks/client/reducers/borrowBooks.js
FN:12,(anonymous_0)
FNF:1
FNH:1
FNDA:4,(anonymous_0)
DA:5,1
DA:13,4
DA:15,1
DA:23,1
DA:31,1
DA:40,1
LF:6
LH:6
BRDA:12,0,0,4
BRDA:13,1,0,1
BRDA:13,1,1,1
BRDA:13,1,2,1
BRDA:13,1,3,1
BRF:5
BRH:5
end_of_record
TN:
SF:/Users/andeladeveloper/Desktop/HelloBooks/client/reducers/deleteBooks.js
FN:9,(anonymous_0)
FNF:1
FNH:1
FNDA:4,(anonymous_0)
DA:3,1
DA:10,4
DA:12,1
DA:19,1
DA:26,1
DA:34,1
LF:6
LH:6
BRDA:9,0,0,4
BRDA:10,1,0,1
BRDA:10,1,1,1
BRDA:10,1,2,1
BRDA:10,1,3,1
BRF:5
BRH:5
end_of_record
TN:
SF:/Users/andeladeveloper/Desktop/HelloBooks/client/reducers/displayMessages.js
FN:12,(anonymous_0)
FNF:1
FNH:1
FNDA:2,(anonymous_0)
DA:5,1
DA:13,2
DA:15,1
DA:21,1
LF:4
LH:4
BRDA:12,0,0,2
BRDA:13,1,0,1
BRDA:13,1,1,1
BRF:3
BRH:3
end_of_record
TN:
SF:/Users/andeladeveloper/Desktop/HelloBooks/client/reducers/getborrowedBooks.js
FN:9,(anonymous_0)
FNF:1
FNH:1
FNDA:4,(anonymous_0)
DA:3,1
DA:10,4
DA:12,1
DA:19,1
DA:26,1
DA:33,1
LF:6
LH:6
BRDA:9,0,0,4
BRDA:10,1,0,1
BRDA:10,1,1,1
BRDA:10,1,2,1
BRDA:10,1,3,1
BRF:5
BRH:5
end_of_record
TN:
SF:/Users/andeladeveloper/Desktop/HelloBooks/client/reducers/getunreturnedBooks.js
FN:9,(anonymous_0)
FNF:1
FNH:1
FNDA:4,(anonymous_0)
DA:3,1
DA:10,4
DA:12,1
DA:19,1
DA:26,1
DA:33,1
LF:6
LH:6
BRDA:9,0,0,4
BRDA:10,1,0,1
BRDA:10,1,1,1
BRDA:10,1,2,1
BRDA:10,1,3,1
BRF:5
BRH:5
end_of_record
TN:
SF:/Users/andeladeveloper/Desktop/HelloBooks/client/reducers/log.js
FN:12,(anonymous_0)
FNF:1
FNH:1
FNDA:4,(anonymous_0)
DA:5,1
DA:13,4
DA:15,1
DA:23,1
DA:31,1
DA:39,1
LF:6
LH:6
BRDA:12,0,0,4
BRDA:13,1,0,1
BRDA:13,1,1,1
BRDA:13,1,2,1
BRDA:13,1,3,1
BRF:5
BRH:5
end_of_record
TN:
SF:/Users/andeladeveloper/Desktop/HelloBooks/client/reducers/passwordChange.js
FN:8,(anonymous_0)
FNF:1
FNH:1
FNDA:4,(anonymous_0)
DA:3,1
DA:9,4
DA:11,1
DA:17,1
DA:23,1
DA:29,1
LF:6
LH:6
BRDA:8,0,0,4
BRDA:9,1,0,1
BRDA:9,1,1,1
BRDA:9,1,2,1
BRDA:9,1,3,1
BRF:5
BRH:5
end_of_record
TN:
SF:/Users/andeladeveloper/Desktop/HelloBooks/client/reducers/popMessages.js
FN:13,(anonymous_0)
FNF:1
FNH:1
FNDA:2,(anonymous_0)
DA:6,1
DA:14,2
DA:16,1
DA:22,1
LF:4
LH:4
BRDA:13,0,0,2
BRDA:14,1,0,1
BRDA:14,1,1,1
BRF:3
BRH:3
end_of_record
TN:
SF:/Users/andeladeveloper/Desktop/HelloBooks/client/reducers/reg.js
FN:12,(anonymous_0)
FNF:1
FNH:1
FNDA:4,(anonymous_0)
DA:5,1
DA:13,4
DA:15,1
DA:23,1
DA:31,1
DA:40,1
LF:6
LH:6
BRDA:12,0,0,4
BRDA:13,1,0,1
BRDA:13,1,1,1
BRDA:13,1,2,1
BRDA:13,1,3,1
BRF:5
BRH:5
end_of_record
TN:
SF:/Users/andeladeveloper/Desktop/HelloBooks/client/reducers/returnBooks.js
FN:9,(anonymous_0)
FNF:1
FNH:1
FNDA:4,(anonymous_0)
DA:3,1
DA:10,4
DA:12,1
DA:19,1
DA:26,1
DA:34,1
LF:6
LH:6
BRDA:9,0,0,4
BRDA:10,1,0,1
BRDA:10,1,1,1
BRDA:10,1,2,1
BRDA:10,1,3,1
BRF:5
BRH:5
end_of_record
TN:
SF:/Users/andeladeveloper/Desktop/HelloBooks/client/reducers/updateBooks.js
FN:9,(anonymous_0)
FNF:1
FNH:1
FNDA:4,(anonymous_0)
DA:3,1
DA:10,4
DA:12,1
DA:19,1
DA:26,1
DA:34,1
LF:6
LH:6
BRDA:9,0,0,4
BRDA:10,1,0,1
BRDA:10,1,1,1
BRDA:10,1,2,1
BRDA:10,1,3,1
BRF:5
BRH:5
end_of_record
TN:
SF:/Users/andeladeveloper/Desktop/HelloBooks/client/reducers/updateUser.js
FN:8,(anonymous_0)
FNF:1
FNH:1
FNDA:4,(anonymous_0)
DA:3,1
DA:9,4
DA:11,1
DA:17,1
DA:23,1
DA:29,1
LF:6
LH:6
BRDA:8,0,0,4
BRDA:9,1,0,1
BRDA:9,1,1,1
BRDA:9,1,2,1
BRDA:9,1,3,1
BRF:5
BRH:5
end_of_record
TN:
SF:/Users/andeladeveloper/Desktop/HelloBooks/client/reducers/uploadBooks.js
FN:9,(anonymous_0)
FNF:1
FNH:1
FNDA:4,(anonymous_0)
DA:3,1
DA:10,4
DA:12,1
DA:19,1
DA:26,1
DA:34,1
LF:6
LH:6
BRDA:9,0,0,4
BRDA:10,1,0,1
BRDA:10,1,1,1
BRDA:10,1,2,1
BRDA:10,1,3,1
BRF:5
BRH:5
end_of_record
TN:
SF:/Users/andeladeveloper/Desktop/HelloBooks/client/reducers/uploadImages.js
FN:9,(anonymous_0)
FNF:1
FNH:1
FNDA:4,(anonymous_0)
DA:3,1
DA:10,4
DA:12,1
DA:19,1
DA:26,1
DA:34,1
LF:6
LH:6
BRDA:9,0,0,4
BRDA:10,1,0,1
BRDA:10,1,1,1
BRDA:10,1,2,1
BRDA:10,1,3,1
BRF:5
BRH:5
end_of_record
TN:
SF:/Users/andeladeveloper/Desktop/HelloBooks/client/reducers/userProfileImage.js
FN:9,(anonymous_0)
FNF:1
FNH:1
FNDA:4,(anonymous_0)
DA:3,1
DA:10,4
DA:12,1
DA:19,1
DA:26,1
DA:34,1
LF:6
LH:6
BRDA:9,0,0,4
BRDA:10,1,0,1
BRDA:10,1,1,1
BRDA:10,1,2,1
BRDA:10,1,3,1
BRF:5
BRH:5
end_of_record
TN:
SF:/Users/andeladeveloper/Desktop/HelloBooks/client/src/actions/borrowBooks.js
FN:11,borrowBooks
FN:16,(anonymous_1)
FN:28,(anonymous_2)
FN:29,(anonymous_3)
FN:37,(anonymous_4)
FNF:5
FNH:5
FNDA:3,borrowBooks
FNDA:3,(anonymous_1)
FNDA:3,(anonymous_2)
FNDA:3,(anonymous_3)
FNDA:2,(anonymous_4)
DA:13,3
DA:14,3
DA:16,3
DA:17,3
DA:18,3
DA:28,3
DA:30,3
DA:31,1
DA:33,2
DA:34,2
DA:38,2
LF:11
LH:11
BRDA:30,0,0,1
BRDA:30,0,1,2
BRDA:33,1,0,2
BRDA:33,1,1,0
BRF:4
BRH:3
end_of_record
TN:
SF:/Users/andeladeveloper/Desktop/HelloBooks/client/src/actions/changePassword.js
FN:9,changePassword
FN:12,(anonymous_1)
FN:25,(anonymous_2)
FN:26,(anonymous_3)
FN:34,(anonymous_4)
FNF:5
FNH:5
FNDA:2,changePassword
FNDA:2,(anonymous_1)
FNDA:2,(anonymous_2)
FNDA:2,(anonymous_3)
FNDA:1,(anonymous_4)
DA:10,2
DA:11,2
DA:12,2
DA:13,2
DA:15,2
DA:25,2
DA:27,2
DA:28,1
DA:30,1
DA:31,1
DA:35,1
LF:11
LH:11
BRDA:27,0,0,1
BRDA:27,0,1,1
BRDA:30,1,0,1
BRDA:30,1,1,0
BRF:4
BRH:3
end_of_record
TN:
SF:/Users/andeladeveloper/Desktop/HelloBooks/client/src/actions/checkBookDetails.js
FN:8,checkBookDetails
FN:10,(anonymous_1)
FNF:2
FNH:2
FNDA:1,checkBookDetails
FNDA:1,(anonymous_1)
DA:9,1
DA:10,1
DA:11,1
LF:3
LH:3
BRDA:9,0,0,0
BRDA:9,0,1,1
BRF:2
BRH:1
end_of_record
TN:
SF:/Users/andeladeveloper/Desktop/HelloBooks/client/src/actions/deleteBooks.js
FN:9,deleteBook
FN:10,(anonymous_1)
FN:21,(anonymous_2)
FN:29,(anonymous_3)
FN:36,(anonymous_4)
FNF:5
FNH:5
FNDA:2,deleteBook
FNDA:2,(anonymous_1)
FNDA:2,(anonymous_2)
FNDA:2,(anonymous_3)
FNDA:1,(anonymous_4)
DA:10,2
DA:11,2
DA:12,2
DA:22,2
DA:23,1
DA:25,1
DA:26,1
DA:30,2
DA:31,1
DA:32,1
DA:37,1
LF:11
LH:11
BRDA:22,0,0,1
BRDA:22,0,1,1
BRDA:25,1,0,1
BRDA:25,1,1,0
BRDA:30,2,0,1
BRDA:30,2,1,1
BRDA:31,3,0,1
BRDA:31,3,1,0
BRF:8
BRH:6
end_of_record
TN:
SF:/Users/andeladeveloper/Desktop/HelloBooks/client/src/actions/getBooks.js
FN:8,getbooks
FN:10,(anonymous_1)
FN:18,(anonymous_2)
FN:19,(anonymous_3)
FN:32,(anonymous_4)
FNF:5
FNH:5
FNDA:14,getbooks
FNDA:14,(anonymous_1)
FNDA:2,(anonymous_2)
FNDA:2,(anonymous_3)
FNDA:13,(anonymous_4)
DA:9,14
DA:10,14
DA:11,14
DA:12,14
DA:18,2
DA:20,2
DA:22,1
DA:24,1
DA:25,1
DA:26,1
DA:27,1
DA:33,13
LF:12
LH:12
BRDA:20,0,0,1
BRDA:20,0,1,1
BRDA:24,1,0,1
BRDA:24,1,1,0
BRDA:26,2,0,0
BRDA:26,2,1,1
BRDA:27,3,0,1
BRDA:27,3,1,0
BRF:8
BRH:5
end_of_record
TN:
SF:/Users/andeladeveloper/Desktop/HelloBooks/client/src/actions/getUserDetails.js
FN:8,getUserdetails
FN:12,(anonymous_1)
FN:24,(anonymous_2)
FN:25,(anonymous_3)
FN:33,(anonymous_4)
FNF:5
FNH:5
FNDA:2,getUserdetails
FNDA:2,(anonymous_1)
FNDA:2,(anonymous_2)
FNDA:2,(anonymous_3)
FNDA:1,(anonymous_4)
DA:9,2
DA:10,2
DA:12,2
DA:13,2
DA:15,2
DA:24,2
DA:26,2
DA:27,1
DA:29,1
DA:30,1
DA:34,1
LF:11
LH:11
BRDA:26,0,0,1
BRDA:26,0,1,1
BRDA:29,1,0,1
BRDA:29,1,1,0
BRF:4
BRH:3
end_of_record
TN:
SF:/Users/andeladeveloper/Desktop/HelloBooks/client/src/actions/getborrowedBooks.js
FN:10,getborrowedBooks
FN:13,(anonymous_1)
FN:22,(anonymous_2)
FN:23,(anonymous_3)
FN:31,(anonymous_4)
FNF:5
FNH:5
FNDA:2,getborrowedBooks
FNDA:2,(anonymous_1)
FNDA:2,(anonymous_2)
FNDA:2,(anonymous_3)
FNDA:1,(anonymous_4)
DA:11,2
DA:12,2
DA:13,2
DA:14,2
DA:16,2
DA:22,2
DA:24,2
DA:26,1
DA:28,1
DA:29,1
DA:33,1
LF:11
LH:11
BRDA:24,0,0,1
BRDA:24,0,1,1
BRDA:28,1,0,1
BRDA:28,1,1,0
BRF:4
BRH:3
end_of_record
TN:
SF:/Users/andeladeveloper/Desktop/HelloBooks/client/src/actions/getunreturnedBooks.js
FN:10,getunreturnedBooks
FN:13,(anonymous_1)
FN:21,(anonymous_2)
FN:22,(anonymous_3)
FN:36,(anonymous_4)
FNF:5
FNH:5
FNDA:2,getunreturnedBooks
FNDA:2,(anonymous_1)
FNDA:2,(anonymous_2)
FNDA:2,(anonymous_3)
FNDA:1,(anonymous_4)
DA:11,2
DA:12,2
DA:13,2
DA:14,2
DA:15,2
DA:21,2
DA:23,2
DA:24,1
DA:25,1
DA:28,1
DA:29,1
DA:32,0
DA:33,0
DA:37,1
DA:38,1
LF:15
LH:13
BRDA:23,0,0,1
BRDA:23,0,1,1
BRDA:24,1,0,1
BRDA:24,1,1,0
BRDA:28,2,0,1
BRDA:28,2,1,0
BRDA:32,3,0,0
BRDA:32,3,1,0
BRDA:37,4,0,1
BRDA:37,4,1,0
BRF:10
BRH:5
end_of_record
TN:
SF:/Users/andeladeveloper/Desktop/HelloBooks/client/src/actions/loginAction.js
FN:11,userSignin
FN:12,(anonymous_1)
FN:24,(anonymous_2)
FN:25,(anonymous_3)
FN:41,(anonymous_4)
FNF:5
FNH:5
FNDA:2,userSignin
FNDA:2,(anonymous_1)
FNDA:2,(anonymous_2)
FNDA:2,(anonymous_3)
FNDA:1,(anonymous_4)
DA:12,2
DA:13,2
DA:15,2
DA:24,2
DA:26,2
DA:28,1
DA:30,1
DA:31,1
DA:32,1
DA:33,1
DA:34,1
DA:35,1
DA:36,1
DA:37,0
DA:42,1
LF:15
LH:14
BRDA:26,0,0,1
BRDA:26,0,1,1
BRDA:30,1,0,1
BRDA:30,1,1,0
BRDA:36,2,0,0
BRDA:36,2,1,1
BRF:6
BRH:4
end_of_record
TN:
SF:/Users/andeladeveloper/Desktop/HelloBooks/client/src/actions/logoutAction.js
FN:6,logout
FN:10,(anonymous_1)
FNF:2
FNH:2
FNDA:1,logout
FNDA:1,(anonymous_1)
DA:8,1
DA:10,1
DA:11,1
LF:3
LH:3
BRF:0
BRH:0
end_of_record
TN:
SF:/Users/andeladeveloper/Desktop/HelloBooks/client/src/actions/returnBooks.js
FN:11,returnbook
FN:15,(anonymous_1)
FN:28,(anonymous_2)
FN:29,(anonymous_3)
FN:37,(anonymous_4)
FNF:5
FNH:5
FNDA:2,returnbook
FNDA:2,(anonymous_1)
FNDA:2,(anonymous_2)
FNDA:2,(anonymous_3)
FNDA:1,(anonymous_4)
DA:12,2
DA:13,2
DA:15,2
DA:16,2
DA:18,2
DA:28,2
DA:30,2
DA:31,1
DA:33,1
DA:34,1
DA:38,1
LF:11
LH:11
BRDA:30,0,0,1
BRDA:30,0,1,1
BRDA:33,1,0,1
BRDA:33,1,1,0
BRF:4
BRH:3
end_of_record
TN:
SF:/Users/andeladeveloper/Desktop/HelloBooks/client/src/actions/searchbooks.js
FN:7,searchbooks
FN:9,(anonymous_1)
FN:40,(anonymous_2)
FN:46,(anonymous_3)
FNF:4
FNH:3
FNDA:5,searchbooks
FNDA:40,(anonymous_1)
FNDA:0,(anonymous_2)
FNDA:5,(anonymous_3)
DA:8,5
DA:9,5
DA:10,40
DA:11,8
DA:13,32
DA:14,8
DA:16,24
DA:17,8
DA:20,16
DA:27,5
DA:28,5
DA:29,5
DA:30,5
DA:31,5
DA:32,5
DA:33,5
DA:35,5
DA:36,5
DA:37,0
DA:38,0
DA:39,0
DA:40,0
DA:41,0
DA:45,5
DA:46,5
DA:47,5
LF:26
LH:21
BRDA:10,0,0,8
BRDA:10,0,1,32
BRDA:13,1,0,8
BRDA:13,1,1,24
BRDA:16,2,0,8
BRDA:16,2,1,16
BRDA:36,3,0,0
BRDA:36,3,1,5
BRF:8
BRH:7
end_of_record
TN:
SF:/Users/andeladeveloper/Desktop/HelloBooks/client/src/actions/showbooksByCategory.js
FN:6,showbooksByCategory
FN:9,(anonymous_1)
FNF:2
FNH:2
FNDA:1,showbooksByCategory
FNDA:1,(anonymous_1)
DA:7,1
DA:9,1
DA:10,1
LF:3
LH:3
BRF:0
BRH:0
end_of_record
TN:
SF:/Users/andeladeveloper/Desktop/HelloBooks/client/src/actions/signupAction.js
FN:12,userSignup
FN:14,(anonymous_1)
FN:26,(anonymous_2)
FN:27,(anonymous_3)
FN:41,(anonymous_4)
FNF:5
FNH:5
FNDA:2,userSignup
FNDA:2,(anonymous_1)
FNDA:2,(anonymous_2)
FNDA:2,(anonymous_3)
FNDA:2,(anonymous_4)
DA:13,2
DA:14,2
DA:15,2
DA:17,2
DA:26,2
DA:28,2
DA:30,1
DA:32,1
DA:33,1
DA:34,1
DA:38,1
DA:43,2
LF:12
LH:12
BRDA:28,0,0,1
BRDA:28,0,1,1
BRDA:32,1,0,1
BRDA:32,1,1,0
BRF:4
BRH:3
end_of_record
TN:
SF:/Users/andeladeveloper/Desktop/HelloBooks/client/src/actions/updateBooks.js
FN:8,updateBook
FN:9,(anonymous_1)
FN:22,(anonymous_2)
FN:23,(anonymous_3)
FN:31,(anonymous_4)
FNF:5
FNH:5
FNDA:2,updateBook
FNDA:2,(anonymous_1)
FNDA:2,(anonymous_2)
FNDA:2,(anonymous_3)
FNDA:1,(anonymous_4)
DA:9,2
DA:10,2
DA:12,2
DA:22,2
DA:24,2
DA:25,1
DA:27,1
DA:28,1
DA:32,1
LF:9
LH:9
BRDA:24,0,0,1
BRDA:24,0,1,1
BRDA:27,1,0,1
BRDA:27,1,1,0
BRF:4
BRH:3
end_of_record
TN:
SF:/Users/andeladeveloper/Desktop/HelloBooks/client/src/actions/updateuserDetails.js
FN:10,updateUser
FN:14,(anonymous_1)
FN:27,(anonymous_2)
FN:28,(anonymous_3)
FN:36,(anonymous_4)
FNF:5
FNH:4
FNDA:1,updateUser
FNDA:1,(anonymous_1)
FNDA:1,(anonymous_2)
FNDA:1,(anonymous_3)
FNDA:0,(anonymous_4)
DA:11,1
DA:12,1
DA:14,1
DA:15,1
DA:17,1
DA:27,1
DA:29,1
DA:30,0
DA:32,1
DA:33,1
DA:37,0
LF:11
LH:9
BRDA:29,0,0,0
BRDA:29,0,1,1
BRDA:32,1,0,1
BRDA:32,1,1,0
BRF:4
BRH:2
end_of_record
TN:
SF:/Users/andeladeveloper/Desktop/HelloBooks/client/src/actions/uploadBooks.js
FN:8,uploadBook
FN:9,(anonymous_1)
FN:22,(anonymous_2)
FN:23,(anonymous_3)
FN:31,(anonymous_4)
FNF:5
FNH:5
FNDA:2,uploadBook
FNDA:2,(anonymous_1)
FNDA:2,(anonymous_2)
FNDA:2,(anonymous_3)
FNDA:1,(anonymous_4)
DA:9,2
DA:10,2
DA:12,2
DA:22,2
DA:24,2
DA:25,1
DA:27,1
DA:28,1
DA:32,1
LF:9
LH:9
BRDA:24,0,0,1
BRDA:24,0,1,1
BRDA:27,1,0,1
BRDA:27,1,1,0
BRF:4
BRH:3
end_of_record
TN:
SF:/Users/andeladeveloper/Desktop/HelloBooks/client/src/actions/uploadImage.js
FN:7,uploadImage
FN:11,(anonymous_1)
FN:19,(anonymous_2)
FN:27,(anonymous_3)
FN:30,(anonymous_4)
FNF:5
FNH:5
FNDA:2,uploadImage
FNDA:2,(anonymous_1)
FNDA:2,(anonymous_2)
FNDA:1,(anonymous_3)
FNDA:1,(anonymous_4)
DA:5,9
DA:8,2
DA:9,2
DA:10,2
DA:11,2
DA:12,2
DA:14,2
DA:20,2
DA:21,1
DA:23,1
DA:24,1
DA:28,1
DA:31,1
LF:13
LH:13
BRDA:20,0,0,1
BRDA:20,0,1,1
BRDA:23,1,0,1
BRDA:23,1,1,0
BRF:4
BRH:3
end_of_record
TN:
SF:/Users/andeladeveloper/Desktop/HelloBooks/client/src/actions/uploadUserAvatar.js
FN:7,uploadAvatar
FN:11,(anonymous_1)
FN:19,(anonymous_2)
FN:28,(anonymous_3)
FN:32,(anonymous_4)
FNF:5
FNH:5
FNDA:2,uploadAvatar
FNDA:2,(anonymous_1)
FNDA:2,(anonymous_2)
FNDA:1,(anonymous_3)
FNDA:1,(anonymous_4)
DA:5,2
DA:8,2
DA:9,2
DA:10,2
DA:11,2
DA:12,2
DA:14,2
DA:20,2
DA:21,1
DA:24,1
DA:25,1
DA:29,1
DA:33,1
LF:13
LH:13
BRDA:20,0,0,1
BRDA:20,0,1,1
BRDA:24,1,0,1
BRDA:24,1,1,0
BRF:4
BRH:3
end_of_record
TN:
SF:/Users/andeladeveloper/Desktop/HelloBooks/client/src/components/Footer.js
FN:4,(anonymous_0)
FNF:1
FNH:1
FNDA:16,(anonymous_0)
DA:5,16
LF:1
LH:1
BRF:0
BRH:0
end_of_record
TN:
SF:/Users/andeladeveloper/Desktop/HelloBooks/client/src/components/Login.js
FN:13,(anonymous_0)
FN:32,mapStateToProps
FNF:2
FNH:2
FNDA:11,(anonymous_0)
FNDA:10,mapStateToProps
DA:14,11
DA:25,1
DA:33,10
LF:3
LH:3
BRF:0
BRH:0
end_of_record
TN:
SF:/Users/andeladeveloper/Desktop/HelloBooks/client/src/components/LoginForm.js
FN:8,(anonymous_0)
FN:20,(anonymous_1)
FN:24,(anonymous_2)
FN:31,(anonymous_3)
FNF:4
FNH:4
FNDA:15,(anonymous_0)
FNDA:1,(anonymous_1)
FNDA:1,(anonymous_2)
FNDA:17,(anonymous_3)
DA:9,15
DA:10,15
DA:16,15
DA:17,15
DA:21,1
DA:25,1
DA:26,1
DA:27,1
DA:28,1
DA:32,17
DA:33,17
DA:85,1
LF:12
LH:12
BRDA:36,0,0,17
BRDA:36,0,1,6
BRF:2
BRH:2
end_of_record
TN:
SF:/Users/andeladeveloper/Desktop/HelloBooks/client/src/components/SearchBar.js
FN:5,(anonymous_0)
FNF:1
FNH:1
FNDA:2,(anonymous_0)
DA:6,2
DA:23,1
LF:2
LH:2
BRF:0
BRH:0
end_of_record
TN:
SF:/Users/andeladeveloper/Desktop/HelloBooks/client/src/components/SideBar.js
FN:9,(anonymous_0)
FN:16,(anonymous_1)
FN:21,(anonymous_2)
FN:26,(anonymous_3)
FNF:4
FNH:4
FNDA:22,(anonymous_0)
FNDA:1,(anonymous_1)
FNDA:1,(anonymous_2)
FNDA:22,(anonymous_3)
DA:10,22
DA:12,22
DA:13,22
DA:17,1
DA:18,1
DA:22,1
DA:23,0
DA:27,22
DA:104,2
LF:9
LH:8
BRDA:16,0,0,0
BRDA:17,1,0,0
BRDA:17,1,1,1
BRDA:21,2,0,0
BRDA:22,3,0,0
BRDA:22,3,1,1
BRF:6
BRH:2
end_of_record
TN:
SF:/Users/andeladeveloper/Desktop/HelloBooks/client/src/components/SignUpForm.js
FN:15,(anonymous_0)
FN:30,(anonymous_1)
FN:34,(anonymous_2)
FN:40,(anonymous_3)
FN:42,(anonymous_4)
FNF:5
FNH:5
FNDA:8,(anonymous_0)
FNDA:1,(anonymous_1)
FNDA:1,(anonymous_2)
FNDA:10,(anonymous_3)
FNDA:40,(anonymous_4)
DA:8,2
DA:16,8
DA:17,8
DA:27,8
DA:28,8
DA:31,1
DA:35,1
DA:36,1
DA:37,1
DA:41,10
DA:42,10
DA:43,40
DA:44,10
DA:135,2
LF:14
LH:14
BRDA:47,0,0,10
BRDA:47,0,1,2
BRF:2
BRH:2
end_of_record
TN:
SF:/Users/andeladeveloper/Desktop/HelloBooks/client/src/components/SignUpPage.js
FN:12,(anonymous_0)
FN:36,mapStateToProps
FNF:2
FNH:2
FNDA:5,(anonymous_0)
FNDA:4,mapStateToProps
DA:13,5
DA:14,5
DA:31,1
DA:37,4
LF:4
LH:4
BRF:0
BRH:0
end_of_record
TN:
SF:/Users/andeladeveloper/Desktop/HelloBooks/client/src/components/BookDetail/BookDetailsPage.js
FN:14,(anonymous_0)
FN:41,mapStateToProps
FNF:2
FNH:2
FNDA:7,(anonymous_0)
FNDA:5,mapStateToProps
DA:15,7
DA:32,1
DA:42,5
LF:3
LH:3
BRF:0
BRH:0
end_of_record
TN:
SF:/Users/andeladeveloper/Desktop/HelloBooks/client/src/components/BookDetail/DetailsForm.js
FN:22,(anonymous_0)
FN:35,(anonymous_1)
FN:47,(anonymous_2)
FN:82,(anonymous_3)
FN:103,(anonymous_4)
FN:116,(anonymous_5)
FN:125,(anonymous_6)
FN:130,(anonymous_7)
FN:135,(anonymous_8)
FN:144,(anonymous_9)
FNF:10
FNH:10
FNDA:10,(anonymous_0)
FNDA:11,(anonymous_1)
FNDA:72,(anonymous_2)
FNDA:1,(anonymous_3)
FNDA:1,(anonymous_4)
FNDA:1,(anonymous_5)
FNDA:1,(anonymous_6)
FNDA:1,(anonymous_7)
FNDA:1,(anonymous_8)
FNDA:12,(anonymous_9)
DA:8,1
DA:9,1
DA:10,1
DA:11,1
DA:12,1
DA:13,1
DA:14,1
DA:15,1
DA:16,1
DA:17,1
DA:19,1
DA:23,10
DA:24,10
DA:30,10
DA:31,10
DA:32,10
DA:33,10
DA:36,11
DA:37,0
DA:40,11
DA:41,9
DA:42,9
DA:43,9
DA:44,9
DA:47,72
DA:49,9
DA:50,9
DA:51,9
DA:52,9
DA:53,9
DA:54,9
DA:55,9
DA:56,9
DA:57,9
DA:58,9
DA:59,9
DA:60,9
DA:61,9
DA:62,9
DA:63,9
DA:64,9
DA:69,11
DA:70,2
DA:71,2
DA:72,2
DA:73,2
DA:74,2
DA:75,2
DA:76,2
DA:77,2
DA:83,1
DA:86,1
DA:87,1
DA:88,0
DA:92,0
DA:93,1
DA:94,1
DA:98,1
DA:104,1
DA:105,1
DA:107,1
DA:108,1
DA:109,1
DA:110,1
DA:111,1
DA:112,1
DA:113,1
DA:117,1
DA:118,1
DA:121,1
DA:122,1
DA:126,1
DA:127,1
DA:131,1
DA:132,1
DA:136,1
DA:137,1
DA:138,0
DA:139,0
DA:145,12
DA:154,12
DA:165,12
DA:215,1
LF:83
LH:78
BRDA:36,0,0,0
BRDA:36,0,1,11
BRDA:40,1,0,9
BRDA:40,1,1,2
BRDA:41,2,0,9
BRDA:41,2,1,0
BRDA:69,3,0,2
BRDA:69,3,1,9
BRDA:82,4,0,0
BRDA:86,5,0,1
BRDA:86,5,1,0
BRDA:87,6,0,0
BRDA:87,6,1,1
BRDA:87,7,0,1
BRDA:87,7,1,0
BRDA:92,8,0,0
BRDA:92,8,1,0
BRDA:93,9,0,1
BRDA:93,9,1,0
BRDA:93,10,0,1
BRDA:93,10,1,1
BRDA:98,11,0,0
BRDA:98,11,1,1
BRDA:116,12,0,0
BRDA:122,13,0,0
BRDA:122,13,1,1
BRDA:125,14,0,0
BRDA:127,15,0,0
BRDA:127,15,1,1
BRDA:130,16,0,0
BRDA:132,17,0,0
BRDA:132,17,1,1
BRDA:135,18,0,0
BRDA:137,19,0,0
BRDA:137,19,1,1
BRF:35
BRH:17
end_of_record
TN:
SF:/Users/andeladeveloper/Desktop/HelloBooks/client/src/components/Books/BooksCategory.js
FN:11,(anonymous_0)
FN:15,(anonymous_1)
FN:18,(anonymous_2)
FNF:3
FNH:2
FNDA:2,(anonymous_0)
FNDA:0,(anonymous_1)
FNDA:2,(anonymous_2)
DA:8,1
DA:9,1
DA:12,2
DA:16,0
DA:19,2
DA:20,0
DA:22,2
DA:30,1
LF:8
LH:6
BRDA:12,0,0,1
BRDA:12,0,1,1
BRDA:16,1,0,0
BRDA:16,1,1,0
BRDA:19,2,0,0
BRDA:19,2,1,2
BRDA:24,3,0,0
BRDA:24,3,1,2
BRF:8
BRH:4
end_of_record
TN:
SF:/Users/andeladeveloper/Desktop/HelloBooks/client/src/components/Books/BooksCollection.js
FN:7,(anonymous_0)
FN:13,(anonymous_1)
FN:19,(anonymous_2)
FN:22,(anonymous_3)
FNF:4
FNH:3
FNDA:4,(anonymous_0)
FNDA:0,(anonymous_1)
FNDA:4,(anonymous_2)
FNDA:4,(anonymous_3)
DA:8,4
DA:10,4
DA:14,0
DA:16,0
DA:17,0
DA:20,4
DA:22,4
DA:43,4
DA:59,1
LF:9
LH:6
BRDA:26,0,0,0
BRDA:26,0,1,4
BRF:2
BRH:1
end_of_record
TN:
SF:/Users/andeladeveloper/Desktop/HelloBooks/client/src/components/Books/BooksFilter.js
FN:11,(anonymous_0)
FN:26,(anonymous_1)
FN:37,(anonymous_2)
FN:42,(anonymous_3)
FNF:4
FNH:3
FNDA:4,(anonymous_0)
FNDA:3,(anonymous_1)
FNDA:0,(anonymous_2)
FNDA:10,(anonymous_3)
DA:12,4
DA:13,4
DA:20,4
DA:22,4
DA:27,3
DA:28,3
DA:29,0
DA:30,0
DA:31,0
DA:32,0
DA:38,0
DA:43,10
DA:65,1
LF:13
LH:8
BRDA:28,0,0,0
BRDA:28,0,1,3
BRDA:28,1,0,3
BRDA:28,1,1,0
BRDA:30,2,0,0
BRDA:30,2,1,0
BRDA:30,3,0,0
BRDA:30,3,1,0
BRDA:30,3,2,0
BRDA:57,4,0,10
BRDA:57,4,1,10
BRDA:58,5,0,10
BRDA:58,5,1,0
BRDA:58,5,2,0
BRF:14
BRH:5
end_of_record
TN:
SF:/Users/andeladeveloper/Desktop/HelloBooks/client/src/components/Books/BooksPage.js
FN:18,(anonymous_0)
FN:37,(anonymous_1)
FN:71,mapStateToProps
FNF:3
FNH:3
FNDA:13,(anonymous_0)
FNDA:13,(anonymous_1)
FNDA:12,mapStateToProps
DA:19,13
DA:20,12
DA:24,13
DA:25,13
DA:27,13
DA:28,13
DA:29,13
DA:30,13
DA:31,13
DA:32,13
DA:33,13
DA:38,13
DA:58,1
DA:72,12
LF:14
LH:14
BRDA:19,0,0,12
BRDA:19,0,1,1
BRDA:46,1,0,13
BRDA:46,1,1,1
BRDA:47,2,0,13
BRDA:47,2,1,1
BRDA:48,3,0,13
BRDA:48,3,1,1
BRDA:49,4,0,13
BRDA:49,4,1,1
BRF:10
BRH:10
end_of_record
TN:
SF:/Users/andeladeveloper/Desktop/HelloBooks/client/src/components/Books/BooksPhoto.js
FN:9,(anonymous_0)
FN:15,(anonymous_1)
FN:19,(anonymous_2)
FNF:3
FNH:3
FNDA:2,(anonymous_0)
FNDA:2,(anonymous_1)
FNDA:2,(anonymous_2)
DA:10,2
DA:11,2
DA:13,2
DA:14,2
DA:15,2
DA:16,2
DA:17,2
DA:19,2
DA:20,2
DA:34,1
LF:10
LH:10
BRDA:16,0,0,2
BRDA:16,0,1,0
BRF:2
BRH:1
end_of_record
TN:
SF:/Users/andeladeveloper/Desktop/HelloBooks/client/src/components/Books/Cardbox.js
FN:8,(anonymous_0)
FN:14,(anonymous_1)
FN:17,(anonymous_2)
FNF:3
FNH:2
FNDA:3,(anonymous_0)
FNDA:0,(anonymous_1)
FNDA:3,(anonymous_2)
DA:9,3
DA:11,3
DA:15,0
DA:18,3
DA:19,3
DA:38,1
LF:6
LH:5
BRDA:28,0,0,1
BRDA:28,0,1,2
BRF:2
BRH:2
end_of_record
TN:
SF:/Users/andeladeveloper/Desktop/HelloBooks/client/src/components/select/MembershipSelect.js
FN:5,(anonymous_0)
FNF:1
FNH:1
FNDA:2,(anonymous_0)
DA:6,2
DA:25,1
LF:2
LH:2
BRF:0
BRH:0
end_of_record
