TN:
SF:/Users/andeladeveloper/Desktop/HelloBooks/sum.js
FN:1,sum
FNF:1
FNH:1
FNDA:1,sum
DA:2,1
LF:1
LH:1
BRF:0
BRH:0
end_of_record
TN:
SF:/Users/andeladeveloper/Desktop/HelloBooks/client/__mock__/book.js
FNF:0
FNH:0
DA:1,26
LF:1
LH:1
BRF:0
BRH:0
end_of_record
TN:
SF:/Users/andeladeveloper/Desktop/HelloBooks/client/__mock__/event.js
FN:18,(anonymous_0)
FNF:1
FNH:1
FNDA:36,(anonymous_0)
DA:1,5
LF:1
LH:1
BRF:0
BRH:0
end_of_record
TN:
SF:/Users/andeladeveloper/Desktop/HelloBooks/client/__mock__/localStorage.js
FNF:0
FNH:0
DA:1,30
DA:5,160
DA:8,16
DA:11,1
DA:15,199
LF:5
LH:5
BRF:0
BRH:0
end_of_record
TN:
SF:/Users/andeladeveloper/Desktop/HelloBooks/client/__mock__/user.js
FNF:0
FNH:0
DA:1,12
LF:1
LH:1
BRF:0
BRH:0
end_of_record
TN:
SF:/Users/andeladeveloper/Desktop/HelloBooks/client/actions/UploadImages.js
FN:8,uploadimageRequest
FN:16,uploadimageResponse
FN:24,uploadimageError
FNF:3
FNH:3
FNDA:3,uploadimageRequest
FNDA:2,uploadimageResponse
FNDA:2,uploadimageError
DA:2,11
DA:3,11
DA:4,11
DA:9,3
DA:17,2
DA:25,2
LF:6
LH:6
BRF:0
BRH:0
end_of_record
TN:
SF:/Users/andeladeveloper/Desktop/HelloBooks/client/actions/actionTypes.js
FNF:0
FNH:0
DA:1,14
DA:2,14
DA:3,14
DA:4,14
LF:4
LH:4
BRF:0
BRH:0
end_of_record
TN:
SF:/Users/andeladeveloper/Desktop/HelloBooks/client/actions/borrowBook.js
FN:8,borrowBookRequest
FN:17,borrowBookResponse
FN:26,borrowBookError
FNF:3
FNH:3
FNDA:4,borrowBookRequest
FNDA:2,borrowBookResponse
FNDA:3,borrowBookError
DA:2,4
DA:3,4
DA:4,4
DA:9,4
DA:18,2
DA:27,3
LF:6
LH:6
BRF:0
BRH:0
end_of_record
TN:
SF:/Users/andeladeveloper/Desktop/HelloBooks/client/actions/changePassword.js
FN:8,changepasswordRequest
FN:16,changepasswordResponse
FN:24,changepasswordError
FNF:3
FNH:3
FNDA:3,changepasswordRequest
FNDA:2,changepasswordResponse
FNDA:2,changepasswordError
DA:2,4
DA:3,4
DA:4,4
DA:9,3
DA:17,2
DA:25,2
LF:6
LH:6
BRF:0
BRH:0
end_of_record
TN:
SF:/Users/andeladeveloper/Desktop/HelloBooks/client/actions/deleteBooks.js
FN:8,deletebookRequest
FN:16,deletebookResponse
FN:24,deletebookError
FNF:3
FNH:3
FNDA:3,deletebookRequest
FNDA:2,deletebookResponse
FNDA:2,deletebookError
DA:2,3
DA:3,3
DA:4,3
DA:9,3
DA:17,2
DA:25,2
LF:6
LH:6
BRF:0
BRH:0
end_of_record
TN:
SF:/Users/andeladeveloper/Desktop/HelloBooks/client/actions/displayMessages.js
FN:3,displayMessage
FNF:1
FNH:1
FNDA:2,displayMessage
DA:4,2
LF:1
LH:1
BRF:0
BRH:0
end_of_record
TN:
SF:/Users/andeladeveloper/Desktop/HelloBooks/client/actions/getBooks.js
FN:6,getbooksRequest
FN:14,getbooksReponse
FN:23,getbooksError
FNF:3
FNH:3
FNDA:21,getbooksRequest
FNDA:2,getbooksReponse
FNDA:20,getbooksError
DA:1,7
DA:2,7
DA:3,7
DA:7,21
DA:15,2
DA:24,20
LF:6
LH:6
BRF:0
BRH:0
end_of_record
TN:
SF:/Users/andeladeveloper/Desktop/HelloBooks/client/actions/getFilteredBooks.js
FN:4,getFilteredBooks
FN:11,showBooksByCategory
FNF:2
FNH:2
FNDA:6,getFilteredBooks
FNDA:2,showBooksByCategory
DA:1,3
DA:2,3
DA:5,6
DA:12,2
LF:4
LH:4
BRF:0
BRH:0
end_of_record
TN:
SF:/Users/andeladeveloper/Desktop/HelloBooks/client/actions/getUserDetails.js
FN:6,getuserdetailsRequest
FN:13,getuserdetailsReponse
FN:21,getuserdetailsError
FNF:3
FNH:3
FNDA:3,getuserdetailsRequest
FNDA:2,getuserdetailsReponse
FNDA:2,getuserdetailsError
DA:1,4
DA:2,4
DA:3,4
DA:7,3
DA:14,2
DA:22,2
LF:6
LH:6
BRF:0
BRH:0
end_of_record
TN:
SF:/Users/andeladeveloper/Desktop/HelloBooks/client/actions/getborrowedBooks.js
FN:6,getborrowedbooksRequest
FN:14,getborrowedbooksReponse
FN:23,getborrowedbooksError
FNF:3
FNH:3
FNDA:3,getborrowedbooksRequest
FNDA:2,getborrowedbooksReponse
FNDA:2,getborrowedbooksError
DA:1,4
DA:2,4
DA:3,4
DA:7,3
DA:15,2
DA:24,2
LF:6
LH:6
BRF:0
BRH:0
end_of_record
TN:
SF:/Users/andeladeveloper/Desktop/HelloBooks/client/actions/getunreturnedBooks.js
FN:6,getunreturnedbooksRequest
FN:14,getunreturnedbooksReponse
FN:23,getunreturnedbooksError
FNF:3
FNH:3
FNDA:3,getunreturnedbooksRequest
FNDA:2,getunreturnedbooksReponse
FNDA:2,getunreturnedbooksError
DA:1,4
DA:2,4
DA:3,4
DA:7,3
DA:15,2
DA:24,2
LF:6
LH:6
BRF:0
BRH:0
end_of_record
TN:
SF:/Users/andeladeveloper/Desktop/HelloBooks/client/actions/loginActions.js
FN:8,loginRequest
FN:17,loginResponse
FN:26,loginError
FNF:3
FNH:3
FNDA:3,loginRequest
FNDA:2,loginResponse
FNDA:2,loginError
DA:2,4
DA:3,4
DA:4,4
DA:9,3
DA:18,2
DA:27,2
LF:6
LH:6
BRF:0
BRH:0
end_of_record
TN:
SF:/Users/andeladeveloper/Desktop/HelloBooks/client/actions/popMessages.js
FN:3,popMessage
FNF:1
FNH:1
FNDA:1,popMessage
DA:4,1
LF:1
LH:1
BRF:0
BRH:0
end_of_record
TN:
SF:/Users/andeladeveloper/Desktop/HelloBooks/client/actions/refreshPage.js
FN:8,refresh
FN:15,undoRefresh
FNF:2
FNH:0
FNDA:0,refresh
FNDA:0,undoRefresh
DA:2,1
DA:3,1
DA:9,0
DA:16,0
LF:4
LH:2
BRF:0
BRH:0
end_of_record
TN:
SF:/Users/andeladeveloper/Desktop/HelloBooks/client/actions/returnBook.js
FN:8,returnbookRequest
FN:16,returnbookResponse
FN:24,returnbookError
FNF:3
FNH:3
FNDA:3,returnbookRequest
FNDA:2,returnbookResponse
FNDA:2,returnbookError
DA:2,4
DA:3,4
DA:4,4
DA:9,3
DA:17,2
DA:25,2
LF:6
LH:6
BRF:0
BRH:0
end_of_record
TN:
SF:/Users/andeladeveloper/Desktop/HelloBooks/client/actions/setCurrentuser.js
FN:3,setCurrentuser
FNF:1
FNH:1
FNDA:2,setCurrentuser
DA:4,2
LF:1
LH:1
BRF:0
BRH:0
end_of_record
TN:
SF:/Users/andeladeveloper/Desktop/HelloBooks/client/actions/showBookDetails.js
FN:4,showBookDetails
FNF:1
FNH:1
FNDA:2,showBookDetails
DA:1,3
DA:5,2
LF:2
LH:2
BRF:0
BRH:0
end_of_record
TN:
SF:/Users/andeladeveloper/Desktop/HelloBooks/client/actions/signupActions.js
FN:8,(anonymous_0)
FN:17,(anonymous_1)
FN:26,(anonymous_2)
FNF:3
FNH:3
FNDA:3,(anonymous_0)
FNDA:2,(anonymous_1)
FNDA:3,(anonymous_2)
DA:2,4
DA:3,4
DA:4,4
DA:8,4
DA:9,3
DA:17,4
DA:18,2
DA:26,4
DA:27,3
LF:9
LH:9
BRF:0
BRH:0
end_of_record
TN:
SF:/Users/andeladeveloper/Desktop/HelloBooks/client/actions/updateBooks.js
FN:8,updatebookRequest
FN:16,updatebookResponse
FN:24,updatebookError
FNF:3
FNH:3
FNDA:3,updatebookRequest
FNDA:2,updatebookResponse
FNDA:2,updatebookError
DA:2,3
DA:3,3
DA:4,3
DA:9,3
DA:17,2
DA:25,2
LF:6
LH:6
BRF:0
BRH:0
end_of_record
TN:
SF:/Users/andeladeveloper/Desktop/HelloBooks/client/actions/updateUser.js
FN:8,updateuserRequest
FN:16,updateuserResponse
FN:24,updateuserError
FNF:3
FNH:3
FNDA:2,updateuserRequest
FNDA:2,updateuserResponse
FNDA:1,updateuserError
DA:2,3
DA:3,3
DA:4,3
DA:9,2
DA:17,2
DA:25,1
LF:6
LH:6
BRF:0
BRH:0
end_of_record
TN:
SF:/Users/andeladeveloper/Desktop/HelloBooks/client/actions/uploadAvatar.js
FN:8,uploadProfileImageRequest
FN:16,uploadProfileImageResponse
FN:24,uploadProfileImageError
FNF:3
FNH:3
FNDA:3,uploadProfileImageRequest
FNDA:2,uploadProfileImageResponse
FNDA:2,uploadProfileImageError
DA:2,4
DA:3,4
DA:4,4
DA:9,3
DA:17,2
DA:25,2
LF:6
LH:6
BRF:0
BRH:0
end_of_record
TN:
SF:/Users/andeladeveloper/Desktop/HelloBooks/client/actions/uploadBooks.js
FN:8,uploadbookRequest
FN:16,uploadbookResponse
FN:24,uploadbookError
FNF:3
FNH:3
FNDA:3,uploadbookRequest
FNDA:2,uploadbookResponse
FNDA:2,uploadbookError
DA:2,3
DA:3,3
DA:4,3
DA:9,3
DA:17,2
DA:25,2
LF:6
LH:6
BRF:0
BRH:0
end_of_record
TN:
SF:/Users/andeladeveloper/Desktop/HelloBooks/client/reducers/UserDetails.js
FN:8,(anonymous_0)
FNF:1
FNH:1
FNDA:4,(anonymous_0)
DA:3,1
DA:9,4
DA:11,1
DA:17,1
DA:23,1
DA:29,1
LF:6
LH:6
BRDA:8,0,0,4
BRDA:9,1,0,1
BRDA:9,1,1,1
BRDA:9,1,2,1
BRDA:9,1,3,1
BRF:5
BRH:5
end_of_record
TN:
SF:/Users/andeladeveloper/Desktop/HelloBooks/client/reducers/books.js
FN:9,(anonymous_0)
FNF:1
FNH:1
FNDA:4,(anonymous_0)
DA:3,3
DA:10,4
DA:12,1
DA:19,1
DA:26,1
DA:33,1
LF:6
LH:6
BRDA:9,0,0,4
BRDA:10,1,0,1
BRDA:10,1,1,1
BRDA:10,1,2,1
BRDA:10,1,3,1
BRF:5
BRH:5
end_of_record
TN:
SF:/Users/andeladeveloper/Desktop/HelloBooks/client/reducers/borrowBooks.js
FN:12,(anonymous_0)
FNF:1
FNH:1
FNDA:4,(anonymous_0)
DA:5,1
DA:13,4
DA:15,1
DA:23,1
DA:31,1
DA:40,1
LF:6
LH:6
BRDA:12,0,0,4
BRDA:13,1,0,1
BRDA:13,1,1,1
BRDA:13,1,2,1
BRDA:13,1,3,1
BRF:5
BRH:5
end_of_record
TN:
SF:/Users/andeladeveloper/Desktop/HelloBooks/client/reducers/deleteBooks.js
FN:9,(anonymous_0)
FNF:1
FNH:1
FNDA:4,(anonymous_0)
DA:3,1
DA:10,4
DA:12,1
DA:19,1
DA:26,1
DA:34,1
LF:6
LH:6
BRDA:9,0,0,4
BRDA:10,1,0,1
BRDA:10,1,1,1
BRDA:10,1,2,1
BRDA:10,1,3,1
BRF:5
BRH:5
end_of_record
TN:
SF:/Users/andeladeveloper/Desktop/HelloBooks/client/reducers/displayMessages.js
FN:12,(anonymous_0)
FNF:1
FNH:1
FNDA:2,(anonymous_0)
DA:5,1
DA:13,2
DA:15,1
DA:21,1
LF:4
LH:4
BRDA:12,0,0,2
BRDA:13,1,0,1
BRDA:13,1,1,1
BRF:3
BRH:3
end_of_record
TN:
SF:/Users/andeladeveloper/Desktop/HelloBooks/client/reducers/getborrowedBooks.js
FN:9,(anonymous_0)
FNF:1
FNH:1
FNDA:4,(anonymous_0)
DA:3,1
DA:10,4
DA:12,1
DA:19,1
DA:26,1
DA:33,1
LF:6
LH:6
BRDA:9,0,0,4
BRDA:10,1,0,1
BRDA:10,1,1,1
BRDA:10,1,2,1
BRDA:10,1,3,1
BRF:5
BRH:5
end_of_record
TN:
SF:/Users/andeladeveloper/Desktop/HelloBooks/client/reducers/getunreturnedBooks.js
FN:9,(anonymous_0)
FNF:1
FNH:1
FNDA:4,(anonymous_0)
DA:3,1
DA:10,4
DA:12,1
DA:19,1
DA:26,1
DA:33,1
LF:6
LH:6
BRDA:9,0,0,4
BRDA:10,1,0,1
BRDA:10,1,1,1
BRDA:10,1,2,1
BRDA:10,1,3,1
BRF:5
BRH:5
end_of_record
TN:
SF:/Users/andeladeveloper/Desktop/HelloBooks/client/reducers/log.js
FN:12,(anonymous_0)
FNF:1
FNH:1
FNDA:4,(anonymous_0)
DA:5,1
DA:13,4
DA:15,1
DA:23,1
DA:31,1
DA:39,1
LF:6
LH:6
BRDA:12,0,0,4
BRDA:13,1,0,1
BRDA:13,1,1,1
BRDA:13,1,2,1
BRDA:13,1,3,1
BRF:5
BRH:5
end_of_record
TN:
SF:/Users/andeladeveloper/Desktop/HelloBooks/client/reducers/passwordChange.js
FN:8,(anonymous_0)
FNF:1
FNH:1
FNDA:4,(anonymous_0)
DA:3,1
DA:9,4
DA:11,1
DA:17,1
DA:23,1
DA:29,1
LF:6
LH:6
BRDA:8,0,0,4
BRDA:9,1,0,1
BRDA:9,1,1,1
BRDA:9,1,2,1
BRDA:9,1,3,1
BRF:5
BRH:5
end_of_record
TN:
SF:/Users/andeladeveloper/Desktop/HelloBooks/client/reducers/popMessages.js
FN:13,(anonymous_0)
FNF:1
FNH:1
FNDA:2,(anonymous_0)
DA:6,1
DA:14,2
DA:16,1
DA:22,1
LF:4
LH:4
BRDA:13,0,0,2
BRDA:14,1,0,1
BRDA:14,1,1,1
BRF:3
BRH:3
end_of_record
TN:
SF:/Users/andeladeveloper/Desktop/HelloBooks/client/reducers/reg.js
FN:12,(anonymous_0)
FNF:1
FNH:1
FNDA:4,(anonymous_0)
DA:5,1
DA:13,4
DA:15,1
DA:23,1
DA:31,1
DA:40,1
LF:6
LH:6
BRDA:12,0,0,4
BRDA:13,1,0,1
BRDA:13,1,1,1
BRDA:13,1,2,1
BRDA:13,1,3,1
BRF:5
BRH:5
end_of_record
TN:
SF:/Users/andeladeveloper/Desktop/HelloBooks/client/reducers/returnBooks.js
FN:9,(anonymous_0)
FNF:1
FNH:1
FNDA:4,(anonymous_0)
DA:3,1
DA:10,4
DA:12,1
DA:19,1
DA:26,1
DA:34,1
LF:6
LH:6
BRDA:9,0,0,4
BRDA:10,1,0,1
BRDA:10,1,1,1
BRDA:10,1,2,1
BRDA:10,1,3,1
BRF:5
BRH:5
end_of_record
TN:
SF:/Users/andeladeveloper/Desktop/HelloBooks/client/reducers/updateBooks.js
FN:9,(anonymous_0)
FNF:1
FNH:1
FNDA:4,(anonymous_0)
DA:3,1
DA:10,4
DA:12,1
DA:19,1
DA:26,1
DA:34,1
LF:6
LH:6
BRDA:9,0,0,4
BRDA:10,1,0,1
BRDA:10,1,1,1
BRDA:10,1,2,1
BRDA:10,1,3,1
BRF:5
BRH:5
end_of_record
TN:
SF:/Users/andeladeveloper/Desktop/HelloBooks/client/reducers/updateUser.js
FN:8,(anonymous_0)
FNF:1
FNH:1
FNDA:4,(anonymous_0)
DA:3,1
DA:9,4
DA:11,1
DA:17,1
DA:23,1
DA:29,1
LF:6
LH:6
BRDA:8,0,0,4
BRDA:9,1,0,1
BRDA:9,1,1,1
BRDA:9,1,2,1
BRDA:9,1,3,1
BRF:5
BRH:5
end_of_record
TN:
SF:/Users/andeladeveloper/Desktop/HelloBooks/client/reducers/uploadBooks.js
FN:9,(anonymous_0)
FNF:1
FNH:1
FNDA:4,(anonymous_0)
DA:3,1
DA:10,4
DA:12,1
DA:19,1
DA:26,1
DA:34,1
LF:6
LH:6
BRDA:9,0,0,4
BRDA:10,1,0,1
BRDA:10,1,1,1
BRDA:10,1,2,1
BRDA:10,1,3,1
BRF:5
BRH:5
end_of_record
TN:
SF:/Users/andeladeveloper/Desktop/HelloBooks/client/reducers/uploadImages.js
FN:9,(anonymous_0)
FNF:1
FNH:1
FNDA:4,(anonymous_0)
DA:3,1
DA:10,4
DA:12,1
DA:19,1
DA:26,1
DA:34,1
LF:6
LH:6
BRDA:9,0,0,4
BRDA:10,1,0,1
BRDA:10,1,1,1
BRDA:10,1,2,1
BRDA:10,1,3,1
BRF:5
BRH:5
end_of_record
TN:
SF:/Users/andeladeveloper/Desktop/HelloBooks/client/reducers/userProfileImage.js
FN:9,(anonymous_0)
FNF:1
FNH:1
FNDA:4,(anonymous_0)
DA:3,1
DA:10,4
DA:12,1
DA:19,1
DA:26,1
DA:34,1
LF:6
LH:6
BRDA:9,0,0,4
BRDA:10,1,0,1
BRDA:10,1,1,1
BRDA:10,1,2,1
BRDA:10,1,3,1
BRF:5
BRH:5
end_of_record
TN:
SF:/Users/andeladeveloper/Desktop/HelloBooks/client/src/actions/borrowBooks.js
FN:11,borrowBooks
FN:16,(anonymous_1)
FN:28,(anonymous_2)
FN:29,(anonymous_3)
FN:37,(anonymous_4)
FNF:5
FNH:5
FNDA:3,borrowBooks
FNDA:3,(anonymous_1)
FNDA:3,(anonymous_2)
FNDA:3,(anonymous_3)
FNDA:2,(anonymous_4)
DA:13,3
DA:14,3
DA:16,3
DA:17,3
DA:18,3
DA:28,3
DA:30,3
DA:31,1
DA:33,2
DA:34,2
DA:38,2
LF:11
LH:11
BRDA:30,0,0,1
BRDA:30,0,1,2
BRDA:33,1,0,2
BRDA:33,1,1,0
BRF:4
BRH:3
end_of_record
TN:
SF:/Users/andeladeveloper/Desktop/HelloBooks/client/src/actions/changePassword.js
FN:9,changePassword
FN:12,(anonymous_1)
FN:25,(anonymous_2)
FN:26,(anonymous_3)
FN:34,(anonymous_4)
FNF:5
FNH:5
FNDA:2,changePassword
FNDA:2,(anonymous_1)
FNDA:2,(anonymous_2)
FNDA:2,(anonymous_3)
FNDA:1,(anonymous_4)
DA:10,2
DA:11,2
DA:12,2
DA:13,2
DA:15,2
DA:25,2
DA:27,2
DA:28,1
DA:30,1
DA:31,1
DA:35,1
LF:11
LH:11
BRDA:27,0,0,1
BRDA:27,0,1,1
BRDA:30,1,0,1
BRDA:30,1,1,0
BRF:4
BRH:3
end_of_record
TN:
SF:/Users/andeladeveloper/Desktop/HelloBooks/client/src/actions/checkBookDetails.js
FN:8,checkBookDetails
FN:10,(anonymous_1)
FNF:2
FNH:2
FNDA:1,checkBookDetails
FNDA:1,(anonymous_1)
DA:9,1
DA:10,1
DA:11,1
LF:3
LH:3
BRDA:9,0,0,0
BRDA:9,0,1,1
BRF:2
BRH:1
end_of_record
TN:
SF:/Users/andeladeveloper/Desktop/HelloBooks/client/src/actions/deleteBooks.js
FN:9,deleteBook
FN:10,(anonymous_1)
FN:21,(anonymous_2)
FN:29,(anonymous_3)
FN:36,(anonymous_4)
FNF:5
FNH:5
FNDA:2,deleteBook
FNDA:2,(anonymous_1)
FNDA:2,(anonymous_2)
FNDA:2,(anonymous_3)
FNDA:1,(anonymous_4)
DA:10,2
DA:11,2
DA:12,2
DA:22,2
DA:23,1
DA:25,1
DA:26,1
DA:30,2
DA:31,1
DA:32,1
DA:37,1
LF:11
LH:11
BRDA:22,0,0,1
BRDA:22,0,1,1
BRDA:25,1,0,1
BRDA:25,1,1,0
BRDA:30,2,0,1
BRDA:30,2,1,1
BRDA:31,3,0,1
BRDA:31,3,1,0
BRF:8
BRH:6
end_of_record
TN:
SF:/Users/andeladeveloper/Desktop/HelloBooks/client/src/actions/getBooks.js
FN:8,getbooks
FN:10,(anonymous_1)
FN:18,(anonymous_2)
FN:19,(anonymous_3)
FN:32,(anonymous_4)
FNF:5
FNH:5
FNDA:20,getbooks
FNDA:20,(anonymous_1)
FNDA:2,(anonymous_2)
FNDA:2,(anonymous_3)
FNDA:19,(anonymous_4)
DA:9,20
DA:10,20
DA:11,20
DA:12,20
DA:18,2
DA:20,2
DA:22,1
DA:24,1
DA:25,1
DA:26,1
DA:27,1
DA:33,19
LF:12
LH:12
BRDA:20,0,0,1
BRDA:20,0,1,1
BRDA:24,1,0,1
BRDA:24,1,1,0
BRDA:26,2,0,0
BRDA:26,2,1,1
BRDA:27,3,0,1
BRDA:27,3,1,0
BRF:8
BRH:5
end_of_record
TN:
SF:/Users/andeladeveloper/Desktop/HelloBooks/client/src/actions/getUserDetails.js
FN:8,getUserdetails
FN:12,(anonymous_1)
FN:24,(anonymous_2)
FN:25,(anonymous_3)
FN:33,(anonymous_4)
FNF:5
FNH:5
FNDA:2,getUserdetails
FNDA:2,(anonymous_1)
FNDA:2,(anonymous_2)
FNDA:2,(anonymous_3)
FNDA:1,(anonymous_4)
DA:9,2
DA:10,2
DA:12,2
DA:13,2
DA:15,2
DA:24,2
DA:26,2
DA:27,1
DA:29,1
DA:30,1
DA:34,1
LF:11
LH:11
BRDA:26,0,0,1
BRDA:26,0,1,1
BRDA:29,1,0,1
BRDA:29,1,1,0
BRF:4
BRH:3
end_of_record
TN:
SF:/Users/andeladeveloper/Desktop/HelloBooks/client/src/actions/getborrowedBooks.js
FN:10,getborrowedBooks
FN:13,(anonymous_1)
FN:22,(anonymous_2)
FN:23,(anonymous_3)
FN:31,(anonymous_4)
FNF:5
FNH:5
FNDA:2,getborrowedBooks
FNDA:2,(anonymous_1)
FNDA:2,(anonymous_2)
FNDA:2,(anonymous_3)
FNDA:1,(anonymous_4)
DA:11,2
DA:12,2
DA:13,2
DA:14,2
DA:16,2
DA:22,2
DA:24,2
DA:26,1
DA:28,1
DA:29,1
DA:33,1
LF:11
LH:11
BRDA:24,0,0,1
BRDA:24,0,1,1
BRDA:28,1,0,1
BRDA:28,1,1,0
BRF:4
BRH:3
end_of_record
TN:
SF:/Users/andeladeveloper/Desktop/HelloBooks/client/src/actions/getunreturnedBooks.js
FN:10,getunreturnedBooks
FN:13,(anonymous_1)
FN:21,(anonymous_2)
FN:22,(anonymous_3)
FN:36,(anonymous_4)
FNF:5
FNH:5
FNDA:2,getunreturnedBooks
FNDA:2,(anonymous_1)
FNDA:2,(anonymous_2)
FNDA:2,(anonymous_3)
FNDA:1,(anonymous_4)
DA:11,2
DA:12,2
DA:13,2
DA:14,2
DA:15,2
DA:21,2
DA:23,2
DA:24,1
DA:25,1
DA:28,1
DA:29,1
DA:32,0
DA:33,0
DA:37,1
DA:38,1
LF:15
LH:13
BRDA:23,0,0,1
BRDA:23,0,1,1
BRDA:24,1,0,1
BRDA:24,1,1,0
BRDA:28,2,0,1
BRDA:28,2,1,0
BRDA:32,3,0,0
BRDA:32,3,1,0
BRDA:37,4,0,1
BRDA:37,4,1,0
BRF:10
BRH:5
end_of_record
TN:
SF:/Users/andeladeveloper/Desktop/HelloBooks/client/src/actions/loginAction.js
FN:11,userSignin
FN:12,(anonymous_1)
FN:24,(anonymous_2)
FN:25,(anonymous_3)
FN:41,(anonymous_4)
FNF:5
FNH:5
FNDA:2,userSignin
FNDA:2,(anonymous_1)
FNDA:2,(anonymous_2)
FNDA:2,(anonymous_3)
FNDA:1,(anonymous_4)
DA:12,2
DA:13,2
DA:15,2
DA:24,2
DA:26,2
DA:28,1
DA:30,1
DA:31,1
DA:32,1
DA:33,1
DA:34,1
DA:35,1
DA:36,1
DA:37,0
DA:42,1
LF:15
LH:14
BRDA:26,0,0,1
BRDA:26,0,1,1
BRDA:30,1,0,1
BRDA:30,1,1,0
BRDA:36,2,0,0
BRDA:36,2,1,1
BRF:6
BRH:4
end_of_record
TN:
SF:/Users/andeladeveloper/Desktop/HelloBooks/client/src/actions/logoutAction.js
FN:6,logout
FN:10,(anonymous_1)
FNF:2
FNH:2
FNDA:1,logout
FNDA:1,(anonymous_1)
DA:8,1
DA:10,1
DA:11,1
LF:3
LH:3
BRF:0
BRH:0
end_of_record
TN:
SF:/Users/andeladeveloper/Desktop/HelloBooks/client/src/actions/refreshPage.js
FN:5,refreshPage
FN:6,(anonymous_1)
FNF:2
FNH:0
FNDA:0,refreshPage
FNDA:0,(anonymous_1)
DA:6,0
DA:7,0
DA:8,0
DA:10,0
DA:11,0
LF:5
LH:0
BRDA:7,0,0,0
BRDA:7,0,1,0
BRDA:10,1,0,0
BRDA:10,1,1,0
BRF:4
BRH:0
end_of_record
TN:
SF:/Users/andeladeveloper/Desktop/HelloBooks/client/src/actions/returnBooks.js
FN:11,returnbook
FN:15,(anonymous_1)
FN:28,(anonymous_2)
FN:29,(anonymous_3)
FN:37,(anonymous_4)
FNF:5
FNH:5
FNDA:2,returnbook
FNDA:2,(anonymous_1)
FNDA:2,(anonymous_2)
FNDA:2,(anonymous_3)
FNDA:1,(anonymous_4)
DA:12,2
DA:13,2
DA:15,2
DA:16,2
DA:18,2
DA:28,2
DA:30,2
DA:31,1
DA:33,1
DA:34,1
DA:38,1
LF:11
LH:11
BRDA:30,0,0,1
BRDA:30,0,1,1
BRDA:33,1,0,1
BRDA:33,1,1,0
BRF:4
BRH:3
end_of_record
TN:
SF:/Users/andeladeveloper/Desktop/HelloBooks/client/src/actions/searchbooks.js
FN:7,searchbooks
FN:9,(anonymous_1)
FN:40,(anonymous_2)
FN:46,(anonymous_3)
FNF:4
FNH:3
FNDA:5,searchbooks
FNDA:40,(anonymous_1)
FNDA:0,(anonymous_2)
FNDA:5,(anonymous_3)
DA:8,5
DA:9,5
DA:10,40
DA:11,8
DA:13,32
DA:14,8
DA:16,24
DA:17,8
DA:20,16
DA:27,5
DA:28,5
DA:29,5
DA:30,5
DA:31,5
DA:32,5
DA:33,5
DA:35,5
DA:36,5
DA:37,0
DA:38,0
DA:39,0
DA:40,0
DA:41,0
DA:45,5
DA:46,5
DA:47,5
LF:26
LH:21
BRDA:10,0,0,8
BRDA:10,0,1,32
BRDA:13,1,0,8
BRDA:13,1,1,24
BRDA:16,2,0,8
BRDA:16,2,1,16
BRDA:36,3,0,0
BRDA:36,3,1,5
BRF:8
BRH:7
end_of_record
TN:
SF:/Users/andeladeveloper/Desktop/HelloBooks/client/src/actions/showbooksByCategory.js
FN:6,showbooksByCategory
FN:9,(anonymous_1)
FNF:2
FNH:2
FNDA:1,showbooksByCategory
FNDA:1,(anonymous_1)
DA:7,1
DA:9,1
DA:10,1
LF:3
LH:3
BRF:0
BRH:0
end_of_record
TN:
SF:/Users/andeladeveloper/Desktop/HelloBooks/client/src/actions/signupAction.js
FN:12,userSignup
FN:14,(anonymous_1)
FN:26,(anonymous_2)
FN:27,(anonymous_3)
FN:41,(anonymous_4)
FNF:5
FNH:5
FNDA:2,userSignup
FNDA:2,(anonymous_1)
FNDA:2,(anonymous_2)
FNDA:2,(anonymous_3)
FNDA:2,(anonymous_4)
DA:13,2
DA:14,2
DA:15,2
DA:17,2
DA:26,2
DA:28,2
DA:30,1
DA:32,1
DA:33,1
DA:34,1
DA:38,1
DA:43,2
LF:12
LH:12
BRDA:28,0,0,1
BRDA:28,0,1,1
BRDA:32,1,0,1
BRDA:32,1,1,0
BRF:4
BRH:3
end_of_record
TN:
SF:/Users/andeladeveloper/Desktop/HelloBooks/client/src/actions/updateBooks.js
FN:8,updateBook
FN:9,(anonymous_1)
FN:22,(anonymous_2)
FN:23,(anonymous_3)
FN:31,(anonymous_4)
FNF:5
FNH:5
FNDA:2,updateBook
FNDA:2,(anonymous_1)
FNDA:2,(anonymous_2)
FNDA:2,(anonymous_3)
FNDA:1,(anonymous_4)
DA:9,2
DA:10,2
DA:12,2
DA:22,2
DA:24,2
DA:25,1
DA:27,1
DA:28,1
DA:32,1
LF:9
LH:9
BRDA:24,0,0,1
BRDA:24,0,1,1
BRDA:27,1,0,1
BRDA:27,1,1,0
BRF:4
BRH:3
end_of_record
TN:
SF:/Users/andeladeveloper/Desktop/HelloBooks/client/src/actions/updateuserDetails.js
FN:10,updateUser
FN:14,(anonymous_1)
FN:27,(anonymous_2)
FN:28,(anonymous_3)
FN:36,(anonymous_4)
FNF:5
FNH:4
FNDA:1,updateUser
FNDA:1,(anonymous_1)
FNDA:1,(anonymous_2)
FNDA:1,(anonymous_3)
FNDA:0,(anonymous_4)
DA:11,1
DA:12,1
DA:14,1
DA:15,1
DA:17,1
DA:27,1
DA:29,1
DA:30,0
DA:32,1
DA:33,1
DA:37,0
LF:11
LH:9
BRDA:29,0,0,0
BRDA:29,0,1,1
BRDA:32,1,0,1
BRDA:32,1,1,0
BRF:4
BRH:2
end_of_record
TN:
SF:/Users/andeladeveloper/Desktop/HelloBooks/client/src/actions/uploadBooks.js
FN:8,uploadBook
FN:9,(anonymous_1)
FN:22,(anonymous_2)
FN:23,(anonymous_3)
FN:31,(anonymous_4)
FNF:5
FNH:5
FNDA:2,uploadBook
FNDA:2,(anonymous_1)
FNDA:2,(anonymous_2)
FNDA:2,(anonymous_3)
FNDA:1,(anonymous_4)
DA:9,2
DA:10,2
DA:12,2
DA:22,2
DA:24,2
DA:25,1
DA:27,1
DA:28,1
DA:32,1
LF:9
LH:9
BRDA:24,0,0,1
BRDA:24,0,1,1
BRDA:27,1,0,1
BRDA:27,1,1,0
BRF:4
BRH:3
end_of_record
TN:
SF:/Users/andeladeveloper/Desktop/HelloBooks/client/src/actions/uploadImage.js
FN:7,uploadImage
FN:11,(anonymous_1)
FN:19,(anonymous_2)
FN:27,(anonymous_3)
FN:30,(anonymous_4)
FNF:5
FNH:5
FNDA:2,uploadImage
FNDA:2,(anonymous_1)
FNDA:2,(anonymous_2)
FNDA:1,(anonymous_3)
FNDA:1,(anonymous_4)
DA:5,10
DA:8,2
DA:9,2
DA:10,2
DA:11,2
DA:12,2
DA:14,2
DA:20,2
DA:21,1
DA:23,1
DA:24,1
DA:28,1
DA:31,1
LF:13
LH:13
BRDA:20,0,0,1
BRDA:20,0,1,1
BRDA:23,1,0,1
BRDA:23,1,1,0
BRF:4
BRH:3
end_of_record
TN:
SF:/Users/andeladeveloper/Desktop/HelloBooks/client/src/actions/uploadUserAvatar.js
FN:7,uploadAvatar
FN:11,(anonymous_1)
FN:19,(anonymous_2)
FN:28,(anonymous_3)
FN:32,(anonymous_4)
FNF:5
FNH:5
FNDA:2,uploadAvatar
FNDA:2,(anonymous_1)
FNDA:2,(anonymous_2)
FNDA:1,(anonymous_3)
FNDA:1,(anonymous_4)
DA:5,3
DA:8,2
DA:9,2
DA:10,2
DA:11,2
DA:12,2
DA:14,2
DA:20,2
DA:21,1
DA:24,1
DA:25,1
DA:29,1
DA:33,1
LF:13
LH:13
BRDA:20,0,0,1
BRDA:20,0,1,1
BRDA:24,1,0,1
BRDA:24,1,1,0
BRF:4
BRH:3
end_of_record
TN:
SF:/Users/andeladeveloper/Desktop/HelloBooks/client/src/components/Footer.js
FN:4,(anonymous_0)
FNF:1
FNH:1
FNDA:16,(anonymous_0)
DA:5,16
LF:1
LH:1
BRF:0
BRH:0
end_of_record
TN:
SF:/Users/andeladeveloper/Desktop/HelloBooks/client/src/components/Login.js
FN:25,(anonymous_0)
FN:45,mapStateToProps
FNF:2
FNH:2
FNDA:11,(anonymous_0)
FNDA:10,mapStateToProps
DA:26,11
DA:37,1
DA:46,10
LF:3
LH:3
BRF:0
BRH:0
end_of_record
TN:
SF:/Users/andeladeveloper/Desktop/HelloBooks/client/src/components/LoginForm.js
FN:14,(anonymous_0)
FN:31,(anonymous_1)
FN:41,(anonymous_2)
FN:53,(anonymous_3)
FNF:4
FNH:4
FNDA:15,(anonymous_0)
FNDA:1,(anonymous_1)
FNDA:1,(anonymous_2)
FNDA:17,(anonymous_3)
DA:15,15
DA:16,15
DA:22,15
DA:23,15
DA:32,1
DA:42,1
DA:43,1
DA:44,1
DA:45,1
DA:54,17
DA:55,17
DA:107,1
LF:12
LH:12
BRDA:58,0,0,17
BRDA:58,0,1,6
BRF:2
BRH:2
end_of_record
TN:
SF:/Users/andeladeveloper/Desktop/HelloBooks/client/src/components/SearchBar.js
FN:17,(anonymous_0)
FNF:1
FNH:1
FNDA:2,(anonymous_0)
DA:18,2
DA:35,1
LF:2
LH:2
BRF:0
BRH:0
end_of_record
TN:
SF:/Users/andeladeveloper/Desktop/HelloBooks/client/src/components/SideBar.js
FN:7,(anonymous_0)
FN:14,(anonymous_1)
FN:19,(anonymous_2)
FN:24,(anonymous_3)
FNF:4
FNH:4
FNDA:30,(anonymous_0)
FNDA:1,(anonymous_1)
FNDA:2,(anonymous_2)
FNDA:30,(anonymous_3)
DA:8,30
DA:10,30
DA:11,30
DA:15,1
DA:16,1
DA:20,2
DA:21,0
DA:25,30
DA:102,2
LF:9
LH:8
BRDA:14,0,0,0
BRDA:15,1,0,0
BRDA:15,1,1,1
BRDA:19,2,0,0
BRDA:20,3,0,0
BRDA:20,3,1,2
BRF:6
BRH:2
end_of_record
TN:
SF:/Users/andeladeveloper/Desktop/HelloBooks/client/src/components/SignUpForm.js
FN:23,(anonymous_0)
FN:44,(anonymous_1)
FN:53,(anonymous_2)
FN:64,(anonymous_3)
FN:66,(anonymous_4)
FNF:5
FNH:5
FNDA:8,(anonymous_0)
FNDA:1,(anonymous_1)
FNDA:1,(anonymous_2)
FNDA:10,(anonymous_3)
FNDA:40,(anonymous_4)
DA:8,2
DA:24,8
DA:25,8
DA:35,8
DA:36,8
DA:45,1
DA:54,1
DA:55,1
DA:56,1
DA:65,10
DA:66,10
DA:67,40
DA:68,10
DA:159,2
LF:14
LH:14
BRDA:71,0,0,10
BRDA:71,0,1,2
BRF:2
BRH:2
end_of_record
TN:
SF:/Users/andeladeveloper/Desktop/HelloBooks/client/src/components/SignUpPage.js
FN:25,(anonymous_0)
FN:49,mapStateToProps
FNF:2
FNH:2
FNDA:5,(anonymous_0)
FNDA:4,mapStateToProps
DA:26,5
DA:27,5
DA:44,1
DA:50,4
LF:4
LH:4
BRF:0
BRH:0
end_of_record
TN:
SF:/Users/andeladeveloper/Desktop/HelloBooks/client/src/components/BookDetail/BookDetailsPage.js
FN:26,(anonymous_0)
FN:53,mapStateToProps
FNF:2
FNH:2
FNDA:8,(anonymous_0)
FNDA:6,mapStateToProps
DA:27,8
DA:44,1
DA:54,6
LF:3
LH:3
BRF:0
BRH:0
end_of_record
TN:
SF:/Users/andeladeveloper/Desktop/HelloBooks/client/src/components/BookDetail/DetailsForm.js
FN:28,(anonymous_0)
FN:41,(anonymous_1)
FN:53,(anonymous_2)
FN:93,(anonymous_3)
FN:120,(anonymous_4)
FN:139,(anonymous_5)
FN:155,(anonymous_6)
FN:166,(anonymous_7)
FN:177,(anonymous_8)
FN:185,(anonymous_9)
FNF:10
FNH:10
FNDA:12,(anonymous_0)
FNDA:14,(anonymous_1)
FNDA:96,(anonymous_2)
FNDA:2,(anonymous_3)
FNDA:2,(anonymous_4)
FNDA:2,(anonymous_5)
FNDA:2,(anonymous_6)
FNDA:2,(anonymous_7)
FNDA:2,(anonymous_8)
FNDA:18,(anonymous_9)
DA:8,1
DA:9,1
DA:10,1
DA:11,1
DA:12,1
DA:13,1
DA:14,1
DA:15,1
DA:16,1
DA:17,1
DA:19,1
DA:29,12
DA:30,12
DA:36,12
DA:37,12
DA:38,12
DA:39,12
DA:42,14
DA:43,0
DA:46,14
DA:47,12
DA:48,12
DA:49,12
DA:50,12
DA:53,96
DA:55,12
DA:56,12
DA:57,12
DA:58,12
DA:59,12
DA:60,12
DA:61,12
DA:62,12
DA:63,12
DA:64,12
DA:65,12
DA:66,12
DA:67,12
DA:68,12
DA:69,12
DA:70,12
DA:75,14
DA:76,2
DA:77,2
DA:78,2
DA:79,2
DA:80,2
DA:81,2
DA:82,2
DA:83,2
DA:94,2
DA:97,2
DA:98,2
DA:99,1
DA:103,1
DA:104,1
DA:105,1
DA:109,1
DA:121,2
DA:122,2
DA:124,2
DA:125,2
DA:126,2
DA:127,2
DA:128,2
DA:129,2
DA:130,2
DA:140,2
DA:141,2
DA:144,2
DA:145,2
DA:156,2
DA:157,2
DA:167,2
DA:168,2
DA:178,2
DA:180,2
DA:181,2
DA:186,18
DA:195,18
DA:206,18
DA:256,1
LF:82
LH:81
BRDA:42,0,0,0
BRDA:42,0,1,14
BRDA:46,1,0,12
BRDA:46,1,1,2
BRDA:47,2,0,12
BRDA:47,2,1,0
BRDA:75,3,0,2
BRDA:75,3,1,12
BRDA:97,4,0,2
BRDA:97,4,1,0
BRDA:98,5,0,1
BRDA:98,5,1,1
BRDA:98,6,0,2
BRDA:98,6,1,1
BRDA:104,7,0,1
BRDA:104,7,1,0
BRDA:104,8,0,1
BRDA:104,8,1,1
BRF:18
BRH:14
end_of_record
TN:
SF:/Users/andeladeveloper/Desktop/HelloBooks/client/src/components/Books/BooksCategory.js
FN:23,(anonymous_0)
FN:33,(anonymous_1)
FN:42,(anonymous_2)
FNF:3
FNH:3
FNDA:5,(anonymous_0)
FNDA:1,(anonymous_1)
FNDA:4,(anonymous_2)
DA:8,1
DA:9,1
DA:24,5
DA:34,1
DA:43,4
DA:44,0
DA:46,4
DA:54,1
LF:8
LH:7
BRDA:24,0,0,4
BRDA:24,0,1,1
BRDA:34,1,0,1
BRDA:34,1,1,0
BRDA:43,2,0,0
BRDA:43,2,1,4
BRDA:48,3,0,0
BRDA:48,3,1,4
BRF:8
BRH:5
end_of_record
TN:
SF:/Users/andeladeveloper/Desktop/HelloBooks/client/src/components/Books/BooksCollection.js
FN:12,(anonymous_0)
FN:25,(anonymous_1)
FN:35,(anonymous_2)
FN:38,(anonymous_3)
FNF:4
FNH:4
FNDA:5,(anonymous_0)
FNDA:1,(anonymous_1)
FNDA:5,(anonymous_2)
FNDA:5,(anonymous_3)
DA:13,5
DA:15,5
DA:26,1
DA:27,1
DA:36,5
DA:38,5
DA:59,5
DA:75,1
LF:8
LH:8
BRDA:25,0,0,0
BRDA:27,1,0,0
BRDA:27,1,1,1
BRDA:42,2,0,1
BRDA:42,2,1,4
BRF:5
BRH:3
end_of_record
TN:
SF:/Users/andeladeveloper/Desktop/HelloBooks/client/src/components/Books/BooksFilter.js
FN:10,(anonymous_0)
FN:30,(anonymous_1)
FN:48,(anonymous_2)
FN:58,(anonymous_3)
FNF:4
FNH:3
FNDA:5,(anonymous_0)
FNDA:3,(anonymous_1)
FNDA:0,(anonymous_2)
FNDA:13,(anonymous_3)
DA:11,5
DA:12,5
DA:19,5
DA:21,5
DA:31,3
DA:33,3
DA:34,1
DA:35,1
DA:36,1
DA:37,1
DA:49,0
DA:59,13
DA:81,1
LF:13
LH:12
BRDA:33,0,0,1
BRDA:33,0,1,2
BRDA:33,1,0,3
BRDA:33,1,1,3
BRDA:35,2,0,1
BRDA:35,2,1,0
BRDA:35,3,0,1
BRDA:35,3,1,1
BRDA:35,3,2,1
BRDA:73,4,0,13
BRDA:73,4,1,13
BRDA:74,5,0,13
BRDA:74,5,1,0
BRDA:74,5,2,0
BRF:14
BRH:11
end_of_record
TN:
SF:/Users/andeladeveloper/Desktop/HelloBooks/client/src/components/Books/BooksPage.js
FN:29,(anonymous_0)
FN:53,(anonymous_1)
FN:87,mapStateToProps
FNF:3
FNH:3
FNDA:19,(anonymous_0)
FNDA:19,(anonymous_1)
FNDA:18,mapStateToProps
DA:30,19
DA:31,18
DA:35,19
DA:36,19
DA:38,19
DA:39,19
DA:40,19
DA:41,19
DA:42,19
DA:43,19
DA:44,19
DA:54,19
DA:74,1
DA:88,18
LF:14
LH:14
BRDA:30,0,0,18
BRDA:30,0,1,1
BRDA:62,1,0,19
BRDA:62,1,1,1
BRDA:63,2,0,19
BRDA:63,2,1,1
BRDA:64,3,0,19
BRDA:64,3,1,1
BRDA:65,4,0,19
BRDA:65,4,1,1
BRF:10
BRH:10
end_of_record
TN:
SF:/Users/andeladeveloper/Desktop/HelloBooks/client/src/components/Books/BooksPhoto.js
FN:22,(anonymous_0)
FN:28,(anonymous_1)
FN:32,(anonymous_2)
FNF:3
FNH:3
FNDA:2,(anonymous_0)
FNDA:2,(anonymous_1)
FNDA:2,(anonymous_2)
DA:23,2
DA:24,2
DA:26,2
DA:27,2
DA:28,2
DA:29,2
DA:30,2
DA:32,2
DA:33,2
DA:47,1
LF:10
LH:10
BRDA:29,0,0,2
BRDA:29,0,1,0
BRF:2
BRH:1
end_of_record
TN:
SF:/Users/andeladeveloper/Desktop/HelloBooks/client/src/components/Books/Cardbox.js
FN:13,(anonymous_0)
FN:24,(anonymous_1)
FN:34,(anonymous_2)
FNF:3
FNH:3
FNDA:4,(anonymous_0)
FNDA:1,(anonymous_1)
FNDA:4,(anonymous_2)
DA:14,4
DA:16,4
DA:25,1
DA:35,4
DA:36,4
DA:55,1
LF:6
LH:6
BRDA:45,0,0,2
BRDA:45,0,1,2
BRF:2
BRH:2
end_of_record
TN:
SF:/Users/andeladeveloper/Desktop/HelloBooks/client/src/components/Dashboard/BbTableRow.js
FN:6,(anonymous_0)
FNF:1
FNH:1
FNDA:384,(anonymous_0)
DA:7,384
DA:8,384
DA:9,384
DA:22,1
LF:4
LH:4
BRF:0
BRH:0
end_of_record
TN:
SF:/Users/andeladeveloper/Desktop/HelloBooks/client/src/components/Dashboard/BhTableRow.js
FN:8,(anonymous_0)
FNF:1
FNH:1
FNDA:384,(anonymous_0)
DA:4,1
DA:5,1
DA:9,384
DA:10,384
DA:11,384
DA:12,384
DA:13,384
DA:26,1
LF:8
LH:8
BRDA:20,0,0,336
BRDA:20,0,1,48
BRF:2
BRH:2
end_of_record
TN:
SF:/Users/andeladeveloper/Desktop/HelloBooks/client/src/components/Dashboard/BookHistoryTable.js
FN:11,(anonymous_0)
FN:20,(anonymous_1)
FN:25,(anonymous_2)
FN:28,(anonymous_3)
FNF:4
FNH:4
FNDA:51,(anonymous_0)
FNDA:1,(anonymous_1)
FNDA:52,(anonymous_2)
FNDA:400,(anonymous_3)
DA:9,1
DA:12,51
DA:13,2
DA:16,51
DA:17,2
DA:21,1
DA:22,1
DA:26,52
DA:27,52
DA:28,52
DA:29,400
DA:37,52
DA:63,1
LF:13
LH:13
BRDA:12,0,0,2
BRDA:12,0,1,49
BRDA:16,1,0,2
BRDA:16,1,1,49
BRDA:21,2,0,1
BRDA:21,2,1,0
BRDA:26,3,0,52
BRDA:26,3,1,0
BRF:8
BRH:6
end_of_record
TN:
SF:/Users/andeladeveloper/Desktop/HelloBooks/client/src/components/Dashboard/BorrowedbooksTable.js
FN:18,(anonymous_0)
FN:34,(anonymous_1)
FN:43,(anonymous_2)
FN:67,(anonymous_3)
FN:78,(anonymous_4)
FN:88,(anonymous_5)
FN:96,(anonymous_6)
FN:100,(anonymous_7)
FN:103,(anonymous_8)
FNF:9
FNH:9
FNDA:57,(anonymous_0)
FNDA:59,(anonymous_1)
FNDA:3,(anonymous_2)
FNDA:1,(anonymous_3)
FNDA:1,(anonymous_4)
FNDA:1,(anonymous_5)
FNDA:1,(anonymous_6)
FNDA:73,(anonymous_7)
FNDA:568,(anonymous_8)
DA:13,1
DA:14,1
DA:16,1
DA:19,57
DA:20,57
DA:28,57
DA:29,57
DA:30,57
DA:31,57
DA:35,59
DA:36,2
DA:39,59
DA:40,2
DA:44,3
DA:46,3
DA:47,2
DA:48,1
DA:49,1
DA:53,1
DA:54,1
DA:55,1
DA:61,3
DA:62,1
DA:63,1
DA:64,1
DA:68,1
DA:69,1
DA:70,1
DA:71,1
DA:75,1
DA:79,1
DA:81,1
DA:82,1
DA:85,1
DA:89,1
DA:90,1
DA:91,1
DA:94,1
DA:97,1
DA:98,1
DA:101,73
DA:102,73
DA:103,73
DA:104,568
DA:113,73
DA:161,1
LF:46
LH:46
BRDA:35,0,0,2
BRDA:35,0,1,57
BRDA:39,1,0,2
BRDA:39,1,1,57
BRDA:46,2,0,2
BRDA:46,2,1,1
BRDA:47,3,0,1
BRDA:47,3,1,1
BRDA:47,4,0,2
BRDA:47,4,1,1
BRDA:53,5,0,1
BRDA:53,5,1,0
BRDA:53,6,0,1
BRDA:53,6,1,1
BRDA:61,7,0,1
BRDA:61,7,1,2
BRDA:101,8,0,73
BRDA:101,8,1,0
BRDA:138,9,0,1
BRDA:138,9,1,72
BRDA:143,10,0,1
BRDA:143,10,1,72
BRF:22
BRH:20
end_of_record
TN:
SF:/Users/andeladeveloper/Desktop/HelloBooks/client/src/components/Dashboard/ChangePasswordPage.js
FN:14,(anonymous_0)
FN:33,(anonymous_1)
FN:55,(anonymous_2)
FN:60,(anonymous_3)
FN:67,(anonymous_4)
FN:77,(anonymous_5)
FN:80,(anonymous_6)
FN:102,(anonymous_7)
FNF:8
FNH:8
FNDA:59,(anonymous_0)
FNDA:3,(anonymous_1)
FNDA:1,(anonymous_2)
FNDA:1,(anonymous_3)
FNDA:1,(anonymous_4)
FNDA:1,(anonymous_5)
FNDA:4,(anonymous_6)
FNDA:84,(anonymous_7)
DA:10,1
DA:15,59
DA:16,59
DA:25,59
DA:26,59
DA:27,59
DA:28,59
DA:29,59
DA:34,3
DA:35,3
DA:36,2
DA:37,1
DA:38,1
DA:42,1
DA:43,1
DA:50,1
DA:56,1
DA:57,1
DA:61,1
DA:63,1
DA:64,1
DA:68,1
DA:69,1
DA:72,1
DA:74,1
DA:78,1
DA:81,4
DA:82,4
DA:83,1
DA:86,3
DA:87,1
DA:90,2
DA:91,1
DA:95,1
DA:99,1
DA:103,84
DA:160,1
LF:37
LH:37
BRDA:35,0,0,2
BRDA:35,0,1,1
BRDA:36,1,0,1
BRDA:36,1,1,1
BRDA:36,2,0,2
BRDA:36,2,1,1
BRDA:42,3,0,1
BRDA:42,3,1,0
BRDA:42,4,0,1
BRDA:42,4,1,1
BRDA:82,5,0,1
BRDA:82,5,1,3
BRDA:82,6,0,4
BRDA:82,6,1,3
BRDA:82,6,2,3
BRDA:86,7,0,1
BRDA:86,7,1,2
BRDA:90,8,0,1
BRDA:90,8,1,1
BRDA:107,9,0,84
BRDA:107,9,1,3
BRDA:135,10,0,1
BRDA:135,10,1,83
BRDA:140,11,0,1
BRDA:140,11,1,83
BRF:25
BRH:24
end_of_record
TN:
SF:/Users/andeladeveloper/Desktop/HelloBooks/client/src/components/Dashboard/DashboardPage.js
FN:34,(anonymous_0)
FN:45,(anonymous_1)
FN:108,mapStateToProps
FNF:3
FNH:3
FNDA:48,(anonymous_0)
FNDA:48,(anonymous_1)
FNDA:47,mapStateToProps
DA:35,48
DA:36,0
DA:46,48
DA:82,1
DA:109,47
LF:5
LH:4
BRDA:35,0,0,0
BRDA:35,0,1,48
BRF:2
BRH:1
end_of_record
TN:
SF:/Users/andeladeveloper/Desktop/HelloBooks/client/src/components/Dashboard/DashboardSidebar.js
FN:18,(anonymous_0)
FN:57,(anonymous_1)
FN:101,(anonymous_2)
FN:117,(anonymous_3)
FN:130,(anonymous_4)
FN:149,(anonymous_5)
FN:169,(anonymous_6)
FN:172,(anonymous_7)
FN:177,(anonymous_8)
FN:185,(anonymous_9)
FN:200,(anonymous_10)
FN:216,(anonymous_11)
FN:231,(anonymous_12)
FN:247,(anonymous_13)
FN:258,(anonymous_14)
FNF:15
FNH:12
FNDA:63,(anonymous_0)
FNDA:3,(anonymous_1)
FNDA:1,(anonymous_2)
FNDA:1,(anonymous_3)
FNDA:1,(anonymous_4)
FNDA:4,(anonymous_5)
FNDA:1,(anonymous_6)
FNDA:0,(anonymous_7)
FNDA:0,(anonymous_8)
FNDA:0,(anonymous_9)
FNDA:1,(anonymous_10)
FNDA:1,(anonymous_11)
FNDA:1,(anonymous_12)
FNDA:1,(anonymous_13)
FNDA:96,(anonymous_14)
DA:9,1
DA:19,63
DA:21,63
DA:40,63
DA:41,63
DA:42,63
DA:43,63
DA:44,63
DA:45,63
DA:47,63
DA:48,63
DA:49,63
DA:58,3
DA:59,3
DA:60,3
DA:65,3
DA:66,2
DA:67,1
DA:68,1
DA:73,1
DA:74,1
DA:78,1
DA:82,3
DA:83,1
DA:84,1
DA:90,1
DA:102,1
DA:103,1
DA:108,1
DA:109,1
DA:118,1
DA:119,1
DA:120,1
DA:131,1
DA:133,1
DA:134,1
DA:136,1
DA:150,4
DA:151,4
DA:152,3
DA:153,1
DA:154,1
DA:155,2
DA:156,1
DA:157,1
DA:158,1
DA:170,1
DA:171,1
DA:172,1
DA:173,0
DA:175,0
DA:177,0
DA:178,0
DA:185,1
DA:186,0
DA:191,1
DA:201,1
DA:203,1
DA:204,1
DA:205,1
DA:206,1
DA:217,1
DA:219,1
DA:220,1
DA:221,1
DA:222,1
DA:232,1
DA:234,1
DA:235,1
DA:236,1
DA:237,1
DA:248,1
DA:250,1
DA:251,1
DA:252,1
DA:253,1
DA:259,96
DA:334,1
LF:78
LH:73
BRDA:58,0,0,3
BRDA:58,0,1,0
BRDA:65,1,0,2
BRDA:65,1,1,1
BRDA:66,2,0,1
BRDA:66,2,1,1
BRDA:73,3,0,1
BRDA:73,3,1,0
BRDA:82,4,0,1
BRDA:82,4,1,2
BRDA:83,5,0,1
BRDA:83,5,1,0
BRDA:151,6,0,3
BRDA:151,6,1,1
BRDA:152,7,0,1
BRDA:152,7,1,2
BRDA:152,8,0,3
BRDA:152,8,1,2
BRDA:155,9,0,1
BRDA:155,9,1,1
BRDA:169,10,0,0
BRDA:191,11,0,0
BRDA:191,11,1,1
BRDA:269,12,0,2
BRDA:269,12,1,94
BRDA:269,13,0,57
BRDA:269,13,1,37
BRDA:313,14,0,1
BRDA:313,14,1,95
BRDA:318,15,0,2
BRDA:318,15,1,94
BRF:31
BRH:26
end_of_record
TN:
SF:/Users/andeladeveloper/Desktop/HelloBooks/client/src/components/Dashboard/UserProfile.js
FN:21,(anonymous_0)
FN:59,(anonymous_1)
FN:97,(anonymous_2)
FN:115,(anonymous_3)
FN:124,(anonymous_4)
FN:137,(anonymous_5)
FN:168,(anonymous_6)
FN:178,(anonymous_7)
FNF:8
FNH:8
FNDA:57,(anonymous_0)
FNDA:2,(anonymous_1)
FNDA:1,(anonymous_2)
FNDA:1,(anonymous_3)
FNDA:1,(anonymous_4)
FNDA:2,(anonymous_5)
FNDA:1,(anonymous_6)
FNDA:78,(anonymous_7)
DA:11,1
DA:12,1
DA:22,57
DA:23,57
DA:46,57
DA:47,57
DA:48,57
DA:49,57
DA:50,57
DA:60,2
DA:61,2
DA:72,2
DA:75,2
DA:76,1
DA:77,1
DA:81,1
DA:82,1
DA:87,1
DA:98,1
DA:100,1
DA:101,1
DA:103,1
DA:116,1
DA:125,1
DA:127,1
DA:138,2
DA:139,2
DA:140,2
DA:141,2
DA:149,2
DA:150,2
DA:151,2
DA:156,2
DA:157,2
DA:169,1
DA:170,1
DA:173,1
DA:174,1
DA:179,78
DA:252,1
LF:40
LH:40
BRDA:60,0,0,2
BRDA:60,0,1,0
BRDA:60,1,0,2
BRDA:60,1,1,2
BRDA:65,2,0,1
BRDA:65,2,1,1
BRDA:75,3,0,1
BRDA:75,3,1,1
BRDA:75,4,0,2
BRDA:75,4,1,1
BRDA:81,5,0,1
BRDA:81,5,1,0
BRDA:81,6,0,1
BRDA:81,6,1,1
BRDA:140,7,0,2
BRDA:140,7,1,0
BRDA:149,8,0,2
BRDA:149,8,1,0
BRDA:150,9,0,2
BRDA:150,9,1,0
BRDA:150,10,0,2
BRDA:150,10,1,2
BRDA:150,10,2,2
BRDA:150,10,3,2
BRDA:150,10,4,2
BRDA:226,11,0,1
BRDA:226,11,1,77
BRDA:231,12,0,1
BRDA:231,12,1,77
BRF:29
BRH:24
end_of_record
TN:
SF:/Users/andeladeveloper/Desktop/HelloBooks/client/src/components/modal/DoubleActionModal.js
FN:5,(anonymous_0)
FNF:1
FNH:1
FNDA:193,(anonymous_0)
DA:6,193
DA:21,1
LF:2
LH:2
BRF:0
BRH:0
end_of_record
TN:
SF:/Users/andeladeveloper/Desktop/HelloBooks/client/src/components/modal/SingleActionModal.js
FN:5,(anonymous_0)
FNF:1
FNH:1
FNDA:386,(anonymous_0)
DA:6,386
DA:21,1
LF:2
LH:2
BRF:0
BRH:0
end_of_record
TN:
SF:/Users/andeladeveloper/Desktop/HelloBooks/client/src/components/select/MembershipSelect.js
FN:17,(anonymous_0)
FNF:1
FNH:1
FNDA:2,(anonymous_0)
DA:18,2
DA:37,1
LF:2
LH:2
BRF:0
BRH:0
end_of_record
